<?xml version="1.0" encoding="UTF-8"?>
<!-- Generated by org.testng.reporters.JUnitReportReporter -->
<testsuite hostname="INL-JVNGDL3" failures="0" tests="5" name="com.Test.Dashboard_Sales_Old_BO" time="451.681" errors="0" timestamp="2023-10-30T15:13:52 IST" skipped="2">
  <testcase classname="com.Test.Dashboard_Sales_Old_BO" name="Login" time="148.420"/>
  <testcase classname="com.Test.Dashboard_Sales_Old_BO" name="Calling" time="296.594"/>
  <testcase classname="com.Test.Dashboard_Sales_Old_BO" name="LogOut" time="6.667"/>
  <testcase classname="com.Test.Dashboard_Sales_Old_BO" name="Open_Dashboard_Sales_Page">
    <skipped/>
  </testcase> <!-- Open_Dashboard_Sales_Page -->
  <testcase classname="com.Test.Dashboard_Sales_Old_BO" name="Dashboard_Sales_Date_Range">
    <skipped/>
  </testcase> <!-- Dashboard_Sales_Date_Range -->
</testsuite> <!-- com.Test.Dashboard_Sales_Old_BO -->
