<?xml version="1.0" encoding="UTF-8"?>
<!-- Generated by org.testng.reporters.JUnitReportReporter -->
<testsuite hostname="INL-JVNGDL3" failures="0" tests="14" name="com.Test.Product_Items_AddEditDelete_DisplayGroups" time="287.381" errors="0" timestamp="2023-04-12T15:32:52 IST" skipped="11">
  <testcase classname="com.Test.Product_Items_AddEditDelete_DisplayGroups" name="Login" time="36.304"/>
  <system-out/>
  <testcase classname="com.Test.Product_Items_AddEditDelete_DisplayGroups" name="Calling" time="250.718"/>
  <system-out/>
  <testcase classname="com.Test.Product_Items_AddEditDelete_DisplayGroups" name="LogOut" time="0.359"/>
  <system-out/>
  <testcase classname="com.Test.Product_Items_AddEditDelete_DisplayGroups" name="Edit_Delete_MenuItems_and_Update_DisplayGroups_DateRangeWithTime">
    <skipped/>
  </testcase> <!-- Edit_Delete_MenuItems_and_Update_DisplayGroups_DateRangeWithTime -->
  <system-out/>
  <testcase classname="com.Test.Product_Items_AddEditDelete_DisplayGroups" name="Delete_and_Active_Inactive_DisplayGroups">
    <skipped/>
  </testcase> <!-- Delete_and_Active_Inactive_DisplayGroups -->
  <system-out/>
  <testcase classname="com.Test.Product_Items_AddEditDelete_DisplayGroups" name="Edit_and_Update_DisplayGroups_DateRange_ZtoA_Sorting">
    <skipped/>
  </testcase> <!-- Edit_and_Update_DisplayGroups_DateRange_ZtoA_Sorting -->
  <system-out/>
  <testcase classname="com.Test.Product_Items_AddEditDelete_DisplayGroups" name="Edit_and_Update_DisplayGroups_DaysOfWeek">
    <skipped/>
  </testcase> <!-- Edit_and_Update_DisplayGroups_DaysOfWeek -->
  <system-out/>
  <testcase classname="com.Test.Product_Items_AddEditDelete_DisplayGroups" name="Edit_and_Update_DisplayGroups_Specific_Date_Custom_Sorting">
    <skipped/>
  </testcase> <!-- Edit_and_Update_DisplayGroups_Specific_Date_Custom_Sorting -->
  <system-out/>
  <testcase classname="com.Test.Product_Items_AddEditDelete_DisplayGroups" name="Edit_and_Close_Cancel_DisplayGroups">
    <skipped/>
  </testcase> <!-- Edit_and_Close_Cancel_DisplayGroups -->
  <system-out/>
  <testcase classname="com.Test.Product_Items_AddEditDelete_DisplayGroups" name="Add_DisplayGroups">
    <skipped/>
  </testcase> <!-- Add_DisplayGroups -->
  <system-out/>
  <testcase classname="com.Test.Product_Items_AddEditDelete_DisplayGroups" name="Open_DisplayGroups_Page">
    <skipped/>
  </testcase> <!-- Open_DisplayGroups_Page -->
  <system-out/>
  <testcase classname="com.Test.Product_Items_AddEditDelete_DisplayGroups" name="RefreshAndPaginination">
    <skipped/>
  </testcase> <!-- RefreshAndPaginination -->
  <system-out/>
  <testcase classname="com.Test.Product_Items_AddEditDelete_DisplayGroups" name="Edit_and_Update_DisplayGroups_DaysOfMonth_AtoZ_Sorting">
    <skipped/>
  </testcase> <!-- Edit_and_Update_DisplayGroups_DaysOfMonth_AtoZ_Sorting -->
  <system-out/>
  <testcase classname="com.Test.Product_Items_AddEditDelete_DisplayGroups" name="Create_DuplicateDisplayGroup">
    <skipped/>
  </testcase> <!-- Create_DuplicateDisplayGroup -->
  <system-out/>
</testsuite> <!-- com.Test.Product_Items_AddEditDelete_DisplayGroups -->
