<?xml version="1.0" encoding="UTF-8"?>
<!-- Generated by org.testng.reporters.JUnitReportReporter -->
<testsuite hostname="INL-JVNGDL3" failures="0" tests="11" name="com.Test.Enterprise_Add_Edit_Central_Warehouse" time="192.703" errors="1" timestamp="2023-11-02T13:03:01 IST" skipped="8">
  <testcase classname="com.Test.Enterprise_Add_Edit_Central_Warehouse" name="Login" time="75.935"/>
  <testcase classname="com.Test.Enterprise_Add_Edit_Central_Warehouse" name="Calling" time="110.257"/>
  <testcase classname="com.Test.Enterprise_Add_Edit_Central_Warehouse" name="LogOut" time="6.511">
    <error message="element click intercepted: Element &lt;div _ngcontent-gfv-c292=&quot;&quot; class=&quot;profile-name&quot;&gt;...&lt;/div&gt; is not clickable at point (1224, 36). Other element would receive the click: &lt;div _ngcontent-gfv-c295=&quot;&quot; class=&quot;drawer-header row m-0&quot;&gt;...&lt;/div&gt;
  (Session info: chrome=118.0.5993.90)
Build info: version: &#039;4.10.0&#039;, revision: &#039;c14d967899&#039;
System info: os.name: &#039;Windows 10&#039;, os.arch: &#039;amd64&#039;, os.version: &#039;10.0&#039;, java.version: &#039;17.0.4.1&#039;
Driver info: org.openqa.selenium.chrome.ChromeDriver
Command: [fbf8a3a11e76fcb0d22105b5ef8836c9, clickElement {id=0E59683B62F9D22B9A29A8CF7CDDB044_element_385}]
Capabilities {acceptInsecureCerts: false, browserName: chrome, browserVersion: 118.0.5993.90, chrome: {chromedriverVersion: 118.0.5993.70 (e52f33f30b91..., userDataDir: C:\Users\raja.s\AppData\Loc...}, fedcm:accounts: true, goog:chromeOptions: {debuggerAddress: localhost:50829}, networkConnectionEnabled: false, pageLoadStrategy: normal, platformName: windows, proxy: Proxy(), se:cdp: ws://localhost:50829/devtoo..., se:cdpVersion: 118.0.5993.90, setWindowRect: true, strictFileInteractability: false, timeouts: {implicit: 0, pageLoad: 300000, script: 30000}, unhandledPromptBehavior: dismiss and notify, webauthn:extension:credBlob: true, webauthn:extension:largeBlob: true, webauthn:extension:minPinLength: true, webauthn:extension:prf: true, webauthn:virtualAuthenticators: true}
Element: [[ChromeDriver: chrome on windows (fbf8a3a11e76fcb0d22105b5ef8836c9)] -&gt; xpath: //div[@class=&#039;profile-name&#039;]]
Session ID: fbf8a3a11e76fcb0d22105b5ef8836c9" type="org.openqa.selenium.ElementClickInterceptedException">
      <![CDATA[org.openqa.selenium.ElementClickInterceptedException: element click intercepted: Element <div _ngcontent-gfv-c292="" class="profile-name">...</div> is not clickable at point (1224, 36). Other element would receive the click: <div _ngcontent-gfv-c295="" class="drawer-header row m-0">...</div>
  (Session info: chrome=118.0.5993.90)
Build info: version: '4.10.0', revision: 'c14d967899'
System info: os.name: 'Windows 10', os.arch: 'amd64', os.version: '10.0', java.version: '17.0.4.1'
Driver info: org.openqa.selenium.chrome.ChromeDriver
Command: [fbf8a3a11e76fcb0d22105b5ef8836c9, clickElement {id=0E59683B62F9D22B9A29A8CF7CDDB044_element_385}]
Capabilities {acceptInsecureCerts: false, browserName: chrome, browserVersion: 118.0.5993.90, chrome: {chromedriverVersion: 118.0.5993.70 (e52f33f30b91..., userDataDir: C:\Users\raja.s\AppData\Loc...}, fedcm:accounts: true, goog:chromeOptions: {debuggerAddress: localhost:50829}, networkConnectionEnabled: false, pageLoadStrategy: normal, platformName: windows, proxy: Proxy(), se:cdp: ws://localhost:50829/devtoo..., se:cdpVersion: 118.0.5993.90, setWindowRect: true, strictFileInteractability: false, timeouts: {implicit: 0, pageLoad: 300000, script: 30000}, unhandledPromptBehavior: dismiss and notify, webauthn:extension:credBlob: true, webauthn:extension:largeBlob: true, webauthn:extension:minPinLength: true, webauthn:extension:prf: true, webauthn:virtualAuthenticators: true}
Element: [[ChromeDriver: chrome on windows (fbf8a3a11e76fcb0d22105b5ef8836c9)] -> xpath: //div[@class='profile-name']]
Session ID: fbf8a3a11e76fcb0d22105b5ef8836c9
at java.base/jdk.internal.reflect.NativeConstructorAccessorImpl.newInstance0(Native Method)
at java.base/jdk.internal.reflect.NativeConstructorAccessorImpl.newInstance(NativeConstructorAccessorImpl.java:77)
at java.base/jdk.internal.reflect.DelegatingConstructorAccessorImpl.newInstance(DelegatingConstructorAccessorImpl.java:45)
at java.base/java.lang.reflect.Constructor.newInstanceWithCaller(Constructor.java:499)
at java.base/java.lang.reflect.Constructor.newInstance(Constructor.java:480)
at org.openqa.selenium.remote.codec.w3c.W3CHttpResponseCodec.createException(W3CHttpResponseCodec.java:199)
at org.openqa.selenium.remote.codec.w3c.W3CHttpResponseCodec.decode(W3CHttpResponseCodec.java:132)
at org.openqa.selenium.remote.codec.w3c.W3CHttpResponseCodec.decode(W3CHttpResponseCodec.java:51)
at org.openqa.selenium.remote.HttpCommandExecutor.execute(HttpCommandExecutor.java:191)
at org.openqa.selenium.remote.service.DriverCommandExecutor.invokeExecute(DriverCommandExecutor.java:196)
at org.openqa.selenium.remote.service.DriverCommandExecutor.execute(DriverCommandExecutor.java:171)
at org.openqa.selenium.remote.RemoteWebDriver.execute(RemoteWebDriver.java:531)
at org.openqa.selenium.remote.RemoteWebElement.execute(RemoteWebElement.java:242)
at org.openqa.selenium.remote.RemoteWebElement.click(RemoteWebElement.java:77)
at java.base/jdk.internal.reflect.NativeMethodAccessorImpl.invoke0(Native Method)
at java.base/jdk.internal.reflect.NativeMethodAccessorImpl.invoke(NativeMethodAccessorImpl.java:77)
at java.base/jdk.internal.reflect.DelegatingMethodAccessorImpl.invoke(DelegatingMethodAccessorImpl.java:43)
at java.base/java.lang.reflect.Method.invoke(Method.java:568)
at org.openqa.selenium.support.pagefactory.internal.LocatingElementHandler.invoke(LocatingElementHandler.java:52)
at jdk.proxy2/jdk.proxy2.$Proxy17.click(Unknown Source)
at com.Pages.LoginPage.Log_Out(LoginPage.java:175)
at com.Test.LoginTest.LogOut(LoginTest.java:82)
at com.Test.Enterprise_Add_Edit_Central_Warehouse.LogOut(Enterprise_Add_Edit_Central_Warehouse.java:117)
at java.base/jdk.internal.reflect.NativeMethodAccessorImpl.invoke0(Native Method)
at java.base/jdk.internal.reflect.NativeMethodAccessorImpl.invoke(NativeMethodAccessorImpl.java:77)
at java.base/jdk.internal.reflect.DelegatingMethodAccessorImpl.invoke(DelegatingMethodAccessorImpl.java:43)
at java.base/java.lang.reflect.Method.invoke(Method.java:568)
at org.testng.internal.invokers.MethodInvocationHelper.invokeMethod(MethodInvocationHelper.java:139)
at org.testng.internal.invokers.TestInvoker.invokeMethod(TestInvoker.java:664)
at org.testng.internal.invokers.TestInvoker.invokeTestMethod(TestInvoker.java:227)
at org.testng.internal.invokers.MethodRunner.runInSequence(MethodRunner.java:50)
at org.testng.internal.invokers.TestInvoker$MethodInvocationAgent.invoke(TestInvoker.java:957)
at org.testng.internal.invokers.TestInvoker.invokeTestMethods(TestInvoker.java:200)
at org.testng.internal.invokers.TestMethodWorker.invokeTestMethods(TestMethodWorker.java:148)
at org.testng.internal.invokers.TestMethodWorker.run(TestMethodWorker.java:128)
at java.base/java.util.ArrayList.forEach(ArrayList.java:1511)
at org.testng.TestRunner.privateRun(TestRunner.java:848)
at org.testng.TestRunner.run(TestRunner.java:621)
at org.testng.SuiteRunner.runTest(SuiteRunner.java:443)
at org.testng.SuiteRunner.runSequentially(SuiteRunner.java:437)
at org.testng.SuiteRunner.privateRun(SuiteRunner.java:397)
at org.testng.SuiteRunner.run(SuiteRunner.java:336)
at org.testng.SuiteRunnerWorker.runSuite(SuiteRunnerWorker.java:52)
at org.testng.SuiteRunnerWorker.run(SuiteRunnerWorker.java:95)
at org.testng.TestNG.runSuitesSequentially(TestNG.java:1280)
at org.testng.TestNG.runSuitesLocally(TestNG.java:1200)
at org.testng.TestNG.runSuites(TestNG.java:1114)
at org.testng.TestNG.run(TestNG.java:1082)
at org.testng.remote.AbstractRemoteTestNG.run(AbstractRemoteTestNG.java:115)
at org.testng.remote.RemoteTestNG.initAndRun(RemoteTestNG.java:251)
at org.testng.remote.RemoteTestNG.main(RemoteTestNG.java:77)
]]>
    </error>
  </testcase> <!-- LogOut -->
  <testcase classname="com.Test.Enterprise_Add_Edit_Central_Warehouse" name="Open_Central_Warehouse_Page">
    <skipped/>
  </testcase> <!-- Open_Central_Warehouse_Page -->
  <testcase classname="com.Test.Enterprise_Add_Edit_Central_Warehouse" name="Edit_and_Close_Cancel_Central_Warehouse">
    <skipped/>
  </testcase> <!-- Edit_and_Close_Cancel_Central_Warehouse -->
  <testcase classname="com.Test.Enterprise_Add_Edit_Central_Warehouse" name="Create_Duplicate_Central_Warehouse">
    <skipped/>
  </testcase> <!-- Create_Duplicate_Central_Warehouse -->
  <testcase classname="com.Test.Enterprise_Add_Edit_Central_Warehouse" name="Verify_Ascending_and_Descending">
    <skipped/>
  </testcase> <!-- Verify_Ascending_and_Descending -->
  <testcase classname="com.Test.Enterprise_Add_Edit_Central_Warehouse" name="Add_Central_Warehouse_with_Copy_From_Store">
    <skipped/>
  </testcase> <!-- Add_Central_Warehouse_with_Copy_From_Store -->
  <testcase classname="com.Test.Enterprise_Add_Edit_Central_Warehouse" name="Add_Central_Warehouse">
    <skipped/>
  </testcase> <!-- Add_Central_Warehouse -->
  <testcase classname="com.Test.Enterprise_Add_Edit_Central_Warehouse" name="Central_Warehouse_Report">
    <skipped/>
  </testcase> <!-- Central_Warehouse_Report -->
  <testcase classname="com.Test.Enterprise_Add_Edit_Central_Warehouse" name="Edit_and_Update_Central_Warehouse">
    <skipped/>
  </testcase> <!-- Edit_and_Update_Central_Warehouse -->
</testsuite> <!-- com.Test.Enterprise_Add_Edit_Central_Warehouse -->
