<?xml version="1.0" encoding="UTF-8"?>
<!-- Generated by org.testng.reporters.JUnitReportReporter -->
<testsuite skipped="3" hostname="INL-JVNGDL3" name="com.Test.Product_Items_Cut_And_Modify" tests="6" failures="0" timestamp="2023-03-18T18:00:06 IST" time="131.673" errors="0">
  <testcase name="Login" time="47.777" classname="com.Test.Product_Items_Cut_And_Modify"/>
  <system-out/>
  <testcase name="Calling" time="83.684" classname="com.Test.Product_Items_Cut_And_Modify"/>
  <system-out/>
  <testcase name="LogOut" time="0.212" classname="com.Test.Product_Items_Cut_And_Modify"/>
  <system-out/>
  <testcase name="Clear_CutAndModify" classname="com.Test.Product_Items_Cut_And_Modify">
    <skipped/>
  </testcase> <!-- Clear_CutAndModify -->
  <system-out/>
  <testcase name="Edit_CutAndModify" classname="com.Test.Product_Items_Cut_And_Modify">
    <skipped/>
  </testcase> <!-- Edit_CutAndModify -->
  <system-out/>
  <testcase name="Open_Cut_And_Modify_Page" classname="com.Test.Product_Items_Cut_And_Modify">
    <skipped/>
  </testcase> <!-- Open_Cut_And_Modify_Page -->
  <system-out/>
</testsuite> <!-- com.Test.Product_Items_Cut_And_Modify -->
