<?xml version="1.0" encoding="UTF-8"?>
<!-- Generated by org.testng.reporters.JUnitReportReporter -->
<testsuite hostname="INL-JVNGDL3" failures="0" tests="11" name="com.Test.Product_Items_AddEditDelete_Open_Check_Discount" time="171.445" errors="0" timestamp="2023-07-26T17:03:28 IST" skipped="8">
  <testcase classname="com.Test.Product_Items_AddEditDelete_Open_Check_Discount" name="Login" time="67.467"/>
  <system-out/>
  <testcase classname="com.Test.Product_Items_AddEditDelete_Open_Check_Discount" name="Calling" time="97.338"/>
  <system-out/>
  <testcase classname="com.Test.Product_Items_AddEditDelete_Open_Check_Discount" name="LogOut" time="6.640"/>
  <system-out/>
  <testcase classname="com.Test.Product_Items_AddEditDelete_Open_Check_Discount" name="Edit_and_Update_Open_Check_DiscountType_Comp">
    <skipped/>
  </testcase> <!-- Edit_and_Update_Open_Check_DiscountType_Comp -->
  <system-out/>
  <testcase classname="com.Test.Product_Items_AddEditDelete_Open_Check_Discount" name="Open_Open_Check_Discount_Page">
    <skipped/>
  </testcase> <!-- Open_Open_Check_Discount_Page -->
  <system-out/>
  <testcase classname="com.Test.Product_Items_AddEditDelete_Open_Check_Discount" name="RefreshAndPaginination">
    <skipped/>
  </testcase> <!-- RefreshAndPaginination -->
  <system-out/>
  <testcase classname="com.Test.Product_Items_AddEditDelete_Open_Check_Discount" name="Edit_and_Close_Cancel_Open_Check_Discount">
    <skipped/>
  </testcase> <!-- Edit_and_Close_Cancel_Open_Check_Discount -->
  <system-out/>
  <testcase classname="com.Test.Product_Items_AddEditDelete_Open_Check_Discount" name="Add_Open_Check_DiscountType_Promo">
    <skipped/>
  </testcase> <!-- Add_Open_Check_DiscountType_Promo -->
  <system-out/>
  <testcase classname="com.Test.Product_Items_AddEditDelete_Open_Check_Discount" name="Delete_and_Active_Inactive_Open_Check_Discount">
    <skipped/>
  </testcase> <!-- Delete_and_Active_Inactive_Open_Check_Discount -->
  <system-out/>
  <testcase classname="com.Test.Product_Items_AddEditDelete_Open_Check_Discount" name="Edit_and_Update_Open_Check_DiscountType_Donation">
    <skipped/>
  </testcase> <!-- Edit_and_Update_Open_Check_DiscountType_Donation -->
  <system-out/>
  <testcase classname="com.Test.Product_Items_AddEditDelete_Open_Check_Discount" name="Edit_and_Update_MenuItem_Open_Check_Discount">
    <skipped/>
  </testcase> <!-- Edit_and_Update_MenuItem_Open_Check_Discount -->
  <system-out/>
</testsuite> <!-- com.Test.Product_Items_AddEditDelete_Open_Check_Discount -->
