<?xml version="1.0" encoding="UTF-8"?>
<!-- Generated by org.testng.reporters.JUnitReportReporter -->
<testsuite hostname="INL-JVNGDL3" failures="0" tests="17" name="com.Test.Product_Items_AddEditDelete_Upcharges" time="419.170" errors="0" timestamp="2023-04-12T16:36:25 IST" skipped="14">
  <testcase classname="com.Test.Product_Items_AddEditDelete_Upcharges" name="Login" time="69.504"/>
  <system-out/>
  <testcase classname="com.Test.Product_Items_AddEditDelete_Upcharges" name="Calling" time="349.374"/>
  <system-out/>
  <testcase classname="com.Test.Product_Items_AddEditDelete_Upcharges" name="LogOut" time="0.292"/>
  <system-out/>
  <testcase classname="com.Test.Product_Items_AddEditDelete_Upcharges" name="Edit_and_Update_SubCategory_Upcharges">
    <skipped/>
  </testcase> <!-- Edit_and_Update_SubCategory_Upcharges -->
  <system-out/>
  <testcase classname="com.Test.Product_Items_AddEditDelete_Upcharges" name="Edit_and_Update_MenuItem_Upcharges">
    <skipped/>
  </testcase> <!-- Edit_and_Update_MenuItem_Upcharges -->
  <system-out/>
  <testcase classname="com.Test.Product_Items_AddEditDelete_Upcharges" name="Edit_and_Update_Upcharges_Percentage">
    <skipped/>
  </testcase> <!-- Edit_and_Update_Upcharges_Percentage -->
  <system-out/>
  <testcase classname="com.Test.Product_Items_AddEditDelete_Upcharges" name="RefreshAndPaginination">
    <skipped/>
  </testcase> <!-- RefreshAndPaginination -->
  <system-out/>
  <testcase classname="com.Test.Product_Items_AddEditDelete_Upcharges" name="Edit_and_Update_Upcharges_DateRangeWithTime">
    <skipped/>
  </testcase> <!-- Edit_and_Update_Upcharges_DateRangeWithTime -->
  <system-out/>
  <testcase classname="com.Test.Product_Items_AddEditDelete_Upcharges" name="Create_DuplicateUpcharge">
    <skipped/>
  </testcase> <!-- Create_DuplicateUpcharge -->
  <system-out/>
  <testcase classname="com.Test.Product_Items_AddEditDelete_Upcharges" name="Add_Upcharges">
    <skipped/>
  </testcase> <!-- Add_Upcharges -->
  <system-out/>
  <testcase classname="com.Test.Product_Items_AddEditDelete_Upcharges" name="Open_Upcharges_Page">
    <skipped/>
  </testcase> <!-- Open_Upcharges_Page -->
  <system-out/>
  <testcase classname="com.Test.Product_Items_AddEditDelete_Upcharges" name="Edit_and_Update_Upcharges_Specific_Date">
    <skipped/>
  </testcase> <!-- Edit_and_Update_Upcharges_Specific_Date -->
  <system-out/>
  <testcase classname="com.Test.Product_Items_AddEditDelete_Upcharges" name="Delete_and_Active_Inactive_Upcharges">
    <skipped/>
  </testcase> <!-- Delete_and_Active_Inactive_Upcharges -->
  <system-out/>
  <testcase classname="com.Test.Product_Items_AddEditDelete_Upcharges" name="Edit_and_Update_Upcharges_DateRange">
    <skipped/>
  </testcase> <!-- Edit_and_Update_Upcharges_DateRange -->
  <system-out/>
  <testcase classname="com.Test.Product_Items_AddEditDelete_Upcharges" name="Edit_and_Update_Upcharges_DaysOfWeek">
    <skipped/>
  </testcase> <!-- Edit_and_Update_Upcharges_DaysOfWeek -->
  <system-out/>
  <testcase classname="com.Test.Product_Items_AddEditDelete_Upcharges" name="Edit_and_Update_Upcharges_DaysOfMonth">
    <skipped/>
  </testcase> <!-- Edit_and_Update_Upcharges_DaysOfMonth -->
  <system-out/>
  <testcase classname="com.Test.Product_Items_AddEditDelete_Upcharges" name="Edit_and_Close_Cancel_Upcharges">
    <skipped/>
  </testcase> <!-- Edit_and_Close_Cancel_Upcharges -->
  <system-out/>
</testsuite> <!-- com.Test.Product_Items_AddEditDelete_Upcharges -->
