<?xml version="1.0" encoding="UTF-8"?>
<!-- Generated by org.testng.reporters.JUnitReportReporter -->
<testsuite hostname="INL-JVNGDL3" failures="0" tests="17" name="com.Test.Enterprise_Reports_Sale_Summary_Report" time="461.230" errors="0" timestamp="2023-09-01T16:58:14 IST" skipped="14">
  <testcase classname="com.Test.Enterprise_Reports_Sale_Summary_Report" name="Login" time="49.470"/>
  <system-out/>
  <testcase classname="com.Test.Enterprise_Reports_Sale_Summary_Report" name="Calling" time="405.015"/>
  <system-out/>
  <testcase classname="com.Test.Enterprise_Reports_Sale_Summary_Report" name="LogOut" time="6.745"/>
  <system-out/>
  <testcase classname="com.Test.Enterprise_Reports_Sale_Summary_Report" name="RefreshAndPaginination">
    <skipped/>
  </testcase> <!-- RefreshAndPaginination -->
  <system-out/>
  <testcase classname="com.Test.Enterprise_Reports_Sale_Summary_Report" name="Enterprise_Sale_Summary_Report_Last_N_Days">
    <skipped/>
  </testcase> <!-- Enterprise_Sale_Summary_Report_Last_N_Days -->
  <system-out/>
  <testcase classname="com.Test.Enterprise_Reports_Sale_Summary_Report" name="Enterprise_Sale_Summary_Report_This_Month">
    <skipped/>
  </testcase> <!-- Enterprise_Sale_Summary_Report_This_Month -->
  <system-out/>
  <testcase classname="com.Test.Enterprise_Reports_Sale_Summary_Report" name="Enterprise_Sale_Summary_Report_Last_Month">
    <skipped/>
  </testcase> <!-- Enterprise_Sale_Summary_Report_Last_Month -->
  <system-out/>
  <testcase classname="com.Test.Enterprise_Reports_Sale_Summary_Report" name="Enterprise_Sale_Summary_Report_Specific_Date">
    <skipped/>
  </testcase> <!-- Enterprise_Sale_Summary_Report_Specific_Date -->
  <system-out/>
  <testcase classname="com.Test.Enterprise_Reports_Sale_Summary_Report" name="Enterprise_Sale_Summary_Report_This_Week">
    <skipped/>
  </testcase> <!-- Enterprise_Sale_Summary_Report_This_Week -->
  <system-out/>
  <testcase classname="com.Test.Enterprise_Reports_Sale_Summary_Report" name="Enterprise_Sale_Summary_Report_Last_30_Days">
    <skipped/>
  </testcase> <!-- Enterprise_Sale_Summary_Report_Last_30_Days -->
  <system-out/>
  <testcase classname="com.Test.Enterprise_Reports_Sale_Summary_Report" name="Enterprise_Sale_Summary_Report_Last_7_Days">
    <skipped/>
  </testcase> <!-- Enterprise_Sale_Summary_Report_Last_7_Days -->
  <system-out/>
  <testcase classname="com.Test.Enterprise_Reports_Sale_Summary_Report" name="SelectTheCat">
    <skipped/>
  </testcase> <!-- SelectTheCat -->
  <system-out/>
  <testcase classname="com.Test.Enterprise_Reports_Sale_Summary_Report" name="Enterprise_Sale_Summary_Report_Yesterday">
    <skipped/>
  </testcase> <!-- Enterprise_Sale_Summary_Report_Yesterday -->
  <system-out/>
  <testcase classname="com.Test.Enterprise_Reports_Sale_Summary_Report" name="Enterprise_Sale_Summary_Report_Date_Range">
    <skipped/>
  </testcase> <!-- Enterprise_Sale_Summary_Report_Date_Range -->
  <system-out/>
  <testcase classname="com.Test.Enterprise_Reports_Sale_Summary_Report" name="Open_Enterprise_Sale_Summary_Report_Page">
    <skipped/>
  </testcase> <!-- Open_Enterprise_Sale_Summary_Report_Page -->
  <system-out/>
  <testcase classname="com.Test.Enterprise_Reports_Sale_Summary_Report" name="Enterprise_Sale_Summary_Report_Today">
    <skipped/>
  </testcase> <!-- Enterprise_Sale_Summary_Report_Today -->
  <system-out/>
  <testcase classname="com.Test.Enterprise_Reports_Sale_Summary_Report" name="Enterprise_Sale_Summary_Report_Last_Week">
    <skipped/>
  </testcase> <!-- Enterprise_Sale_Summary_Report_Last_Week -->
  <system-out/>
</testsuite> <!-- com.Test.Enterprise_Reports_Sale_Summary_Report -->
