<?xml version="1.0" encoding="UTF-8"?>
<!-- Generated by org.testng.reporters.JUnitReportReporter -->
<testsuite hostname="INL-JVNGDL3" failures="0" tests="22" name="com.Test.AllClassCalling_Enterprise_Reports" time="5.903" errors="1" timestamp="2023-11-08T17:17:31 IST" skipped="21">
  <testcase classname="com.Test.AllClassCalling_Enterprise_Reports" name="Login" time="5.902">
    <error message="com/typesafe/config/ConfigMergeable" type="java.lang.NoClassDefFoundError">
      <![CDATA[java.lang.NoClassDefFoundError: com/typesafe/config/ConfigMergeable
at com.epam.healenium.SelfHealingDriver.create(SelfHealingDriver.java:40)
at com.Test.AllClassCalling_Enterprise_Reports.Login(AllClassCalling_Enterprise_Reports.java:107)
at java.base/jdk.internal.reflect.NativeMethodAccessorImpl.invoke0(Native Method)
at java.base/jdk.internal.reflect.NativeMethodAccessorImpl.invoke(NativeMethodAccessorImpl.java:77)
at java.base/jdk.internal.reflect.DelegatingMethodAccessorImpl.invoke(DelegatingMethodAccessorImpl.java:43)
at java.base/java.lang.reflect.Method.invoke(Method.java:568)
at org.testng.internal.invokers.MethodInvocationHelper.invokeMethod(MethodInvocationHelper.java:139)
at org.testng.internal.invokers.MethodInvocationHelper.invokeMethodConsideringTimeout(MethodInvocationHelper.java:69)
at org.testng.internal.invokers.ConfigInvoker.invokeConfigurationMethod(ConfigInvoker.java:390)
at org.testng.internal.invokers.ConfigInvoker.invokeConfigurations(ConfigInvoker.java:325)
at org.testng.TestRunner.invokeTestConfigurations(TestRunner.java:663)
at org.testng.TestRunner.beforeRun(TestRunner.java:652)
at org.testng.TestRunner.run(TestRunner.java:614)
at org.testng.SuiteRunner.runTest(SuiteRunner.java:443)
at org.testng.SuiteRunner.runSequentially(SuiteRunner.java:437)
at org.testng.SuiteRunner.privateRun(SuiteRunner.java:397)
at org.testng.SuiteRunner.run(SuiteRunner.java:336)
at org.testng.SuiteRunnerWorker.runSuite(SuiteRunnerWorker.java:52)
at org.testng.SuiteRunnerWorker.run(SuiteRunnerWorker.java:95)
at org.testng.TestNG.runSuitesSequentially(TestNG.java:1280)
at org.testng.TestNG.runSuitesLocally(TestNG.java:1200)
at org.testng.TestNG.runSuites(TestNG.java:1114)
at org.testng.TestNG.run(TestNG.java:1082)
at org.testng.remote.AbstractRemoteTestNG.run(AbstractRemoteTestNG.java:115)
at org.testng.remote.RemoteTestNG.initAndRun(RemoteTestNG.java:251)
at org.testng.remote.RemoteTestNG.main(RemoteTestNG.java:77)
Caused by: java.lang.ClassNotFoundException: com.typesafe.config.ConfigMergeable
at java.base/jdk.internal.loader.BuiltinClassLoader.loadClass(BuiltinClassLoader.java:641)
at java.base/jdk.internal.loader.ClassLoaders$AppClassLoader.loadClass(ClassLoaders.java:188)
at java.base/java.lang.ClassLoader.loadClass(ClassLoader.java:520)
... 26 more
]]>
    </error>
  </testcase> <!-- Login -->
  <testcase classname="com.Test.AllClassCalling_Enterprise_Reports" name="Enterprise_Reports" time="0.001">
    <skipped/>
  </testcase> <!-- Enterprise_Reports -->
  <testcase classname="com.Test.AllClassCalling_Enterprise_Reports" name="Enterprise_Reports_Sale_Recap_Report" time="0.000">
    <skipped/>
  </testcase> <!-- Enterprise_Reports_Sale_Recap_Report -->
  <testcase classname="com.Test.AllClassCalling_Enterprise_Reports" name="Enterprise_Reports_Department_Sale_Report" time="0.000">
    <skipped/>
  </testcase> <!-- Enterprise_Reports_Department_Sale_Report -->
  <testcase classname="com.Test.AllClassCalling_Enterprise_Reports" name="Enterprise_Reports_Category_Sale_Report" time="0.000">
    <skipped/>
  </testcase> <!-- Enterprise_Reports_Category_Sale_Report -->
  <testcase classname="com.Test.AllClassCalling_Enterprise_Reports" name="Enterprise_Reports_SubCategory_Sale_Report" time="0.000">
    <skipped/>
  </testcase> <!-- Enterprise_Reports_SubCategory_Sale_Report -->
  <testcase classname="com.Test.AllClassCalling_Enterprise_Reports" name="Enterprise_Reports_Menu_Items_Report" time="0.000">
    <skipped/>
  </testcase> <!-- Enterprise_Reports_Menu_Items_Report -->
  <testcase classname="com.Test.AllClassCalling_Enterprise_Reports" name="Enterprise_Reports_Modifier_Sale_Report" time="0.000">
    <skipped/>
  </testcase> <!-- Enterprise_Reports_Modifier_Sale_Report -->
  <testcase classname="com.Test.AllClassCalling_Enterprise_Reports" name="Enterprise_Reports_Hourly_Sale_Report" time="0.000">
    <skipped/>
  </testcase> <!-- Enterprise_Reports_Hourly_Sale_Report -->
  <testcase classname="com.Test.AllClassCalling_Enterprise_Reports" name="Enterprise_Reports_Daily_Sale_Report" time="0.000">
    <skipped/>
  </testcase> <!-- Enterprise_Reports_Daily_Sale_Report -->
  <testcase classname="com.Test.AllClassCalling_Enterprise_Reports" name="Enterprise_Reports_Cashier_Out_Report" time="0.000">
    <skipped/>
  </testcase> <!-- Enterprise_Reports_Cashier_Out_Report -->
  <testcase classname="com.Test.AllClassCalling_Enterprise_Reports" name="Enterprise_Reports_Weekly_Summary_Report" time="0.000">
    <skipped/>
  </testcase> <!-- Enterprise_Reports_Weekly_Summary_Report -->
  <testcase classname="com.Test.AllClassCalling_Enterprise_Reports" name="Enterprise_Reports_Sale_Summary_Report" time="0.000">
    <skipped/>
  </testcase> <!-- Enterprise_Reports_Sale_Summary_Report -->
  <testcase classname="com.Test.AllClassCalling_Enterprise_Reports" name="Enterprise_Detailed_Report" time="0.000">
    <skipped/>
  </testcase> <!-- Enterprise_Detailed_Report -->
  <testcase classname="com.Test.AllClassCalling_Enterprise_Reports" name="Enterprise_Reports_Online_Sales_Report" time="0.000">
    <skipped/>
  </testcase> <!-- Enterprise_Reports_Online_Sales_Report -->
  <testcase classname="com.Test.AllClassCalling_Enterprise_Reports" name="Enterprise_Reports_Employee_Role_Based_Payroll_Report" time="0.000">
    <skipped/>
  </testcase> <!-- Enterprise_Reports_Employee_Role_Based_Payroll_Report -->
  <testcase classname="com.Test.AllClassCalling_Enterprise_Reports" name="Enterprise_Reports_HA_Activity_Report" time="0.000">
    <skipped/>
  </testcase> <!-- Enterprise_Reports_HA_Activity_Report -->
  <testcase classname="com.Test.AllClassCalling_Enterprise_Reports" name="Enterprise_Reports_HA_Statement" time="0.000">
    <skipped/>
  </testcase> <!-- Enterprise_Reports_HA_Statement -->
  <testcase classname="com.Test.AllClassCalling_Enterprise_Reports" name="Enterprise_Reports_Gift_Card_Redemption" time="0.000">
    <skipped/>
  </testcase> <!-- Enterprise_Reports_Gift_Card_Redemption -->
  <testcase classname="com.Test.AllClassCalling_Enterprise_Reports" name="Enterprise_Reports_Royalty_Franchies_Royalty_Report" time="0.000">
    <skipped/>
  </testcase> <!-- Enterprise_Reports_Royalty_Franchies_Royalty_Report -->
  <testcase classname="com.Test.AllClassCalling_Enterprise_Reports" name="Enterprise_Reports_Royalty_Franchies_ACH_Report" time="0.000">
    <skipped/>
  </testcase> <!-- Enterprise_Reports_Royalty_Franchies_ACH_Report -->
  <testcase classname="com.Test.AllClassCalling_Enterprise_Reports" name="Enterprise_Reports_Loyalty_Report" time="0.000">
    <skipped/>
  </testcase> <!-- Enterprise_Reports_Loyalty_Report -->
</testsuite> <!-- com.Test.AllClassCalling_Enterprise_Reports -->
