<?xml version="1.0" encoding="UTF-8"?>
<!-- Generated by org.testng.reporters.JUnitReportReporter -->
<testsuite hostname="INL-JVNGDL3" failures="0" tests="16" name="com.Test.Enterprise_Detailed_Report" time="141.162" errors="0" timestamp="2023-08-24T13:44:41 IST" skipped="13">
  <testcase classname="com.Test.Enterprise_Detailed_Report" name="Login" time="60.391"/>
  <system-out/>
  <testcase classname="com.Test.Enterprise_Detailed_Report" name="Calling" time="73.539"/>
  <system-out/>
  <testcase classname="com.Test.Enterprise_Detailed_Report" name="LogOut" time="7.232"/>
  <system-out/>
  <testcase classname="com.Test.Enterprise_Detailed_Report" name="Enterprise_Detailed_Report_Today">
    <skipped/>
  </testcase> <!-- Enterprise_Detailed_Report_Today -->
  <system-out/>
  <testcase classname="com.Test.Enterprise_Detailed_Report" name="Enterprise_Detailed_Report_Last_7_Days">
    <skipped/>
  </testcase> <!-- Enterprise_Detailed_Report_Last_7_Days -->
  <system-out/>
  <testcase classname="com.Test.Enterprise_Detailed_Report" name="Enterprise_Detailed_Report_Last_30_Days">
    <skipped/>
  </testcase> <!-- Enterprise_Detailed_Report_Last_30_Days -->
  <system-out/>
  <testcase classname="com.Test.Enterprise_Detailed_Report" name="RefreshAndPaginination">
    <skipped/>
  </testcase> <!-- RefreshAndPaginination -->
  <system-out/>
  <testcase classname="com.Test.Enterprise_Detailed_Report" name="Enterprise_Detailed_Report_Date_Range">
    <skipped/>
  </testcase> <!-- Enterprise_Detailed_Report_Date_Range -->
  <system-out/>
  <testcase classname="com.Test.Enterprise_Detailed_Report" name="Open_Enterprise_Detailed_Report_Page">
    <skipped/>
  </testcase> <!-- Open_Enterprise_Detailed_Report_Page -->
  <system-out/>
  <testcase classname="com.Test.Enterprise_Detailed_Report" name="Enterprise_Detailed_Report_This_Month">
    <skipped/>
  </testcase> <!-- Enterprise_Detailed_Report_This_Month -->
  <system-out/>
  <testcase classname="com.Test.Enterprise_Detailed_Report" name="Enterprise_Detailed_Report_Yesterday">
    <skipped/>
  </testcase> <!-- Enterprise_Detailed_Report_Yesterday -->
  <system-out/>
  <testcase classname="com.Test.Enterprise_Detailed_Report" name="Enterprise_Detailed_Report_Last_Month">
    <skipped/>
  </testcase> <!-- Enterprise_Detailed_Report_Last_Month -->
  <system-out/>
  <testcase classname="com.Test.Enterprise_Detailed_Report" name="Enterprise_Detailed_Report_Specific_Date">
    <skipped/>
  </testcase> <!-- Enterprise_Detailed_Report_Specific_Date -->
  <system-out/>
  <testcase classname="com.Test.Enterprise_Detailed_Report" name="Enterprise_Detailed_Report_Last_N_Days">
    <skipped/>
  </testcase> <!-- Enterprise_Detailed_Report_Last_N_Days -->
  <system-out/>
  <testcase classname="com.Test.Enterprise_Detailed_Report" name="Enterprise_Detailed_Report_Last_Week">
    <skipped/>
  </testcase> <!-- Enterprise_Detailed_Report_Last_Week -->
  <system-out/>
  <testcase classname="com.Test.Enterprise_Detailed_Report" name="Enterprise_Detailed_Report_This_Week">
    <skipped/>
  </testcase> <!-- Enterprise_Detailed_Report_This_Week -->
  <system-out/>
</testsuite> <!-- com.Test.Enterprise_Detailed_Report -->
