<?xml version="1.0" encoding="UTF-8"?>
<!-- Generated by org.testng.reporters.JUnitReportReporter -->
<testsuite hostname="INL-JVNGDL3" failures="0" tests="22" name="com.Test.AllClassCalling_Enterprise_Reports" time="76.569" errors="1" timestamp="2023-11-07T13:29:45 IST" skipped="21">
  <testcase classname="com.Test.AllClassCalling_Enterprise_Reports" name="Login" time="76.569">
    <error message="element click intercepted: Element &lt;div _ngcontent-ihu-c402=&quot;&quot; class=&quot;row store-info&quot;&gt;...&lt;/div&gt; is not clickable at point (410, 327). Other element would receive the click: &lt;p _ngcontent-ihu-c279=&quot;&quot; class=&quot;header&quot;&gt;...&lt;/p&gt;
  (Session info: chrome=119.0.6045.106)
Build info: version: &#039;4.14.1&#039;, revision: &#039;03f8ede370&#039;
System info: os.name: &#039;Windows 10&#039;, os.arch: &#039;amd64&#039;, os.version: &#039;10.0&#039;, java.version: &#039;17.0.4.1&#039;
Driver info: org.openqa.selenium.chrome.ChromeDriver
Command: [5f5b412ded5df8be7e93ba05c8c6845b, clickElement {id=472A167ACF19ED599797B83C642DDEED_element_161}]
Capabilities {acceptInsecureCerts: false, browserName: chrome, browserVersion: 119.0.6045.106, chrome: {chromedriverVersion: 119.0.6045.105 (38c72552c5e..., userDataDir: C:\Users\raja.s\AppData\Loc...}, fedcm:accounts: true, goog:chromeOptions: {debuggerAddress: localhost:51127}, networkConnectionEnabled: false, pageLoadStrategy: normal, platformName: windows, proxy: Proxy(), se:cdp: ws://localhost:51127/devtoo..., se:cdpVersion: 119.0.6045.106, setWindowRect: true, strictFileInteractability: false, timeouts: {implicit: 0, pageLoad: 300000, script: 30000}, unhandledPromptBehavior: dismiss and notify, webauthn:extension:credBlob: true, webauthn:extension:largeBlob: true, webauthn:extension:minPinLength: true, webauthn:extension:prf: true, webauthn:virtualAuthenticators: true}
Element: [[ChromeDriver: chrome on windows (5f5b412ded5df8be7e93ba05c8c6845b)] -&gt; xpath: //div[contains(@class,&#039;store-info&#039;)]]
Session ID: 5f5b412ded5df8be7e93ba05c8c6845b" type="org.openqa.selenium.ElementClickInterceptedException">
      <![CDATA[org.openqa.selenium.ElementClickInterceptedException: element click intercepted: Element <div _ngcontent-ihu-c402="" class="row store-info">...</div> is not clickable at point (410, 327). Other element would receive the click: <p _ngcontent-ihu-c279="" class="header">...</p>
  (Session info: chrome=119.0.6045.106)
Build info: version: '4.14.1', revision: '03f8ede370'
System info: os.name: 'Windows 10', os.arch: 'amd64', os.version: '10.0', java.version: '17.0.4.1'
Driver info: org.openqa.selenium.chrome.ChromeDriver
Command: [5f5b412ded5df8be7e93ba05c8c6845b, clickElement {id=472A167ACF19ED599797B83C642DDEED_element_161}]
Capabilities {acceptInsecureCerts: false, browserName: chrome, browserVersion: 119.0.6045.106, chrome: {chromedriverVersion: 119.0.6045.105 (38c72552c5e..., userDataDir: C:\Users\raja.s\AppData\Loc...}, fedcm:accounts: true, goog:chromeOptions: {debuggerAddress: localhost:51127}, networkConnectionEnabled: false, pageLoadStrategy: normal, platformName: windows, proxy: Proxy(), se:cdp: ws://localhost:51127/devtoo..., se:cdpVersion: 119.0.6045.106, setWindowRect: true, strictFileInteractability: false, timeouts: {implicit: 0, pageLoad: 300000, script: 30000}, unhandledPromptBehavior: dismiss and notify, webauthn:extension:credBlob: true, webauthn:extension:largeBlob: true, webauthn:extension:minPinLength: true, webauthn:extension:prf: true, webauthn:virtualAuthenticators: true}
Element: [[ChromeDriver: chrome on windows (5f5b412ded5df8be7e93ba05c8c6845b)] -> xpath: //div[contains(@class,'store-info')]]
Session ID: 5f5b412ded5df8be7e93ba05c8c6845b
at java.base/jdk.internal.reflect.NativeConstructorAccessorImpl.newInstance0(Native Method)
at java.base/jdk.internal.reflect.NativeConstructorAccessorImpl.newInstance(NativeConstructorAccessorImpl.java:77)
at java.base/jdk.internal.reflect.DelegatingConstructorAccessorImpl.newInstance(DelegatingConstructorAccessorImpl.java:45)
at java.base/java.lang.reflect.Constructor.newInstanceWithCaller(Constructor.java:499)
at java.base/java.lang.reflect.Constructor.newInstance(Constructor.java:480)
at org.openqa.selenium.remote.codec.w3c.W3CHttpResponseCodec.createException(W3CHttpResponseCodec.java:199)
at org.openqa.selenium.remote.codec.w3c.W3CHttpResponseCodec.decode(W3CHttpResponseCodec.java:132)
at org.openqa.selenium.remote.codec.w3c.W3CHttpResponseCodec.decode(W3CHttpResponseCodec.java:51)
at org.openqa.selenium.remote.HttpCommandExecutor.execute(HttpCommandExecutor.java:191)
at org.openqa.selenium.remote.service.DriverCommandExecutor.invokeExecute(DriverCommandExecutor.java:196)
at org.openqa.selenium.remote.service.DriverCommandExecutor.execute(DriverCommandExecutor.java:171)
at org.openqa.selenium.remote.RemoteWebDriver.execute(RemoteWebDriver.java:531)
at org.openqa.selenium.remote.RemoteWebElement.execute(RemoteWebElement.java:242)
at org.openqa.selenium.remote.RemoteWebElement.click(RemoteWebElement.java:77)
at java.base/jdk.internal.reflect.NativeMethodAccessorImpl.invoke0(Native Method)
at java.base/jdk.internal.reflect.NativeMethodAccessorImpl.invoke(NativeMethodAccessorImpl.java:77)
at java.base/jdk.internal.reflect.DelegatingMethodAccessorImpl.invoke(DelegatingMethodAccessorImpl.java:43)
at java.base/java.lang.reflect.Method.invoke(Method.java:568)
at com.epam.healenium.handlers.proxy.WebElementProxyHandler.invoke(WebElementProxyHandler.java:68)
at jdk.proxy2/jdk.proxy2.$Proxy20.click(Unknown Source)
at java.base/jdk.internal.reflect.NativeMethodAccessorImpl.invoke0(Native Method)
at java.base/jdk.internal.reflect.NativeMethodAccessorImpl.invoke(NativeMethodAccessorImpl.java:77)
at java.base/jdk.internal.reflect.DelegatingMethodAccessorImpl.invoke(DelegatingMethodAccessorImpl.java:43)
at java.base/java.lang.reflect.Method.invoke(Method.java:568)
at org.openqa.selenium.support.pagefactory.internal.LocatingElementHandler.invoke(LocatingElementHandler.java:52)
at jdk.proxy2/jdk.proxy2.$Proxy20.click(Unknown Source)
at com.Pages.LoginPage.Login(LoginPage.java:163)
at com.Test.LoginTest.Login(LoginTest.java:69)
at com.Test.AllClassCalling_Enterprise_Reports.Login(AllClassCalling_Enterprise_Reports.java:117)
at java.base/jdk.internal.reflect.NativeMethodAccessorImpl.invoke0(Native Method)
at java.base/jdk.internal.reflect.NativeMethodAccessorImpl.invoke(NativeMethodAccessorImpl.java:77)
at java.base/jdk.internal.reflect.DelegatingMethodAccessorImpl.invoke(DelegatingMethodAccessorImpl.java:43)
at java.base/java.lang.reflect.Method.invoke(Method.java:568)
at org.testng.internal.invokers.MethodInvocationHelper.invokeMethod(MethodInvocationHelper.java:139)
at org.testng.internal.invokers.MethodInvocationHelper.invokeMethodConsideringTimeout(MethodInvocationHelper.java:69)
at org.testng.internal.invokers.ConfigInvoker.invokeConfigurationMethod(ConfigInvoker.java:390)
at org.testng.internal.invokers.ConfigInvoker.invokeConfigurations(ConfigInvoker.java:325)
at org.testng.TestRunner.invokeTestConfigurations(TestRunner.java:663)
at org.testng.TestRunner.beforeRun(TestRunner.java:652)
at org.testng.TestRunner.run(TestRunner.java:614)
at org.testng.SuiteRunner.runTest(SuiteRunner.java:443)
at org.testng.SuiteRunner.runSequentially(SuiteRunner.java:437)
at org.testng.SuiteRunner.privateRun(SuiteRunner.java:397)
at org.testng.SuiteRunner.run(SuiteRunner.java:336)
at org.testng.SuiteRunnerWorker.runSuite(SuiteRunnerWorker.java:52)
at org.testng.SuiteRunnerWorker.run(SuiteRunnerWorker.java:95)
at org.testng.TestNG.runSuitesSequentially(TestNG.java:1280)
at org.testng.TestNG.runSuitesLocally(TestNG.java:1200)
at org.testng.TestNG.runSuites(TestNG.java:1114)
at org.testng.TestNG.run(TestNG.java:1082)
at org.testng.remote.AbstractRemoteTestNG.run(AbstractRemoteTestNG.java:115)
at org.testng.remote.RemoteTestNG.initAndRun(RemoteTestNG.java:251)
at org.testng.remote.RemoteTestNG.main(RemoteTestNG.java:77)
]]>
    </error>
  </testcase> <!-- Login -->
  <testcase classname="com.Test.AllClassCalling_Enterprise_Reports" name="Enterprise_Reports" time="0.000">
    <skipped/>
  </testcase> <!-- Enterprise_Reports -->
  <testcase classname="com.Test.AllClassCalling_Enterprise_Reports" name="Enterprise_Reports_Sale_Recap_Report" time="0.000">
    <skipped/>
  </testcase> <!-- Enterprise_Reports_Sale_Recap_Report -->
  <testcase classname="com.Test.AllClassCalling_Enterprise_Reports" name="Enterprise_Reports_Department_Sale_Report" time="0.000">
    <skipped/>
  </testcase> <!-- Enterprise_Reports_Department_Sale_Report -->
  <testcase classname="com.Test.AllClassCalling_Enterprise_Reports" name="Enterprise_Reports_Category_Sale_Report" time="0.000">
    <skipped/>
  </testcase> <!-- Enterprise_Reports_Category_Sale_Report -->
  <testcase classname="com.Test.AllClassCalling_Enterprise_Reports" name="Enterprise_Reports_SubCategory_Sale_Report" time="0.000">
    <skipped/>
  </testcase> <!-- Enterprise_Reports_SubCategory_Sale_Report -->
  <testcase classname="com.Test.AllClassCalling_Enterprise_Reports" name="Enterprise_Reports_Menu_Items_Report" time="0.000">
    <skipped/>
  </testcase> <!-- Enterprise_Reports_Menu_Items_Report -->
  <testcase classname="com.Test.AllClassCalling_Enterprise_Reports" name="Enterprise_Reports_Modifier_Sale_Report" time="0.000">
    <skipped/>
  </testcase> <!-- Enterprise_Reports_Modifier_Sale_Report -->
  <testcase classname="com.Test.AllClassCalling_Enterprise_Reports" name="Enterprise_Reports_Hourly_Sale_Report" time="0.000">
    <skipped/>
  </testcase> <!-- Enterprise_Reports_Hourly_Sale_Report -->
  <testcase classname="com.Test.AllClassCalling_Enterprise_Reports" name="Enterprise_Reports_Daily_Sale_Report" time="0.000">
    <skipped/>
  </testcase> <!-- Enterprise_Reports_Daily_Sale_Report -->
  <testcase classname="com.Test.AllClassCalling_Enterprise_Reports" name="Enterprise_Reports_Cashier_Out_Report" time="0.000">
    <skipped/>
  </testcase> <!-- Enterprise_Reports_Cashier_Out_Report -->
  <testcase classname="com.Test.AllClassCalling_Enterprise_Reports" name="Enterprise_Reports_Weekly_Summary_Report" time="0.000">
    <skipped/>
  </testcase> <!-- Enterprise_Reports_Weekly_Summary_Report -->
  <testcase classname="com.Test.AllClassCalling_Enterprise_Reports" name="Enterprise_Reports_Sale_Summary_Report" time="0.000">
    <skipped/>
  </testcase> <!-- Enterprise_Reports_Sale_Summary_Report -->
  <testcase classname="com.Test.AllClassCalling_Enterprise_Reports" name="Enterprise_Detailed_Report" time="0.000">
    <skipped/>
  </testcase> <!-- Enterprise_Detailed_Report -->
  <testcase classname="com.Test.AllClassCalling_Enterprise_Reports" name="Enterprise_Reports_Online_Sales_Report" time="0.000">
    <skipped/>
  </testcase> <!-- Enterprise_Reports_Online_Sales_Report -->
  <testcase classname="com.Test.AllClassCalling_Enterprise_Reports" name="Enterprise_Reports_Employee_Role_Based_Payroll_Report" time="0.000">
    <skipped/>
  </testcase> <!-- Enterprise_Reports_Employee_Role_Based_Payroll_Report -->
  <testcase classname="com.Test.AllClassCalling_Enterprise_Reports" name="Enterprise_Reports_HA_Activity_Report" time="0.000">
    <skipped/>
  </testcase> <!-- Enterprise_Reports_HA_Activity_Report -->
  <testcase classname="com.Test.AllClassCalling_Enterprise_Reports" name="Enterprise_Reports_HA_Statement" time="0.000">
    <skipped/>
  </testcase> <!-- Enterprise_Reports_HA_Statement -->
  <testcase classname="com.Test.AllClassCalling_Enterprise_Reports" name="Enterprise_Reports_Gift_Card_Redemption" time="0.000">
    <skipped/>
  </testcase> <!-- Enterprise_Reports_Gift_Card_Redemption -->
  <testcase classname="com.Test.AllClassCalling_Enterprise_Reports" name="Enterprise_Reports_Royalty_Franchies_Royalty_Report" time="0.000">
    <skipped/>
  </testcase> <!-- Enterprise_Reports_Royalty_Franchies_Royalty_Report -->
  <testcase classname="com.Test.AllClassCalling_Enterprise_Reports" name="Enterprise_Reports_Royalty_Franchies_ACH_Report" time="0.000">
    <skipped/>
  </testcase> <!-- Enterprise_Reports_Royalty_Franchies_ACH_Report -->
  <testcase classname="com.Test.AllClassCalling_Enterprise_Reports" name="Enterprise_Reports_Loyalty_Report" time="0.000">
    <skipped/>
  </testcase> <!-- Enterprise_Reports_Loyalty_Report -->
</testsuite> <!-- com.Test.AllClassCalling_Enterprise_Reports -->
