<?xml version="1.0" encoding="UTF-8"?>
<!-- Generated by org.testng.reporters.JUnitReportReporter -->
<testsuite skipped="11" hostname="INL-JVNGDL3" name="com.Test.Settings_Kitchen_Printers" tests="14" failures="0" timestamp="2023-03-31T11:47:33 IST" time="406.343" errors="0">
  <testcase name="Login" time="44.353" classname="com.Test.Settings_Kitchen_Printers"/>
  <system-out/>
  <testcase name="Calling" time="361.684" classname="com.Test.Settings_Kitchen_Printers"/>
  <system-out/>
  <testcase name="LogOut" time="0.306" classname="com.Test.Settings_Kitchen_Printers"/>
  <system-out/>
  <testcase name="Edit_and_Reselect_Printer_Update_Kitchen_Printer" classname="com.Test.Settings_Kitchen_Printers">
    <skipped/>
  </testcase> <!-- Edit_and_Reselect_Printer_Update_Kitchen_Printer -->
  <system-out/>
  <testcase name="Add_Kitchen_Printer" classname="com.Test.Settings_Kitchen_Printers">
    <skipped/>
  </testcase> <!-- Add_Kitchen_Printer -->
  <system-out/>
  <testcase name="Create_DuplicateKitchen_PrinterGroup" classname="com.Test.Settings_Kitchen_Printers">
    <skipped/>
  </testcase> <!-- Create_DuplicateKitchen_PrinterGroup -->
  <system-out/>
  <testcase name="Open_Kitchen_Printer_Page" classname="com.Test.Settings_Kitchen_Printers">
    <skipped/>
  </testcase> <!-- Open_Kitchen_Printer_Page -->
  <system-out/>
  <testcase name="Delete_and_Active_Inactive_Kitchen_Printer" classname="com.Test.Settings_Kitchen_Printers">
    <skipped/>
  </testcase> <!-- Delete_and_Active_Inactive_Kitchen_Printer -->
  <system-out/>
  <testcase name="Update_Kitchen_Printer_Settings" classname="com.Test.Settings_Kitchen_Printers">
    <skipped/>
  </testcase> <!-- Update_Kitchen_Printer_Settings -->
  <system-out/>
  <testcase name="Edit_and_Close_Cancel_Kitchen_Printer" classname="com.Test.Settings_Kitchen_Printers">
    <skipped/>
  </testcase> <!-- Edit_and_Close_Cancel_Kitchen_Printer -->
  <system-out/>
  <testcase name="Edit_and_KDS_Update_Kitchen_Printer" classname="com.Test.Settings_Kitchen_Printers">
    <skipped/>
  </testcase> <!-- Edit_and_KDS_Update_Kitchen_Printer -->
  <system-out/>
  <testcase name="Edit_and_Driver_Update_Kitchen_Printer" classname="com.Test.Settings_Kitchen_Printers">
    <skipped/>
  </testcase> <!-- Edit_and_Driver_Update_Kitchen_Printer -->
  <system-out/>
  <testcase name="RefreshAndPaginination" classname="com.Test.Settings_Kitchen_Printers">
    <skipped/>
  </testcase> <!-- RefreshAndPaginination -->
  <system-out/>
  <testcase name="Edit_and_Update_Kitchen_Printer" classname="com.Test.Settings_Kitchen_Printers">
    <skipped/>
  </testcase> <!-- Edit_and_Update_Kitchen_Printer -->
  <system-out/>
</testsuite> <!-- com.Test.Settings_Kitchen_Printers -->
