<?xml version="1.0" encoding="UTF-8"?>
<!-- Generated by org.testng.reporters.JUnitReportReporter -->
<testsuite skipped="7" hostname="INL-JVNGDL3" name="com.Test.Product_Items_AddEditDelete_Gratuities" tests="10" failures="0" timestamp="2023-03-20T13:03:57 IST" time="318.039" errors="0">
  <testcase name="Login" time="47.024" classname="com.Test.Product_Items_AddEditDelete_Gratuities"/>
  <system-out/>
  <testcase name="Calling" time="270.777" classname="com.Test.Product_Items_AddEditDelete_Gratuities"/>
  <system-out/>
  <testcase name="LogOut" time="0.238" classname="com.Test.Product_Items_AddEditDelete_Gratuities"/>
  <system-out/>
  <testcase name="Add_Gratuity" classname="com.Test.Product_Items_AddEditDelete_Gratuities">
    <skipped/>
  </testcase> <!-- Add_Gratuity -->
  <system-out/>
  <testcase name="Create_DuplicateTareGroup" classname="com.Test.Product_Items_AddEditDelete_Gratuities">
    <skipped/>
  </testcase> <!-- Create_DuplicateTareGroup -->
  <system-out/>
  <testcase name="Open_Gratuity_Page" classname="com.Test.Product_Items_AddEditDelete_Gratuities">
    <skipped/>
  </testcase> <!-- Open_Gratuity_Page -->
  <system-out/>
  <testcase name="Delete_and_Active_Inactive_Gratuity" classname="com.Test.Product_Items_AddEditDelete_Gratuities">
    <skipped/>
  </testcase> <!-- Delete_and_Active_Inactive_Gratuity -->
  <system-out/>
  <testcase name="Edit_and_Close_Cancel_Gratuity" classname="com.Test.Product_Items_AddEditDelete_Gratuities">
    <skipped/>
  </testcase> <!-- Edit_and_Close_Cancel_Gratuity -->
  <system-out/>
  <testcase name="Edit_and_Update_Gratuity" classname="com.Test.Product_Items_AddEditDelete_Gratuities">
    <skipped/>
  </testcase> <!-- Edit_and_Update_Gratuity -->
  <system-out/>
  <testcase name="RefreshAndPaginination" classname="com.Test.Product_Items_AddEditDelete_Gratuities">
    <skipped/>
  </testcase> <!-- RefreshAndPaginination -->
  <system-out/>
</testsuite> <!-- com.Test.Product_Items_AddEditDelete_Gratuities -->
