<?xml version="1.0" encoding="UTF-8"?>
<!-- Generated by org.testng.reporters.JUnitReportReporter -->
<testsuite hostname="INL-JVNGDL3" failures="0" tests="15" name="com.Test.Dashboard_Marketing" time="551.836" errors="0" timestamp="2023-05-18T18:36:22 IST" skipped="12">
  <testcase classname="com.Test.Dashboard_Marketing" name="Login" time="58.028"/>
  <system-out/>
  <testcase classname="com.Test.Dashboard_Marketing" name="Calling" time="490.084"/>
  <system-out/>
  <testcase classname="com.Test.Dashboard_Marketing" name="LogOut" time="3.724"/>
  <system-out/>
  <testcase classname="com.Test.Dashboard_Marketing" name="Dashboard_Marketing_Last_N_Days">
    <skipped/>
  </testcase> <!-- Dashboard_Marketing_Last_N_Days -->
  <system-out/>
  <testcase classname="com.Test.Dashboard_Marketing" name="Dashboard_Marketing_Yesterday">
    <skipped/>
  </testcase> <!-- Dashboard_Marketing_Yesterday -->
  <system-out/>
  <testcase classname="com.Test.Dashboard_Marketing" name="Dashboard_Marketing_Last_Month">
    <skipped/>
  </testcase> <!-- Dashboard_Marketing_Last_Month -->
  <system-out/>
  <testcase classname="com.Test.Dashboard_Marketing" name="Dashboard_Marketing_This_Month">
    <skipped/>
  </testcase> <!-- Dashboard_Marketing_This_Month -->
  <system-out/>
  <testcase classname="com.Test.Dashboard_Marketing" name="Dashboard_Marketing_Last_Week">
    <skipped/>
  </testcase> <!-- Dashboard_Marketing_Last_Week -->
  <system-out/>
  <testcase classname="com.Test.Dashboard_Marketing" name="Dashboard_Marketing_Date_Range">
    <skipped/>
  </testcase> <!-- Dashboard_Marketing_Date_Range -->
  <system-out/>
  <testcase classname="com.Test.Dashboard_Marketing" name="Dashboard_Marketing_Last_7_Days">
    <skipped/>
  </testcase> <!-- Dashboard_Marketing_Last_7_Days -->
  <system-out/>
  <testcase classname="com.Test.Dashboard_Marketing" name="Dashboard_Marketing_This_Week">
    <skipped/>
  </testcase> <!-- Dashboard_Marketing_This_Week -->
  <system-out/>
  <testcase classname="com.Test.Dashboard_Marketing" name="Dashboard_Marketing_Last_30_Days">
    <skipped/>
  </testcase> <!-- Dashboard_Marketing_Last_30_Days -->
  <system-out/>
  <testcase classname="com.Test.Dashboard_Marketing" name="Dashboard_Marketing_Today">
    <skipped/>
  </testcase> <!-- Dashboard_Marketing_Today -->
  <system-out/>
  <testcase classname="com.Test.Dashboard_Marketing" name="Dashboard_Marketing_Specific_Date">
    <skipped/>
  </testcase> <!-- Dashboard_Marketing_Specific_Date -->
  <system-out/>
  <testcase classname="com.Test.Dashboard_Marketing" name="Open_Dashboard_Marketing_Page">
    <skipped/>
  </testcase> <!-- Open_Dashboard_Marketing_Page -->
  <system-out/>
</testsuite> <!-- com.Test.Dashboard_Marketing -->
