<?xml version="1.0" encoding="UTF-8"?>
<!-- Generated by org.testng.reporters.JUnitReportReporter -->
<testsuite hostname="INL-JVNGDL3" failures="0" tests="14" name="com.Test.Product_Items_AddEditDelete_SubCategories" time="79.213" errors="0" timestamp="2023-04-12T13:16:39 IST" skipped="11">
  <testcase classname="com.Test.Product_Items_AddEditDelete_SubCategories" name="Login" time="33.590"/>
  <system-out/>
  <testcase classname="com.Test.Product_Items_AddEditDelete_SubCategories" name="Calling" time="45.379"/>
  <system-out/>
  <testcase classname="com.Test.Product_Items_AddEditDelete_SubCategories" name="LogOut" time="0.244"/>
  <system-out/>
  <testcase classname="com.Test.Product_Items_AddEditDelete_SubCategories" name="RefreshAndPaginination">
    <skipped/>
  </testcase> <!-- RefreshAndPaginination -->
  <system-out/>
  <testcase classname="com.Test.Product_Items_AddEditDelete_SubCategories" name="Edit_and_Close_Cancel_SubCategories">
    <skipped/>
  </testcase> <!-- Edit_and_Close_Cancel_SubCategories -->
  <system-out/>
  <testcase classname="com.Test.Product_Items_AddEditDelete_SubCategories" name="Open_SubCategories_Page">
    <skipped/>
  </testcase> <!-- Open_SubCategories_Page -->
  <system-out/>
  <testcase classname="com.Test.Product_Items_AddEditDelete_SubCategories" name="Delete_and_Active_Inactive_SubCategories">
    <skipped/>
  </testcase> <!-- Delete_and_Active_Inactive_SubCategories -->
  <system-out/>
  <testcase classname="com.Test.Product_Items_AddEditDelete_SubCategories" name="Edit_and_Update_SubCategories_DaysOfWeek">
    <skipped/>
  </testcase> <!-- Edit_and_Update_SubCategories_DaysOfWeek -->
  <system-out/>
  <testcase classname="com.Test.Product_Items_AddEditDelete_SubCategories" name="Edit_and_Update_SubCategories_Specific_Date">
    <skipped/>
  </testcase> <!-- Edit_and_Update_SubCategories_Specific_Date -->
  <system-out/>
  <testcase classname="com.Test.Product_Items_AddEditDelete_SubCategories" name="Create_DuplicateSubCategory">
    <skipped/>
  </testcase> <!-- Create_DuplicateSubCategory -->
  <system-out/>
  <testcase classname="com.Test.Product_Items_AddEditDelete_SubCategories" name="Add_SubCategories">
    <skipped/>
  </testcase> <!-- Add_SubCategories -->
  <system-out/>
  <testcase classname="com.Test.Product_Items_AddEditDelete_SubCategories" name="Edit_and_Update_SubCategories_DateRangeWithTime">
    <skipped/>
  </testcase> <!-- Edit_and_Update_SubCategories_DateRangeWithTime -->
  <system-out/>
  <testcase classname="com.Test.Product_Items_AddEditDelete_SubCategories" name="Edit_and_Update_SubCategories_DaysOfMonth">
    <skipped/>
  </testcase> <!-- Edit_and_Update_SubCategories_DaysOfMonth -->
  <system-out/>
  <testcase classname="com.Test.Product_Items_AddEditDelete_SubCategories" name="Edit_and_Update_SubCategories_DateRange">
    <skipped/>
  </testcase> <!-- Edit_and_Update_SubCategories_DateRange -->
  <system-out/>
</testsuite> <!-- com.Test.Product_Items_AddEditDelete_SubCategories -->
