<?xml version="1.0" encoding="UTF-8"?>
<!-- Generated by org.testng.reporters.JUnitReportReporter -->
<testsuite hostname="INL-JVNGDL3" failures="0" tests="5" name="com.Test.Old_BO_Reports_SubCategory_Sale_Report" time="221.324" errors="0" timestamp="2023-10-19T16:33:31 IST" skipped="2">
  <testcase classname="com.Test.Old_BO_Reports_SubCategory_Sale_Report" name="Login" time="172.446"/>
  <testcase classname="com.Test.Old_BO_Reports_SubCategory_Sale_Report" name="Calling" time="42.580"/>
  <testcase classname="com.Test.Old_BO_Reports_SubCategory_Sale_Report" name="LogOut" time="6.298"/>
  <testcase classname="com.Test.Old_BO_Reports_SubCategory_Sale_Report" name="Open_SubCategory_Sales_Page">
    <skipped/>
  </testcase> <!-- Open_SubCategory_Sales_Page -->
  <testcase classname="com.Test.Old_BO_Reports_SubCategory_Sale_Report" name="Old_BO_SubCategory_Report_Date_Range">
    <skipped/>
  </testcase> <!-- Old_BO_SubCategory_Report_Date_Range -->
</testsuite> <!-- com.Test.Old_BO_Reports_SubCategory_Sale_Report -->
