<?xml version="1.0" encoding="UTF-8"?>
<!-- Generated by org.testng.reporters.JUnitReportReporter -->
<testsuite hostname="INL-JVNGDL3" failures="0" tests="16" name="com.Test.Enterprise_Reports_Sale_Recap_Report" time="1943.161" errors="0" timestamp="2023-09-08T17:01:39 IST" skipped="13">
  <testcase classname="com.Test.Enterprise_Reports_Sale_Recap_Report" name="Login" time="60.856"/>
  <system-out/>
  <testcase classname="com.Test.Enterprise_Reports_Sale_Recap_Report" name="Calling" time="1874.159"/>
  <system-out/>
  <testcase classname="com.Test.Enterprise_Reports_Sale_Recap_Report" name="LogOut" time="8.146"/>
  <system-out/>
  <testcase classname="com.Test.Enterprise_Reports_Sale_Recap_Report" name="Enterprise_Sale_Recap_Report_This_Week">
    <skipped/>
  </testcase> <!-- Enterprise_Sale_Recap_Report_This_Week -->
  <system-out/>
  <testcase classname="com.Test.Enterprise_Reports_Sale_Recap_Report" name="Enterprise_Sale_Recap_Report_Last_Week">
    <skipped/>
  </testcase> <!-- Enterprise_Sale_Recap_Report_Last_Week -->
  <system-out/>
  <testcase classname="com.Test.Enterprise_Reports_Sale_Recap_Report" name="RefreshAndPaginination">
    <skipped/>
  </testcase> <!-- RefreshAndPaginination -->
  <system-out/>
  <testcase classname="com.Test.Enterprise_Reports_Sale_Recap_Report" name="Enterprise_Sale_Recap_Report_Specific_Date">
    <skipped/>
  </testcase> <!-- Enterprise_Sale_Recap_Report_Specific_Date -->
  <system-out/>
  <testcase classname="com.Test.Enterprise_Reports_Sale_Recap_Report" name="Enterprise_Sale_Recap_Report_Last_7_Days">
    <skipped/>
  </testcase> <!-- Enterprise_Sale_Recap_Report_Last_7_Days -->
  <system-out/>
  <testcase classname="com.Test.Enterprise_Reports_Sale_Recap_Report" name="Enterprise_Sale_Recap_Report_Last_30_Days">
    <skipped/>
  </testcase> <!-- Enterprise_Sale_Recap_Report_Last_30_Days -->
  <system-out/>
  <testcase classname="com.Test.Enterprise_Reports_Sale_Recap_Report" name="Enterprise_Sale_Recap_Report_Date_Range">
    <skipped/>
  </testcase> <!-- Enterprise_Sale_Recap_Report_Date_Range -->
  <system-out/>
  <testcase classname="com.Test.Enterprise_Reports_Sale_Recap_Report" name="Enterprise_Sale_Recap_Report_Yesterday">
    <skipped/>
  </testcase> <!-- Enterprise_Sale_Recap_Report_Yesterday -->
  <system-out/>
  <testcase classname="com.Test.Enterprise_Reports_Sale_Recap_Report" name="Enterprise_Sale_Recap_Report_Today">
    <skipped/>
  </testcase> <!-- Enterprise_Sale_Recap_Report_Today -->
  <system-out/>
  <testcase classname="com.Test.Enterprise_Reports_Sale_Recap_Report" name="Enterprise_Sale_Recap_Report_This_Month">
    <skipped/>
  </testcase> <!-- Enterprise_Sale_Recap_Report_This_Month -->
  <system-out/>
  <testcase classname="com.Test.Enterprise_Reports_Sale_Recap_Report" name="Open_Enterprise_Sale_Recap_Report_Page">
    <skipped/>
  </testcase> <!-- Open_Enterprise_Sale_Recap_Report_Page -->
  <system-out/>
  <testcase classname="com.Test.Enterprise_Reports_Sale_Recap_Report" name="Enterprise_Sale_Recap_Report_Last_Month">
    <skipped/>
  </testcase> <!-- Enterprise_Sale_Recap_Report_Last_Month -->
  <system-out/>
  <testcase classname="com.Test.Enterprise_Reports_Sale_Recap_Report" name="Enterprise_Sale_Recap_Report_Last_N_Days">
    <skipped/>
  </testcase> <!-- Enterprise_Sale_Recap_Report_Last_N_Days -->
  <system-out/>
</testsuite> <!-- com.Test.Enterprise_Reports_Sale_Recap_Report -->
