<?xml version="1.0" encoding="UTF-8"?>
<!-- Generated by org.testng.reporters.JUnitReportReporter -->
<testsuite hostname="INL-JVNGDL3" failures="0" tests="16" name="com.Test.Settings_Report_MatrixReport" time="85.262" errors="0" timestamp="2023-04-04T18:07:17 IST" skipped="13">
  <testcase classname="com.Test.Settings_Report_MatrixReport" name="Login" time="45.080"/>
  <system-out/>
  <testcase classname="com.Test.Settings_Report_MatrixReport" name="Calling" time="39.925"/>
  <system-out/>
  <testcase classname="com.Test.Settings_Report_MatrixReport" name="LogOut" time="0.257"/>
  <system-out/>
  <testcase classname="com.Test.Settings_Report_MatrixReport" name="Entering_Invalid_AmountPercentage">
    <skipped/>
  </testcase> <!-- Entering_Invalid_AmountPercentage -->
  <system-out/>
  <testcase classname="com.Test.Settings_Report_MatrixReport" name="Entering_Invalid_Per_alpha">
    <skipped/>
  </testcase> <!-- Entering_Invalid_Per_alpha -->
  <system-out/>
  <testcase classname="com.Test.Settings_Report_MatrixReport" name="Entering_Invalid_Amount_Sym">
    <skipped/>
  </testcase> <!-- Entering_Invalid_Amount_Sym -->
  <system-out/>
  <testcase classname="com.Test.Settings_Report_MatrixReport" name="Navigating_Back_Settings">
    <skipped/>
  </testcase> <!-- Navigating_Back_Settings -->
  <system-out/>
  <testcase classname="com.Test.Settings_Report_MatrixReport" name="Open_Settings_Matrix_Report_Page">
    <skipped/>
  </testcase> <!-- Open_Settings_Matrix_Report_Page -->
  <system-out/>
  <testcase classname="com.Test.Settings_Report_MatrixReport" name="Entering_Invalid_PerNum">
    <skipped/>
  </testcase> <!-- Entering_Invalid_PerNum -->
  <system-out/>
  <testcase classname="com.Test.Settings_Report_MatrixReport" name="Entering_Invalid_Amount_alpha">
    <skipped/>
  </testcase> <!-- Entering_Invalid_Amount_alpha -->
  <system-out/>
  <testcase classname="com.Test.Settings_Report_MatrixReport" name="Entering_Invalid_AmountPer_Alphabet">
    <skipped/>
  </testcase> <!-- Entering_Invalid_AmountPer_Alphabet -->
  <system-out/>
  <testcase classname="com.Test.Settings_Report_MatrixReport" name="Entering_Invalid_AmountPer_Symbol">
    <skipped/>
  </testcase> <!-- Entering_Invalid_AmountPer_Symbol -->
  <system-out/>
  <testcase classname="com.Test.Settings_Report_MatrixReport" name="Entering_Invalid_Per_Sym">
    <skipped/>
  </testcase> <!-- Entering_Invalid_Per_Sym -->
  <system-out/>
  <testcase classname="com.Test.Settings_Report_MatrixReport" name="Entering_Amount_Percentage">
    <skipped/>
  </testcase> <!-- Entering_Amount_Percentage -->
  <system-out/>
  <testcase classname="com.Test.Settings_Report_MatrixReport" name="Entering_Invalid_AmountPer">
    <skipped/>
  </testcase> <!-- Entering_Invalid_AmountPer -->
  <system-out/>
  <testcase classname="com.Test.Settings_Report_MatrixReport" name="Updating_Matrix_Report">
    <skipped/>
  </testcase> <!-- Updating_Matrix_Report -->
  <system-out/>
</testsuite> <!-- com.Test.Settings_Report_MatrixReport -->
