<?xml version="1.0" encoding="UTF-8"?>
<!-- Generated by org.testng.reporters.JUnitReportReporter -->
<testsuite hostname="INL-JVNGDL3" failures="0" tests="17" name="com.Test.Reports_GiveX_Report" time="174.846" errors="0" timestamp="2023-07-19T18:31:58 IST" skipped="14">
  <testcase classname="com.Test.Reports_GiveX_Report" name="Login" time="49.308"/>
  <system-out/>
  <testcase classname="com.Test.Reports_GiveX_Report" name="Calling" time="121.899"/>
  <system-out/>
  <testcase classname="com.Test.Reports_GiveX_Report" name="LogOut" time="3.639"/>
  <system-out/>
  <testcase classname="com.Test.Reports_GiveX_Report" name="GiveX_Report_Last_7_Days">
    <skipped/>
  </testcase> <!-- GiveX_Report_Last_7_Days -->
  <system-out/>
  <testcase classname="com.Test.Reports_GiveX_Report" name="GiveX_Report_Yesterday">
    <skipped/>
  </testcase> <!-- GiveX_Report_Yesterday -->
  <system-out/>
  <testcase classname="com.Test.Reports_GiveX_Report" name="GiveX_Report_This_Week">
    <skipped/>
  </testcase> <!-- GiveX_Report_This_Week -->
  <system-out/>
  <testcase classname="com.Test.Reports_GiveX_Report" name="GiveX_Report_Last_Week">
    <skipped/>
  </testcase> <!-- GiveX_Report_Last_Week -->
  <system-out/>
  <testcase classname="com.Test.Reports_GiveX_Report" name="Open_GiveX_Report_Page">
    <skipped/>
  </testcase> <!-- Open_GiveX_Report_Page -->
  <system-out/>
  <testcase classname="com.Test.Reports_GiveX_Report" name="GiveX_Report_Last_N_Days">
    <skipped/>
  </testcase> <!-- GiveX_Report_Last_N_Days -->
  <system-out/>
  <testcase classname="com.Test.Reports_GiveX_Report" name="GiveX_Report_Specific_Date">
    <skipped/>
  </testcase> <!-- GiveX_Report_Specific_Date -->
  <system-out/>
  <testcase classname="com.Test.Reports_GiveX_Report" name="GiveX_Report_Date_Range">
    <skipped/>
  </testcase> <!-- GiveX_Report_Date_Range -->
  <system-out/>
  <testcase classname="com.Test.Reports_GiveX_Report" name="GiveX_Report_Verify_Card_Search">
    <skipped/>
  </testcase> <!-- GiveX_Report_Verify_Card_Search -->
  <system-out/>
  <testcase classname="com.Test.Reports_GiveX_Report" name="RefreshAndPaginination">
    <skipped/>
  </testcase> <!-- RefreshAndPaginination -->
  <system-out/>
  <testcase classname="com.Test.Reports_GiveX_Report" name="GiveX_Report_This_Month">
    <skipped/>
  </testcase> <!-- GiveX_Report_This_Month -->
  <system-out/>
  <testcase classname="com.Test.Reports_GiveX_Report" name="GiveX_Report_Last_Month">
    <skipped/>
  </testcase> <!-- GiveX_Report_Last_Month -->
  <system-out/>
  <testcase classname="com.Test.Reports_GiveX_Report" name="GiveX_Report_Last_30_Days">
    <skipped/>
  </testcase> <!-- GiveX_Report_Last_30_Days -->
  <system-out/>
  <testcase classname="com.Test.Reports_GiveX_Report" name="GiveX_Report_Today">
    <skipped/>
  </testcase> <!-- GiveX_Report_Today -->
  <system-out/>
</testsuite> <!-- com.Test.Reports_GiveX_Report -->
