<?xml version="1.0" encoding="UTF-8"?>
<!-- Generated by org.testng.reporters.JUnitReportReporter -->
<testsuite hostname="INL-JVNGDL3" failures="0" tests="6" name="com.Test.Product_Items_Cut_And_Modify" time="128.441" errors="0" timestamp="2023-04-12T18:43:12 IST" skipped="3">
  <testcase classname="com.Test.Product_Items_Cut_And_Modify" name="Login" time="43.542"/>
  <system-out/>
  <testcase classname="com.Test.Product_Items_Cut_And_Modify" name="Calling" time="84.595"/>
  <system-out/>
  <testcase classname="com.Test.Product_Items_Cut_And_Modify" name="LogOut" time="0.304"/>
  <system-out/>
  <testcase classname="com.Test.Product_Items_Cut_And_Modify" name="Clear_CutAndModify">
    <skipped/>
  </testcase> <!-- Clear_CutAndModify -->
  <system-out/>
  <testcase classname="com.Test.Product_Items_Cut_And_Modify" name="Edit_CutAndModify">
    <skipped/>
  </testcase> <!-- Edit_CutAndModify -->
  <system-out/>
  <testcase classname="com.Test.Product_Items_Cut_And_Modify" name="Open_Cut_And_Modify_Page">
    <skipped/>
  </testcase> <!-- Open_Cut_And_Modify_Page -->
  <system-out/>
</testsuite> <!-- com.Test.Product_Items_Cut_And_Modify -->
