<?xml version="1.0" encoding="UTF-8"?>
<!-- Generated by org.testng.reporters.JUnitReportReporter -->
<testsuite hostname="INL-JVNGDL3" failures="0" tests="6" name="com.Test.Settings_Payroll_Report" time="209.471" errors="0" timestamp="2023-04-07T13:00:23 IST" skipped="3">
  <testcase classname="com.Test.Settings_Payroll_Report" name="Login" time="44.629"/>
  <system-out/>
  <testcase classname="com.Test.Settings_Payroll_Report" name="Calling" time="164.576"/>
  <system-out/>
  <testcase classname="com.Test.Settings_Payroll_Report" name="LogOut" time="0.266"/>
  <system-out/>
  <testcase classname="com.Test.Settings_Payroll_Report" name="Save_Payroll_Report_Settings">
    <skipped/>
  </testcase> <!-- Save_Payroll_Report_Settings -->
  <system-out/>
  <testcase classname="com.Test.Settings_Payroll_Report" name="Add_OverTime_Settings_Daily">
    <skipped/>
  </testcase> <!-- Add_OverTime_Settings_Daily -->
  <system-out/>
  <testcase classname="com.Test.Settings_Payroll_Report" name="Open_Payroll_Report_Settings_Page">
    <skipped/>
  </testcase> <!-- Open_Payroll_Report_Settings_Page -->
  <system-out/>
</testsuite> <!-- com.Test.Settings_Payroll_Report -->
