<?xml version="1.0" encoding="UTF-8"?>
<!-- Generated by org.testng.reporters.JUnitReportReporter -->
<testsuite hostname="INL-JVNGDL3" failures="0" tests="17" name="com.Test.Reports_Discount_Report" time="84.315" errors="0" timestamp="2023-07-19T18:40:43 IST" skipped="14">
  <testcase classname="com.Test.Reports_Discount_Report" name="Login" time="50.451"/>
  <system-out/>
  <testcase classname="com.Test.Reports_Discount_Report" name="Calling" time="30.104"/>
  <system-out/>
  <testcase classname="com.Test.Reports_Discount_Report" name="LogOut" time="3.760"/>
  <system-out/>
  <testcase classname="com.Test.Reports_Discount_Report" name="SelectTheCat">
    <skipped/>
  </testcase> <!-- SelectTheCat -->
  <system-out/>
  <testcase classname="com.Test.Reports_Discount_Report" name="Discount_Report_Today">
    <skipped/>
  </testcase> <!-- Discount_Report_Today -->
  <system-out/>
  <testcase classname="com.Test.Reports_Discount_Report" name="Discount_Report_This_Week">
    <skipped/>
  </testcase> <!-- Discount_Report_This_Week -->
  <system-out/>
  <testcase classname="com.Test.Reports_Discount_Report" name="Discount_Report_Last_7_Days">
    <skipped/>
  </testcase> <!-- Discount_Report_Last_7_Days -->
  <system-out/>
  <testcase classname="com.Test.Reports_Discount_Report" name="Discount_Report_Date_Range">
    <skipped/>
  </testcase> <!-- Discount_Report_Date_Range -->
  <system-out/>
  <testcase classname="com.Test.Reports_Discount_Report" name="RefreshAndPaginination">
    <skipped/>
  </testcase> <!-- RefreshAndPaginination -->
  <system-out/>
  <testcase classname="com.Test.Reports_Discount_Report" name="Discount_Report_Last_30_Days">
    <skipped/>
  </testcase> <!-- Discount_Report_Last_30_Days -->
  <system-out/>
  <testcase classname="com.Test.Reports_Discount_Report" name="Discount_Report_Last_N_Days">
    <skipped/>
  </testcase> <!-- Discount_Report_Last_N_Days -->
  <system-out/>
  <testcase classname="com.Test.Reports_Discount_Report" name="Discount_Report_Specific_Date">
    <skipped/>
  </testcase> <!-- Discount_Report_Specific_Date -->
  <system-out/>
  <testcase classname="com.Test.Reports_Discount_Report" name="Discount_Report_Last_Week">
    <skipped/>
  </testcase> <!-- Discount_Report_Last_Week -->
  <system-out/>
  <testcase classname="com.Test.Reports_Discount_Report" name="Discount_Report_This_Month">
    <skipped/>
  </testcase> <!-- Discount_Report_This_Month -->
  <system-out/>
  <testcase classname="com.Test.Reports_Discount_Report" name="Open_Discount_Report_Page">
    <skipped/>
  </testcase> <!-- Open_Discount_Report_Page -->
  <system-out/>
  <testcase classname="com.Test.Reports_Discount_Report" name="Discount_Report_Last_Month">
    <skipped/>
  </testcase> <!-- Discount_Report_Last_Month -->
  <system-out/>
  <testcase classname="com.Test.Reports_Discount_Report" name="Discount_Report_Yesterday">
    <skipped/>
  </testcase> <!-- Discount_Report_Yesterday -->
  <system-out/>
</testsuite> <!-- com.Test.Reports_Discount_Report -->
