<?xml version="1.0" encoding="UTF-8"?>
<!-- Generated by org.testng.reporters.JUnitReportReporter -->
<testsuite hostname="INL-JVNGDL3" failures="0" tests="16" name="com.Test.Reports_Sale_Recap_Report" time="236.233" errors="0" timestamp="2023-07-19T16:38:22 IST" skipped="13">
  <testcase classname="com.Test.Reports_Sale_Recap_Report" name="Login" time="58.995"/>
  <system-out/>
  <testcase classname="com.Test.Reports_Sale_Recap_Report" name="Calling" time="172.541"/>
  <system-out/>
  <testcase classname="com.Test.Reports_Sale_Recap_Report" name="LogOut" time="4.697"/>
  <system-out/>
  <testcase classname="com.Test.Reports_Sale_Recap_Report" name="Sale_Recap_Report_Today">
    <skipped/>
  </testcase> <!-- Sale_Recap_Report_Today -->
  <system-out/>
  <testcase classname="com.Test.Reports_Sale_Recap_Report" name="RefreshAndPaginination">
    <skipped/>
  </testcase> <!-- RefreshAndPaginination -->
  <system-out/>
  <testcase classname="com.Test.Reports_Sale_Recap_Report" name="Sale_Recap_Report_Specific_Date">
    <skipped/>
  </testcase> <!-- Sale_Recap_Report_Specific_Date -->
  <system-out/>
  <testcase classname="com.Test.Reports_Sale_Recap_Report" name="Sale_Recap_Report_Last_N_Days">
    <skipped/>
  </testcase> <!-- Sale_Recap_Report_Last_N_Days -->
  <system-out/>
  <testcase classname="com.Test.Reports_Sale_Recap_Report" name="Sale_Recap_Report_This_Month">
    <skipped/>
  </testcase> <!-- Sale_Recap_Report_This_Month -->
  <system-out/>
  <testcase classname="com.Test.Reports_Sale_Recap_Report" name="Sale_Recap_Report_Last_Month">
    <skipped/>
  </testcase> <!-- Sale_Recap_Report_Last_Month -->
  <system-out/>
  <testcase classname="com.Test.Reports_Sale_Recap_Report" name="Sale_Recap_Report_Last_7_Days">
    <skipped/>
  </testcase> <!-- Sale_Recap_Report_Last_7_Days -->
  <system-out/>
  <testcase classname="com.Test.Reports_Sale_Recap_Report" name="Open_Sale_Recap_Report_Page">
    <skipped/>
  </testcase> <!-- Open_Sale_Recap_Report_Page -->
  <system-out/>
  <testcase classname="com.Test.Reports_Sale_Recap_Report" name="Sale_Recap_Report_Last_Week">
    <skipped/>
  </testcase> <!-- Sale_Recap_Report_Last_Week -->
  <system-out/>
  <testcase classname="com.Test.Reports_Sale_Recap_Report" name="Sale_Recap_Report_Yesterday">
    <skipped/>
  </testcase> <!-- Sale_Recap_Report_Yesterday -->
  <system-out/>
  <testcase classname="com.Test.Reports_Sale_Recap_Report" name="Sale_Recap_Report_Date_Range">
    <skipped/>
  </testcase> <!-- Sale_Recap_Report_Date_Range -->
  <system-out/>
  <testcase classname="com.Test.Reports_Sale_Recap_Report" name="Sale_Recap_Report_This_Week">
    <skipped/>
  </testcase> <!-- Sale_Recap_Report_This_Week -->
  <system-out/>
  <testcase classname="com.Test.Reports_Sale_Recap_Report" name="Sale_Recap_Report_Last_30_Days">
    <skipped/>
  </testcase> <!-- Sale_Recap_Report_Last_30_Days -->
  <system-out/>
</testsuite> <!-- com.Test.Reports_Sale_Recap_Report -->
