<?xml version="1.0" encoding="UTF-8"?>
<!-- Generated by org.testng.reporters.JUnitReportReporter -->
<testsuite hostname="INL-JVNGDL3" failures="0" tests="5" name="com.Test.Dashboard_Sales_Old_BO" time="249.354" errors="0" timestamp="2023-10-17T15:37:24 IST" skipped="2">
  <testcase classname="com.Test.Dashboard_Sales_Old_BO" name="Login" time="172.881"/>
  <testcase classname="com.Test.Dashboard_Sales_Old_BO" name="Calling" time="70.215"/>
  <testcase classname="com.Test.Dashboard_Sales_Old_BO" name="LogOut" time="6.258"/>
  <testcase classname="com.Test.Dashboard_Sales_Old_BO" name="Open_Dashboard_Sales_Page">
    <skipped/>
  </testcase> <!-- Open_Dashboard_Sales_Page -->
  <testcase classname="com.Test.Dashboard_Sales_Old_BO" name="Dashboard_Sales_Date_Range">
    <skipped/>
  </testcase> <!-- Dashboard_Sales_Date_Range -->
</testsuite> <!-- com.Test.Dashboard_Sales_Old_BO -->
