<?xml version="1.0" encoding="UTF-8"?>
<!-- Generated by org.testng.reporters.JUnitReportReporter -->
<testsuite hostname="INL-JVNGDL3" failures="0" tests="13" name="com.Test.Product_Items_AddEditDelete_Modifiers" time="993.454" errors="0" timestamp="2023-07-31T17:10:15 IST" skipped="10">
  <testcase classname="com.Test.Product_Items_AddEditDelete_Modifiers" name="Login" time="75.002"/>
  <system-out/>
  <testcase classname="com.Test.Product_Items_AddEditDelete_Modifiers" name="Calling" time="911.535"/>
  <system-out/>
  <testcase classname="com.Test.Product_Items_AddEditDelete_Modifiers" name="LogOut" time="6.917"/>
  <system-out/>
  <testcase classname="com.Test.Product_Items_AddEditDelete_Modifiers" name="Add_Modifiers_BasicDetails">
    <skipped/>
  </testcase> <!-- Add_Modifiers_BasicDetails -->
  <system-out/>
  <testcase classname="com.Test.Product_Items_AddEditDelete_Modifiers" name="Edit_and_Update_Modifiers">
    <skipped/>
  </testcase> <!-- Edit_and_Update_Modifiers -->
  <system-out/>
  <testcase classname="com.Test.Product_Items_AddEditDelete_Modifiers" name="Create_DuplicateModifier">
    <skipped/>
  </testcase> <!-- Create_DuplicateModifier -->
  <system-out/>
  <testcase classname="com.Test.Product_Items_AddEditDelete_Modifiers" name="RefreshAndPaginination">
    <skipped/>
  </testcase> <!-- RefreshAndPaginination -->
  <system-out/>
  <testcase classname="com.Test.Product_Items_AddEditDelete_Modifiers" name="Delete_and_Active_Inactive_Modifiers">
    <skipped/>
  </testcase> <!-- Delete_and_Active_Inactive_Modifiers -->
  <system-out/>
  <testcase classname="com.Test.Product_Items_AddEditDelete_Modifiers" name="Add_Modifiers">
    <skipped/>
  </testcase> <!-- Add_Modifiers -->
  <system-out/>
  <testcase classname="com.Test.Product_Items_AddEditDelete_Modifiers" name="Edit_and_Close_Cancel_Modifiers">
    <skipped/>
  </testcase> <!-- Edit_and_Close_Cancel_Modifiers -->
  <system-out/>
  <testcase classname="com.Test.Product_Items_AddEditDelete_Modifiers" name="Edit_and_Remove_ServingSizeLevels_Update_Modifiers">
    <skipped/>
  </testcase> <!-- Edit_and_Remove_ServingSizeLevels_Update_Modifiers -->
  <system-out/>
  <testcase classname="com.Test.Product_Items_AddEditDelete_Modifiers" name="Open_Modifiers_Page">
    <skipped/>
  </testcase> <!-- Open_Modifiers_Page -->
  <system-out/>
  <testcase classname="com.Test.Product_Items_AddEditDelete_Modifiers" name="Edit_and_Remove_Prefix_Update_Modifiers">
    <skipped/>
  </testcase> <!-- Edit_and_Remove_Prefix_Update_Modifiers -->
  <system-out/>
</testsuite> <!-- com.Test.Product_Items_AddEditDelete_Modifiers -->
