<?xml version="1.0" encoding="UTF-8"?>
<!-- Generated by org.testng.reporters.JUnitReportReporter -->
<testsuite hostname="INL-JVNGDL3" failures="0" tests="48" name="com.Test.AllClassCalling_Reports" time="90.911" errors="2" timestamp="2023-11-06T16:48:31 IST" skipped="46">
  <testcase classname="com.Test.AllClassCalling_Reports" name="TestFail" time="30.337">
    <error message="&#039;org.jsoup.nodes.Document org.jsoup.nodes.Document.normalise()&#039;" type="java.lang.NoSuchMethodError">
      <![CDATA[java.lang.NoSuchMethodError: 'org.jsoup.nodes.Document org.jsoup.nodes.Document.normalise()'
at com.epam.healenium.treecomparing.JsoupHTMLParser.parse(JsoupHTMLParser.java:24)
at com.epam.healenium.SelfHealingEngine.parseTree(SelfHealingEngine.java:144)
at com.epam.healenium.processor.HealingProcessor.execute(HealingProcessor.java:35)
at com.epam.healenium.processor.BaseProcessor.process(BaseProcessor.java:42)
at com.epam.healenium.processor.BaseProcessor.process(BaseProcessor.java:50)
at com.epam.healenium.processor.BaseProcessor.process(BaseProcessor.java:50)
at com.epam.healenium.handlers.proxy.BaseHandler.findElement(BaseHandler.java:63)
at com.epam.healenium.handlers.proxy.SelfHealingProxyInvocationHandler.invoke(SelfHealingProxyInvocationHandler.java:39)
at jdk.proxy2/jdk.proxy2.$Proxy16.findElement(Unknown Source)
at org.openqa.selenium.support.pagefactory.DefaultElementLocator.findElement(DefaultElementLocator.java:70)
at org.openqa.selenium.support.pagefactory.internal.LocatingElementHandler.invoke(LocatingElementHandler.java:39)
at jdk.proxy2/jdk.proxy2.$Proxy20.isDisplayed(Unknown Source)
at com.Test.AllClassCalling_Reports.TestFail(AllClassCalling_Reports.java:65)
at java.base/jdk.internal.reflect.NativeMethodAccessorImpl.invoke0(Native Method)
at java.base/jdk.internal.reflect.NativeMethodAccessorImpl.invoke(NativeMethodAccessorImpl.java:77)
at java.base/jdk.internal.reflect.DelegatingMethodAccessorImpl.invoke(DelegatingMethodAccessorImpl.java:43)
at java.base/java.lang.reflect.Method.invoke(Method.java:568)
at org.testng.internal.invokers.MethodInvocationHelper.invokeMethod(MethodInvocationHelper.java:139)
at org.testng.internal.invokers.MethodInvocationHelper.invokeMethodConsideringTimeout(MethodInvocationHelper.java:69)
at org.testng.internal.invokers.ConfigInvoker.invokeConfigurationMethod(ConfigInvoker.java:390)
at org.testng.internal.invokers.ConfigInvoker.invokeConfigurations(ConfigInvoker.java:325)
at org.testng.internal.invokers.TestInvoker.runConfigMethods(TestInvoker.java:810)
at org.testng.internal.invokers.TestInvoker.runAfterConfigurations(TestInvoker.java:779)
at org.testng.internal.invokers.TestInvoker.invokeMethod(TestInvoker.java:755)
at org.testng.internal.invokers.TestInvoker.invokeTestMethod(TestInvoker.java:227)
at org.testng.internal.invokers.MethodRunner.runInSequence(MethodRunner.java:50)
at org.testng.internal.invokers.TestInvoker$MethodInvocationAgent.invoke(TestInvoker.java:957)
at org.testng.internal.invokers.TestInvoker.invokeTestMethods(TestInvoker.java:200)
at org.testng.internal.invokers.TestMethodWorker.invokeTestMethods(TestMethodWorker.java:148)
at org.testng.internal.invokers.TestMethodWorker.run(TestMethodWorker.java:128)
at java.base/java.util.ArrayList.forEach(ArrayList.java:1511)
at org.testng.TestRunner.privateRun(TestRunner.java:848)
at org.testng.TestRunner.run(TestRunner.java:621)
at org.testng.SuiteRunner.runTest(SuiteRunner.java:443)
at org.testng.SuiteRunner.runSequentially(SuiteRunner.java:437)
at org.testng.SuiteRunner.privateRun(SuiteRunner.java:397)
at org.testng.SuiteRunner.run(SuiteRunner.java:336)
at org.testng.SuiteRunnerWorker.runSuite(SuiteRunnerWorker.java:52)
at org.testng.SuiteRunnerWorker.run(SuiteRunnerWorker.java:95)
at org.testng.TestNG.runSuitesSequentially(TestNG.java:1280)
at org.testng.TestNG.runSuitesLocally(TestNG.java:1200)
at org.testng.TestNG.runSuites(TestNG.java:1114)
at org.testng.TestNG.run(TestNG.java:1082)
at org.testng.remote.AbstractRemoteTestNG.run(AbstractRemoteTestNG.java:115)
at org.testng.remote.RemoteTestNG.initAndRun(RemoteTestNG.java:251)
at org.testng.remote.RemoteTestNG.main(RemoteTestNG.java:77)
]]>
    </error>
  </testcase> <!-- TestFail -->
  <testcase classname="com.Test.AllClassCalling_Reports" name="Reports_Sale_Recap_Report" time="60.571">
    <error message="&#039;org.jsoup.nodes.Document org.jsoup.nodes.Document.normalise()&#039;" type="java.lang.NoSuchMethodError">
      <![CDATA[java.lang.NoSuchMethodError: 'org.jsoup.nodes.Document org.jsoup.nodes.Document.normalise()'
at com.epam.healenium.treecomparing.JsoupHTMLParser.parse(JsoupHTMLParser.java:24)
at com.epam.healenium.SelfHealingEngine.parseTree(SelfHealingEngine.java:144)
at com.epam.healenium.processor.HealingProcessor.execute(HealingProcessor.java:35)
at com.epam.healenium.processor.BaseProcessor.process(BaseProcessor.java:42)
at com.epam.healenium.processor.BaseProcessor.process(BaseProcessor.java:50)
at com.epam.healenium.processor.BaseProcessor.process(BaseProcessor.java:50)
at com.epam.healenium.handlers.proxy.BaseHandler.findElement(BaseHandler.java:63)
at com.epam.healenium.handlers.proxy.SelfHealingProxyInvocationHandler.invoke(SelfHealingProxyInvocationHandler.java:39)
at jdk.proxy2/jdk.proxy2.$Proxy16.findElement(Unknown Source)
at org.openqa.selenium.support.pagefactory.DefaultElementLocator.findElement(DefaultElementLocator.java:70)
at org.openqa.selenium.support.pagefactory.internal.LocatingElementHandler.invoke(LocatingElementHandler.java:39)
at jdk.proxy2/jdk.proxy2.$Proxy20.isDisplayed(Unknown Source)
at com.Test.Reports_Sale_Recap_Report.Sale_Recap_Report_Today(Reports_Sale_Recap_Report.java:193)
at com.Test.AllClassCalling_Reports.Reports_Sale_Recap_Report(AllClassCalling_Reports.java:133)
at java.base/jdk.internal.reflect.NativeMethodAccessorImpl.invoke0(Native Method)
at java.base/jdk.internal.reflect.NativeMethodAccessorImpl.invoke(NativeMethodAccessorImpl.java:77)
at java.base/jdk.internal.reflect.DelegatingMethodAccessorImpl.invoke(DelegatingMethodAccessorImpl.java:43)
at java.base/java.lang.reflect.Method.invoke(Method.java:568)
at org.testng.internal.invokers.MethodInvocationHelper.invokeMethod(MethodInvocationHelper.java:139)
at org.testng.internal.invokers.TestInvoker.invokeMethod(TestInvoker.java:664)
at org.testng.internal.invokers.TestInvoker.invokeTestMethod(TestInvoker.java:227)
at org.testng.internal.invokers.MethodRunner.runInSequence(MethodRunner.java:50)
at org.testng.internal.invokers.TestInvoker$MethodInvocationAgent.invoke(TestInvoker.java:957)
at org.testng.internal.invokers.TestInvoker.invokeTestMethods(TestInvoker.java:200)
at org.testng.internal.invokers.TestMethodWorker.invokeTestMethods(TestMethodWorker.java:148)
at org.testng.internal.invokers.TestMethodWorker.run(TestMethodWorker.java:128)
at java.base/java.util.ArrayList.forEach(ArrayList.java:1511)
at org.testng.TestRunner.privateRun(TestRunner.java:848)
at org.testng.TestRunner.run(TestRunner.java:621)
at org.testng.SuiteRunner.runTest(SuiteRunner.java:443)
at org.testng.SuiteRunner.runSequentially(SuiteRunner.java:437)
at org.testng.SuiteRunner.privateRun(SuiteRunner.java:397)
at org.testng.SuiteRunner.run(SuiteRunner.java:336)
at org.testng.SuiteRunnerWorker.runSuite(SuiteRunnerWorker.java:52)
at org.testng.SuiteRunnerWorker.run(SuiteRunnerWorker.java:95)
at org.testng.TestNG.runSuitesSequentially(TestNG.java:1280)
at org.testng.TestNG.runSuitesLocally(TestNG.java:1200)
at org.testng.TestNG.runSuites(TestNG.java:1114)
at org.testng.TestNG.run(TestNG.java:1082)
at org.testng.remote.AbstractRemoteTestNG.run(AbstractRemoteTestNG.java:115)
at org.testng.remote.RemoteTestNG.initAndRun(RemoteTestNG.java:251)
at org.testng.remote.RemoteTestNG.main(RemoteTestNG.java:77)
]]>
    </error>
  </testcase> <!-- Reports_Sale_Recap_Report -->
  <testcase classname="com.Test.AllClassCalling_Reports" name="Reports_Department_Sale_Report" time="0.000">
    <skipped/>
  </testcase> <!-- Reports_Department_Sale_Report -->
  <testcase classname="com.Test.AllClassCalling_Reports" name="Reports_Category_Sale_Report" time="0.000">
    <skipped/>
  </testcase> <!-- Reports_Category_Sale_Report -->
  <testcase classname="com.Test.AllClassCalling_Reports" name="Reports_SubCategory_Sale_Report" time="0.000">
    <skipped/>
  </testcase> <!-- Reports_SubCategory_Sale_Report -->
  <testcase classname="com.Test.AllClassCalling_Reports" name="Reports_MenuItem_Sale_Report" time="0.000">
    <skipped/>
  </testcase> <!-- Reports_MenuItem_Sale_Report -->
  <testcase classname="com.Test.AllClassCalling_Reports" name="Reports_Modifier_Sale_Report" time="0.000">
    <skipped/>
  </testcase> <!-- Reports_Modifier_Sale_Report -->
  <testcase classname="com.Test.AllClassCalling_Reports" name="Reports_Hourly_Sale_Report" time="0.000">
    <skipped/>
  </testcase> <!-- Reports_Hourly_Sale_Report -->
  <testcase classname="com.Test.AllClassCalling_Reports" name="Reports_Daily_Sale_Report" time="0.000">
    <skipped/>
  </testcase> <!-- Reports_Daily_Sale_Report -->
  <testcase classname="com.Test.AllClassCalling_Reports" name="Reports_Cashier_Out_Report" time="0.001">
    <skipped/>
  </testcase> <!-- Reports_Cashier_Out_Report -->
  <testcase classname="com.Test.AllClassCalling_Reports" name="Reports_Weekly_Summary_Sale_Report" time="0.000">
    <skipped/>
  </testcase> <!-- Reports_Weekly_Summary_Sale_Report -->
  <testcase classname="com.Test.AllClassCalling_Reports" name="Reports_Sale_Summary_Report" time="0.000">
    <skipped/>
  </testcase> <!-- Reports_Sale_Summary_Report -->
  <testcase classname="com.Test.AllClassCalling_Reports" name="Reports_Future_Order_Sale_Report" time="0.000">
    <skipped/>
  </testcase> <!-- Reports_Future_Order_Sale_Report -->
  <testcase classname="com.Test.AllClassCalling_Reports" name="Reports_Sale_Logo_Sale" time="0.000">
    <skipped/>
  </testcase> <!-- Reports_Sale_Logo_Sale -->
  <testcase classname="com.Test.AllClassCalling_Reports" name="Reports_Sale_Logo_Payment" time="0.000">
    <skipped/>
  </testcase> <!-- Reports_Sale_Logo_Payment -->
  <testcase classname="com.Test.AllClassCalling_Reports" name="Reports_Online_Sales_Report" time="0.001">
    <skipped/>
  </testcase> <!-- Reports_Online_Sales_Report -->
  <testcase classname="com.Test.AllClassCalling_Reports" name="Reports_Transactions_Report" time="0.000">
    <skipped/>
  </testcase> <!-- Reports_Transactions_Report -->
  <testcase classname="com.Test.AllClassCalling_Reports" name="Reports_Void_Transactions_Report" time="0.000">
    <skipped/>
  </testcase> <!-- Reports_Void_Transactions_Report -->
  <testcase classname="com.Test.AllClassCalling_Reports" name="Reports_Gift_Card_Report" time="0.000">
    <skipped/>
  </testcase> <!-- Reports_Gift_Card_Report -->
  <testcase classname="com.Test.AllClassCalling_Reports" name="Reports_GiveX_Report" time="0.000">
    <skipped/>
  </testcase> <!-- Reports_GiveX_Report -->
  <testcase classname="com.Test.AllClassCalling_Reports" name="Reports_Discount_Report" time="0.000">
    <skipped/>
  </testcase> <!-- Reports_Discount_Report -->
  <testcase classname="com.Test.AllClassCalling_Reports" name="Reports_Void_Node_Report" time="0.000">
    <skipped/>
  </testcase> <!-- Reports_Void_Node_Report -->
  <testcase classname="com.Test.AllClassCalling_Reports" name="Reports_Void_Employee_Report" time="0.000">
    <skipped/>
  </testcase> <!-- Reports_Void_Employee_Report -->
  <testcase classname="com.Test.AllClassCalling_Reports" name="Reports_Paid_In_Paid_Out_Report" time="0.000">
    <skipped/>
  </testcase> <!-- Reports_Paid_In_Paid_Out_Report -->
  <testcase classname="com.Test.AllClassCalling_Reports" name="Reports_Audit_Log" time="0.000">
    <skipped/>
  </testcase> <!-- Reports_Audit_Log -->
  <testcase classname="com.Test.AllClassCalling_Reports" name="Reports_Employee_Attendance_Report" time="0.000">
    <skipped/>
  </testcase> <!-- Reports_Employee_Attendance_Report -->
  <testcase classname="com.Test.AllClassCalling_Reports" name="Reports_Employee_Role_Based_Payroll_Report" time="0.001">
    <skipped/>
  </testcase> <!-- Reports_Employee_Role_Based_Payroll_Report -->
  <testcase classname="com.Test.AllClassCalling_Reports" name="Reports_Employee_Labor_Report" time="0.000">
    <skipped/>
  </testcase> <!-- Reports_Employee_Labor_Report -->
  <testcase classname="com.Test.AllClassCalling_Reports" name="Reports_Employee_Labor_By_Job_Code_Report" time="0.000">
    <skipped/>
  </testcase> <!-- Reports_Employee_Labor_By_Job_Code_Report -->
  <testcase classname="com.Test.AllClassCalling_Reports" name="Reports_Employee_Gratuity_Report" time="0.000">
    <skipped/>
  </testcase> <!-- Reports_Employee_Gratuity_Report -->
  <testcase classname="com.Test.AllClassCalling_Reports" name="Reports_Employee_CashTip" time="0.000">
    <skipped/>
  </testcase> <!-- Reports_Employee_CashTip -->
  <testcase classname="com.Test.AllClassCalling_Reports" name="Reports_HA_Activity_Report" time="0.000">
    <skipped/>
  </testcase> <!-- Reports_HA_Activity_Report -->
  <testcase classname="com.Test.AllClassCalling_Reports" name="Reports_HA_Statement" time="0.000">
    <skipped/>
  </testcase> <!-- Reports_HA_Statement -->
  <testcase classname="com.Test.AllClassCalling_Reports" name="Reports_Driver_Report" time="0.000">
    <skipped/>
  </testcase> <!-- Reports_Driver_Report -->
  <testcase classname="com.Test.AllClassCalling_Reports" name="Reports_Batch_Report" time="0.000">
    <skipped/>
  </testcase> <!-- Reports_Batch_Report -->
  <testcase classname="com.Test.AllClassCalling_Reports" name="Reports_Refund_Report" time="0.000">
    <skipped/>
  </testcase> <!-- Reports_Refund_Report -->
  <testcase classname="com.Test.AllClassCalling_Reports" name="Reports_Till_Report" time="0.000">
    <skipped/>
  </testcase> <!-- Reports_Till_Report -->
  <testcase classname="com.Test.AllClassCalling_Reports" name="Reports_Cash_Transaction_Report" time="0.000">
    <skipped/>
  </testcase> <!-- Reports_Cash_Transaction_Report -->
  <testcase classname="com.Test.AllClassCalling_Reports" name="Reports_Customer_Preference_Report" time="0.000">
    <skipped/>
  </testcase> <!-- Reports_Customer_Preference_Report -->
  <testcase classname="com.Test.AllClassCalling_Reports" name="Reports_Daily_Tender_Report" time="0.000">
    <skipped/>
  </testcase> <!-- Reports_Daily_Tender_Report -->
  <testcase classname="com.Test.AllClassCalling_Reports" name="Reports_Daily_Summary_Report" time="0.000">
    <skipped/>
  </testcase> <!-- Reports_Daily_Summary_Report -->
  <testcase classname="com.Test.AllClassCalling_Reports" name="Reports_Tax_Report" time="0.000">
    <skipped/>
  </testcase> <!-- Reports_Tax_Report -->
  <testcase classname="com.Test.AllClassCalling_Reports" name="Reports_Revenue_Center" time="0.000">
    <skipped/>
  </testcase> <!-- Reports_Revenue_Center -->
  <testcase classname="com.Test.AllClassCalling_Reports" name="Reports_Account_Balance_Report" time="0.000">
    <skipped/>
  </testcase> <!-- Reports_Account_Balance_Report -->
  <testcase classname="com.Test.AllClassCalling_Reports" name="Reports_Membership_Summary_Report" time="0.000">
    <skipped/>
  </testcase> <!-- Reports_Membership_Summary_Report -->
  <testcase classname="com.Test.AllClassCalling_Reports" name="Reports_Membership_Statement" time="0.000">
    <skipped/>
  </testcase> <!-- Reports_Membership_Statement -->
  <testcase classname="com.Test.AllClassCalling_Reports" name="Reports_Comparison_Report">
    <skipped/>
  </testcase> <!-- Reports_Comparison_Report -->
  <testcase classname="com.Test.AllClassCalling_Reports" name="Reports_Store_Credit_Report">
    <skipped/>
  </testcase> <!-- Reports_Store_Credit_Report -->
</testsuite> <!-- com.Test.AllClassCalling_Reports -->
