<?xml version="1.0" encoding="UTF-8"?>
<!-- Generated by org.testng.reporters.JUnitReportReporter -->
<testsuite hostname="INL-JVNGDL3" failures="0" tests="5" name="com.Test.Old_BO_Reports_Category_Sale_Report" time="220.059" errors="0" timestamp="2023-10-19T16:27:50 IST" skipped="2">
  <testcase classname="com.Test.Old_BO_Reports_Category_Sale_Report" name="Login" time="171.473"/>
  <testcase classname="com.Test.Old_BO_Reports_Category_Sale_Report" name="Calling" time="42.311"/>
  <testcase classname="com.Test.Old_BO_Reports_Category_Sale_Report" name="LogOut" time="6.275"/>
  <testcase classname="com.Test.Old_BO_Reports_Category_Sale_Report" name="Open_Category_Sales_Page">
    <skipped/>
  </testcase> <!-- Open_Category_Sales_Page -->
  <testcase classname="com.Test.Old_BO_Reports_Category_Sale_Report" name="Old_BO_Category_Report_Date_Range">
    <skipped/>
  </testcase> <!-- Old_BO_Category_Report_Date_Range -->
</testsuite> <!-- com.Test.Old_BO_Reports_Category_Sale_Report -->
