<?xml version="1.0" encoding="UTF-8"?>
<!-- Generated by org.testng.reporters.JUnitReportReporter -->
<testsuite skipped="9" hostname="INL-JVNGDL3" name="com.Test.Settings_Integrations_WebHook" tests="12" failures="0" timestamp="2023-03-29T18:40:20 IST" time="420.597" errors="0">
  <testcase name="Login" time="48.214" classname="com.Test.Settings_Integrations_WebHook"/>
  <system-out/>
  <testcase name="Calling" time="372.078" classname="com.Test.Settings_Integrations_WebHook"/>
  <system-out/>
  <testcase name="LogOut" time="0.305" classname="com.Test.Settings_Integrations_WebHook"/>
  <system-out/>
  <testcase name="Clicking_Updateorder_WebHooks_Active" classname="com.Test.Settings_Integrations_WebHook">
    <skipped/>
  </testcase> <!-- Clicking_Updateorder_WebHooks_Active -->
  <system-out/>
  <testcase name="Open_Settings_Web_Hooks_Page" classname="com.Test.Settings_Integrations_WebHook">
    <skipped/>
  </testcase> <!-- Open_Settings_Web_Hooks_Page -->
  <system-out/>
  <testcase name="Adding_Updateorder_Web_Hooks" classname="com.Test.Settings_Integrations_WebHook">
    <skipped/>
  </testcase> <!-- Adding_Updateorder_Web_Hooks -->
  <system-out/>
  <testcase name="Adding_CloseOrder_Web_Hooks" classname="com.Test.Settings_Integrations_WebHook">
    <skipped/>
  </testcase> <!-- Adding_CloseOrder_Web_Hooks -->
  <system-out/>
  <testcase name="Adding_OpenOrder_Web_Hooks" classname="com.Test.Settings_Integrations_WebHook">
    <skipped/>
  </testcase> <!-- Adding_OpenOrder_Web_Hooks -->
  <system-out/>
  <testcase name="Clicking_OpenOrder_WebHooks_Active" classname="com.Test.Settings_Integrations_WebHook">
    <skipped/>
  </testcase> <!-- Clicking_OpenOrder_WebHooks_Active -->
  <system-out/>
  <testcase name="Clicking_Thirdorder_WebHooks_Active" classname="com.Test.Settings_Integrations_WebHook">
    <skipped/>
  </testcase> <!-- Clicking_Thirdorder_WebHooks_Active -->
  <system-out/>
  <testcase name="Clicking_Closeorder_WebHooks_Active" classname="com.Test.Settings_Integrations_WebHook">
    <skipped/>
  </testcase> <!-- Clicking_Closeorder_WebHooks_Active -->
  <system-out/>
  <testcase name="Adding_Request_Header" classname="com.Test.Settings_Integrations_WebHook">
    <skipped/>
  </testcase> <!-- Adding_Request_Header -->
  <system-out/>
</testsuite> <!-- com.Test.Settings_Integrations_WebHook -->
