<?xml version="1.0" encoding="UTF-8"?>
<!-- Generated by org.testng.reporters.JUnitReportReporter -->
<testsuite hostname="INL-JVNGDL3" failures="0" tests="16" name="com.Test.Reports_Department_Sale_Report" time="163.811" errors="1" timestamp="2023-11-03T17:18:00 IST" skipped="13">
  <testcase classname="com.Test.Reports_Department_Sale_Report" name="Login" time="87.630"/>
  <testcase classname="com.Test.Reports_Department_Sale_Report" name="Calling" time="69.000">
    <error message="&#039;org.jsoup.nodes.Element org.jsoup.nodes.Document.root()&#039;" type="java.lang.NoSuchMethodError">
      <![CDATA[java.lang.NoSuchMethodError: 'org.jsoup.nodes.Element org.jsoup.nodes.Document.root()'
at com.epam.healenium.treecomparing.JsoupHTMLParser.parse(JsoupHTMLParser.java:25)
at com.epam.healenium.SelfHealingEngine.parseTree(SelfHealingEngine.java:144)
at com.epam.healenium.processor.HealingProcessor.execute(HealingProcessor.java:35)
at com.epam.healenium.processor.BaseProcessor.process(BaseProcessor.java:42)
at com.epam.healenium.processor.BaseProcessor.process(BaseProcessor.java:50)
at com.epam.healenium.processor.BaseProcessor.process(BaseProcessor.java:50)
at com.epam.healenium.handlers.proxy.BaseHandler.findElement(BaseHandler.java:63)
at com.epam.healenium.handlers.proxy.SelfHealingProxyInvocationHandler.invoke(SelfHealingProxyInvocationHandler.java:39)
at jdk.proxy2/jdk.proxy2.$Proxy14.findElement(Unknown Source)
at org.openqa.selenium.support.pagefactory.DefaultElementLocator.findElement(DefaultElementLocator.java:70)
at org.openqa.selenium.support.pagefactory.internal.LocatingElementHandler.invoke(LocatingElementHandler.java:39)
at jdk.proxy2/jdk.proxy2.$Proxy18.isDisplayed(Unknown Source)
at com.Test.Reports_Department_Sale_Report.Department_Report_Date_Range(Reports_Department_Sale_Report.java:2031)
at com.Test.Reports_Department_Sale_Report.Calling(Reports_Department_Sale_Report.java:131)
at java.base/jdk.internal.reflect.NativeMethodAccessorImpl.invoke0(Native Method)
at java.base/jdk.internal.reflect.NativeMethodAccessorImpl.invoke(NativeMethodAccessorImpl.java:77)
at java.base/jdk.internal.reflect.DelegatingMethodAccessorImpl.invoke(DelegatingMethodAccessorImpl.java:43)
at java.base/java.lang.reflect.Method.invoke(Method.java:568)
at org.testng.internal.invokers.MethodInvocationHelper.invokeMethod(MethodInvocationHelper.java:139)
at org.testng.internal.invokers.TestInvoker.invokeMethod(TestInvoker.java:664)
at org.testng.internal.invokers.TestInvoker.invokeTestMethod(TestInvoker.java:227)
at org.testng.internal.invokers.MethodRunner.runInSequence(MethodRunner.java:50)
at org.testng.internal.invokers.TestInvoker$MethodInvocationAgent.invoke(TestInvoker.java:957)
at org.testng.internal.invokers.TestInvoker.invokeTestMethods(TestInvoker.java:200)
at org.testng.internal.invokers.TestMethodWorker.invokeTestMethods(TestMethodWorker.java:148)
at org.testng.internal.invokers.TestMethodWorker.run(TestMethodWorker.java:128)
at java.base/java.util.ArrayList.forEach(ArrayList.java:1511)
at org.testng.TestRunner.privateRun(TestRunner.java:848)
at org.testng.TestRunner.run(TestRunner.java:621)
at org.testng.SuiteRunner.runTest(SuiteRunner.java:443)
at org.testng.SuiteRunner.runSequentially(SuiteRunner.java:437)
at org.testng.SuiteRunner.privateRun(SuiteRunner.java:397)
at org.testng.SuiteRunner.run(SuiteRunner.java:336)
at org.testng.SuiteRunnerWorker.runSuite(SuiteRunnerWorker.java:52)
at org.testng.SuiteRunnerWorker.run(SuiteRunnerWorker.java:95)
at org.testng.TestNG.runSuitesSequentially(TestNG.java:1280)
at org.testng.TestNG.runSuitesLocally(TestNG.java:1200)
at org.testng.TestNG.runSuites(TestNG.java:1114)
at org.testng.TestNG.run(TestNG.java:1082)
at org.testng.remote.AbstractRemoteTestNG.run(AbstractRemoteTestNG.java:115)
at org.testng.remote.RemoteTestNG.initAndRun(RemoteTestNG.java:251)
at org.testng.remote.RemoteTestNG.main(RemoteTestNG.java:77)
]]>
    </error>
  </testcase> <!-- Calling -->
  <testcase classname="com.Test.Reports_Department_Sale_Report" name="LogOut" time="7.181"/>
  <testcase classname="com.Test.Reports_Department_Sale_Report" name="Department_Report_Specific_Date">
    <skipped/>
  </testcase> <!-- Department_Report_Specific_Date -->
  <testcase classname="com.Test.Reports_Department_Sale_Report" name="Department_Report_Last_Week">
    <skipped/>
  </testcase> <!-- Department_Report_Last_Week -->
  <testcase classname="com.Test.Reports_Department_Sale_Report" name="Department_Report_This_Month">
    <skipped/>
  </testcase> <!-- Department_Report_This_Month -->
  <testcase classname="com.Test.Reports_Department_Sale_Report" name="Department_Report_Today">
    <skipped/>
  </testcase> <!-- Department_Report_Today -->
  <testcase classname="com.Test.Reports_Department_Sale_Report" name="Open_Department_Report_Page">
    <skipped/>
  </testcase> <!-- Open_Department_Report_Page -->
  <testcase classname="com.Test.Reports_Department_Sale_Report" name="Department_Report_This_Week">
    <skipped/>
  </testcase> <!-- Department_Report_This_Week -->
  <testcase classname="com.Test.Reports_Department_Sale_Report" name="Department_Report_Last_N_Days">
    <skipped/>
  </testcase> <!-- Department_Report_Last_N_Days -->
  <testcase classname="com.Test.Reports_Department_Sale_Report" name="Department_Report_Last_30_Days">
    <skipped/>
  </testcase> <!-- Department_Report_Last_30_Days -->
  <testcase classname="com.Test.Reports_Department_Sale_Report" name="Department_Report_Yesterday">
    <skipped/>
  </testcase> <!-- Department_Report_Yesterday -->
  <testcase classname="com.Test.Reports_Department_Sale_Report" name="RefreshAndPaginination">
    <skipped/>
  </testcase> <!-- RefreshAndPaginination -->
  <testcase classname="com.Test.Reports_Department_Sale_Report" name="Department_Report_Last_Month">
    <skipped/>
  </testcase> <!-- Department_Report_Last_Month -->
  <testcase classname="com.Test.Reports_Department_Sale_Report" name="Department_Report_Last_7_Days">
    <skipped/>
  </testcase> <!-- Department_Report_Last_7_Days -->
  <testcase classname="com.Test.Reports_Department_Sale_Report" name="Department_Report_Date_Range">
    <skipped/>
  </testcase> <!-- Department_Report_Date_Range -->
</testsuite> <!-- com.Test.Reports_Department_Sale_Report -->
