<?xml version="1.0" encoding="UTF-8"?>
<!-- Generated by org.testng.reporters.JUnitReportReporter -->
<testsuite hostname="INL-JVNGDL3" failures="0" tests="15" name="com.Test.Reports_Comparison_Report" time="569.448" errors="0" timestamp="2023-09-25T16:57:58 IST" skipped="12">
  <testcase classname="com.Test.Reports_Comparison_Report" name="Login" time="51.127"/>
  <testcase classname="com.Test.Reports_Comparison_Report" name="Calling" time="511.413"/>
  <testcase classname="com.Test.Reports_Comparison_Report" name="LogOut" time="6.908"/>
  <testcase classname="com.Test.Reports_Comparison_Report" name="Open_Comparison_Report_Page">
    <skipped/>
  </testcase> <!-- Open_Comparison_Report_Page -->
  <testcase classname="com.Test.Reports_Comparison_Report" name="Comparison_Sale_Report_Comp1_Today_Comp2_Yesterday">
    <skipped/>
  </testcase> <!-- Comparison_Sale_Report_Comp1_Today_Comp2_Yesterday -->
  <testcase classname="com.Test.Reports_Comparison_Report" name="Comparison_Sale_Report_Comp1_Today_Comp2_Last_7_Days">
    <skipped/>
  </testcase> <!-- Comparison_Sale_Report_Comp1_Today_Comp2_Last_7_Days -->
  <testcase classname="com.Test.Reports_Comparison_Report" name="Comparison_Sale_Report_Comp1_Today_Comp2_Last_30_days">
    <skipped/>
  </testcase> <!-- Comparison_Sale_Report_Comp1_Today_Comp2_Last_30_days -->
  <testcase classname="com.Test.Reports_Comparison_Report" name="Comparison_Sale_Report_Comp1_Today_Comp2_Specific_Date">
    <skipped/>
  </testcase> <!-- Comparison_Sale_Report_Comp1_Today_Comp2_Specific_Date -->
  <testcase classname="com.Test.Reports_Comparison_Report" name="Comparison_Sale_Report_Comp1_Today_Comp2_This_Week">
    <skipped/>
  </testcase> <!-- Comparison_Sale_Report_Comp1_Today_Comp2_This_Week -->
  <testcase classname="com.Test.Reports_Comparison_Report" name="Comparison_Sale_Report_Comp1_Today_Comp2_Date_Range">
    <skipped/>
  </testcase> <!-- Comparison_Sale_Report_Comp1_Today_Comp2_Date_Range -->
  <testcase classname="com.Test.Reports_Comparison_Report" name="RefreshAndPaginination">
    <skipped/>
  </testcase> <!-- RefreshAndPaginination -->
  <testcase classname="com.Test.Reports_Comparison_Report" name="Comparison_Sale_Report_Comp1_Today_Comp2_Last_N_Days">
    <skipped/>
  </testcase> <!-- Comparison_Sale_Report_Comp1_Today_Comp2_Last_N_Days -->
  <testcase classname="com.Test.Reports_Comparison_Report" name="Comparison_Sale_Report_Comp1_Today_Comp2_Last_Week">
    <skipped/>
  </testcase> <!-- Comparison_Sale_Report_Comp1_Today_Comp2_Last_Week -->
  <testcase classname="com.Test.Reports_Comparison_Report" name="Comparison_Sale_Report_Comp1_Today_Comp2_Last_Month">
    <skipped/>
  </testcase> <!-- Comparison_Sale_Report_Comp1_Today_Comp2_Last_Month -->
  <testcase classname="com.Test.Reports_Comparison_Report" name="Comparison_Sale_Report_Comp1_Today_Comp2_This_Month">
    <skipped/>
  </testcase> <!-- Comparison_Sale_Report_Comp1_Today_Comp2_This_Month -->
</testsuite> <!-- com.Test.Reports_Comparison_Report -->
