<?xml version="1.0" encoding="UTF-8"?>
<!-- Generated by org.testng.reporters.JUnitReportReporter -->
<testsuite hostname="INL-JVNGDL3" failures="0" tests="10" name="com.Test.Product_Items_AddEditDelete_Departments" time="96.920" errors="0" timestamp="2023-07-14T12:15:38 IST" skipped="7">
  <testcase classname="com.Test.Product_Items_AddEditDelete_Departments" name="Login" time="65.592"/>
  <system-out/>
  <testcase classname="com.Test.Product_Items_AddEditDelete_Departments" name="Calling" time="27.888"/>
  <system-out/>
  <testcase classname="com.Test.Product_Items_AddEditDelete_Departments" name="LogOut" time="3.440"/>
  <system-out/>
  <testcase classname="com.Test.Product_Items_AddEditDelete_Departments" name="Add_Departments">
    <skipped/>
  </testcase> <!-- Add_Departments -->
  <system-out/>
  <testcase classname="com.Test.Product_Items_AddEditDelete_Departments" name="RefreshAndPaginination">
    <skipped/>
  </testcase> <!-- RefreshAndPaginination -->
  <system-out/>
  <testcase classname="com.Test.Product_Items_AddEditDelete_Departments" name="Create_DuplicateDepartment">
    <skipped/>
  </testcase> <!-- Create_DuplicateDepartment -->
  <system-out/>
  <testcase classname="com.Test.Product_Items_AddEditDelete_Departments" name="Open_Departments_Page">
    <skipped/>
  </testcase> <!-- Open_Departments_Page -->
  <system-out/>
  <testcase classname="com.Test.Product_Items_AddEditDelete_Departments" name="Edit_and_Close_Cancel_Departments">
    <skipped/>
  </testcase> <!-- Edit_and_Close_Cancel_Departments -->
  <system-out/>
  <testcase classname="com.Test.Product_Items_AddEditDelete_Departments" name="Delete_and_Active_Inactive_Departments">
    <skipped/>
  </testcase> <!-- Delete_and_Active_Inactive_Departments -->
  <system-out/>
  <testcase classname="com.Test.Product_Items_AddEditDelete_Departments" name="Edit_and_Update_Departments">
    <skipped/>
  </testcase> <!-- Edit_and_Update_Departments -->
  <system-out/>
</testsuite> <!-- com.Test.Product_Items_AddEditDelete_Departments -->
