<?xml version="1.0" encoding="UTF-8"?>
<!-- Generated by org.testng.reporters.JUnitReportReporter -->
<testsuite hostname="INL-JVNGDL3" failures="0" tests="11" name="com.Test.Enterprise_Add_Edit_Central_Kitchen" time="101.691" errors="0" timestamp="2023-11-01T13:41:09 IST" skipped="8">
  <testcase classname="com.Test.Enterprise_Add_Edit_Central_Kitchen" name="Login" time="75.934"/>
  <testcase classname="com.Test.Enterprise_Add_Edit_Central_Kitchen" name="Calling" time="18.733"/>
  <testcase classname="com.Test.Enterprise_Add_Edit_Central_Kitchen" name="LogOut" time="7.024"/>
  <testcase classname="com.Test.Enterprise_Add_Edit_Central_Kitchen" name="Central_Kitchen_Report">
    <skipped/>
  </testcase> <!-- Central_Kitchen_Report -->
  <testcase classname="com.Test.Enterprise_Add_Edit_Central_Kitchen" name="Edit_and_Close_Cancel_Central_Kitchen">
    <skipped/>
  </testcase> <!-- Edit_and_Close_Cancel_Central_Kitchen -->
  <testcase classname="com.Test.Enterprise_Add_Edit_Central_Kitchen" name="RefreshAndPaginination">
    <skipped/>
  </testcase> <!-- RefreshAndPaginination -->
  <testcase classname="com.Test.Enterprise_Add_Edit_Central_Kitchen" name="Open_Central_Kitchen_Page">
    <skipped/>
  </testcase> <!-- Open_Central_Kitchen_Page -->
  <testcase classname="com.Test.Enterprise_Add_Edit_Central_Kitchen" name="Add_Central_Kitchen_with_Copy_From_Store">
    <skipped/>
  </testcase> <!-- Add_Central_Kitchen_with_Copy_From_Store -->
  <testcase classname="com.Test.Enterprise_Add_Edit_Central_Kitchen" name="Edit_and_Update_Central_Kitchen">
    <skipped/>
  </testcase> <!-- Edit_and_Update_Central_Kitchen -->
  <testcase classname="com.Test.Enterprise_Add_Edit_Central_Kitchen" name="Create_Duplicate_Central_Kitchen">
    <skipped/>
  </testcase> <!-- Create_Duplicate_Central_Kitchen -->
  <testcase classname="com.Test.Enterprise_Add_Edit_Central_Kitchen" name="Add_Central_Kitchen">
    <skipped/>
  </testcase> <!-- Add_Central_Kitchen -->
</testsuite> <!-- com.Test.Enterprise_Add_Edit_Central_Kitchen -->
