<?xml version="1.0" encoding="UTF-8"?>
<!-- Generated by org.testng.reporters.JUnitReportReporter -->
<testsuite hostname="INL-JVNGDL3" failures="0" tests="7" name="com.Test.Settings_Front_End_Receipt_Template" time="1968.629" errors="0" timestamp="2023-04-05T16:46:51 IST" skipped="4">
  <testcase classname="com.Test.Settings_Front_End_Receipt_Template" name="Login" time="47.924"/>
  <system-out/>
  <testcase classname="com.Test.Settings_Front_End_Receipt_Template" name="Calling" time="1920.415"/>
  <system-out/>
  <testcase classname="com.Test.Settings_Front_End_Receipt_Template" name="LogOut" time="0.290"/>
  <system-out/>
  <testcase classname="com.Test.Settings_Front_End_Receipt_Template" name="Verify_Enabled_All_Front_End_Receipt_Template_Settings">
    <skipped/>
  </testcase> <!-- Verify_Enabled_All_Front_End_Receipt_Template_Settings -->
  <system-out/>
  <testcase classname="com.Test.Settings_Front_End_Receipt_Template" name="Disable_All_Front_End_Receipt_Template_Settings">
    <skipped/>
  </testcase> <!-- Disable_All_Front_End_Receipt_Template_Settings -->
  <system-out/>
  <testcase classname="com.Test.Settings_Front_End_Receipt_Template" name="Open_Label_Printer_Page">
    <skipped/>
  </testcase> <!-- Open_Label_Printer_Page -->
  <system-out/>
  <testcase classname="com.Test.Settings_Front_End_Receipt_Template" name="Verify_Disabled_and_Enable_All_Front_End_Receipt_Template_Settings">
    <skipped/>
  </testcase> <!-- Verify_Disabled_and_Enable_All_Front_End_Receipt_Template_Settings -->
  <system-out/>
</testsuite> <!-- com.Test.Settings_Front_End_Receipt_Template -->
