<?xml version="1.0" encoding="UTF-8"?>
<!-- Generated by org.testng.reporters.JUnitReportReporter -->
<testsuite hostname="INL-JVNGDL3" failures="0" tests="16" name="com.Test.Enterprise_Reports_SubCategory_Sale_Report" time="455.621" errors="0" timestamp="2023-08-24T18:10:02 IST" skipped="13">
  <testcase classname="com.Test.Enterprise_Reports_SubCategory_Sale_Report" name="Login" time="70.494"/>
  <system-out/>
  <testcase classname="com.Test.Enterprise_Reports_SubCategory_Sale_Report" name="Calling" time="378.519"/>
  <system-out/>
  <testcase classname="com.Test.Enterprise_Reports_SubCategory_Sale_Report" name="LogOut" time="6.608"/>
  <system-out/>
  <testcase classname="com.Test.Enterprise_Reports_SubCategory_Sale_Report" name="Open_SubCategory_Enterprise_Report_Page">
    <skipped/>
  </testcase> <!-- Open_SubCategory_Enterprise_Report_Page -->
  <system-out/>
  <testcase classname="com.Test.Enterprise_Reports_SubCategory_Sale_Report" name="SubCategory_Enterprise_Report_This_Week">
    <skipped/>
  </testcase> <!-- SubCategory_Enterprise_Report_This_Week -->
  <system-out/>
  <testcase classname="com.Test.Enterprise_Reports_SubCategory_Sale_Report" name="SubCategory_Enterprise_Report_Last_Week">
    <skipped/>
  </testcase> <!-- SubCategory_Enterprise_Report_Last_Week -->
  <system-out/>
  <testcase classname="com.Test.Enterprise_Reports_SubCategory_Sale_Report" name="RefreshAndPaginination">
    <skipped/>
  </testcase> <!-- RefreshAndPaginination -->
  <system-out/>
  <testcase classname="com.Test.Enterprise_Reports_SubCategory_Sale_Report" name="SubCategory_Enterprise_Report_This_Month">
    <skipped/>
  </testcase> <!-- SubCategory_Enterprise_Report_This_Month -->
  <system-out/>
  <testcase classname="com.Test.Enterprise_Reports_SubCategory_Sale_Report" name="SubCategory_Enterprise_Report_Last_30_Days">
    <skipped/>
  </testcase> <!-- SubCategory_Enterprise_Report_Last_30_Days -->
  <system-out/>
  <testcase classname="com.Test.Enterprise_Reports_SubCategory_Sale_Report" name="SubCategory_Enterprise_Report_Last_N_Days">
    <skipped/>
  </testcase> <!-- SubCategory_Enterprise_Report_Last_N_Days -->
  <system-out/>
  <testcase classname="com.Test.Enterprise_Reports_SubCategory_Sale_Report" name="SubCategory_Enterprise_Report_Today">
    <skipped/>
  </testcase> <!-- SubCategory_Enterprise_Report_Today -->
  <system-out/>
  <testcase classname="com.Test.Enterprise_Reports_SubCategory_Sale_Report" name="SubCategory_Enterprise_Report_Last_Month">
    <skipped/>
  </testcase> <!-- SubCategory_Enterprise_Report_Last_Month -->
  <system-out/>
  <testcase classname="com.Test.Enterprise_Reports_SubCategory_Sale_Report" name="SubCategory_Enterprise_Report_Date_Range">
    <skipped/>
  </testcase> <!-- SubCategory_Enterprise_Report_Date_Range -->
  <system-out/>
  <testcase classname="com.Test.Enterprise_Reports_SubCategory_Sale_Report" name="SubCategory_Enterprise_Report_Yesterday">
    <skipped/>
  </testcase> <!-- SubCategory_Enterprise_Report_Yesterday -->
  <system-out/>
  <testcase classname="com.Test.Enterprise_Reports_SubCategory_Sale_Report" name="SubCategory_Enterprise_Report_Last_7_Days">
    <skipped/>
  </testcase> <!-- SubCategory_Enterprise_Report_Last_7_Days -->
  <system-out/>
  <testcase classname="com.Test.Enterprise_Reports_SubCategory_Sale_Report" name="SubCategory_Enterprise_Report_Specific_Date">
    <skipped/>
  </testcase> <!-- SubCategory_Enterprise_Report_Specific_Date -->
  <system-out/>
</testsuite> <!-- com.Test.Enterprise_Reports_SubCategory_Sale_Report -->
