<?xml version="1.0" encoding="UTF-8"?>
<!-- Generated by org.testng.reporters.JUnitReportReporter -->
<testsuite hostname="INL-JVNGDL3" failures="0" tests="17" name="com.Test.Product_Items_AddEditDelete_MixAndMatch_Discount" time="1969.867" errors="0" timestamp="2023-07-26T17:37:13 IST" skipped="14">
  <testcase classname="com.Test.Product_Items_AddEditDelete_MixAndMatch_Discount" name="Login" time="68.151"/>
  <system-out/>
  <testcase classname="com.Test.Product_Items_AddEditDelete_MixAndMatch_Discount" name="Calling" time="1894.971"/>
  <system-out/>
  <testcase classname="com.Test.Product_Items_AddEditDelete_MixAndMatch_Discount" name="LogOut" time="6.745"/>
  <system-out/>
  <testcase classname="com.Test.Product_Items_AddEditDelete_MixAndMatch_Discount" name="Edit_and_Update_Mix_and_Match_DiscountType_Comp">
    <skipped/>
  </testcase> <!-- Edit_and_Update_Mix_and_Match_DiscountType_Comp -->
  <system-out/>
  <testcase classname="com.Test.Product_Items_AddEditDelete_MixAndMatch_Discount" name="Edit_and_Update_Mix_and_Match_Discount_Specific_Date">
    <skipped/>
  </testcase> <!-- Edit_and_Update_Mix_and_Match_Discount_Specific_Date -->
  <system-out/>
  <testcase classname="com.Test.Product_Items_AddEditDelete_MixAndMatch_Discount" name="Edit_and_Update_Mix_and_Match_Discount_DateRangeWithTime">
    <skipped/>
  </testcase> <!-- Edit_and_Update_Mix_and_Match_Discount_DateRangeWithTime -->
  <system-out/>
  <testcase classname="com.Test.Product_Items_AddEditDelete_MixAndMatch_Discount" name="Add_Mix_and_Match_Discount">
    <skipped/>
  </testcase> <!-- Add_Mix_and_Match_Discount -->
  <system-out/>
  <testcase classname="com.Test.Product_Items_AddEditDelete_MixAndMatch_Discount" name="Open_Mix_and_Match_Discount_Page">
    <skipped/>
  </testcase> <!-- Open_Mix_and_Match_Discount_Page -->
  <system-out/>
  <testcase classname="com.Test.Product_Items_AddEditDelete_MixAndMatch_Discount" name="Edit_and_Close_Cancel_Mix_and_Match_Discount">
    <skipped/>
  </testcase> <!-- Edit_and_Close_Cancel_Mix_and_Match_Discount -->
  <system-out/>
  <testcase classname="com.Test.Product_Items_AddEditDelete_MixAndMatch_Discount" name="Delete_and_Active_Inactive_Mix_and_Match_Discount">
    <skipped/>
  </testcase> <!-- Delete_and_Active_Inactive_Mix_and_Match_Discount -->
  <system-out/>
  <testcase classname="com.Test.Product_Items_AddEditDelete_MixAndMatch_Discount" name="Edit_and_Update_Mix_and_Match_Discount_DaysOfMonth">
    <skipped/>
  </testcase> <!-- Edit_and_Update_Mix_and_Match_Discount_DaysOfMonth -->
  <system-out/>
  <testcase classname="com.Test.Product_Items_AddEditDelete_MixAndMatch_Discount" name="RefreshAndPaginination">
    <skipped/>
  </testcase> <!-- RefreshAndPaginination -->
  <system-out/>
  <testcase classname="com.Test.Product_Items_AddEditDelete_MixAndMatch_Discount" name="Edit_and_Update_Mix_and_Match_Discount_DaysOfWeek">
    <skipped/>
  </testcase> <!-- Edit_and_Update_Mix_and_Match_Discount_DaysOfWeek -->
  <system-out/>
  <testcase classname="com.Test.Product_Items_AddEditDelete_MixAndMatch_Discount" name="Edit_and_Update_Mix_and_Match_Discount_DateRange">
    <skipped/>
  </testcase> <!-- Edit_and_Update_Mix_and_Match_Discount_DateRange -->
  <system-out/>
  <testcase classname="com.Test.Product_Items_AddEditDelete_MixAndMatch_Discount" name="Edit_and_Update_Mix_and_Match_Discount_DiscountType_Loyalty">
    <skipped/>
  </testcase> <!-- Edit_and_Update_Mix_and_Match_Discount_DiscountType_Loyalty -->
  <system-out/>
  <testcase classname="com.Test.Product_Items_AddEditDelete_MixAndMatch_Discount" name="Edit_and_Update_Mix_and_Match_Discount_DiscountType_Donation">
    <skipped/>
  </testcase> <!-- Edit_and_Update_Mix_and_Match_Discount_DiscountType_Donation -->
  <system-out/>
  <testcase classname="com.Test.Product_Items_AddEditDelete_MixAndMatch_Discount" name="Create_Duplicate_Mix_and_Match_Discount">
    <skipped/>
  </testcase> <!-- Create_Duplicate_Mix_and_Match_Discount -->
  <system-out/>
</testsuite> <!-- com.Test.Product_Items_AddEditDelete_MixAndMatch_Discount -->
