<?xml version="1.0" encoding="UTF-8"?>
<!-- Generated by org.testng.reporters.JUnitReportReporter -->
<testsuite skipped="11" hostname="INL-JVNGDL3" name="com.Test.Product_Items_AddEditDelete_DisplayGroups" tests="14" failures="0" timestamp="2023-03-21T15:46:14 IST" time="126.773" errors="1">
  <testcase name="Login" time="66.346" classname="com.Test.Product_Items_AddEditDelete_DisplayGroups"/>
  <system-out/>
  <testcase name="Calling" time="60.161" classname="com.Test.Product_Items_AddEditDelete_DisplayGroups">
    <error type="java.lang.IllegalArgumentException" message="bound must be greater than origin">
      <![CDATA[java.lang.IllegalArgumentException: bound must be greater than origin
at java.util.concurrent.ThreadLocalRandom.nextInt(Unknown Source)
at com.Pages.DisplayGroupsPage.Select_MenuItemsDisplayGroup(DisplayGroupsPage.java:71)
at com.Test.Product_Items_AddEditDelete_DisplayGroups.Add_DisplayGroups(Product_Items_AddEditDelete_DisplayGroups.java:177)
at com.Test.Product_Items_AddEditDelete_DisplayGroups.Calling(Product_Items_AddEditDelete_DisplayGroups.java:112)
at sun.reflect.NativeMethodAccessorImpl.invoke0(Native Method)
at sun.reflect.NativeMethodAccessorImpl.invoke(Unknown Source)
at sun.reflect.DelegatingMethodAccessorImpl.invoke(Unknown Source)
at java.lang.reflect.Method.invoke(Unknown Source)
at org.testng.internal.MethodInvocationHelper.invokeMethod(MethodInvocationHelper.java:133)
at org.testng.internal.TestInvoker.invokeMethod(TestInvoker.java:598)
at org.testng.internal.TestInvoker.invokeTestMethod(TestInvoker.java:173)
at org.testng.internal.MethodRunner.runInSequence(MethodRunner.java:46)
at org.testng.internal.TestInvoker$MethodInvocationAgent.invoke(TestInvoker.java:824)
at org.testng.internal.TestInvoker.invokeTestMethods(TestInvoker.java:146)
at org.testng.internal.TestMethodWorker.invokeTestMethods(TestMethodWorker.java:146)
at org.testng.internal.TestMethodWorker.run(TestMethodWorker.java:128)
at java.util.ArrayList.forEach(Unknown Source)
at org.testng.TestRunner.privateRun(TestRunner.java:794)
at org.testng.TestRunner.run(TestRunner.java:596)
at org.testng.SuiteRunner.runTest(SuiteRunner.java:377)
at org.testng.SuiteRunner.runSequentially(SuiteRunner.java:371)
at org.testng.SuiteRunner.privateRun(SuiteRunner.java:332)
at org.testng.SuiteRunner.run(SuiteRunner.java:276)
at org.testng.SuiteRunnerWorker.runSuite(SuiteRunnerWorker.java:53)
at org.testng.SuiteRunnerWorker.run(SuiteRunnerWorker.java:96)
at org.testng.TestNG.runSuitesSequentially(TestNG.java:1212)
at org.testng.TestNG.runSuitesLocally(TestNG.java:1134)
at org.testng.TestNG.runSuites(TestNG.java:1063)
at org.testng.TestNG.run(TestNG.java:1031)
at org.testng.remote.AbstractRemoteTestNG.run(AbstractRemoteTestNG.java:115)
at org.testng.remote.RemoteTestNG.initAndRun(RemoteTestNG.java:251)
at org.testng.remote.RemoteTestNG.main(RemoteTestNG.java:77)
]]>
    </error>
  </testcase> <!-- Calling -->
  <system-out/>
  <testcase name="LogOut" time="0.266" classname="com.Test.Product_Items_AddEditDelete_DisplayGroups"/>
  <system-out/>
  <testcase name="Edit_Delete_MenuItems_and_Update_DisplayGroups_DateRangeWithTime" classname="com.Test.Product_Items_AddEditDelete_DisplayGroups">
    <skipped/>
  </testcase> <!-- Edit_Delete_MenuItems_and_Update_DisplayGroups_DateRangeWithTime -->
  <system-out/>
  <testcase name="Delete_and_Active_Inactive_DisplayGroups" classname="com.Test.Product_Items_AddEditDelete_DisplayGroups">
    <skipped/>
  </testcase> <!-- Delete_and_Active_Inactive_DisplayGroups -->
  <system-out/>
  <testcase name="Edit_and_Update_DisplayGroups_DateRange_ZtoA_Sorting" classname="com.Test.Product_Items_AddEditDelete_DisplayGroups">
    <skipped/>
  </testcase> <!-- Edit_and_Update_DisplayGroups_DateRange_ZtoA_Sorting -->
  <system-out/>
  <testcase name="Edit_and_Update_DisplayGroups_DaysOfWeek" classname="com.Test.Product_Items_AddEditDelete_DisplayGroups">
    <skipped/>
  </testcase> <!-- Edit_and_Update_DisplayGroups_DaysOfWeek -->
  <system-out/>
  <testcase name="Edit_and_Update_DisplayGroups_Specific_Date_Custom_Sorting" classname="com.Test.Product_Items_AddEditDelete_DisplayGroups">
    <skipped/>
  </testcase> <!-- Edit_and_Update_DisplayGroups_Specific_Date_Custom_Sorting -->
  <system-out/>
  <testcase name="Edit_and_Close_Cancel_DisplayGroups" classname="com.Test.Product_Items_AddEditDelete_DisplayGroups">
    <skipped/>
  </testcase> <!-- Edit_and_Close_Cancel_DisplayGroups -->
  <system-out/>
  <testcase name="Add_DisplayGroups" classname="com.Test.Product_Items_AddEditDelete_DisplayGroups">
    <skipped/>
  </testcase> <!-- Add_DisplayGroups -->
  <system-out/>
  <testcase name="Open_DisplayGroups_Page" classname="com.Test.Product_Items_AddEditDelete_DisplayGroups">
    <skipped/>
  </testcase> <!-- Open_DisplayGroups_Page -->
  <system-out/>
  <testcase name="RefreshAndPaginination" classname="com.Test.Product_Items_AddEditDelete_DisplayGroups">
    <skipped/>
  </testcase> <!-- RefreshAndPaginination -->
  <system-out/>
  <testcase name="Edit_and_Update_DisplayGroups_DaysOfMonth_AtoZ_Sorting" classname="com.Test.Product_Items_AddEditDelete_DisplayGroups">
    <skipped/>
  </testcase> <!-- Edit_and_Update_DisplayGroups_DaysOfMonth_AtoZ_Sorting -->
  <system-out/>
  <testcase name="Create_DuplicateDisplayGroup" classname="com.Test.Product_Items_AddEditDelete_DisplayGroups">
    <skipped/>
  </testcase> <!-- Create_DuplicateDisplayGroup -->
  <system-out/>
</testsuite> <!-- com.Test.Product_Items_AddEditDelete_DisplayGroups -->
