<?xml version="1.0" encoding="UTF-8"?>
<!-- Generated by org.testng.reporters.JUnitReportReporter -->
<testsuite hostname="INL-JVNGDL3" failures="0" tests="16" name="com.Test.Enterprise_Reports" time="196.279" errors="0" timestamp="2023-08-22T16:22:47 IST" skipped="13">
  <testcase classname="com.Test.Enterprise_Reports" name="Login" time="77.904"/>
  <system-out/>
  <testcase classname="com.Test.Enterprise_Reports" name="Calling" time="111.667"/>
  <system-out/>
  <testcase classname="com.Test.Enterprise_Reports" name="LogOut" time="6.708"/>
  <system-out/>
  <testcase classname="com.Test.Enterprise_Reports" name="Enterprise_Report_Last_Month">
    <skipped/>
  </testcase> <!-- Enterprise_Report_Last_Month -->
  <system-out/>
  <testcase classname="com.Test.Enterprise_Reports" name="Enterprise_Report_This_Month">
    <skipped/>
  </testcase> <!-- Enterprise_Report_This_Month -->
  <system-out/>
  <testcase classname="com.Test.Enterprise_Reports" name="Enterprise_Report_Yesterday">
    <skipped/>
  </testcase> <!-- Enterprise_Report_Yesterday -->
  <system-out/>
  <testcase classname="com.Test.Enterprise_Reports" name="Enterprise_Report_Today">
    <skipped/>
  </testcase> <!-- Enterprise_Report_Today -->
  <system-out/>
  <testcase classname="com.Test.Enterprise_Reports" name="Enterprise_Report_Last_N_Days">
    <skipped/>
  </testcase> <!-- Enterprise_Report_Last_N_Days -->
  <system-out/>
  <testcase classname="com.Test.Enterprise_Reports" name="Enterprise_Report_Specific_Date">
    <skipped/>
  </testcase> <!-- Enterprise_Report_Specific_Date -->
  <system-out/>
  <testcase classname="com.Test.Enterprise_Reports" name="RefreshAndPaginination">
    <skipped/>
  </testcase> <!-- RefreshAndPaginination -->
  <system-out/>
  <testcase classname="com.Test.Enterprise_Reports" name="Enterprise_Report_Last_30_Days">
    <skipped/>
  </testcase> <!-- Enterprise_Report_Last_30_Days -->
  <system-out/>
  <testcase classname="com.Test.Enterprise_Reports" name="Enterprise_Report_Date_Range">
    <skipped/>
  </testcase> <!-- Enterprise_Report_Date_Range -->
  <system-out/>
  <testcase classname="com.Test.Enterprise_Reports" name="Enterprise_Report_Last_7_Days">
    <skipped/>
  </testcase> <!-- Enterprise_Report_Last_7_Days -->
  <system-out/>
  <testcase classname="com.Test.Enterprise_Reports" name="Open_Enterprise_Report_Page">
    <skipped/>
  </testcase> <!-- Open_Enterprise_Report_Page -->
  <system-out/>
  <testcase classname="com.Test.Enterprise_Reports" name="Enterprise_Report_Last_Week">
    <skipped/>
  </testcase> <!-- Enterprise_Report_Last_Week -->
  <system-out/>
  <testcase classname="com.Test.Enterprise_Reports" name="Enterprise_Report_This_Week">
    <skipped/>
  </testcase> <!-- Enterprise_Report_This_Week -->
  <system-out/>
</testsuite> <!-- com.Test.Enterprise_Reports -->
