<?xml version="1.0" encoding="UTF-8"?>
<!-- Generated by org.testng.reporters.JUnitReportReporter -->
<testsuite hostname="INL-JVNGDL3" failures="0" tests="17" name="com.Test.Enterprise_Reports_HA_Statement" time="395.381" errors="0" timestamp="2023-09-04T16:51:09 IST" skipped="14">
  <testcase classname="com.Test.Enterprise_Reports_HA_Statement" name="Login" time="49.627"/>
  <system-out/>
  <testcase classname="com.Test.Enterprise_Reports_HA_Statement" name="Calling" time="339.049"/>
  <system-out/>
  <testcase classname="com.Test.Enterprise_Reports_HA_Statement" name="LogOut" time="6.705"/>
  <system-out/>
  <testcase classname="com.Test.Enterprise_Reports_HA_Statement" name="Enterprise_Reports_HA_Statement_Last_Month">
    <skipped/>
  </testcase> <!-- Enterprise_Reports_HA_Statement_Last_Month -->
  <system-out/>
  <testcase classname="com.Test.Enterprise_Reports_HA_Statement" name="Enterprise_Reports_HA_Statement_Last_30_Days">
    <skipped/>
  </testcase> <!-- Enterprise_Reports_HA_Statement_Last_30_Days -->
  <system-out/>
  <testcase classname="com.Test.Enterprise_Reports_HA_Statement" name="Enterprise_Reports_HA_Statement_Today">
    <skipped/>
  </testcase> <!-- Enterprise_Reports_HA_Statement_Today -->
  <system-out/>
  <testcase classname="com.Test.Enterprise_Reports_HA_Statement" name="SelectTheCat">
    <skipped/>
  </testcase> <!-- SelectTheCat -->
  <system-out/>
  <testcase classname="com.Test.Enterprise_Reports_HA_Statement" name="Open_Enterprise_Reports_HA_Statement_Page">
    <skipped/>
  </testcase> <!-- Open_Enterprise_Reports_HA_Statement_Page -->
  <system-out/>
  <testcase classname="com.Test.Enterprise_Reports_HA_Statement" name="Enterprise_Reports_HA_Statement_Specific_Date">
    <skipped/>
  </testcase> <!-- Enterprise_Reports_HA_Statement_Specific_Date -->
  <system-out/>
  <testcase classname="com.Test.Enterprise_Reports_HA_Statement" name="Enterprise_Reports_HA_Statement_Date_Range">
    <skipped/>
  </testcase> <!-- Enterprise_Reports_HA_Statement_Date_Range -->
  <system-out/>
  <testcase classname="com.Test.Enterprise_Reports_HA_Statement" name="Enterprise_Reports_HA_Statement_Yesterday">
    <skipped/>
  </testcase> <!-- Enterprise_Reports_HA_Statement_Yesterday -->
  <system-out/>
  <testcase classname="com.Test.Enterprise_Reports_HA_Statement" name="Enterprise_Reports_HA_Statement_Last_N_Days">
    <skipped/>
  </testcase> <!-- Enterprise_Reports_HA_Statement_Last_N_Days -->
  <system-out/>
  <testcase classname="com.Test.Enterprise_Reports_HA_Statement" name="Enterprise_Reports_HA_Statement_Last_Week">
    <skipped/>
  </testcase> <!-- Enterprise_Reports_HA_Statement_Last_Week -->
  <system-out/>
  <testcase classname="com.Test.Enterprise_Reports_HA_Statement" name="Enterprise_Reports_HA_Statement_This_Week">
    <skipped/>
  </testcase> <!-- Enterprise_Reports_HA_Statement_This_Week -->
  <system-out/>
  <testcase classname="com.Test.Enterprise_Reports_HA_Statement" name="Enterprise_Reports_HA_Statement_Last_7_Days">
    <skipped/>
  </testcase> <!-- Enterprise_Reports_HA_Statement_Last_7_Days -->
  <system-out/>
  <testcase classname="com.Test.Enterprise_Reports_HA_Statement" name="RefreshAndPaginination">
    <skipped/>
  </testcase> <!-- RefreshAndPaginination -->
  <system-out/>
  <testcase classname="com.Test.Enterprise_Reports_HA_Statement" name="Enterprise_Reports_HA_Statement_This_Month">
    <skipped/>
  </testcase> <!-- Enterprise_Reports_HA_Statement_This_Month -->
  <system-out/>
</testsuite> <!-- com.Test.Enterprise_Reports_HA_Statement -->
