<?xml version="1.0" encoding="UTF-8"?>
<!-- Generated by org.testng.reporters.JUnitReportReporter -->
<testsuite hostname="INL-JVNGDL3" failures="0" tests="9" name="com.Test.Inventory_Prepare_Menu_Item" time="456.368" errors="0" timestamp="2023-06-13T12:02:00 IST" skipped="6">
  <testcase classname="com.Test.Inventory_Prepare_Menu_Item" name="Login" time="49.130"/>
  <system-out/>
  <testcase classname="com.Test.Inventory_Prepare_Menu_Item" name="Calling" time="403.602"/>
  <system-out/>
  <testcase classname="com.Test.Inventory_Prepare_Menu_Item" name="LogOut" time="3.636"/>
  <system-out/>
  <testcase classname="com.Test.Inventory_Prepare_Menu_Item" name="Prepare_MenuItem">
    <skipped/>
  </testcase> <!-- Prepare_MenuItem -->
  <system-out/>
  <testcase classname="com.Test.Inventory_Prepare_Menu_Item" name="Open_Transfer_Request_Page">
    <skipped/>
  </testcase> <!-- Open_Transfer_Request_Page -->
  <system-out/>
  <testcase classname="com.Test.Inventory_Prepare_Menu_Item" name="Verify_Prepared_MenuItem_In_MenuItem_InventoryItem_SubRecipe">
    <skipped/>
  </testcase> <!-- Verify_Prepared_MenuItem_In_MenuItem_InventoryItem_SubRecipe -->
  <system-out/>
  <testcase classname="com.Test.Inventory_Prepare_Menu_Item" name="Verify_Prepared_MenuItem_In_Production_Log">
    <skipped/>
  </testcase> <!-- Verify_Prepared_MenuItem_In_Production_Log -->
  <system-out/>
  <testcase classname="com.Test.Inventory_Prepare_Menu_Item" name="RefreshAndPaginination_ColumnFilteration">
    <skipped/>
  </testcase> <!-- RefreshAndPaginination_ColumnFilteration -->
  <system-out/>
  <testcase classname="com.Test.Inventory_Prepare_Menu_Item" name="Verify_Prepared_MenuItem_In_Compare_Inventory_Report">
    <skipped/>
  </testcase> <!-- Verify_Prepared_MenuItem_In_Compare_Inventory_Report -->
  <system-out/>
</testsuite> <!-- com.Test.Inventory_Prepare_Menu_Item -->
