<?xml version="1.0" encoding="UTF-8"?>
<!-- Generated by org.testng.reporters.JUnitReportReporter -->
<testsuite hostname="INL-JVNGDL3" failures="0" tests="11" name="com.Test.Inventory_Vendors" time="156.169" errors="0" timestamp="2023-06-14T19:15:46 IST" skipped="8">
  <testcase classname="com.Test.Inventory_Vendors" name="Login" time="51.873"/>
  <system-out/>
  <testcase classname="com.Test.Inventory_Vendors" name="Calling" time="100.559"/>
  <system-out/>
  <testcase classname="com.Test.Inventory_Vendors" name="LogOut" time="3.737"/>
  <system-out/>
  <testcase classname="com.Test.Inventory_Vendors" name="Delete_and_Active_Inactive_Vendor">
    <skipped/>
  </testcase> <!-- Delete_and_Active_Inactive_Vendor -->
  <system-out/>
  <testcase classname="com.Test.Inventory_Vendors" name="Add_New_Vendor">
    <skipped/>
  </testcase> <!-- Add_New_Vendor -->
  <system-out/>
  <testcase classname="com.Test.Inventory_Vendors" name="Edit_and_Close_Cancel_Vendor">
    <skipped/>
  </testcase> <!-- Edit_and_Close_Cancel_Vendor -->
  <system-out/>
  <testcase classname="com.Test.Inventory_Vendors" name="Create_DuplicateCourse">
    <skipped/>
  </testcase> <!-- Create_DuplicateCourse -->
  <system-out/>
  <testcase classname="com.Test.Inventory_Vendors" name="Verify_Vendor_in_PurchaseOrder_Integration">
    <skipped/>
  </testcase> <!-- Verify_Vendor_in_PurchaseOrder_Integration -->
  <system-out/>
  <testcase classname="com.Test.Inventory_Vendors" name="Open_Vendor_Page">
    <skipped/>
  </testcase> <!-- Open_Vendor_Page -->
  <system-out/>
  <testcase classname="com.Test.Inventory_Vendors" name="Edit_and_Update_Vendor">
    <skipped/>
  </testcase> <!-- Edit_and_Update_Vendor -->
  <system-out/>
  <testcase classname="com.Test.Inventory_Vendors" name="RefreshAndPaginination_ColumnFilteration">
    <skipped/>
  </testcase> <!-- RefreshAndPaginination_ColumnFilteration -->
  <system-out/>
</testsuite> <!-- com.Test.Inventory_Vendors -->
