<?xml version="1.0" encoding="UTF-8"?>
<!-- Generated by org.testng.reporters.JUnitReportReporter -->
<testsuite hostname="INL-JVNGDL3" failures="0" tests="14" name="com.Test.Product_Items_AddEditDelete_MenuItem" time="835.485" errors="1" timestamp="2023-08-01T14:05:06 IST" skipped="11">
  <testcase classname="com.Test.Product_Items_AddEditDelete_MenuItem" name="Login" time="100.945"/>
  <system-out/>
  <testcase classname="com.Test.Product_Items_AddEditDelete_MenuItem" name="Calling" time="727.711">
    <error message="element click intercepted: Element &lt;div _ngcontent-yhh-c263=&quot;&quot; class=&quot;col radio-box-button flex-center text-center p-0 mx-1 ng-star-inserted&quot;&gt;...&lt;/div&gt; is not clickable at point (546, 119). Other element would receive the click: &lt;div class=&quot;mat-step-text-label ng-star-inserted&quot;&gt;...&lt;/div&gt;
  (Session info: chrome=115.0.5790.110)
Build info: version: &#039;4.10.0&#039;, revision: &#039;c14d967899&#039;
System info: os.name: &#039;Windows 10&#039;, os.arch: &#039;amd64&#039;, os.version: &#039;10.0&#039;, java.version: &#039;17.0.6&#039;
Driver info: org.openqa.selenium.chrome.ChromeDriver
Command: [da66ddf7692d468739d603969966b625, clickElement {id=76EEC07DC3E5E71AA47CE3709C4C2583_element_800}]
Capabilities {acceptInsecureCerts: false, browserName: chrome, browserVersion: 115.0.5790.110, chrome: {chromedriverVersion: 114.0.5735.90 (386bc09e8f4f..., userDataDir: C:\Users\raja.s\AppData\Loc...}, goog:chromeOptions: {debuggerAddress: localhost:51031}, networkConnectionEnabled: false, pageLoadStrategy: normal, platformName: windows, proxy: Proxy(), se:cdp: ws://localhost:51031/devtoo..., se:cdpVersion: 115.0.5790.110, setWindowRect: true, strictFileInteractability: false, timeouts: {implicit: 0, pageLoad: 300000, script: 30000}, unhandledPromptBehavior: dismiss and notify, webauthn:extension:credBlob: true, webauthn:extension:largeBlob: true, webauthn:extension:minPinLength: true, webauthn:extension:prf: true, webauthn:virtualAuthenticators: true}
Element: [[ChromeDriver: chrome on windows (da66ddf7692d468739d603969966b625)] -&gt; xpath: //div[contains(@class,&#039;col radio-box-button&#039;)]/div[contains(.,&#039;Days Of Week&#039;)]/..]
Session ID: da66ddf7692d468739d603969966b625" type="org.openqa.selenium.ElementClickInterceptedException">
      <![CDATA[org.openqa.selenium.ElementClickInterceptedException: element click intercepted: Element <div _ngcontent-yhh-c263="" class="col radio-box-button flex-center text-center p-0 mx-1 ng-star-inserted">...</div> is not clickable at point (546, 119). Other element would receive the click: <div class="mat-step-text-label ng-star-inserted">...</div>
  (Session info: chrome=115.0.5790.110)
Build info: version: '4.10.0', revision: 'c14d967899'
System info: os.name: 'Windows 10', os.arch: 'amd64', os.version: '10.0', java.version: '17.0.6'
Driver info: org.openqa.selenium.chrome.ChromeDriver
Command: [da66ddf7692d468739d603969966b625, clickElement {id=76EEC07DC3E5E71AA47CE3709C4C2583_element_800}]
Capabilities {acceptInsecureCerts: false, browserName: chrome, browserVersion: 115.0.5790.110, chrome: {chromedriverVersion: 114.0.5735.90 (386bc09e8f4f..., userDataDir: C:\Users\raja.s\AppData\Loc...}, goog:chromeOptions: {debuggerAddress: localhost:51031}, networkConnectionEnabled: false, pageLoadStrategy: normal, platformName: windows, proxy: Proxy(), se:cdp: ws://localhost:51031/devtoo..., se:cdpVersion: 115.0.5790.110, setWindowRect: true, strictFileInteractability: false, timeouts: {implicit: 0, pageLoad: 300000, script: 30000}, unhandledPromptBehavior: dismiss and notify, webauthn:extension:credBlob: true, webauthn:extension:largeBlob: true, webauthn:extension:minPinLength: true, webauthn:extension:prf: true, webauthn:virtualAuthenticators: true}
Element: [[ChromeDriver: chrome on windows (da66ddf7692d468739d603969966b625)] -> xpath: //div[contains(@class,'col radio-box-button')]/div[contains(.,'Days Of Week')]/..]
Session ID: da66ddf7692d468739d603969966b625
at java.base/jdk.internal.reflect.NativeConstructorAccessorImpl.newInstance0(Native Method)
at java.base/jdk.internal.reflect.NativeConstructorAccessorImpl.newInstance(NativeConstructorAccessorImpl.java:77)
at java.base/jdk.internal.reflect.DelegatingConstructorAccessorImpl.newInstance(DelegatingConstructorAccessorImpl.java:45)
at java.base/java.lang.reflect.Constructor.newInstanceWithCaller(Constructor.java:499)
at java.base/java.lang.reflect.Constructor.newInstance(Constructor.java:480)
at org.openqa.selenium.remote.codec.w3c.W3CHttpResponseCodec.createException(W3CHttpResponseCodec.java:199)
at org.openqa.selenium.remote.codec.w3c.W3CHttpResponseCodec.decode(W3CHttpResponseCodec.java:132)
at org.openqa.selenium.remote.codec.w3c.W3CHttpResponseCodec.decode(W3CHttpResponseCodec.java:51)
at org.openqa.selenium.remote.HttpCommandExecutor.execute(HttpCommandExecutor.java:191)
at org.openqa.selenium.remote.service.DriverCommandExecutor.invokeExecute(DriverCommandExecutor.java:196)
at org.openqa.selenium.remote.service.DriverCommandExecutor.execute(DriverCommandExecutor.java:171)
at org.openqa.selenium.remote.RemoteWebDriver.execute(RemoteWebDriver.java:531)
at org.openqa.selenium.remote.RemoteWebElement.execute(RemoteWebElement.java:242)
at org.openqa.selenium.remote.RemoteWebElement.click(RemoteWebElement.java:77)
at jdk.internal.reflect.GeneratedMethodAccessor2.invoke(Unknown Source)
at java.base/jdk.internal.reflect.DelegatingMethodAccessorImpl.invoke(DelegatingMethodAccessorImpl.java:43)
at java.base/java.lang.reflect.Method.invoke(Method.java:568)
at org.openqa.selenium.support.pagefactory.internal.LocatingElementHandler.invoke(LocatingElementHandler.java:52)
at jdk.proxy2/jdk.proxy2.$Proxy17.click(Unknown Source)
at com.Pages.Common_XPaths.Click_Wait_ForElementClickable(Common_XPaths.java:940)
at com.Pages.Availability_RestrictionTimePage.Click_DaysOfWeekButton(Availability_RestrictionTimePage.java:162)
at com.Pages.Availability_RestrictionTimePage.Select_DaysOfWeek(Availability_RestrictionTimePage.java:480)
at com.Test.Product_Items_AddEditDelete_MenuItem.Edit_and_Update_ProductItem_MenuItem_DaysOfWeek_SubCategory_LevelType(Product_Items_AddEditDelete_MenuItem.java:761)
at com.Test.Product_Items_AddEditDelete_MenuItem.Calling(Product_Items_AddEditDelete_MenuItem.java:119)
at java.base/jdk.internal.reflect.NativeMethodAccessorImpl.invoke0(Native Method)
at java.base/jdk.internal.reflect.NativeMethodAccessorImpl.invoke(NativeMethodAccessorImpl.java:77)
at java.base/jdk.internal.reflect.DelegatingMethodAccessorImpl.invoke(DelegatingMethodAccessorImpl.java:43)
at java.base/java.lang.reflect.Method.invoke(Method.java:568)
at org.testng.internal.MethodInvocationHelper.invokeMethod(MethodInvocationHelper.java:133)
at org.testng.internal.TestInvoker.invokeMethod(TestInvoker.java:598)
at org.testng.internal.TestInvoker.invokeTestMethod(TestInvoker.java:173)
at org.testng.internal.MethodRunner.runInSequence(MethodRunner.java:46)
at org.testng.internal.TestInvoker$MethodInvocationAgent.invoke(TestInvoker.java:824)
at org.testng.internal.TestInvoker.invokeTestMethods(TestInvoker.java:146)
at org.testng.internal.TestMethodWorker.invokeTestMethods(TestMethodWorker.java:146)
at org.testng.internal.TestMethodWorker.run(TestMethodWorker.java:128)
at java.base/java.util.ArrayList.forEach(ArrayList.java:1511)
at org.testng.TestRunner.privateRun(TestRunner.java:794)
at org.testng.TestRunner.run(TestRunner.java:596)
at org.testng.SuiteRunner.runTest(SuiteRunner.java:377)
at org.testng.SuiteRunner.runSequentially(SuiteRunner.java:371)
at org.testng.SuiteRunner.privateRun(SuiteRunner.java:332)
at org.testng.SuiteRunner.run(SuiteRunner.java:276)
at org.testng.SuiteRunnerWorker.runSuite(SuiteRunnerWorker.java:53)
at org.testng.SuiteRunnerWorker.run(SuiteRunnerWorker.java:96)
at org.testng.TestNG.runSuitesSequentially(TestNG.java:1212)
at org.testng.TestNG.runSuitesLocally(TestNG.java:1134)
at org.testng.TestNG.runSuites(TestNG.java:1063)
at org.testng.TestNG.run(TestNG.java:1031)
at org.testng.remote.AbstractRemoteTestNG.run(AbstractRemoteTestNG.java:115)
at org.testng.remote.RemoteTestNG.initAndRun(RemoteTestNG.java:251)
at org.testng.remote.RemoteTestNG.main(RemoteTestNG.java:77)
]]>
    </error>
  </testcase> <!-- Calling -->
  <system-out/>
  <testcase classname="com.Test.Product_Items_AddEditDelete_MenuItem" name="LogOut" time="6.829"/>
  <system-out/>
  <testcase classname="com.Test.Product_Items_AddEditDelete_MenuItem" name="Edit_and_Update_ProductItem_MenuItem_DaysOfWeek_SubCategory_LevelType">
    <skipped/>
  </testcase> <!-- Edit_and_Update_ProductItem_MenuItem_DaysOfWeek_SubCategory_LevelType -->
  <system-out/>
  <testcase classname="com.Test.Product_Items_AddEditDelete_MenuItem" name="Delete_and_Active_Inactive_ProductItem_MenuItem">
    <skipped/>
  </testcase> <!-- Delete_and_Active_Inactive_ProductItem_MenuItem -->
  <system-out/>
  <testcase classname="com.Test.Product_Items_AddEditDelete_MenuItem" name="Add_ProductItem_MenuItem_Always_MenuType_MenuItem">
    <skipped/>
  </testcase> <!-- Add_ProductItem_MenuItem_Always_MenuType_MenuItem -->
  <system-out/>
  <testcase classname="com.Test.Product_Items_AddEditDelete_MenuItem" name="Open_ProductItem_MenuItem_Page">
    <skipped/>
  </testcase> <!-- Open_ProductItem_MenuItem_Page -->
  <system-out/>
  <testcase classname="com.Test.Product_Items_AddEditDelete_MenuItem" name="Edit_and_Update_ProductItem_MenuItem_DateRangeWithTime_MenuType_ComboItem">
    <skipped/>
  </testcase> <!-- Edit_and_Update_ProductItem_MenuItem_DateRangeWithTime_MenuType_ComboItem -->
  <system-out/>
  <testcase classname="com.Test.Product_Items_AddEditDelete_MenuItem" name="Create_Duplicate_MenuItem">
    <skipped/>
  </testcase> <!-- Create_Duplicate_MenuItem -->
  <system-out/>
  <testcase classname="com.Test.Product_Items_AddEditDelete_MenuItem" name="Edit_and_Close_Cancel_ProductItem_MenuItem">
    <skipped/>
  </testcase> <!-- Edit_and_Close_Cancel_ProductItem_MenuItem -->
  <system-out/>
  <testcase classname="com.Test.Product_Items_AddEditDelete_MenuItem" name="Edit_and_Update_ProductItem_MenuItem_Specific_Date_MenuType_ScaleItem">
    <skipped/>
  </testcase> <!-- Edit_and_Update_ProductItem_MenuItem_Specific_Date_MenuType_ScaleItem -->
  <system-out/>
  <testcase classname="com.Test.Product_Items_AddEditDelete_MenuItem" name="Edit_and_Update_ProductItem_MenuItem_DateRange_MenuType_OpenItem">
    <skipped/>
  </testcase> <!-- Edit_and_Update_ProductItem_MenuItem_DateRange_MenuType_OpenItem -->
  <system-out/>
  <testcase classname="com.Test.Product_Items_AddEditDelete_MenuItem" name="Edit_and_Update_ProductItem_MenuItem_DaysOfMonth_MenuType_MenuItem_With_ServingSize">
    <skipped/>
  </testcase> <!-- Edit_and_Update_ProductItem_MenuItem_DaysOfMonth_MenuType_MenuItem_With_ServingSize -->
  <system-out/>
  <testcase classname="com.Test.Product_Items_AddEditDelete_MenuItem" name="RefreshAndPaginination">
    <skipped/>
  </testcase> <!-- RefreshAndPaginination -->
  <system-out/>
</testsuite> <!-- com.Test.Product_Items_AddEditDelete_MenuItem -->
