<?xml version="1.0" encoding="UTF-8"?>
<!-- Generated by org.testng.reporters.JUnitReportReporter -->
<testsuite hostname="INL-JVNGDL3" failures="0" tests="6" name="com.Test.Reports_Future_Order_Sale_Report" time="106.142" errors="0" timestamp="2023-07-19T17:16:21 IST" skipped="3">
  <testcase classname="com.Test.Reports_Future_Order_Sale_Report" name="Login" time="50.447"/>
  <system-out/>
  <testcase classname="com.Test.Reports_Future_Order_Sale_Report" name="Calling" time="52.153"/>
  <system-out/>
  <testcase classname="com.Test.Reports_Future_Order_Sale_Report" name="LogOut" time="3.542"/>
  <system-out/>
  <testcase classname="com.Test.Reports_Future_Order_Sale_Report" name="FutureOrder_Sale_Report">
    <skipped/>
  </testcase> <!-- FutureOrder_Sale_Report -->
  <system-out/>
  <testcase classname="com.Test.Reports_Future_Order_Sale_Report" name="RefreshAndPaginination">
    <skipped/>
  </testcase> <!-- RefreshAndPaginination -->
  <system-out/>
  <testcase classname="com.Test.Reports_Future_Order_Sale_Report" name="Open_FutureOrder_Report_Page">
    <skipped/>
  </testcase> <!-- Open_FutureOrder_Report_Page -->
  <system-out/>
</testsuite> <!-- com.Test.Reports_Future_Order_Sale_Report -->
