<?xml version="1.0" encoding="UTF-8"?>
<!-- Generated by org.testng.reporters.JUnitReportReporter -->
<testsuite skipped="7" hostname="INL-JVNGDL3" name="com.Test.Product_Items_AddEditDelete_TareGroup" tests="10" failures="0" timestamp="2023-03-20T12:29:29 IST" time="245.432" errors="0">
  <testcase name="Login" time="44.834" classname="com.Test.Product_Items_AddEditDelete_TareGroup"/>
  <system-out/>
  <testcase name="Calling" time="200.366" classname="com.Test.Product_Items_AddEditDelete_TareGroup"/>
  <system-out/>
  <testcase name="LogOut" time="0.232" classname="com.Test.Product_Items_AddEditDelete_TareGroup"/>
  <system-out/>
  <testcase name="Create_DuplicateTareGroup" classname="com.Test.Product_Items_AddEditDelete_TareGroup">
    <skipped/>
  </testcase> <!-- Create_DuplicateTareGroup -->
  <system-out/>
  <testcase name="Open_TareGroups_Page" classname="com.Test.Product_Items_AddEditDelete_TareGroup">
    <skipped/>
  </testcase> <!-- Open_TareGroups_Page -->
  <system-out/>
  <testcase name="RefreshAndPaginination" classname="com.Test.Product_Items_AddEditDelete_TareGroup">
    <skipped/>
  </testcase> <!-- RefreshAndPaginination -->
  <system-out/>
  <testcase name="Add_TareGroups" classname="com.Test.Product_Items_AddEditDelete_TareGroup">
    <skipped/>
  </testcase> <!-- Add_TareGroups -->
  <system-out/>
  <testcase name="Delete_and_Active_Inactive_TareGroups" classname="com.Test.Product_Items_AddEditDelete_TareGroup">
    <skipped/>
  </testcase> <!-- Delete_and_Active_Inactive_TareGroups -->
  <system-out/>
  <testcase name="Edit_and_Update_TareGroups" classname="com.Test.Product_Items_AddEditDelete_TareGroup">
    <skipped/>
  </testcase> <!-- Edit_and_Update_TareGroups -->
  <system-out/>
  <testcase name="Edit_and_Close_Cancel_TareGroups" classname="com.Test.Product_Items_AddEditDelete_TareGroup">
    <skipped/>
  </testcase> <!-- Edit_and_Close_Cancel_TareGroups -->
  <system-out/>
</testsuite> <!-- com.Test.Product_Items_AddEditDelete_TareGroup -->
