<?xml version="1.0" encoding="UTF-8"?>
<!-- Generated by org.testng.reporters.JUnitReportReporter -->
<testsuite skipped="11" hostname="INL-JVNGDL3" name="com.Test.Product_Items_AddEditDelete_Categories" tests="14" failures="0" timestamp="2023-03-28T11:40:05 IST" time="232.189" errors="1">
  <testcase name="Login" time="85.510" classname="com.Test.Product_Items_AddEditDelete_Categories"/>
  <system-out/>
  <testcase name="Calling" time="146.308" classname="com.Test.Product_Items_AddEditDelete_Categories">
    <error type="org.openqa.selenium.ElementNotInteractableException" message="element not interactable
  (Session info: chrome=111.0.5563.111)
Build info: version: &#039;4.4.0&#039;, revision: &#039;e5c75ed026a&#039;
System info: host: &#039;INL-JVNGDL3&#039;, ip: &#039;192.168.1.13&#039;, os.name: &#039;Windows 10&#039;, os.arch: &#039;amd64&#039;, os.version: &#039;10.0&#039;, java.version: &#039;1.8.0_351&#039;
Driver info: org.openqa.selenium.chrome.ChromeDriver
Command: [ef295d5a68754e3e54a116834c5496d8, clickElement {id=92736ace-976c-4150-a494-3010281ffb80}]
Capabilities {acceptInsecureCerts: false, browserName: chrome, browserVersion: 111.0.5563.111, chrome: {chromedriverVersion: 111.0.5563.64 (c710e93d5b63..., userDataDir: C:\Users\raja.s\AppData\Loc...}, goog:chromeOptions: {debuggerAddress: localhost:57654}, networkConnectionEnabled: false, pageLoadStrategy: normal, platformName: WINDOWS, proxy: Proxy(), se:cdp: ws://localhost:57654/devtoo..., se:cdpVersion: 111.0.5563.111, setWindowRect: true, strictFileInteractability: false, timeouts: {implicit: 0, pageLoad: 300000, script: 30000}, unhandledPromptBehavior: dismiss and notify, webauthn:extension:credBlob: true, webauthn:extension:largeBlob: true, webauthn:extension:minPinLength: true, webauthn:extension:prf: true, webauthn:virtualAuthenticators: true}
Element: [[ChromeDriver: chrome on WINDOWS (ef295d5a68754e3e54a116834c5496d8)] -&gt; xpath: //div[@id=&#039;new-category-roles&#039;]/div[3]/div/app-chip/div/mat-chip-list/div/mat-chip[8]]
Session ID: ef295d5a68754e3e54a116834c5496d8">
      <![CDATA[org.openqa.selenium.ElementNotInteractableException: element not interactable
  (Session info: chrome=111.0.5563.111)
Build info: version: '4.4.0', revision: 'e5c75ed026a'
System info: host: 'INL-JVNGDL3', ip: '192.168.1.13', os.name: 'Windows 10', os.arch: 'amd64', os.version: '10.0', java.version: '1.8.0_351'
Driver info: org.openqa.selenium.chrome.ChromeDriver
Command: [ef295d5a68754e3e54a116834c5496d8, clickElement {id=92736ace-976c-4150-a494-3010281ffb80}]
Capabilities {acceptInsecureCerts: false, browserName: chrome, browserVersion: 111.0.5563.111, chrome: {chromedriverVersion: 111.0.5563.64 (c710e93d5b63..., userDataDir: C:\Users\raja.s\AppData\Loc...}, goog:chromeOptions: {debuggerAddress: localhost:57654}, networkConnectionEnabled: false, pageLoadStrategy: normal, platformName: WINDOWS, proxy: Proxy(), se:cdp: ws://localhost:57654/devtoo..., se:cdpVersion: 111.0.5563.111, setWindowRect: true, strictFileInteractability: false, timeouts: {implicit: 0, pageLoad: 300000, script: 30000}, unhandledPromptBehavior: dismiss and notify, webauthn:extension:credBlob: true, webauthn:extension:largeBlob: true, webauthn:extension:minPinLength: true, webauthn:extension:prf: true, webauthn:virtualAuthenticators: true}
Element: [[ChromeDriver: chrome on WINDOWS (ef295d5a68754e3e54a116834c5496d8)] -> xpath: //div[@id='new-category-roles']/div[3]/div/app-chip/div/mat-chip-list/div/mat-chip[8]]
Session ID: ef295d5a68754e3e54a116834c5496d8
at sun.reflect.NativeConstructorAccessorImpl.newInstance0(Native Method)
at sun.reflect.NativeConstructorAccessorImpl.newInstance(Unknown Source)
at sun.reflect.DelegatingConstructorAccessorImpl.newInstance(Unknown Source)
at java.lang.reflect.Constructor.newInstance(Unknown Source)
at org.openqa.selenium.remote.codec.w3c.W3CHttpResponseCodec.createException(W3CHttpResponseCodec.java:200)
at org.openqa.selenium.remote.codec.w3c.W3CHttpResponseCodec.decode(W3CHttpResponseCodec.java:133)
at org.openqa.selenium.remote.codec.w3c.W3CHttpResponseCodec.decode(W3CHttpResponseCodec.java:53)
at org.openqa.selenium.remote.HttpCommandExecutor.execute(HttpCommandExecutor.java:184)
at org.openqa.selenium.remote.service.DriverCommandExecutor.invokeExecute(DriverCommandExecutor.java:167)
at org.openqa.selenium.remote.service.DriverCommandExecutor.execute(DriverCommandExecutor.java:142)
at org.openqa.selenium.remote.RemoteWebDriver.execute(RemoteWebDriver.java:547)
at org.openqa.selenium.remote.RemoteWebElement.execute(RemoteWebElement.java:257)
at org.openqa.selenium.remote.RemoteWebElement.click(RemoteWebElement.java:78)
at com.Pages.CategoriesPage.Select_Roles(CategoriesPage.java:481)
at com.Test.Product_Items_AddEditDelete_Categories.Add_Categories(Product_Items_AddEditDelete_Categories.java:262)
at com.Test.Product_Items_AddEditDelete_Categories.Calling(Product_Items_AddEditDelete_Categories.java:116)
at sun.reflect.NativeMethodAccessorImpl.invoke0(Native Method)
at sun.reflect.NativeMethodAccessorImpl.invoke(Unknown Source)
at sun.reflect.DelegatingMethodAccessorImpl.invoke(Unknown Source)
at java.lang.reflect.Method.invoke(Unknown Source)
at org.testng.internal.MethodInvocationHelper.invokeMethod(MethodInvocationHelper.java:133)
at org.testng.internal.TestInvoker.invokeMethod(TestInvoker.java:598)
at org.testng.internal.TestInvoker.invokeTestMethod(TestInvoker.java:173)
at org.testng.internal.MethodRunner.runInSequence(MethodRunner.java:46)
at org.testng.internal.TestInvoker$MethodInvocationAgent.invoke(TestInvoker.java:824)
at org.testng.internal.TestInvoker.invokeTestMethods(TestInvoker.java:146)
at org.testng.internal.TestMethodWorker.invokeTestMethods(TestMethodWorker.java:146)
at org.testng.internal.TestMethodWorker.run(TestMethodWorker.java:128)
at java.util.ArrayList.forEach(Unknown Source)
at org.testng.TestRunner.privateRun(TestRunner.java:794)
at org.testng.TestRunner.run(TestRunner.java:596)
at org.testng.SuiteRunner.runTest(SuiteRunner.java:377)
at org.testng.SuiteRunner.runSequentially(SuiteRunner.java:371)
at org.testng.SuiteRunner.privateRun(SuiteRunner.java:332)
at org.testng.SuiteRunner.run(SuiteRunner.java:276)
at org.testng.SuiteRunnerWorker.runSuite(SuiteRunnerWorker.java:53)
at org.testng.SuiteRunnerWorker.run(SuiteRunnerWorker.java:96)
at org.testng.TestNG.runSuitesSequentially(TestNG.java:1212)
at org.testng.TestNG.runSuitesLocally(TestNG.java:1134)
at org.testng.TestNG.runSuites(TestNG.java:1063)
at org.testng.TestNG.run(TestNG.java:1031)
at org.testng.remote.AbstractRemoteTestNG.run(AbstractRemoteTestNG.java:115)
at org.testng.remote.RemoteTestNG.initAndRun(RemoteTestNG.java:251)
at org.testng.remote.RemoteTestNG.main(RemoteTestNG.java:77)
]]>
    </error>
  </testcase> <!-- Calling -->
  <system-out/>
  <testcase name="LogOut" time="0.371" classname="com.Test.Product_Items_AddEditDelete_Categories"/>
  <system-out/>
  <testcase name="Edit_and_Update_Categories_DaysOfWeek" classname="com.Test.Product_Items_AddEditDelete_Categories">
    <skipped/>
  </testcase> <!-- Edit_and_Update_Categories_DaysOfWeek -->
  <system-out/>
  <testcase name="Create_DuplicateCategory" classname="com.Test.Product_Items_AddEditDelete_Categories">
    <skipped/>
  </testcase> <!-- Create_DuplicateCategory -->
  <system-out/>
  <testcase name="Edit_and_Update_Categories_DateRange" classname="com.Test.Product_Items_AddEditDelete_Categories">
    <skipped/>
  </testcase> <!-- Edit_and_Update_Categories_DateRange -->
  <system-out/>
  <testcase name="Edit_and_Close_Cancel_Categories" classname="com.Test.Product_Items_AddEditDelete_Categories">
    <skipped/>
  </testcase> <!-- Edit_and_Close_Cancel_Categories -->
  <system-out/>
  <testcase name="Edit_and_Update_Categories_Specific_Date" classname="com.Test.Product_Items_AddEditDelete_Categories">
    <skipped/>
  </testcase> <!-- Edit_and_Update_Categories_Specific_Date -->
  <system-out/>
  <testcase name="RefreshAndPaginination" classname="com.Test.Product_Items_AddEditDelete_Categories">
    <skipped/>
  </testcase> <!-- RefreshAndPaginination -->
  <system-out/>
  <testcase name="Open_Categories_Page" classname="com.Test.Product_Items_AddEditDelete_Categories">
    <skipped/>
  </testcase> <!-- Open_Categories_Page -->
  <system-out/>
  <testcase name="Edit_and_Update_Categories_DateRangeWithTime" classname="com.Test.Product_Items_AddEditDelete_Categories">
    <skipped/>
  </testcase> <!-- Edit_and_Update_Categories_DateRangeWithTime -->
  <system-out/>
  <testcase name="Add_Categories" classname="com.Test.Product_Items_AddEditDelete_Categories">
    <skipped/>
  </testcase> <!-- Add_Categories -->
  <system-out/>
  <testcase name="Edit_and_Update_Categories_DaysOfMonth" classname="com.Test.Product_Items_AddEditDelete_Categories">
    <skipped/>
  </testcase> <!-- Edit_and_Update_Categories_DaysOfMonth -->
  <system-out/>
  <testcase name="Delete_and_Active_Inactive_Categories" classname="com.Test.Product_Items_AddEditDelete_Categories">
    <skipped/>
  </testcase> <!-- Delete_and_Active_Inactive_Categories -->
  <system-out/>
</testsuite> <!-- com.Test.Product_Items_AddEditDelete_Categories -->
