<?xml version="1.0" encoding="UTF-8"?>
<!-- Generated by org.testng.reporters.JUnitReportReporter -->
<testsuite hostname="INL-JVNGDL3" failures="0" tests="30" name="com.Test.Reports_Employee_Role_Based_Payroll_Report" time="131.138" errors="1" timestamp="2023-09-22T13:10:32 IST" skipped="27">
  <testcase classname="com.Test.Reports_Employee_Role_Based_Payroll_Report" name="Login" time="55.434"/>
  <testcase classname="com.Test.Reports_Employee_Role_Based_Payroll_Report" name="Calling" time="68.741">
    <error message="element click intercepted: Element &lt;input _ngcontent-fxb-c288=&quot;&quot; readonly=&quot;true&quot; type=&quot;text&quot; matinput=&quot;&quot; class=&quot;mat-input-element mat-form-field-autofill-control ng-tns-c84-7 ng-untouched ng-pristine ng-valid cdk-text-field-autofill-monitored&quot; aria-label=&quot;Format&quot; aria-describedby=&quot;mat-hint-2&quot; id=&quot;mat-input-2&quot; data-placeholder=&quot;&quot; aria-invalid=&quot;false&quot; aria-required=&quot;false&quot;&gt; is not clickable at point (851, 237). Other element would receive the click: &lt;a _ngcontent-fxb-c410=&quot;&quot; mat-tab-link=&quot;&quot; routerlinkactive=&quot;&quot; class=&quot;mat-tab-link mat-focus-indicator ng-star-inserted&quot; href=&quot;/newui/reports/employee/gratuity&quot; aria-disabled=&quot;false&quot; id=&quot;mat-tab-link-4&quot; tabindex=&quot;0&quot;&gt;...&lt;/a&gt;
  (Session info: chrome=116.0.5845.188)
Build info: version: &#039;4.10.0&#039;, revision: &#039;c14d967899&#039;
System info: os.name: &#039;Windows 10&#039;, os.arch: &#039;amd64&#039;, os.version: &#039;10.0&#039;, java.version: &#039;17.0.8&#039;
Driver info: org.openqa.selenium.chrome.ChromeDriver
Command: [6e9c625dc1022937fbb10cc4e86274bd, clickElement {id=2CA32B56CE6B75A2BD973889238F3DB7_element_279}]
Capabilities {acceptInsecureCerts: false, browserName: chrome, browserVersion: 116.0.5845.188, chrome: {chromedriverVersion: 116.0.5845.96 (1a3918166880..., userDataDir: C:\Users\raja.s\AppData\Loc...}, fedcm:accounts: true, goog:chromeOptions: {debuggerAddress: localhost:58633}, networkConnectionEnabled: false, pageLoadStrategy: normal, platformName: windows, proxy: Proxy(), se:cdp: ws://localhost:58633/devtoo..., se:cdpVersion: 116.0.5845.188, setWindowRect: true, strictFileInteractability: false, timeouts: {implicit: 0, pageLoad: 300000, script: 30000}, unhandledPromptBehavior: dismiss and notify, webauthn:extension:credBlob: true, webauthn:extension:largeBlob: true, webauthn:extension:minPinLength: true, webauthn:extension:prf: true, webauthn:virtualAuthenticators: true}
Element: [[ChromeDriver: chrome on windows (6e9c625dc1022937fbb10cc4e86274bd)] -&gt; xpath: //label[contains(.,&#039;Format&#039;)]/../../input]
Session ID: 6e9c625dc1022937fbb10cc4e86274bd" type="org.openqa.selenium.ElementClickInterceptedException">
      <![CDATA[org.openqa.selenium.ElementClickInterceptedException: element click intercepted: Element <input _ngcontent-fxb-c288="" readonly="true" type="text" matinput="" class="mat-input-element mat-form-field-autofill-control ng-tns-c84-7 ng-untouched ng-pristine ng-valid cdk-text-field-autofill-monitored" aria-label="Format" aria-describedby="mat-hint-2" id="mat-input-2" data-placeholder="" aria-invalid="false" aria-required="false"> is not clickable at point (851, 237). Other element would receive the click: <a _ngcontent-fxb-c410="" mat-tab-link="" routerlinkactive="" class="mat-tab-link mat-focus-indicator ng-star-inserted" href="/newui/reports/employee/gratuity" aria-disabled="false" id="mat-tab-link-4" tabindex="0">...</a>
  (Session info: chrome=116.0.5845.188)
Build info: version: '4.10.0', revision: 'c14d967899'
System info: os.name: 'Windows 10', os.arch: 'amd64', os.version: '10.0', java.version: '17.0.8'
Driver info: org.openqa.selenium.chrome.ChromeDriver
Command: [6e9c625dc1022937fbb10cc4e86274bd, clickElement {id=2CA32B56CE6B75A2BD973889238F3DB7_element_279}]
Capabilities {acceptInsecureCerts: false, browserName: chrome, browserVersion: 116.0.5845.188, chrome: {chromedriverVersion: 116.0.5845.96 (1a3918166880..., userDataDir: C:\Users\raja.s\AppData\Loc...}, fedcm:accounts: true, goog:chromeOptions: {debuggerAddress: localhost:58633}, networkConnectionEnabled: false, pageLoadStrategy: normal, platformName: windows, proxy: Proxy(), se:cdp: ws://localhost:58633/devtoo..., se:cdpVersion: 116.0.5845.188, setWindowRect: true, strictFileInteractability: false, timeouts: {implicit: 0, pageLoad: 300000, script: 30000}, unhandledPromptBehavior: dismiss and notify, webauthn:extension:credBlob: true, webauthn:extension:largeBlob: true, webauthn:extension:minPinLength: true, webauthn:extension:prf: true, webauthn:virtualAuthenticators: true}
Element: [[ChromeDriver: chrome on windows (6e9c625dc1022937fbb10cc4e86274bd)] -> xpath: //label[contains(.,'Format')]/../../input]
Session ID: 6e9c625dc1022937fbb10cc4e86274bd
at java.base/jdk.internal.reflect.NativeConstructorAccessorImpl.newInstance0(Native Method)
at java.base/jdk.internal.reflect.NativeConstructorAccessorImpl.newInstance(NativeConstructorAccessorImpl.java:77)
at java.base/jdk.internal.reflect.DelegatingConstructorAccessorImpl.newInstance(DelegatingConstructorAccessorImpl.java:45)
at java.base/java.lang.reflect.Constructor.newInstanceWithCaller(Constructor.java:499)
at java.base/java.lang.reflect.Constructor.newInstance(Constructor.java:480)
at org.openqa.selenium.remote.codec.w3c.W3CHttpResponseCodec.createException(W3CHttpResponseCodec.java:199)
at org.openqa.selenium.remote.codec.w3c.W3CHttpResponseCodec.decode(W3CHttpResponseCodec.java:132)
at org.openqa.selenium.remote.codec.w3c.W3CHttpResponseCodec.decode(W3CHttpResponseCodec.java:51)
at org.openqa.selenium.remote.HttpCommandExecutor.execute(HttpCommandExecutor.java:191)
at org.openqa.selenium.remote.service.DriverCommandExecutor.invokeExecute(DriverCommandExecutor.java:196)
at org.openqa.selenium.remote.service.DriverCommandExecutor.execute(DriverCommandExecutor.java:171)
at org.openqa.selenium.remote.RemoteWebDriver.execute(RemoteWebDriver.java:531)
at org.openqa.selenium.remote.RemoteWebElement.execute(RemoteWebElement.java:242)
at org.openqa.selenium.remote.RemoteWebElement.click(RemoteWebElement.java:77)
at java.base/jdk.internal.reflect.NativeMethodAccessorImpl.invoke0(Native Method)
at java.base/jdk.internal.reflect.NativeMethodAccessorImpl.invoke(NativeMethodAccessorImpl.java:77)
at java.base/jdk.internal.reflect.DelegatingMethodAccessorImpl.invoke(DelegatingMethodAccessorImpl.java:43)
at java.base/java.lang.reflect.Method.invoke(Method.java:568)
at org.openqa.selenium.support.pagefactory.internal.LocatingElementHandler.invoke(LocatingElementHandler.java:52)
at jdk.proxy2/jdk.proxy2.$Proxy17.click(Unknown Source)
at com.Pages.ReportsPage.Select_FormatType(ReportsPage.java:1060)
at com.Test.Reports_Employee_Role_Based_Payroll_Report.Employee_Role_Based_Payroll_Report_Method_verifyWeeklyReport_In_Time_Date_Range(Reports_Employee_Role_Based_Payroll_Report.java:7094)
at com.Test.Reports_Employee_Role_Based_Payroll_Report.Calling(Reports_Employee_Role_Based_Payroll_Report.java:153)
at java.base/jdk.internal.reflect.NativeMethodAccessorImpl.invoke0(Native Method)
at java.base/jdk.internal.reflect.NativeMethodAccessorImpl.invoke(NativeMethodAccessorImpl.java:77)
at java.base/jdk.internal.reflect.DelegatingMethodAccessorImpl.invoke(DelegatingMethodAccessorImpl.java:43)
at java.base/java.lang.reflect.Method.invoke(Method.java:568)
at org.testng.internal.invokers.MethodInvocationHelper.invokeMethod(MethodInvocationHelper.java:139)
at org.testng.internal.invokers.TestInvoker.invokeMethod(TestInvoker.java:664)
at org.testng.internal.invokers.TestInvoker.invokeTestMethod(TestInvoker.java:227)
at org.testng.internal.invokers.MethodRunner.runInSequence(MethodRunner.java:50)
at org.testng.internal.invokers.TestInvoker$MethodInvocationAgent.invoke(TestInvoker.java:957)
at org.testng.internal.invokers.TestInvoker.invokeTestMethods(TestInvoker.java:200)
at org.testng.internal.invokers.TestMethodWorker.invokeTestMethods(TestMethodWorker.java:148)
at org.testng.internal.invokers.TestMethodWorker.run(TestMethodWorker.java:128)
at java.base/java.util.ArrayList.forEach(ArrayList.java:1511)
at org.testng.TestRunner.privateRun(TestRunner.java:848)
at org.testng.TestRunner.run(TestRunner.java:621)
at org.testng.SuiteRunner.runTest(SuiteRunner.java:443)
at org.testng.SuiteRunner.runSequentially(SuiteRunner.java:437)
at org.testng.SuiteRunner.privateRun(SuiteRunner.java:397)
at org.testng.SuiteRunner.run(SuiteRunner.java:336)
at org.testng.SuiteRunnerWorker.runSuite(SuiteRunnerWorker.java:52)
at org.testng.SuiteRunnerWorker.run(SuiteRunnerWorker.java:95)
at org.testng.TestNG.runSuitesSequentially(TestNG.java:1280)
at org.testng.TestNG.runSuitesLocally(TestNG.java:1200)
at org.testng.TestNG.runSuites(TestNG.java:1114)
at org.testng.TestNG.run(TestNG.java:1082)
at org.testng.remote.AbstractRemoteTestNG.run(AbstractRemoteTestNG.java:115)
at org.testng.remote.RemoteTestNG.initAndRun(RemoteTestNG.java:251)
at org.testng.remote.RemoteTestNG.main(RemoteTestNG.java:77)
]]>
    </error>
  </testcase> <!-- Calling -->
  <testcase classname="com.Test.Reports_Employee_Role_Based_Payroll_Report" name="Logout" time="6.963"/>
  <testcase classname="com.Test.Reports_Employee_Role_Based_Payroll_Report" name="Employee_Role_Based_Payroll_Report_Method_verifyWeeklyReport_Last_7_days">
    <skipped/>
  </testcase> <!-- Employee_Role_Based_Payroll_Report_Method_verifyWeeklyReport_Last_7_days -->
  <testcase classname="com.Test.Reports_Employee_Role_Based_Payroll_Report" name="Employee_Role_Based_Payroll_Report_Method_verifyWeeklyReport_Yesterday">
    <skipped/>
  </testcase> <!-- Employee_Role_Based_Payroll_Report_Method_verifyWeeklyReport_Yesterday -->
  <testcase classname="com.Test.Reports_Employee_Role_Based_Payroll_Report" name="Employee_Role_Based_Payroll_Report_Method_verifyWeeklyReport_Last_N_Days">
    <skipped/>
  </testcase> <!-- Employee_Role_Based_Payroll_Report_Method_verifyWeeklyReport_Last_N_Days -->
  <testcase classname="com.Test.Reports_Employee_Role_Based_Payroll_Report" name="Employee_Role_Based_Payroll_Report_Method_verifyDailyReport_Last_N_Days">
    <skipped/>
  </testcase> <!-- Employee_Role_Based_Payroll_Report_Method_verifyDailyReport_Last_N_Days -->
  <testcase classname="com.Test.Reports_Employee_Role_Based_Payroll_Report" name="Employee_Role_Based_Payroll_Report_Method_verifyDailyReport_Today">
    <skipped/>
  </testcase> <!-- Employee_Role_Based_Payroll_Report_Method_verifyDailyReport_Today -->
  <testcase classname="com.Test.Reports_Employee_Role_Based_Payroll_Report" name="RefreshAndPaginination">
    <skipped/>
  </testcase> <!-- RefreshAndPaginination -->
  <testcase classname="com.Test.Reports_Employee_Role_Based_Payroll_Report" name="Employee_Role_Based_Payroll_Report_Method_verifyDailyReport_Specific_Date">
    <skipped/>
  </testcase> <!-- Employee_Role_Based_Payroll_Report_Method_verifyDailyReport_Specific_Date -->
  <testcase classname="com.Test.Reports_Employee_Role_Based_Payroll_Report" name="Employee_Role_Based_Payroll_Report_Method_verifyDailyReport_In_Hours_Date_Range">
    <skipped/>
  </testcase> <!-- Employee_Role_Based_Payroll_Report_Method_verifyDailyReport_In_Hours_Date_Range -->
  <testcase classname="com.Test.Reports_Employee_Role_Based_Payroll_Report" name="Employee_Role_Based_Payroll_Report_Method_verifyDailyReport_Last_Week">
    <skipped/>
  </testcase> <!-- Employee_Role_Based_Payroll_Report_Method_verifyDailyReport_Last_Week -->
  <testcase classname="com.Test.Reports_Employee_Role_Based_Payroll_Report" name="Employee_Role_Based_Payroll_Report_Method_verifyDailyReport_Yesterday">
    <skipped/>
  </testcase> <!-- Employee_Role_Based_Payroll_Report_Method_verifyDailyReport_Yesterday -->
  <testcase classname="com.Test.Reports_Employee_Role_Based_Payroll_Report" name="Employee_Role_Based_Payroll_Report_Method_verifyWeeklyReport_In_Time_Date_Range">
    <skipped/>
  </testcase> <!-- Employee_Role_Based_Payroll_Report_Method_verifyWeeklyReport_In_Time_Date_Range -->
  <testcase classname="com.Test.Reports_Employee_Role_Based_Payroll_Report" name="Employee_Role_Based_Payroll_Report_Method_verifyWeeklyReport_This_Month">
    <skipped/>
  </testcase> <!-- Employee_Role_Based_Payroll_Report_Method_verifyWeeklyReport_This_Month -->
  <testcase classname="com.Test.Reports_Employee_Role_Based_Payroll_Report" name="Employee_Role_Based_Payroll_Report_Method_verifyWeeklyReport_Last_30_days">
    <skipped/>
  </testcase> <!-- Employee_Role_Based_Payroll_Report_Method_verifyWeeklyReport_Last_30_days -->
  <testcase classname="com.Test.Reports_Employee_Role_Based_Payroll_Report" name="Employee_Role_Based_Payroll_Report_Method_verifyWeeklyReport_Today">
    <skipped/>
  </testcase> <!-- Employee_Role_Based_Payroll_Report_Method_verifyWeeklyReport_Today -->
  <testcase classname="com.Test.Reports_Employee_Role_Based_Payroll_Report" name="Employee_Role_Based_Payroll_Report_Method_verifyWeeklyReport_In_Hours_Date_Range">
    <skipped/>
  </testcase> <!-- Employee_Role_Based_Payroll_Report_Method_verifyWeeklyReport_In_Hours_Date_Range -->
  <testcase classname="com.Test.Reports_Employee_Role_Based_Payroll_Report" name="Employee_Role_Based_Payroll_Report_Method_verifyDailyReport_Last_Month">
    <skipped/>
  </testcase> <!-- Employee_Role_Based_Payroll_Report_Method_verifyDailyReport_Last_Month -->
  <testcase classname="com.Test.Reports_Employee_Role_Based_Payroll_Report" name="Employee_Role_Based_Payroll_Report_Method_verifyWeeklyReport_Last_Week">
    <skipped/>
  </testcase> <!-- Employee_Role_Based_Payroll_Report_Method_verifyWeeklyReport_Last_Week -->
  <testcase classname="com.Test.Reports_Employee_Role_Based_Payroll_Report" name="Employee_Role_Based_Payroll_Report_Verify_Role_Based_Payroll_Search">
    <skipped/>
  </testcase> <!-- Employee_Role_Based_Payroll_Report_Verify_Role_Based_Payroll_Search -->
  <testcase classname="com.Test.Reports_Employee_Role_Based_Payroll_Report" name="Employee_Role_Based_Payroll_Report_Method_verifyWeeklyReport_Last_Month">
    <skipped/>
  </testcase> <!-- Employee_Role_Based_Payroll_Report_Method_verifyWeeklyReport_Last_Month -->
  <testcase classname="com.Test.Reports_Employee_Role_Based_Payroll_Report" name="Employee_Role_Based_Payroll_Report_Method_verifyDailyReport_This_Month">
    <skipped/>
  </testcase> <!-- Employee_Role_Based_Payroll_Report_Method_verifyDailyReport_This_Month -->
  <testcase classname="com.Test.Reports_Employee_Role_Based_Payroll_Report" name="Employee_Role_Based_Payroll_Report_Method_verifyDailyReport_This_Week">
    <skipped/>
  </testcase> <!-- Employee_Role_Based_Payroll_Report_Method_verifyDailyReport_This_Week -->
  <testcase classname="com.Test.Reports_Employee_Role_Based_Payroll_Report" name="Employee_Role_Based_Payroll_Report_Method_verifyDailyReport_In_Time_Date_Range">
    <skipped/>
  </testcase> <!-- Employee_Role_Based_Payroll_Report_Method_verifyDailyReport_In_Time_Date_Range -->
  <testcase classname="com.Test.Reports_Employee_Role_Based_Payroll_Report" name="Employee_Role_Based_Payroll_Report_Method_verifyDailyReport_Last_7_days">
    <skipped/>
  </testcase> <!-- Employee_Role_Based_Payroll_Report_Method_verifyDailyReport_Last_7_days -->
  <testcase classname="com.Test.Reports_Employee_Role_Based_Payroll_Report" name="Employee_Role_Based_Payroll_Report_Method_verifyWeeklyReport_This_Week">
    <skipped/>
  </testcase> <!-- Employee_Role_Based_Payroll_Report_Method_verifyWeeklyReport_This_Week -->
  <testcase classname="com.Test.Reports_Employee_Role_Based_Payroll_Report" name="Employee_Role_Based_Payroll_Report_Method_verifyDailyReport_Last_30_days">
    <skipped/>
  </testcase> <!-- Employee_Role_Based_Payroll_Report_Method_verifyDailyReport_Last_30_days -->
  <testcase classname="com.Test.Reports_Employee_Role_Based_Payroll_Report" name="Employee_Role_Based_Payroll_Report_Method_verifyWeeklyReport_Specific_Date">
    <skipped/>
  </testcase> <!-- Employee_Role_Based_Payroll_Report_Method_verifyWeeklyReport_Specific_Date -->
  <testcase classname="com.Test.Reports_Employee_Role_Based_Payroll_Report" name="Employee_Role_Based_Payroll_Report_Method_Page_Open">
    <skipped/>
  </testcase> <!-- Employee_Role_Based_Payroll_Report_Method_Page_Open -->
</testsuite> <!-- com.Test.Reports_Employee_Role_Based_Payroll_Report -->
