<?xml version="1.0" encoding="UTF-8"?>
<!-- Generated by org.testng.reporters.JUnitReportReporter -->
<testsuite hostname="INL-JVNGDL3" failures="0" tests="19" name="com.Test.Product_Items_AddEditDelete_Taxes" time="960.110" errors="0" timestamp="2023-07-21T12:15:01 IST" skipped="16">
  <testcase classname="com.Test.Product_Items_AddEditDelete_Taxes" name="Login" time="90.214"/>
  <system-out/>
  <testcase classname="com.Test.Product_Items_AddEditDelete_Taxes" name="Calling" time="866.211"/>
  <system-out/>
  <testcase classname="com.Test.Product_Items_AddEditDelete_Taxes" name="LogOut" time="3.685"/>
  <system-out/>
  <testcase classname="com.Test.Product_Items_AddEditDelete_Taxes" name="Create_Duplicate_Tax">
    <skipped/>
  </testcase> <!-- Create_Duplicate_Tax -->
  <system-out/>
  <testcase classname="com.Test.Product_Items_AddEditDelete_Taxes" name="Edit_and_Update_Tax_On_Item_Tax">
    <skipped/>
  </testcase> <!-- Edit_and_Update_Tax_On_Item_Tax -->
  <system-out/>
  <testcase classname="com.Test.Product_Items_AddEditDelete_Taxes" name="Add_Tax_For_Tax_Per_ServiceType">
    <skipped/>
  </testcase> <!-- Add_Tax_For_Tax_Per_ServiceType -->
  <system-out/>
  <testcase classname="com.Test.Product_Items_AddEditDelete_Taxes" name="RefreshAndPaginination">
    <skipped/>
  </testcase> <!-- RefreshAndPaginination -->
  <system-out/>
  <testcase classname="com.Test.Product_Items_AddEditDelete_Taxes" name="Add_TaxOnCheckTax">
    <skipped/>
  </testcase> <!-- Add_TaxOnCheckTax -->
  <system-out/>
  <testcase classname="com.Test.Product_Items_AddEditDelete_Taxes" name="Open_Taxes_Page">
    <skipped/>
  </testcase> <!-- Open_Taxes_Page -->
  <system-out/>
  <testcase classname="com.Test.Product_Items_AddEditDelete_Taxes" name="Edit_and_Update_CheckTax">
    <skipped/>
  </testcase> <!-- Edit_and_Update_CheckTax -->
  <system-out/>
  <testcase classname="com.Test.Product_Items_AddEditDelete_Taxes" name="Edit_and_Close_Cancel_Taxes">
    <skipped/>
  </testcase> <!-- Edit_and_Close_Cancel_Taxes -->
  <system-out/>
  <testcase classname="com.Test.Product_Items_AddEditDelete_Taxes" name="Edit_and_Update_Tax_On_Check_Tax">
    <skipped/>
  </testcase> <!-- Edit_and_Update_Tax_On_Check_Tax -->
  <system-out/>
  <testcase classname="com.Test.Product_Items_AddEditDelete_Taxes" name="Add_TaxOnItemTax">
    <skipped/>
  </testcase> <!-- Add_TaxOnItemTax -->
  <system-out/>
  <testcase classname="com.Test.Product_Items_AddEditDelete_Taxes" name="Add_CheckTax">
    <skipped/>
  </testcase> <!-- Add_CheckTax -->
  <system-out/>
  <testcase classname="com.Test.Product_Items_AddEditDelete_Taxes" name="Edit_and_Update_ItemTax">
    <skipped/>
  </testcase> <!-- Edit_and_Update_ItemTax -->
  <system-out/>
  <testcase classname="com.Test.Product_Items_AddEditDelete_Taxes" name="Add_ItemTax_Percentage">
    <skipped/>
  </testcase> <!-- Add_ItemTax_Percentage -->
  <system-out/>
  <testcase classname="com.Test.Product_Items_AddEditDelete_Taxes" name="Add_ItemTax_Amount">
    <skipped/>
  </testcase> <!-- Add_ItemTax_Amount -->
  <system-out/>
  <testcase classname="com.Test.Product_Items_AddEditDelete_Taxes" name="Delete_and_Active_Inactive_Taxes">
    <skipped/>
  </testcase> <!-- Delete_and_Active_Inactive_Taxes -->
  <system-out/>
  <testcase classname="com.Test.Product_Items_AddEditDelete_Taxes" name="Edit_and_Update_Tax_Per_ServiceType">
    <skipped/>
  </testcase> <!-- Edit_and_Update_Tax_Per_ServiceType -->
  <system-out/>
</testsuite> <!-- com.Test.Product_Items_AddEditDelete_Taxes -->
