<?xml version="1.0" encoding="UTF-8"?>
<!-- Generated by org.testng.reporters.JUnitReportReporter -->
<testsuite hostname="INL-JVNGDL3" failures="0" tests="11" name="com.Test.Product_Items_AddEditDelete_GiftCards" time="187.145" errors="0" timestamp="2023-04-12T18:39:46 IST" skipped="8">
  <testcase classname="com.Test.Product_Items_AddEditDelete_GiftCards" name="Login" time="44.082"/>
  <system-out/>
  <testcase classname="com.Test.Product_Items_AddEditDelete_GiftCards" name="Calling" time="142.800"/>
  <system-out/>
  <testcase classname="com.Test.Product_Items_AddEditDelete_GiftCards" name="LogOut" time="0.263"/>
  <system-out/>
  <testcase classname="com.Test.Product_Items_AddEditDelete_GiftCards" name="Recharge_GiftCards">
    <skipped/>
  </testcase> <!-- Recharge_GiftCards -->
  <system-out/>
  <testcase classname="com.Test.Product_Items_AddEditDelete_GiftCards" name="Create_DuplicateGiftCard">
    <skipped/>
  </testcase> <!-- Create_DuplicateGiftCard -->
  <system-out/>
  <testcase classname="com.Test.Product_Items_AddEditDelete_GiftCards" name="Open_GiftCards_Page">
    <skipped/>
  </testcase> <!-- Open_GiftCards_Page -->
  <system-out/>
  <testcase classname="com.Test.Product_Items_AddEditDelete_GiftCards" name="Delete_and_Active_Inactive_GiftCards">
    <skipped/>
  </testcase> <!-- Delete_and_Active_Inactive_GiftCards -->
  <system-out/>
  <testcase classname="com.Test.Product_Items_AddEditDelete_GiftCards" name="Edit_and_Update_GiftCards">
    <skipped/>
  </testcase> <!-- Edit_and_Update_GiftCards -->
  <system-out/>
  <testcase classname="com.Test.Product_Items_AddEditDelete_GiftCards" name="Add_GiftCards">
    <skipped/>
  </testcase> <!-- Add_GiftCards -->
  <system-out/>
  <testcase classname="com.Test.Product_Items_AddEditDelete_GiftCards" name="RefreshAndPaginination">
    <skipped/>
  </testcase> <!-- RefreshAndPaginination -->
  <system-out/>
  <testcase classname="com.Test.Product_Items_AddEditDelete_GiftCards" name="Edit_and_Close_Cancel_GiftCards">
    <skipped/>
  </testcase> <!-- Edit_and_Close_Cancel_GiftCards -->
  <system-out/>
</testsuite> <!-- com.Test.Product_Items_AddEditDelete_GiftCards -->
