<?xml version="1.0" encoding="UTF-8"?>
<!-- Generated by org.testng.reporters.JUnitReportReporter -->
<testsuite hostname="INL-JVNGDL3" failures="0" tests="30" name="com.Test.Enterprise_Reports_Employee_Role_Based_Payroll_Report" time="1417.148" errors="0" timestamp="2023-09-12T17:30:34 IST" skipped="27">
  <testcase classname="com.Test.Enterprise_Reports_Employee_Role_Based_Payroll_Report" name="Login" time="67.248"/>
  <system-out/>
  <testcase classname="com.Test.Enterprise_Reports_Employee_Role_Based_Payroll_Report" name="Calling" time="1343.181"/>
  <system-out/>
  <testcase classname="com.Test.Enterprise_Reports_Employee_Role_Based_Payroll_Report" name="Logout" time="6.719"/>
  <system-out/>
  <testcase classname="com.Test.Enterprise_Reports_Employee_Role_Based_Payroll_Report" name="Enterprise_Employee_Role_Based_Payroll_Report_Verify_Role_Based_Payroll_Search">
    <skipped/>
  </testcase> <!-- Enterprise_Employee_Role_Based_Payroll_Report_Verify_Role_Based_Payroll_Search -->
  <system-out/>
  <testcase classname="com.Test.Enterprise_Reports_Employee_Role_Based_Payroll_Report" name="Enterprise_Employee_Role_Based_Payroll_Report_Method_verifyWeeklyReport_In_Hours_Date_Range">
    <skipped/>
  </testcase> <!-- Enterprise_Employee_Role_Based_Payroll_Report_Method_verifyWeeklyReport_In_Hours_Date_Range -->
  <system-out/>
  <testcase classname="com.Test.Enterprise_Reports_Employee_Role_Based_Payroll_Report" name="Enterprise_Employee_Role_Based_Payroll_Report_Method_verifyWeeklyReport_Last_N_Days">
    <skipped/>
  </testcase> <!-- Enterprise_Employee_Role_Based_Payroll_Report_Method_verifyWeeklyReport_Last_N_Days -->
  <system-out/>
  <testcase classname="com.Test.Enterprise_Reports_Employee_Role_Based_Payroll_Report" name="Enterprise_Employee_Role_Based_Payroll_Report_Method_verifyDailyReport_Last_N_Days">
    <skipped/>
  </testcase> <!-- Enterprise_Employee_Role_Based_Payroll_Report_Method_verifyDailyReport_Last_N_Days -->
  <system-out/>
  <testcase classname="com.Test.Enterprise_Reports_Employee_Role_Based_Payroll_Report" name="Enterprise_Employee_Role_Based_Payroll_Report_Method_verifyWeeklyReport_Today">
    <skipped/>
  </testcase> <!-- Enterprise_Employee_Role_Based_Payroll_Report_Method_verifyWeeklyReport_Today -->
  <system-out/>
  <testcase classname="com.Test.Enterprise_Reports_Employee_Role_Based_Payroll_Report" name="Enterprise_Employee_Role_Based_Payroll_Report_Method_verifyDailyReport_In_Hours_Date_Range">
    <skipped/>
  </testcase> <!-- Enterprise_Employee_Role_Based_Payroll_Report_Method_verifyDailyReport_In_Hours_Date_Range -->
  <system-out/>
  <testcase classname="com.Test.Enterprise_Reports_Employee_Role_Based_Payroll_Report" name="Enterprise_Employee_Role_Based_Payroll_Report_Method_verifyWeeklyReport_This_Week">
    <skipped/>
  </testcase> <!-- Enterprise_Employee_Role_Based_Payroll_Report_Method_verifyWeeklyReport_This_Week -->
  <system-out/>
  <testcase classname="com.Test.Enterprise_Reports_Employee_Role_Based_Payroll_Report" name="Enterprise_Employee_Role_Based_Payroll_Report_Method_verifyDailyReport_Last_30_days">
    <skipped/>
  </testcase> <!-- Enterprise_Employee_Role_Based_Payroll_Report_Method_verifyDailyReport_Last_30_days -->
  <system-out/>
  <testcase classname="com.Test.Enterprise_Reports_Employee_Role_Based_Payroll_Report" name="Enterprise_Employee_Role_Based_Payroll_Report_Method_verifyDailyReport_Last_Month">
    <skipped/>
  </testcase> <!-- Enterprise_Employee_Role_Based_Payroll_Report_Method_verifyDailyReport_Last_Month -->
  <system-out/>
  <testcase classname="com.Test.Enterprise_Reports_Employee_Role_Based_Payroll_Report" name="Enterprise_Employee_Role_Based_Payroll_Report_Method_verifyWeeklyReport_Last_30_days">
    <skipped/>
  </testcase> <!-- Enterprise_Employee_Role_Based_Payroll_Report_Method_verifyWeeklyReport_Last_30_days -->
  <system-out/>
  <testcase classname="com.Test.Enterprise_Reports_Employee_Role_Based_Payroll_Report" name="Enterprise_Employee_Role_Based_Payroll_Report_Method_verifyWeeklyReport_Last_7_days">
    <skipped/>
  </testcase> <!-- Enterprise_Employee_Role_Based_Payroll_Report_Method_verifyWeeklyReport_Last_7_days -->
  <system-out/>
  <testcase classname="com.Test.Enterprise_Reports_Employee_Role_Based_Payroll_Report" name="Enterprise_Employee_Role_Based_Payroll_Report_Method_verifyDailyReport_Yesterday">
    <skipped/>
  </testcase> <!-- Enterprise_Employee_Role_Based_Payroll_Report_Method_verifyDailyReport_Yesterday -->
  <system-out/>
  <testcase classname="com.Test.Enterprise_Reports_Employee_Role_Based_Payroll_Report" name="Enterprise_Employee_Role_Based_Payroll_Report_Method_verifyWeeklyReport_Yesterday">
    <skipped/>
  </testcase> <!-- Enterprise_Employee_Role_Based_Payroll_Report_Method_verifyWeeklyReport_Yesterday -->
  <system-out/>
  <testcase classname="com.Test.Enterprise_Reports_Employee_Role_Based_Payroll_Report" name="Enterprise_Employee_Role_Based_Payroll_Report_Method_verifyWeeklyReport_This_Month">
    <skipped/>
  </testcase> <!-- Enterprise_Employee_Role_Based_Payroll_Report_Method_verifyWeeklyReport_This_Month -->
  <system-out/>
  <testcase classname="com.Test.Enterprise_Reports_Employee_Role_Based_Payroll_Report" name="Enterprise_Employee_Role_Based_Payroll_Report_Method_verifyDailyReport_Specific_Date">
    <skipped/>
  </testcase> <!-- Enterprise_Employee_Role_Based_Payroll_Report_Method_verifyDailyReport_Specific_Date -->
  <system-out/>
  <testcase classname="com.Test.Enterprise_Reports_Employee_Role_Based_Payroll_Report" name="Enterprise_Employee_Role_Based_Payroll_Report_Method_Page_Open">
    <skipped/>
  </testcase> <!-- Enterprise_Employee_Role_Based_Payroll_Report_Method_Page_Open -->
  <system-out/>
  <testcase classname="com.Test.Enterprise_Reports_Employee_Role_Based_Payroll_Report" name="Enterprise_Employee_Role_Based_Payroll_Report_Method_verifyDailyReport_Last_Week">
    <skipped/>
  </testcase> <!-- Enterprise_Employee_Role_Based_Payroll_Report_Method_verifyDailyReport_Last_Week -->
  <system-out/>
  <testcase classname="com.Test.Enterprise_Reports_Employee_Role_Based_Payroll_Report" name="Enterprise_Employee_Role_Based_Payroll_Report_Method_verifyDailyReport_This_Month">
    <skipped/>
  </testcase> <!-- Enterprise_Employee_Role_Based_Payroll_Report_Method_verifyDailyReport_This_Month -->
  <system-out/>
  <testcase classname="com.Test.Enterprise_Reports_Employee_Role_Based_Payroll_Report" name="Enterprise_Employee_Role_Based_Payroll_Report_Method_verifyDailyReport_Last_7_days">
    <skipped/>
  </testcase> <!-- Enterprise_Employee_Role_Based_Payroll_Report_Method_verifyDailyReport_Last_7_days -->
  <system-out/>
  <testcase classname="com.Test.Enterprise_Reports_Employee_Role_Based_Payroll_Report" name="RefreshAndPaginination">
    <skipped/>
  </testcase> <!-- RefreshAndPaginination -->
  <system-out/>
  <testcase classname="com.Test.Enterprise_Reports_Employee_Role_Based_Payroll_Report" name="Enterprise_Employee_Role_Based_Payroll_Report_Method_verifyWeeklyReport_Last_Month">
    <skipped/>
  </testcase> <!-- Enterprise_Employee_Role_Based_Payroll_Report_Method_verifyWeeklyReport_Last_Month -->
  <system-out/>
  <testcase classname="com.Test.Enterprise_Reports_Employee_Role_Based_Payroll_Report" name="Enterprise_Employee_Role_Based_Payroll_Report_Method_verifyWeeklyReport_Specific_Date">
    <skipped/>
  </testcase> <!-- Enterprise_Employee_Role_Based_Payroll_Report_Method_verifyWeeklyReport_Specific_Date -->
  <system-out/>
  <testcase classname="com.Test.Enterprise_Reports_Employee_Role_Based_Payroll_Report" name="Enterprise_Employee_Role_Based_Payroll_Report_Method_verifyWeeklyReport_Last_Week">
    <skipped/>
  </testcase> <!-- Enterprise_Employee_Role_Based_Payroll_Report_Method_verifyWeeklyReport_Last_Week -->
  <system-out/>
  <testcase classname="com.Test.Enterprise_Reports_Employee_Role_Based_Payroll_Report" name="Enterprise_Employee_Role_Based_Payroll_Report_Method_verifyWeeklyReport_In_Time_Date_Range">
    <skipped/>
  </testcase> <!-- Enterprise_Employee_Role_Based_Payroll_Report_Method_verifyWeeklyReport_In_Time_Date_Range -->
  <system-out/>
  <testcase classname="com.Test.Enterprise_Reports_Employee_Role_Based_Payroll_Report" name="Enterprise_Employee_Role_Based_Payroll_Report_Method_verifyDailyReport_This_Week">
    <skipped/>
  </testcase> <!-- Enterprise_Employee_Role_Based_Payroll_Report_Method_verifyDailyReport_This_Week -->
  <system-out/>
  <testcase classname="com.Test.Enterprise_Reports_Employee_Role_Based_Payroll_Report" name="Enterprise_Employee_Role_Based_Payroll_Report_Method_verifyDailyReport_Today">
    <skipped/>
  </testcase> <!-- Enterprise_Employee_Role_Based_Payroll_Report_Method_verifyDailyReport_Today -->
  <system-out/>
  <testcase classname="com.Test.Enterprise_Reports_Employee_Role_Based_Payroll_Report" name="Enterprise_Employee_Role_Based_Payroll_Report_Method_verifyDailyReport_In_Time_Date_Range">
    <skipped/>
  </testcase> <!-- Enterprise_Employee_Role_Based_Payroll_Report_Method_verifyDailyReport_In_Time_Date_Range -->
  <system-out/>
</testsuite> <!-- com.Test.Enterprise_Reports_Employee_Role_Based_Payroll_Report -->
