<?xml version="1.0" encoding="UTF-8"?>
<!-- Generated by org.testng.reporters.JUnitReportReporter -->
<testsuite hostname="INL-JVNGDL3" failures="0" tests="17" name="com.Test.Reports_Void_Node_Report" time="63.012" errors="0" timestamp="2023-07-18T19:03:30 IST" skipped="14">
  <testcase classname="com.Test.Reports_Void_Node_Report" name="Login" time="48.553"/>
  <system-out/>
  <testcase classname="com.Test.Reports_Void_Node_Report" name="Calling" time="10.881"/>
  <system-out/>
  <testcase classname="com.Test.Reports_Void_Node_Report" name="LogOut" time="3.578"/>
  <system-out/>
  <testcase classname="com.Test.Reports_Void_Node_Report" name="Void_Node_Report_Last_N_Days">
    <skipped/>
  </testcase> <!-- Void_Node_Report_Last_N_Days -->
  <system-out/>
  <testcase classname="com.Test.Reports_Void_Node_Report" name="Void_Node_Report_This_Week">
    <skipped/>
  </testcase> <!-- Void_Node_Report_This_Week -->
  <system-out/>
  <testcase classname="com.Test.Reports_Void_Node_Report" name="Void_Node_Report_Today">
    <skipped/>
  </testcase> <!-- Void_Node_Report_Today -->
  <system-out/>
  <testcase classname="com.Test.Reports_Void_Node_Report" name="Void_Node_Report_Last_Month">
    <skipped/>
  </testcase> <!-- Void_Node_Report_Last_Month -->
  <system-out/>
  <testcase classname="com.Test.Reports_Void_Node_Report" name="Void_Node_Report_Verify_Void_Node_Search">
    <skipped/>
  </testcase> <!-- Void_Node_Report_Verify_Void_Node_Search -->
  <system-out/>
  <testcase classname="com.Test.Reports_Void_Node_Report" name="Void_Node_Report_Last_Week">
    <skipped/>
  </testcase> <!-- Void_Node_Report_Last_Week -->
  <system-out/>
  <testcase classname="com.Test.Reports_Void_Node_Report" name="Void_Node_Report_Last_30_Days">
    <skipped/>
  </testcase> <!-- Void_Node_Report_Last_30_Days -->
  <system-out/>
  <testcase classname="com.Test.Reports_Void_Node_Report" name="Void_Node_Report_Last_7_Days">
    <skipped/>
  </testcase> <!-- Void_Node_Report_Last_7_Days -->
  <system-out/>
  <testcase classname="com.Test.Reports_Void_Node_Report" name="Void_Node_Report_Specific_Date">
    <skipped/>
  </testcase> <!-- Void_Node_Report_Specific_Date -->
  <system-out/>
  <testcase classname="com.Test.Reports_Void_Node_Report" name="Void_Node_Report_Yesterday">
    <skipped/>
  </testcase> <!-- Void_Node_Report_Yesterday -->
  <system-out/>
  <testcase classname="com.Test.Reports_Void_Node_Report" name="Void_Node_Report_This_Month">
    <skipped/>
  </testcase> <!-- Void_Node_Report_This_Month -->
  <system-out/>
  <testcase classname="com.Test.Reports_Void_Node_Report" name="Void_Node_Report_Date_Range">
    <skipped/>
  </testcase> <!-- Void_Node_Report_Date_Range -->
  <system-out/>
  <testcase classname="com.Test.Reports_Void_Node_Report" name="Open_Void_Node_Report_Page">
    <skipped/>
  </testcase> <!-- Open_Void_Node_Report_Page -->
  <system-out/>
  <testcase classname="com.Test.Reports_Void_Node_Report" name="RefreshAndPaginination">
    <skipped/>
  </testcase> <!-- RefreshAndPaginination -->
  <system-out/>
</testsuite> <!-- com.Test.Reports_Void_Node_Report -->
