<?xml version="1.0" encoding="UTF-8"?>
<!-- Generated by org.testng.reporters.JUnitReportReporter -->
<testsuite skipped="7" hostname="INL-JVNGDL3" name="com.Test.Product_Items_AddEditDelete_Coursing" tests="10" failures="0" timestamp="2023-03-16T19:36:44 IST" time="352.722" errors="0">
  <testcase name="Login" time="48.361" classname="com.Test.Product_Items_AddEditDelete_Coursing"/>
  <system-out/>
  <testcase name="Calling" time="304.088" classname="com.Test.Product_Items_AddEditDelete_Coursing"/>
  <system-out/>
  <testcase name="LogOut" time="0.273" classname="com.Test.Product_Items_AddEditDelete_Coursing"/>
  <system-out/>
  <testcase name="Edit_and_Update_Coursing" classname="com.Test.Product_Items_AddEditDelete_Coursing">
    <skipped/>
  </testcase> <!-- Edit_and_Update_Coursing -->
  <system-out/>
  <testcase name="Edit_and_Close_Cancel_Coursing" classname="com.Test.Product_Items_AddEditDelete_Coursing">
    <skipped/>
  </testcase> <!-- Edit_and_Close_Cancel_Coursing -->
  <system-out/>
  <testcase name="Create_DuplicateCourse" classname="com.Test.Product_Items_AddEditDelete_Coursing">
    <skipped/>
  </testcase> <!-- Create_DuplicateCourse -->
  <system-out/>
  <testcase name="RefreshAndPaginination_ColumnFilteration" classname="com.Test.Product_Items_AddEditDelete_Coursing">
    <skipped/>
  </testcase> <!-- RefreshAndPaginination_ColumnFilteration -->
  <system-out/>
  <testcase name="Add_Coursing" classname="com.Test.Product_Items_AddEditDelete_Coursing">
    <skipped/>
  </testcase> <!-- Add_Coursing -->
  <system-out/>
  <testcase name="Open_Coursing_Page" classname="com.Test.Product_Items_AddEditDelete_Coursing">
    <skipped/>
  </testcase> <!-- Open_Coursing_Page -->
  <system-out/>
  <testcase name="Delete_and_Active_Inactive_Coursing" classname="com.Test.Product_Items_AddEditDelete_Coursing">
    <skipped/>
  </testcase> <!-- Delete_and_Active_Inactive_Coursing -->
  <system-out/>
</testsuite> <!-- com.Test.Product_Items_AddEditDelete_Coursing -->
