<?xml version="1.0" encoding="UTF-8"?>
<!-- Generated by org.testng.reporters.JUnitReportReporter -->
<testsuite hostname="INL-JVNGDL3" failures="0" tests="17" name="com.Test.Reports_Revenue_Center" time="722.565" errors="0" timestamp="2023-05-08T19:10:20 IST" skipped="14">
  <testcase classname="com.Test.Reports_Revenue_Center" name="Login" time="49.833"/>
  <system-out/>
  <testcase classname="com.Test.Reports_Revenue_Center" name="Calling" time="667.947"/>
  <system-out/>
  <testcase classname="com.Test.Reports_Revenue_Center" name="LogOut" time="4.785"/>
  <system-out/>
  <testcase classname="com.Test.Reports_Revenue_Center" name="Revenue_Center_Report_Last_N_Days">
    <skipped/>
  </testcase> <!-- Revenue_Center_Report_Last_N_Days -->
  <system-out/>
  <testcase classname="com.Test.Reports_Revenue_Center" name="Revenue_Center_Report_Today">
    <skipped/>
  </testcase> <!-- Revenue_Center_Report_Today -->
  <system-out/>
  <testcase classname="com.Test.Reports_Revenue_Center" name="Revenue_Center_Report_Verify_Revenue_Center_Search">
    <skipped/>
  </testcase> <!-- Revenue_Center_Report_Verify_Revenue_Center_Search -->
  <system-out/>
  <testcase classname="com.Test.Reports_Revenue_Center" name="Revenue_Center_Report_Last_30_Days">
    <skipped/>
  </testcase> <!-- Revenue_Center_Report_Last_30_Days -->
  <system-out/>
  <testcase classname="com.Test.Reports_Revenue_Center" name="Revenue_Center_Report_Date_Range">
    <skipped/>
  </testcase> <!-- Revenue_Center_Report_Date_Range -->
  <system-out/>
  <testcase classname="com.Test.Reports_Revenue_Center" name="Open_Revenue_Center_Report_Page">
    <skipped/>
  </testcase> <!-- Open_Revenue_Center_Report_Page -->
  <system-out/>
  <testcase classname="com.Test.Reports_Revenue_Center" name="Revenue_Center_Report_Last_7_Days">
    <skipped/>
  </testcase> <!-- Revenue_Center_Report_Last_7_Days -->
  <system-out/>
  <testcase classname="com.Test.Reports_Revenue_Center" name="RefreshAndPaginination">
    <skipped/>
  </testcase> <!-- RefreshAndPaginination -->
  <system-out/>
  <testcase classname="com.Test.Reports_Revenue_Center" name="Revenue_Center_Report_Last_Month">
    <skipped/>
  </testcase> <!-- Revenue_Center_Report_Last_Month -->
  <system-out/>
  <testcase classname="com.Test.Reports_Revenue_Center" name="Revenue_Center_Report_This_Month">
    <skipped/>
  </testcase> <!-- Revenue_Center_Report_This_Month -->
  <system-out/>
  <testcase classname="com.Test.Reports_Revenue_Center" name="Revenue_Center_Report_This_Week">
    <skipped/>
  </testcase> <!-- Revenue_Center_Report_This_Week -->
  <system-out/>
  <testcase classname="com.Test.Reports_Revenue_Center" name="Revenue_Center_Report_Specific_Date">
    <skipped/>
  </testcase> <!-- Revenue_Center_Report_Specific_Date -->
  <system-out/>
  <testcase classname="com.Test.Reports_Revenue_Center" name="Revenue_Center_Report_Last_Week">
    <skipped/>
  </testcase> <!-- Revenue_Center_Report_Last_Week -->
  <system-out/>
  <testcase classname="com.Test.Reports_Revenue_Center" name="Revenue_Center_Report_Yesterday">
    <skipped/>
  </testcase> <!-- Revenue_Center_Report_Yesterday -->
  <system-out/>
</testsuite> <!-- com.Test.Reports_Revenue_Center -->
