<?xml version="1.0" encoding="UTF-8"?>
<!-- Generated by org.testng.reporters.JUnitReportReporter -->
<testsuite hostname="INL-JVNGDL3" failures="0" tests="5" name="com.Test.Old_BO_Reports_Modifier_Sale_Report" time="228.907" errors="0" timestamp="2023-10-25T19:09:44 IST" skipped="2">
  <testcase classname="com.Test.Old_BO_Reports_Modifier_Sale_Report" name="Login" time="171.159"/>
  <testcase classname="com.Test.Old_BO_Reports_Modifier_Sale_Report" name="Calling" time="51.080"/>
  <testcase classname="com.Test.Old_BO_Reports_Modifier_Sale_Report" name="LogOut" time="6.668"/>
  <testcase classname="com.Test.Old_BO_Reports_Modifier_Sale_Report" name="Old_BO_Modifier_Report_Date_Range">
    <skipped/>
  </testcase> <!-- Old_BO_Modifier_Report_Date_Range -->
  <testcase classname="com.Test.Old_BO_Reports_Modifier_Sale_Report" name="Open_Modifier_Sales_Page">
    <skipped/>
  </testcase> <!-- Open_Modifier_Sales_Page -->
</testsuite> <!-- com.Test.Old_BO_Reports_Modifier_Sale_Report -->
