<?xml version="1.0" encoding="UTF-8"?>
<!-- Generated by org.testng.reporters.JUnitReportReporter -->
<testsuite hostname="INL-JVNGDL3" failures="0" tests="23" name="com.Test.Inventory_Reports_Adjust_Inventory" time="742.273" errors="0" timestamp="2023-06-23T13:50:17 IST" skipped="20">
  <testcase classname="com.Test.Inventory_Reports_Adjust_Inventory" name="Login" time="59.201"/>
  <system-out/>
  <testcase classname="com.Test.Inventory_Reports_Adjust_Inventory" name="Calling" time="675.677"/>
  <system-out/>
  <testcase classname="com.Test.Inventory_Reports_Adjust_Inventory" name="LogOut" time="7.395"/>
  <system-out/>
  <testcase classname="com.Test.Inventory_Reports_Adjust_Inventory" name="Inventory_Reports_Adjust_Inventory_For_All_Today">
    <skipped/>
  </testcase> <!-- Inventory_Reports_Adjust_Inventory_For_All_Today -->
  <system-out/>
  <testcase classname="com.Test.Inventory_Reports_Adjust_Inventory" name="Inventory_Reports_Adjust_Inventory_For_All_ReasonType_Increase">
    <skipped/>
  </testcase> <!-- Inventory_Reports_Adjust_Inventory_For_All_ReasonType_Increase -->
  <system-out/>
  <testcase classname="com.Test.Inventory_Reports_Adjust_Inventory" name="Inventory_Reports_Adjust_Inventory_For_All_Yesterday">
    <skipped/>
  </testcase> <!-- Inventory_Reports_Adjust_Inventory_For_All_Yesterday -->
  <system-out/>
  <testcase classname="com.Test.Inventory_Reports_Adjust_Inventory" name="Inventory_Reports_Adjust_Inventory_For_All_Last_30_Days">
    <skipped/>
  </testcase> <!-- Inventory_Reports_Adjust_Inventory_For_All_Last_30_Days -->
  <system-out/>
  <testcase classname="com.Test.Inventory_Reports_Adjust_Inventory" name="Inventory_Reports_Adjust_Inventory_For_All_Specific_Date">
    <skipped/>
  </testcase> <!-- Inventory_Reports_Adjust_Inventory_For_All_Specific_Date -->
  <system-out/>
  <testcase classname="com.Test.Inventory_Reports_Adjust_Inventory" name="Inventory_Reports_Adjust_Inventory_For_All_ReasonType_Adjsutment">
    <skipped/>
  </testcase> <!-- Inventory_Reports_Adjust_Inventory_For_All_ReasonType_Adjsutment -->
  <system-out/>
  <testcase classname="com.Test.Inventory_Reports_Adjust_Inventory" name="Inventory_Reports_Adjust_Inventory_For_All_ReasonType_Decrease">
    <skipped/>
  </testcase> <!-- Inventory_Reports_Adjust_Inventory_For_All_ReasonType_Decrease -->
  <system-out/>
  <testcase classname="com.Test.Inventory_Reports_Adjust_Inventory" name="Inventory_Reports_Adjust_Inventory_For_All_Last_Month">
    <skipped/>
  </testcase> <!-- Inventory_Reports_Adjust_Inventory_For_All_Last_Month -->
  <system-out/>
  <testcase classname="com.Test.Inventory_Reports_Adjust_Inventory" name="Inventory_Reports_Adjust_Inventory_For_All_This_Month">
    <skipped/>
  </testcase> <!-- Inventory_Reports_Adjust_Inventory_For_All_This_Month -->
  <system-out/>
  <testcase classname="com.Test.Inventory_Reports_Adjust_Inventory" name="Inventory_Reports_Adjust_Inventory_For_All_Last_Week">
    <skipped/>
  </testcase> <!-- Inventory_Reports_Adjust_Inventory_For_All_Last_Week -->
  <system-out/>
  <testcase classname="com.Test.Inventory_Reports_Adjust_Inventory" name="RefreshAndPaginination">
    <skipped/>
  </testcase> <!-- RefreshAndPaginination -->
  <system-out/>
  <testcase classname="com.Test.Inventory_Reports_Adjust_Inventory" name="Inventory_Reports_Adjust_Inventory_For_All_Verify_Adjust_Inventory_Search">
    <skipped/>
  </testcase> <!-- Inventory_Reports_Adjust_Inventory_For_All_Verify_Adjust_Inventory_Search -->
  <system-out/>
  <testcase classname="com.Test.Inventory_Reports_Adjust_Inventory" name="Inventory_Reports_Adjust_Inventory_For_All_Last_7_Days">
    <skipped/>
  </testcase> <!-- Inventory_Reports_Adjust_Inventory_For_All_Last_7_Days -->
  <system-out/>
  <testcase classname="com.Test.Inventory_Reports_Adjust_Inventory" name="Inventory_Reports_Verify_Adjust_Inventory_For_Inventory_Item">
    <skipped/>
  </testcase> <!-- Inventory_Reports_Verify_Adjust_Inventory_For_Inventory_Item -->
  <system-out/>
  <testcase classname="com.Test.Inventory_Reports_Adjust_Inventory" name="Inventory_Reports_Verify_Adjust_Inventory_For_SubREcipe">
    <skipped/>
  </testcase> <!-- Inventory_Reports_Verify_Adjust_Inventory_For_SubREcipe -->
  <system-out/>
  <testcase classname="com.Test.Inventory_Reports_Adjust_Inventory" name="Inventory_Reports_Verify_Adjust_Inventory_For_Retail_Item">
    <skipped/>
  </testcase> <!-- Inventory_Reports_Verify_Adjust_Inventory_For_Retail_Item -->
  <system-out/>
  <testcase classname="com.Test.Inventory_Reports_Adjust_Inventory" name="Open_Inventory_Reports_Adjust_Inventory_Page">
    <skipped/>
  </testcase> <!-- Open_Inventory_Reports_Adjust_Inventory_Page -->
  <system-out/>
  <testcase classname="com.Test.Inventory_Reports_Adjust_Inventory" name="Inventory_Reports_Adjust_Inventory_For_All_Date_Range">
    <skipped/>
  </testcase> <!-- Inventory_Reports_Adjust_Inventory_For_All_Date_Range -->
  <system-out/>
  <testcase classname="com.Test.Inventory_Reports_Adjust_Inventory" name="Inventory_Reports_Adjust_Inventory_For_All_This_Week">
    <skipped/>
  </testcase> <!-- Inventory_Reports_Adjust_Inventory_For_All_This_Week -->
  <system-out/>
  <testcase classname="com.Test.Inventory_Reports_Adjust_Inventory" name="Inventory_Reports_Adjust_Inventory_For_All_Last_N_Days">
    <skipped/>
  </testcase> <!-- Inventory_Reports_Adjust_Inventory_For_All_Last_N_Days -->
  <system-out/>
</testsuite> <!-- com.Test.Inventory_Reports_Adjust_Inventory -->
