<?xml version="1.0" encoding="UTF-8"?>
<!-- Generated by org.testng.reporters.JUnitReportReporter -->
<testsuite hostname="INL-JVNGDL3" failures="0" tests="8" name="com.Test.Product_Items_Bulk_Update" time="536.936" errors="0" timestamp="2023-07-27T11:47:09 IST" skipped="5">
  <testcase classname="com.Test.Product_Items_Bulk_Update" name="Login" time="47.619"/>
  <system-out/>
  <testcase classname="com.Test.Product_Items_Bulk_Update" name="Calling" time="482.539"/>
  <system-out/>
  <testcase classname="com.Test.Product_Items_Bulk_Update" name="LogOut" time="6.778"/>
  <system-out/>
  <testcase classname="com.Test.Product_Items_Bulk_Update" name="Open_Bulk_Update_Page">
    <skipped/>
  </testcase> <!-- Open_Bulk_Update_Page -->
  <system-out/>
  <testcase classname="com.Test.Product_Items_Bulk_Update" name="Verify_Coursing_columnoptionAndSetting_button">
    <skipped/>
  </testcase> <!-- Verify_Coursing_columnoptionAndSetting_button -->
  <system-out/>
  <testcase classname="com.Test.Product_Items_Bulk_Update" name="Verify_single_MenuItem_Update_Page">
    <skipped/>
  </testcase> <!-- Verify_single_MenuItem_Update_Page -->
  <system-out/>
  <testcase classname="com.Test.Product_Items_Bulk_Update" name="Verify_BulkUpdate_Page">
    <skipped/>
  </testcase> <!-- Verify_BulkUpdate_Page -->
  <system-out/>
  <testcase classname="com.Test.Product_Items_Bulk_Update" name="Verify_BulkUpdate_MenuItem_Update_Page">
    <skipped/>
  </testcase> <!-- Verify_BulkUpdate_MenuItem_Update_Page -->
  <system-out/>
</testsuite> <!-- com.Test.Product_Items_Bulk_Update -->
