<?xml version="1.0" encoding="UTF-8"?>
<!-- Generated by org.testng.reporters.JUnitReportReporter -->
<testsuite hostname="INL-JVNGDL3" failures="0" tests="5" name="com.Test.Dashboard_KDS_Old_BO" time="214.008" errors="0" timestamp="2023-10-17T18:08:45 IST" skipped="2">
  <testcase classname="com.Test.Dashboard_KDS_Old_BO" name="Login" time="173.428"/>
  <testcase classname="com.Test.Dashboard_KDS_Old_BO" name="Calling" time="34.275"/>
  <testcase classname="com.Test.Dashboard_KDS_Old_BO" name="LogOut" time="6.305"/>
  <testcase classname="com.Test.Dashboard_KDS_Old_BO" name="Open_Dashboard_Sales_Page">
    <skipped/>
  </testcase> <!-- Open_Dashboard_Sales_Page -->
  <testcase classname="com.Test.Dashboard_KDS_Old_BO" name="Dashboard_Sales_Date_Range">
    <skipped/>
  </testcase> <!-- Dashboard_Sales_Date_Range -->
</testsuite> <!-- com.Test.Dashboard_KDS_Old_BO -->
