<?xml version="1.0" encoding="UTF-8"?>
<!-- Generated by org.testng.reporters.JUnitReportReporter -->
<testsuite hostname="INL-JVNGDL3" failures="0" tests="7" name="com.Test.Inventory_Purchase_Invoice" time="247.763" errors="0" timestamp="2023-06-07T16:01:19 IST" skipped="4">
  <testcase classname="com.Test.Inventory_Purchase_Invoice" name="Login" time="62.772"/>
  <system-out/>
  <testcase classname="com.Test.Inventory_Purchase_Invoice" name="Calling" time="181.446"/>
  <system-out/>
  <testcase classname="com.Test.Inventory_Purchase_Invoice" name="LogOut" time="3.545"/>
  <system-out/>
  <testcase classname="com.Test.Inventory_Purchase_Invoice" name="Verify_Purchase_Invoice_History">
    <skipped/>
  </testcase> <!-- Verify_Purchase_Invoice_History -->
  <system-out/>
  <testcase classname="com.Test.Inventory_Purchase_Invoice" name="RefreshAndPaginination_ColumnFilteration">
    <skipped/>
  </testcase> <!-- RefreshAndPaginination_ColumnFilteration -->
  <system-out/>
  <testcase classname="com.Test.Inventory_Purchase_Invoice" name="Verify_Purchase_Invoice_by_PurchaseOrder_Integration">
    <skipped/>
  </testcase> <!-- Verify_Purchase_Invoice_by_PurchaseOrder_Integration -->
  <system-out/>
  <testcase classname="com.Test.Inventory_Purchase_Invoice" name="Open_Transfer_Request_Page">
    <skipped/>
  </testcase> <!-- Open_Transfer_Request_Page -->
  <system-out/>
</testsuite> <!-- com.Test.Inventory_Purchase_Invoice -->
