<?xml version="1.0" encoding="UTF-8"?>
<!-- Generated by org.testng.reporters.JUnitReportReporter -->
<testsuite hostname="INL-JVNGDL3" failures="0" tests="17" name="com.Test.Product_Items_AddEditDelete_Item_Based_Discount" time="1323.373" errors="0" timestamp="2023-07-25T17:00:07 IST" skipped="14">
  <testcase classname="com.Test.Product_Items_AddEditDelete_Item_Based_Discount" name="Login" time="68.338"/>
  <system-out/>
  <testcase classname="com.Test.Product_Items_AddEditDelete_Item_Based_Discount" name="Calling" time="1248.399"/>
  <system-out/>
  <testcase classname="com.Test.Product_Items_AddEditDelete_Item_Based_Discount" name="LogOut" time="6.636"/>
  <system-out/>
  <testcase classname="com.Test.Product_Items_AddEditDelete_Item_Based_Discount" name="Edit_and_Update_Item_Based_Discount_DaysOfWeek">
    <skipped/>
  </testcase> <!-- Edit_and_Update_Item_Based_Discount_DaysOfWeek -->
  <system-out/>
  <testcase classname="com.Test.Product_Items_AddEditDelete_Item_Based_Discount" name="Edit_and_Update_Item_Based_Discount_DateRange">
    <skipped/>
  </testcase> <!-- Edit_and_Update_Item_Based_Discount_DateRange -->
  <system-out/>
  <testcase classname="com.Test.Product_Items_AddEditDelete_Item_Based_Discount" name="Edit_and_Update_Item_Based_Discount_DateRangeWithTime">
    <skipped/>
  </testcase> <!-- Edit_and_Update_Item_Based_Discount_DateRangeWithTime -->
  <system-out/>
  <testcase classname="com.Test.Product_Items_AddEditDelete_Item_Based_Discount" name="Open_Item_Based_Discount_Page">
    <skipped/>
  </testcase> <!-- Open_Item_Based_Discount_Page -->
  <system-out/>
  <testcase classname="com.Test.Product_Items_AddEditDelete_Item_Based_Discount" name="Create_Duplicate_Item_Based_Discount">
    <skipped/>
  </testcase> <!-- Create_Duplicate_Item_Based_Discount -->
  <system-out/>
  <testcase classname="com.Test.Product_Items_AddEditDelete_Item_Based_Discount" name="Edit_and_Update_Item_Based_Discount_Specific_Date">
    <skipped/>
  </testcase> <!-- Edit_and_Update_Item_Based_Discount_Specific_Date -->
  <system-out/>
  <testcase classname="com.Test.Product_Items_AddEditDelete_Item_Based_Discount" name="Edit_and_Update_SubCategory_Item_Based_Discount">
    <skipped/>
  </testcase> <!-- Edit_and_Update_SubCategory_Item_Based_Discount -->
  <system-out/>
  <testcase classname="com.Test.Product_Items_AddEditDelete_Item_Based_Discount" name="Add_Item_Based_Discount">
    <skipped/>
  </testcase> <!-- Add_Item_Based_Discount -->
  <system-out/>
  <testcase classname="com.Test.Product_Items_AddEditDelete_Item_Based_Discount" name="Delete_and_Active_Inactive_Item_Based_Discount">
    <skipped/>
  </testcase> <!-- Delete_and_Active_Inactive_Item_Based_Discount -->
  <system-out/>
  <testcase classname="com.Test.Product_Items_AddEditDelete_Item_Based_Discount" name="Edit_and_Update_Item_Based_Discount_DaysOfMonth">
    <skipped/>
  </testcase> <!-- Edit_and_Update_Item_Based_Discount_DaysOfMonth -->
  <system-out/>
  <testcase classname="com.Test.Product_Items_AddEditDelete_Item_Based_Discount" name="Edit_and_Update_Item_Based_Discount_Percentage">
    <skipped/>
  </testcase> <!-- Edit_and_Update_Item_Based_Discount_Percentage -->
  <system-out/>
  <testcase classname="com.Test.Product_Items_AddEditDelete_Item_Based_Discount" name="Edit_and_Update_MenuItem_Item_Based_Discount">
    <skipped/>
  </testcase> <!-- Edit_and_Update_MenuItem_Item_Based_Discount -->
  <system-out/>
  <testcase classname="com.Test.Product_Items_AddEditDelete_Item_Based_Discount" name="Edit_and_Close_Cancel_Item_Based_Discount">
    <skipped/>
  </testcase> <!-- Edit_and_Close_Cancel_Item_Based_Discount -->
  <system-out/>
  <testcase classname="com.Test.Product_Items_AddEditDelete_Item_Based_Discount" name="RefreshAndPaginination">
    <skipped/>
  </testcase> <!-- RefreshAndPaginination -->
  <system-out/>
</testsuite> <!-- com.Test.Product_Items_AddEditDelete_Item_Based_Discount -->
