<?xml version="1.0" encoding="UTF-8"?>
<!-- Generated by org.testng.reporters.JUnitReportReporter -->
<testsuite hostname="INL-JVNGDL3" failures="0" tests="12" name="com.Test.Product_Items_AddEditDelete_ModifierGroups" time="189.250" errors="0" timestamp="2023-07-28T18:56:54 IST" skipped="9">
  <testcase classname="com.Test.Product_Items_AddEditDelete_ModifierGroups" name="Login" time="77.004"/>
  <system-out/>
  <testcase classname="com.Test.Product_Items_AddEditDelete_ModifierGroups" name="Calling" time="105.092"/>
  <system-out/>
  <testcase classname="com.Test.Product_Items_AddEditDelete_ModifierGroups" name="LogOut" time="7.154"/>
  <system-out/>
  <testcase classname="com.Test.Product_Items_AddEditDelete_ModifierGroups" name="Edit_and_Sorting_Update_ModifierGroups">
    <skipped/>
  </testcase> <!-- Edit_and_Sorting_Update_ModifierGroups -->
  <system-out/>
  <testcase classname="com.Test.Product_Items_AddEditDelete_ModifierGroups" name="Edit_and_Update_ModifierGroups">
    <skipped/>
  </testcase> <!-- Edit_and_Update_ModifierGroups -->
  <system-out/>
  <testcase classname="com.Test.Product_Items_AddEditDelete_ModifierGroups" name="Add_ModifierGroups_BasicDetails">
    <skipped/>
  </testcase> <!-- Add_ModifierGroups_BasicDetails -->
  <system-out/>
  <testcase classname="com.Test.Product_Items_AddEditDelete_ModifierGroups" name="Delete_and_Active_Inactive_ModifierGroups">
    <skipped/>
  </testcase> <!-- Delete_and_Active_Inactive_ModifierGroups -->
  <system-out/>
  <testcase classname="com.Test.Product_Items_AddEditDelete_ModifierGroups" name="Edit_and_Close_Cancel_ModifierGroups">
    <skipped/>
  </testcase> <!-- Edit_and_Close_Cancel_ModifierGroups -->
  <system-out/>
  <testcase classname="com.Test.Product_Items_AddEditDelete_ModifierGroups" name="Create_DuplicateModifierGroup">
    <skipped/>
  </testcase> <!-- Create_DuplicateModifierGroup -->
  <system-out/>
  <testcase classname="com.Test.Product_Items_AddEditDelete_ModifierGroups" name="Add_ModifierGroups">
    <skipped/>
  </testcase> <!-- Add_ModifierGroups -->
  <system-out/>
  <testcase classname="com.Test.Product_Items_AddEditDelete_ModifierGroups" name="Open_ModifierGroups_Page">
    <skipped/>
  </testcase> <!-- Open_ModifierGroups_Page -->
  <system-out/>
  <testcase classname="com.Test.Product_Items_AddEditDelete_ModifierGroups" name="RefreshAndPaginination">
    <skipped/>
  </testcase> <!-- RefreshAndPaginination -->
  <system-out/>
</testsuite> <!-- com.Test.Product_Items_AddEditDelete_ModifierGroups -->
