<?xml version="1.0" encoding="UTF-8"?>
<!-- Generated by org.testng.reporters.JUnitReportReporter -->
<testsuite hostname="INL-JVNGDL3" failures="0" tests="17" name="com.Test.Enterprise_Reports_Menu_Items" time="462.164" errors="0" timestamp="2023-08-31T12:42:41 IST" skipped="14">
  <testcase classname="com.Test.Enterprise_Reports_Menu_Items" name="Login" time="48.700"/>
  <system-out/>
  <testcase classname="com.Test.Enterprise_Reports_Menu_Items" name="Calling" time="406.561"/>
  <system-out/>
  <testcase classname="com.Test.Enterprise_Reports_Menu_Items" name="LogOut" time="6.903"/>
  <system-out/>
  <testcase classname="com.Test.Enterprise_Reports_Menu_Items" name="Enterprise_MenuItem_Report_Yesterday">
    <skipped/>
  </testcase> <!-- Enterprise_MenuItem_Report_Yesterday -->
  <system-out/>
  <testcase classname="com.Test.Enterprise_Reports_Menu_Items" name="Open_Enterprise_MenuItem_Report_Page">
    <skipped/>
  </testcase> <!-- Open_Enterprise_MenuItem_Report_Page -->
  <system-out/>
  <testcase classname="com.Test.Enterprise_Reports_Menu_Items" name="Enterprise_MenuItem_Report_Last_Week">
    <skipped/>
  </testcase> <!-- Enterprise_MenuItem_Report_Last_Week -->
  <system-out/>
  <testcase classname="com.Test.Enterprise_Reports_Menu_Items" name="Enterprise_MenuItem_Report_Last_N_Days">
    <skipped/>
  </testcase> <!-- Enterprise_MenuItem_Report_Last_N_Days -->
  <system-out/>
  <testcase classname="com.Test.Enterprise_Reports_Menu_Items" name="Enterprise_MenuItem_Report_This_Month">
    <skipped/>
  </testcase> <!-- Enterprise_MenuItem_Report_This_Month -->
  <system-out/>
  <testcase classname="com.Test.Enterprise_Reports_Menu_Items" name="SelectTheCat">
    <skipped/>
  </testcase> <!-- SelectTheCat -->
  <system-out/>
  <testcase classname="com.Test.Enterprise_Reports_Menu_Items" name="Enterprise_MenuItem_Report_Today">
    <skipped/>
  </testcase> <!-- Enterprise_MenuItem_Report_Today -->
  <system-out/>
  <testcase classname="com.Test.Enterprise_Reports_Menu_Items" name="Enterprise_MenuItem_Report_Last_30_Days">
    <skipped/>
  </testcase> <!-- Enterprise_MenuItem_Report_Last_30_Days -->
  <system-out/>
  <testcase classname="com.Test.Enterprise_Reports_Menu_Items" name="Enterprise_MenuItem_Report_Last_7_Days">
    <skipped/>
  </testcase> <!-- Enterprise_MenuItem_Report_Last_7_Days -->
  <system-out/>
  <testcase classname="com.Test.Enterprise_Reports_Menu_Items" name="Enterprise_MenuItem_Report_This_Week">
    <skipped/>
  </testcase> <!-- Enterprise_MenuItem_Report_This_Week -->
  <system-out/>
  <testcase classname="com.Test.Enterprise_Reports_Menu_Items" name="Enterprise_MenuItem_Report_Specific_Date">
    <skipped/>
  </testcase> <!-- Enterprise_MenuItem_Report_Specific_Date -->
  <system-out/>
  <testcase classname="com.Test.Enterprise_Reports_Menu_Items" name="RefreshAndPaginination">
    <skipped/>
  </testcase> <!-- RefreshAndPaginination -->
  <system-out/>
  <testcase classname="com.Test.Enterprise_Reports_Menu_Items" name="Enterprise_MenuItem_Report_Last_Month">
    <skipped/>
  </testcase> <!-- Enterprise_MenuItem_Report_Last_Month -->
  <system-out/>
  <testcase classname="com.Test.Enterprise_Reports_Menu_Items" name="Enterprise_MenuItem_Report_Date_Range">
    <skipped/>
  </testcase> <!-- Enterprise_MenuItem_Report_Date_Range -->
  <system-out/>
</testsuite> <!-- com.Test.Enterprise_Reports_Menu_Items -->
