<?xml version="1.0" encoding="UTF-8"?>
<!-- Generated by org.testng.reporters.JUnitReportReporter -->
<testsuite skipped="36" hostname="Raja-QA-Laptop-IN" name="com.Test.AllClassCalling_Settings" tests="38" failures="0" timestamp="2023-06-21T23:42:05 IST" time="2.202" errors="2">
  <testcase name="TestFail" time="0.008" classname="com.Test.AllClassCalling_Settings">
    <error type="java.lang.NullPointerException">
      <![CDATA[java.lang.NullPointerException
at com.Test.AllClassCalling_Settings.TestFail(AllClassCalling_Settings.java:42)
at sun.reflect.NativeMethodAccessorImpl.invoke0(Native Method)
at sun.reflect.NativeMethodAccessorImpl.invoke(Unknown Source)
at sun.reflect.DelegatingMethodAccessorImpl.invoke(Unknown Source)
at java.lang.reflect.Method.invoke(Unknown Source)
at org.testng.internal.MethodInvocationHelper.invokeMethod(MethodInvocationHelper.java:133)
at org.testng.internal.MethodInvocationHelper.invokeMethodConsideringTimeout(MethodInvocationHelper.java:62)
at org.testng.internal.ConfigInvoker.invokeConfigurationMethod(ConfigInvoker.java:385)
at org.testng.internal.ConfigInvoker.invokeConfigurations(ConfigInvoker.java:321)
at org.testng.internal.TestInvoker.runConfigMethods(TestInvoker.java:700)
at org.testng.internal.TestInvoker.runAfterGroupsConfigurations(TestInvoker.java:676)
at org.testng.internal.TestInvoker.invokeMethod(TestInvoker.java:660)
at org.testng.internal.TestInvoker.invokeTestMethod(TestInvoker.java:173)
at org.testng.internal.MethodRunner.runInSequence(MethodRunner.java:46)
at org.testng.internal.TestInvoker$MethodInvocationAgent.invoke(TestInvoker.java:824)
at org.testng.internal.TestInvoker.invokeTestMethods(TestInvoker.java:146)
at org.testng.internal.TestMethodWorker.invokeTestMethods(TestMethodWorker.java:146)
at org.testng.internal.TestMethodWorker.run(TestMethodWorker.java:128)
at java.util.ArrayList.forEach(Unknown Source)
at org.testng.TestRunner.privateRun(TestRunner.java:794)
at org.testng.TestRunner.run(TestRunner.java:596)
at org.testng.SuiteRunner.runTest(SuiteRunner.java:377)
at org.testng.SuiteRunner.runSequentially(SuiteRunner.java:371)
at org.testng.SuiteRunner.privateRun(SuiteRunner.java:332)
at org.testng.SuiteRunner.run(SuiteRunner.java:276)
at org.testng.SuiteRunnerWorker.runSuite(SuiteRunnerWorker.java:53)
at org.testng.SuiteRunnerWorker.run(SuiteRunnerWorker.java:96)
at org.testng.TestNG.runSuitesSequentially(TestNG.java:1212)
at org.testng.TestNG.runSuitesLocally(TestNG.java:1134)
at org.testng.TestNG.runSuites(TestNG.java:1063)
at org.testng.TestNG.run(TestNG.java:1031)
at org.testng.remote.AbstractRemoteTestNG.run(AbstractRemoteTestNG.java:115)
at org.testng.remote.RemoteTestNG.initAndRun(RemoteTestNG.java:251)
at org.testng.remote.RemoteTestNG.main(RemoteTestNG.java:77)
]]>
    </error>
  </testcase> <!-- TestFail -->
  <system-out/>
  <testcase name="login" time="2.194" classname="com.Test.AllClassCalling_Settings">
    <error type="java.lang.IllegalStateException" message="The driver executable must exist: C:\Users\raja.s\Desktop\Automation Driver\chromedriver.exe">
      <![CDATA[java.lang.IllegalStateException: The driver executable must exist: C:\Users\raja.s\Desktop\Automation Driver\chromedriver.exe
at org.openqa.selenium.internal.Require$FileStateChecker.isFile(Require.java:342)
at org.openqa.selenium.remote.service.DriverService.checkExecutable(DriverService.java:147)
at org.openqa.selenium.remote.service.DriverService.findExecutable(DriverService.java:142)
at org.openqa.selenium.chrome.ChromeDriverService.access$000(ChromeDriverService.java:39)
at org.openqa.selenium.chrome.ChromeDriverService$Builder.findDefaultExecutable(ChromeDriverService.java:233)
at org.openqa.selenium.remote.service.DriverService$Builder.build(DriverService.java:437)
at org.openqa.selenium.chrome.ChromeDriverService.createDefaultService(ChromeDriverService.java:128)
at org.openqa.selenium.chrome.ChromeDriver.<init>(ChromeDriver.java:49)
at com.Test.AllClassCalling_Settings.login(AllClassCalling_Settings.java:61)
at sun.reflect.NativeMethodAccessorImpl.invoke0(Native Method)
at sun.reflect.NativeMethodAccessorImpl.invoke(Unknown Source)
at sun.reflect.DelegatingMethodAccessorImpl.invoke(Unknown Source)
at java.lang.reflect.Method.invoke(Unknown Source)
at org.testng.internal.MethodInvocationHelper.invokeMethod(MethodInvocationHelper.java:133)
at org.testng.internal.TestInvoker.invokeMethod(TestInvoker.java:598)
at org.testng.internal.TestInvoker.invokeTestMethod(TestInvoker.java:173)
at org.testng.internal.MethodRunner.runInSequence(MethodRunner.java:46)
at org.testng.internal.TestInvoker$MethodInvocationAgent.invoke(TestInvoker.java:824)
at org.testng.internal.TestInvoker.invokeTestMethods(TestInvoker.java:146)
at org.testng.internal.TestMethodWorker.invokeTestMethods(TestMethodWorker.java:146)
at org.testng.internal.TestMethodWorker.run(TestMethodWorker.java:128)
at java.util.ArrayList.forEach(Unknown Source)
at org.testng.TestRunner.privateRun(TestRunner.java:794)
at org.testng.TestRunner.run(TestRunner.java:596)
at org.testng.SuiteRunner.runTest(SuiteRunner.java:377)
at org.testng.SuiteRunner.runSequentially(SuiteRunner.java:371)
at org.testng.SuiteRunner.privateRun(SuiteRunner.java:332)
at org.testng.SuiteRunner.run(SuiteRunner.java:276)
at org.testng.SuiteRunnerWorker.runSuite(SuiteRunnerWorker.java:53)
at org.testng.SuiteRunnerWorker.run(SuiteRunnerWorker.java:96)
at org.testng.TestNG.runSuitesSequentially(TestNG.java:1212)
at org.testng.TestNG.runSuitesLocally(TestNG.java:1134)
at org.testng.TestNG.runSuites(TestNG.java:1063)
at org.testng.TestNG.run(TestNG.java:1031)
at org.testng.remote.AbstractRemoteTestNG.run(AbstractRemoteTestNG.java:115)
at org.testng.remote.RemoteTestNG.initAndRun(RemoteTestNG.java:251)
at org.testng.remote.RemoteTestNG.main(RemoteTestNG.java:77)
]]>
    </error>
  </testcase> <!-- login -->
  <system-out/>
  <testcase name="Start_Settings" time="0.000" classname="com.Test.AllClassCalling_Settings">
    <skipped/>
  </testcase> <!-- Start_Settings -->
  <system-out/>
  <testcase name="Settings_Till_Setting" time="0.000" classname="com.Test.AllClassCalling_Settings">
    <skipped/>
  </testcase> <!-- Settings_Till_Setting -->
  <system-out/>
  <testcase name="Settings_Scales" time="0.000" classname="com.Test.AllClassCalling_Settings">
    <skipped/>
  </testcase> <!-- Settings_Scales -->
  <system-out/>
  <testcase name="Settings_CDS_Configuration" time="0.000" classname="com.Test.AllClassCalling_Settings">
    <skipped/>
  </testcase> <!-- Settings_CDS_Configuration -->
  <system-out/>
  <testcase name="Settings_Store_Information" time="0.000" classname="com.Test.AllClassCalling_Settings">
    <skipped/>
  </testcase> <!-- Settings_Store_Information -->
  <system-out/>
  <testcase name="Settings_Notifications" time="0.000" classname="com.Test.AllClassCalling_Settings">
    <skipped/>
  </testcase> <!-- Settings_Notifications -->
  <system-out/>
  <testcase name="Settings_Additional_Settings" time="0.000" classname="com.Test.AllClassCalling_Settings">
    <skipped/>
  </testcase> <!-- Settings_Additional_Settings -->
  <system-out/>
  <testcase name="Settings_Batch_Settings" time="0.000" classname="com.Test.AllClassCalling_Settings">
    <skipped/>
  </testcase> <!-- Settings_Batch_Settings -->
  <system-out/>
  <testcase name="Settings_Email_Receipt_Template" time="0.000" classname="com.Test.AllClassCalling_Settings">
    <skipped/>
  </testcase> <!-- Settings_Email_Receipt_Template -->
  <system-out/>
  <testcase name="Settings_Integrations_WebHook" time="0.000" classname="com.Test.AllClassCalling_Settings">
    <skipped/>
  </testcase> <!-- Settings_Integrations_WebHook -->
  <system-out/>
  <testcase name="Settings_Report_MatrixReport" time="0.000" classname="com.Test.AllClassCalling_Settings">
    <skipped/>
  </testcase> <!-- Settings_Report_MatrixReport -->
  <system-out/>
  <testcase name="Settings_Revenue_Center" time="0.000" classname="com.Test.AllClassCalling_Settings">
    <skipped/>
  </testcase> <!-- Settings_Revenue_Center -->
  <system-out/>
  <testcase name="Settings_WaitList" time="0.000" classname="com.Test.AllClassCalling_Settings">
    <skipped/>
  </testcase> <!-- Settings_WaitList -->
  <system-out/>
  <testcase name="Settings_General_Settings" time="0.000" classname="com.Test.AllClassCalling_Settings">
    <skipped/>
  </testcase> <!-- Settings_General_Settings -->
  <system-out/>
  <testcase name="Settings_Store_Licenses" time="0.000" classname="com.Test.AllClassCalling_Settings">
    <skipped/>
  </testcase> <!-- Settings_Store_Licenses -->
  <system-out/>
  <testcase name="Settings_Kitchen_Printers" time="0.000" classname="com.Test.AllClassCalling_Settings">
    <skipped/>
  </testcase> <!-- Settings_Kitchen_Printers -->
  <system-out/>
  <testcase name="Settings_Receipt_Printers" time="0.000" classname="com.Test.AllClassCalling_Settings">
    <skipped/>
  </testcase> <!-- Settings_Receipt_Printers -->
  <system-out/>
  <testcase name="Settings_Label_Printers" time="0.000" classname="com.Test.AllClassCalling_Settings">
    <skipped/>
  </testcase> <!-- Settings_Label_Printers -->
  <system-out/>
  <testcase name="Settings_AccountBalance" time="0.000" classname="com.Test.AllClassCalling_Settings">
    <skipped/>
  </testcase> <!-- Settings_AccountBalance -->
  <system-out/>
  <testcase name="Settings_POS_Custom_URL" time="0.000" classname="com.Test.AllClassCalling_Settings">
    <skipped/>
  </testcase> <!-- Settings_POS_Custom_URL -->
  <system-out/>
  <testcase name="Settings_StoreInventory" time="0.000" classname="com.Test.AllClassCalling_Settings">
    <skipped/>
  </testcase> <!-- Settings_StoreInventory -->
  <system-out/>
  <testcase name="Settings_EMV_Settings" time="0.000" classname="com.Test.AllClassCalling_Settings">
    <skipped/>
  </testcase> <!-- Settings_EMV_Settings -->
  <system-out/>
  <testcase name="Settings_Sale_Recap_Report" time="0.000" classname="com.Test.AllClassCalling_Settings">
    <skipped/>
  </testcase> <!-- Settings_Sale_Recap_Report -->
  <system-out/>
  <testcase name="Settings_Payment_Settings_and_Service_Charge" time="0.000" classname="com.Test.AllClassCalling_Settings">
    <skipped/>
  </testcase> <!-- Settings_Payment_Settings_and_Service_Charge -->
  <system-out/>
  <testcase name="Settings_Payment_Methods" time="0.000" classname="com.Test.AllClassCalling_Settings">
    <skipped/>
  </testcase> <!-- Settings_Payment_Methods -->
  <system-out/>
  <testcase name="Settings_Label_Template" time="0.000" classname="com.Test.AllClassCalling_Settings">
    <skipped/>
  </testcase> <!-- Settings_Label_Template -->
  <system-out/>
  <testcase name="Settings_KDS_Configuration" time="0.000" classname="com.Test.AllClassCalling_Settings">
    <skipped/>
  </testcase> <!-- Settings_KDS_Configuration -->
  <system-out/>
  <testcase name="Settings_Front_End_Receipt_Template" time="0.000" classname="com.Test.AllClassCalling_Settings">
    <skipped/>
  </testcase> <!-- Settings_Front_End_Receipt_Template -->
  <system-out/>
  <testcase name="Settings_Kitchen_Printer_Template" time="0.000" classname="com.Test.AllClassCalling_Settings">
    <skipped/>
  </testcase> <!-- Settings_Kitchen_Printer_Template -->
  <system-out/>
  <testcase name="Settings_Table_Layout" time="0.000" classname="com.Test.AllClassCalling_Settings">
    <skipped/>
  </testcase> <!-- Settings_Table_Layout -->
  <system-out/>
  <testcase name="Settings_ThirdPartyIntegrations" time="0.000" classname="com.Test.AllClassCalling_Settings">
    <skipped/>
  </testcase> <!-- Settings_ThirdPartyIntegrations -->
  <system-out/>
  <testcase name="Settings_Printer_Rerouting" time="0.000" classname="com.Test.AllClassCalling_Settings">
    <skipped/>
  </testcase> <!-- Settings_Printer_Rerouting -->
  <system-out/>
  <testcase name="Settings_TipOut_TipSharing" time="0.000" classname="com.Test.AllClassCalling_Settings">
    <skipped/>
  </testcase> <!-- Settings_TipOut_TipSharing -->
  <system-out/>
  <testcase name="End_Settings" time="0.000" classname="com.Test.AllClassCalling_Settings">
    <skipped/>
  </testcase> <!-- End_Settings -->
  <system-out/>
  <testcase name="logout" time="0.000" classname="com.Test.AllClassCalling_Settings">
    <skipped/>
  </testcase> <!-- logout -->
  <system-out/>
  <testcase name="Settings_Business_Hours" classname="com.Test.AllClassCalling_Settings">
    <skipped/>
  </testcase> <!-- Settings_Business_Hours -->
  <system-out/>
</testsuite> <!-- com.Test.AllClassCalling_Settings -->
