<?xml version="1.0" encoding="UTF-8"?>
<!-- Generated by org.testng.reporters.JUnitReportReporter -->
<testsuite hostname="INL-JVNGDL3" failures="0" tests="7" name="com.Test.Settings_Label_Template" time="812.710" errors="0" timestamp="2023-04-06T16:29:00 IST" skipped="4">
  <testcase classname="com.Test.Settings_Label_Template" name="Login" time="44.512"/>
  <system-out/>
  <testcase classname="com.Test.Settings_Label_Template" name="Calling" time="767.705"/>
  <system-out/>
  <testcase classname="com.Test.Settings_Label_Template" name="LogOut" time="0.493"/>
  <system-out/>
  <testcase classname="com.Test.Settings_Label_Template" name="Save_Zebra_Label_Template_Settings">
    <skipped/>
  </testcase> <!-- Save_Zebra_Label_Template_Settings -->
  <system-out/>
  <testcase classname="com.Test.Settings_Label_Template" name="Open_Label_Printer_Page">
    <skipped/>
  </testcase> <!-- Open_Label_Printer_Page -->
  <system-out/>
  <testcase classname="com.Test.Settings_Label_Template" name="Save_Epson_Box_Label_Template_Settings">
    <skipped/>
  </testcase> <!-- Save_Epson_Box_Label_Template_Settings -->
  <system-out/>
  <testcase classname="com.Test.Settings_Label_Template" name="Save_Kitchen_Label_Template_Settings">
    <skipped/>
  </testcase> <!-- Save_Kitchen_Label_Template_Settings -->
  <system-out/>
</testsuite> <!-- com.Test.Settings_Label_Template -->
