<?xml version="1.0" encoding="UTF-8"?>
<!-- Generated by org.testng.reporters.JUnitReportReporter -->
<testsuite hostname="INL-JVNGDL3" failures="0" tests="5" name="com.Test.Old_BO_Reports_Online_Sales_Report" time="220.062" errors="0" timestamp="2023-10-19T18:33:06 IST" skipped="2">
  <testcase classname="com.Test.Old_BO_Reports_Online_Sales_Report" name="Login" time="169.946"/>
  <testcase classname="com.Test.Old_BO_Reports_Online_Sales_Report" name="Calling" time="43.661"/>
  <testcase classname="com.Test.Old_BO_Reports_Online_Sales_Report" name="LogOut" time="6.455"/>
  <testcase classname="com.Test.Old_BO_Reports_Online_Sales_Report" name="Open_OnlineSales_Sales_Page">
    <skipped/>
  </testcase> <!-- Open_OnlineSales_Sales_Page -->
  <testcase classname="com.Test.Old_BO_Reports_Online_Sales_Report" name="Old_BO_OnlineSales_Report_Date_Range">
    <skipped/>
  </testcase> <!-- Old_BO_OnlineSales_Report_Date_Range -->
</testsuite> <!-- com.Test.Old_BO_Reports_Online_Sales_Report -->
