<?xml version="1.0" encoding="UTF-8"?>
<!-- Generated by org.testng.reporters.JUnitReportReporter -->
<testsuite hostname="INL-JVNGDL3" failures="0" tests="14" name="com.Test.Product_Items_AddEditDelete_Categories" time="370.021" errors="0" timestamp="2023-04-12T12:44:37 IST" skipped="11">
  <testcase classname="com.Test.Product_Items_AddEditDelete_Categories" name="Login" time="84.320"/>
  <system-out/>
  <testcase classname="com.Test.Product_Items_AddEditDelete_Categories" name="Calling" time="285.460"/>
  <system-out/>
  <testcase classname="com.Test.Product_Items_AddEditDelete_Categories" name="LogOut" time="0.241"/>
  <system-out/>
  <testcase classname="com.Test.Product_Items_AddEditDelete_Categories" name="Edit_and_Update_Categories_DaysOfWeek">
    <skipped/>
  </testcase> <!-- Edit_and_Update_Categories_DaysOfWeek -->
  <system-out/>
  <testcase classname="com.Test.Product_Items_AddEditDelete_Categories" name="Create_DuplicateCategory">
    <skipped/>
  </testcase> <!-- Create_DuplicateCategory -->
  <system-out/>
  <testcase classname="com.Test.Product_Items_AddEditDelete_Categories" name="Edit_and_Update_Categories_DateRange">
    <skipped/>
  </testcase> <!-- Edit_and_Update_Categories_DateRange -->
  <system-out/>
  <testcase classname="com.Test.Product_Items_AddEditDelete_Categories" name="Edit_and_Close_Cancel_Categories">
    <skipped/>
  </testcase> <!-- Edit_and_Close_Cancel_Categories -->
  <system-out/>
  <testcase classname="com.Test.Product_Items_AddEditDelete_Categories" name="Edit_and_Update_Categories_Specific_Date">
    <skipped/>
  </testcase> <!-- Edit_and_Update_Categories_Specific_Date -->
  <system-out/>
  <testcase classname="com.Test.Product_Items_AddEditDelete_Categories" name="RefreshAndPaginination">
    <skipped/>
  </testcase> <!-- RefreshAndPaginination -->
  <system-out/>
  <testcase classname="com.Test.Product_Items_AddEditDelete_Categories" name="Open_Categories_Page">
    <skipped/>
  </testcase> <!-- Open_Categories_Page -->
  <system-out/>
  <testcase classname="com.Test.Product_Items_AddEditDelete_Categories" name="Edit_and_Update_Categories_DateRangeWithTime">
    <skipped/>
  </testcase> <!-- Edit_and_Update_Categories_DateRangeWithTime -->
  <system-out/>
  <testcase classname="com.Test.Product_Items_AddEditDelete_Categories" name="Add_Categories">
    <skipped/>
  </testcase> <!-- Add_Categories -->
  <system-out/>
  <testcase classname="com.Test.Product_Items_AddEditDelete_Categories" name="Edit_and_Update_Categories_DaysOfMonth">
    <skipped/>
  </testcase> <!-- Edit_and_Update_Categories_DaysOfMonth -->
  <system-out/>
  <testcase classname="com.Test.Product_Items_AddEditDelete_Categories" name="Delete_and_Active_Inactive_Categories">
    <skipped/>
  </testcase> <!-- Delete_and_Active_Inactive_Categories -->
  <system-out/>
</testsuite> <!-- com.Test.Product_Items_AddEditDelete_Categories -->
