<?xml version="1.0" encoding="UTF-8"?>
<!-- Generated by org.testng.reporters.JUnitReportReporter -->
<testsuite hostname="INL-JVNGDL3" failures="0" tests="5" name="com.Test.Old_BO_Reports_Hourly_Sale_Report" time="225.147" errors="0" timestamp="2023-10-19T18:01:25 IST" skipped="2">
  <testcase classname="com.Test.Old_BO_Reports_Hourly_Sale_Report" name="Login" time="175.580"/>
  <testcase classname="com.Test.Old_BO_Reports_Hourly_Sale_Report" name="Calling" time="43.223"/>
  <testcase classname="com.Test.Old_BO_Reports_Hourly_Sale_Report" name="LogOut" time="6.344"/>
  <testcase classname="com.Test.Old_BO_Reports_Hourly_Sale_Report" name="Old_BO_Hourly_Report_Date_Range">
    <skipped/>
  </testcase> <!-- Old_BO_Hourly_Report_Date_Range -->
  <testcase classname="com.Test.Old_BO_Reports_Hourly_Sale_Report" name="Open_Hourly_Sales_Page">
    <skipped/>
  </testcase> <!-- Open_Hourly_Sales_Page -->
</testsuite> <!-- com.Test.Old_BO_Reports_Hourly_Sale_Report -->
