<?xml version="1.0" encoding="UTF-8"?>
<!-- Generated by org.testng.reporters.JUnitReportReporter -->
<testsuite skipped="7" hostname="INL-JVNGDL3" name="com.Test.Product_Items_AddEditDelete_Departments" tests="10" failures="0" timestamp="2023-03-16T19:22:18 IST" time="195.818" errors="0">
  <testcase name="Login" time="46.493" classname="com.Test.Product_Items_AddEditDelete_Departments"/>
  <system-out/>
  <testcase name="Calling" time="148.648" classname="com.Test.Product_Items_AddEditDelete_Departments"/>
  <system-out/>
  <testcase name="LogOut" time="0.677" classname="com.Test.Product_Items_AddEditDelete_Departments"/>
  <system-out/>
  <testcase name="Add_Departments" classname="com.Test.Product_Items_AddEditDelete_Departments">
    <skipped/>
  </testcase> <!-- Add_Departments -->
  <system-out/>
  <testcase name="RefreshAndPaginination" classname="com.Test.Product_Items_AddEditDelete_Departments">
    <skipped/>
  </testcase> <!-- RefreshAndPaginination -->
  <system-out/>
  <testcase name="Create_DuplicateDepartment" classname="com.Test.Product_Items_AddEditDelete_Departments">
    <skipped/>
  </testcase> <!-- Create_DuplicateDepartment -->
  <system-out/>
  <testcase name="Open_Departments_Page" classname="com.Test.Product_Items_AddEditDelete_Departments">
    <skipped/>
  </testcase> <!-- Open_Departments_Page -->
  <system-out/>
  <testcase name="Edit_and_Close_Cancel_Departments" classname="com.Test.Product_Items_AddEditDelete_Departments">
    <skipped/>
  </testcase> <!-- Edit_and_Close_Cancel_Departments -->
  <system-out/>
  <testcase name="Delete_and_Active_Inactive_Departments" classname="com.Test.Product_Items_AddEditDelete_Departments">
    <skipped/>
  </testcase> <!-- Delete_and_Active_Inactive_Departments -->
  <system-out/>
  <testcase name="Edit_and_Update_Departments" classname="com.Test.Product_Items_AddEditDelete_Departments">
    <skipped/>
  </testcase> <!-- Edit_and_Update_Departments -->
  <system-out/>
</testsuite> <!-- com.Test.Product_Items_AddEditDelete_Departments -->
