<?xml version="1.0" encoding="UTF-8"?>
<!-- Generated by org.testng.reporters.JUnitReportReporter -->
<testsuite hostname="INL-JVNGDL3" failures="0" tests="20" name="com.Test.Inventory_Reports_Purchase_Item" time="717.589" errors="0" timestamp="2023-06-21T18:55:00 IST" skipped="17">
  <testcase classname="com.Test.Inventory_Reports_Purchase_Item" name="Login" time="51.798"/>
  <system-out/>
  <testcase classname="com.Test.Inventory_Reports_Purchase_Item" name="Calling" time="660.459"/>
  <system-out/>
  <testcase classname="com.Test.Inventory_Reports_Purchase_Item" name="LogOut" time="5.332"/>
  <system-out/>
  <testcase classname="com.Test.Inventory_Reports_Purchase_Item" name="Inventory_Reports_Purchase_Item_For_All_Specific_Date">
    <skipped/>
  </testcase> <!-- Inventory_Reports_Purchase_Item_For_All_Specific_Date -->
  <system-out/>
  <testcase classname="com.Test.Inventory_Reports_Purchase_Item" name="Inventory_Reports_Purchase_Item_For_All_Last_7_Days">
    <skipped/>
  </testcase> <!-- Inventory_Reports_Purchase_Item_For_All_Last_7_Days -->
  <system-out/>
  <testcase classname="com.Test.Inventory_Reports_Purchase_Item" name="Inventory_Reports_Purchase_Item_For_All_This_Week">
    <skipped/>
  </testcase> <!-- Inventory_Reports_Purchase_Item_For_All_This_Week -->
  <system-out/>
  <testcase classname="com.Test.Inventory_Reports_Purchase_Item" name="Inventory_Reports_Purchase_Item_For_All_Yesterday">
    <skipped/>
  </testcase> <!-- Inventory_Reports_Purchase_Item_For_All_Yesterday -->
  <system-out/>
  <testcase classname="com.Test.Inventory_Reports_Purchase_Item" name="Inventory_Reports_Purchase_Item_For_All_Last_Week">
    <skipped/>
  </testcase> <!-- Inventory_Reports_Purchase_Item_For_All_Last_Week -->
  <system-out/>
  <testcase classname="com.Test.Inventory_Reports_Purchase_Item" name="Inventory_Reports_Verify_Purchase_Item_For_Retail_Item">
    <skipped/>
  </testcase> <!-- Inventory_Reports_Verify_Purchase_Item_For_Retail_Item -->
  <system-out/>
  <testcase classname="com.Test.Inventory_Reports_Purchase_Item" name="Inventory_Reports_Purchase_Item_For_All_Last_30_Days">
    <skipped/>
  </testcase> <!-- Inventory_Reports_Purchase_Item_For_All_Last_30_Days -->
  <system-out/>
  <testcase classname="com.Test.Inventory_Reports_Purchase_Item" name="Inventory_Reports_Purchase_Item_For_All_This_Month">
    <skipped/>
  </testcase> <!-- Inventory_Reports_Purchase_Item_For_All_This_Month -->
  <system-out/>
  <testcase classname="com.Test.Inventory_Reports_Purchase_Item" name="Inventory_Reports_Purchase_Item_For_All_Last_Month">
    <skipped/>
  </testcase> <!-- Inventory_Reports_Purchase_Item_For_All_Last_Month -->
  <system-out/>
  <testcase classname="com.Test.Inventory_Reports_Purchase_Item" name="Inventory_Reports_Purchase_Item_For_All_Last_N_Days">
    <skipped/>
  </testcase> <!-- Inventory_Reports_Purchase_Item_For_All_Last_N_Days -->
  <system-out/>
  <testcase classname="com.Test.Inventory_Reports_Purchase_Item" name="Inventory_Reports_Purchase_Item_For_All_Today">
    <skipped/>
  </testcase> <!-- Inventory_Reports_Purchase_Item_For_All_Today -->
  <system-out/>
  <testcase classname="com.Test.Inventory_Reports_Purchase_Item" name="Open_Inventory_Reports_Purchase_Item_For_All_Page">
    <skipped/>
  </testcase> <!-- Open_Inventory_Reports_Purchase_Item_For_All_Page -->
  <system-out/>
  <testcase classname="com.Test.Inventory_Reports_Purchase_Item" name="Inventory_Reports_Purchase_Item_For_All_Verify_Purchase_Item_Search">
    <skipped/>
  </testcase> <!-- Inventory_Reports_Purchase_Item_For_All_Verify_Purchase_Item_Search -->
  <system-out/>
  <testcase classname="com.Test.Inventory_Reports_Purchase_Item" name="Inventory_Reports_Verify_Purchase_Item_For_Inventory_Item">
    <skipped/>
  </testcase> <!-- Inventory_Reports_Verify_Purchase_Item_For_Inventory_Item -->
  <system-out/>
  <testcase classname="com.Test.Inventory_Reports_Purchase_Item" name="RefreshAndPaginination">
    <skipped/>
  </testcase> <!-- RefreshAndPaginination -->
  <system-out/>
  <testcase classname="com.Test.Inventory_Reports_Purchase_Item" name="Inventory_Reports_Verify_Purchase_Item_For_SubREcipe">
    <skipped/>
  </testcase> <!-- Inventory_Reports_Verify_Purchase_Item_For_SubREcipe -->
  <system-out/>
  <testcase classname="com.Test.Inventory_Reports_Purchase_Item" name="Inventory_Reports_Purchase_Item_For_All_Date_Range">
    <skipped/>
  </testcase> <!-- Inventory_Reports_Purchase_Item_For_All_Date_Range -->
  <system-out/>
</testsuite> <!-- com.Test.Inventory_Reports_Purchase_Item -->
