<?xml version="1.0" encoding="UTF-8"?>
<!-- Generated by org.testng.reporters.JUnitReportReporter -->
<testsuite hostname="INL-JVNGDL3" failures="0" tests="5" name="com.Test.Dashboard_Online_Ordering_Old_BO" time="350.536" errors="0" timestamp="2023-10-26T18:22:25 IST" skipped="2">
  <testcase classname="com.Test.Dashboard_Online_Ordering_Old_BO" name="Login" time="173.726"/>
  <testcase classname="com.Test.Dashboard_Online_Ordering_Old_BO" name="Calling" time="170.520"/>
  <testcase classname="com.Test.Dashboard_Online_Ordering_Old_BO" name="LogOut" time="6.290"/>
  <testcase classname="com.Test.Dashboard_Online_Ordering_Old_BO" name="Dashboard_Sales_Date_Range">
    <skipped/>
  </testcase> <!-- Dashboard_Sales_Date_Range -->
  <testcase classname="com.Test.Dashboard_Online_Ordering_Old_BO" name="Open_Dashboard_Sales_Page">
    <skipped/>
  </testcase> <!-- Open_Dashboard_Sales_Page -->
</testsuite> <!-- com.Test.Dashboard_Online_Ordering_Old_BO -->
