<?xml version="1.0" encoding="UTF-8"?>
<!-- Generated by org.testng.reporters.JUnitReportReporter -->
<testsuite hostname="INL-JVNGDL3" failures="0" tests="11" name="com.Test.Settings_POSCustomURL" time="457.559" errors="0" timestamp="2023-04-05T14:04:28 IST" skipped="8">
  <testcase classname="com.Test.Settings_POSCustomURL" name="Login" time="46.354"/>
  <system-out/>
  <testcase classname="com.Test.Settings_POSCustomURL" name="Calling" time="410.939"/>
  <system-out/>
  <testcase classname="com.Test.Settings_POSCustomURL" name="LogOut" time="0.266"/>
  <system-out/>
  <testcase classname="com.Test.Settings_POSCustomURL" name="more_than_ten_customer_url">
    <skipped/>
  </testcase> <!-- more_than_ten_customer_url -->
  <system-out/>
  <testcase classname="com.Test.Settings_POSCustomURL" name="Delete_customer_url">
    <skipped/>
  </testcase> <!-- Delete_customer_url -->
  <system-out/>
  <testcase classname="com.Test.Settings_POSCustomURL" name="Edit_customer_url">
    <skipped/>
  </testcase> <!-- Edit_customer_url -->
  <system-out/>
  <testcase classname="com.Test.Settings_POSCustomURL" name="Delete_All_customer_url">
    <skipped/>
  </testcase> <!-- Delete_All_customer_url -->
  <system-out/>
  <testcase classname="com.Test.Settings_POSCustomURL" name="Verify_PosCustomUrlPath">
    <skipped/>
  </testcase> <!-- Verify_PosCustomUrlPath -->
  <system-out/>
  <testcase classname="com.Test.Settings_POSCustomURL" name="Add_New_customer_url">
    <skipped/>
  </testcase> <!-- Add_New_customer_url -->
  <system-out/>
  <testcase classname="com.Test.Settings_POSCustomURL" name="Verify_More_than_ten_customer_url">
    <skipped/>
  </testcase> <!-- Verify_More_than_ten_customer_url -->
  <system-out/>
  <testcase classname="com.Test.Settings_POSCustomURL" name="Open_POSUrl_Page">
    <skipped/>
  </testcase> <!-- Open_POSUrl_Page -->
  <system-out/>
</testsuite> <!-- com.Test.Settings_POSCustomURL -->
