<?xml version="1.0" encoding="UTF-8"?>
<!-- Generated by org.testng.reporters.JUnitReportReporter -->
<testsuite hostname="INL-JVNGDL3" failures="0" tests="5" name="com.Test.Old_BO_Reports_Sale_Summary_Report" time="334.347" errors="0" timestamp="2023-10-19T18:39:16 IST" skipped="2">
  <testcase classname="com.Test.Old_BO_Reports_Sale_Summary_Report" name="Login" time="170.394"/>
  <testcase classname="com.Test.Old_BO_Reports_Sale_Summary_Report" name="Calling" time="145.995"/>
  <testcase classname="com.Test.Old_BO_Reports_Sale_Summary_Report" name="LogOut" time="17.958"/>
  <testcase classname="com.Test.Old_BO_Reports_Sale_Summary_Report" name="Open_SaleSummary_Sales_Page">
    <skipped/>
  </testcase> <!-- Open_SaleSummary_Sales_Page -->
  <testcase classname="com.Test.Old_BO_Reports_Sale_Summary_Report" name="Old_BO_SaleSummary_Report_Date_Range">
    <skipped/>
  </testcase> <!-- Old_BO_SaleSummary_Report_Date_Range -->
</testsuite> <!-- com.Test.Old_BO_Reports_Sale_Summary_Report -->
