<?xml version="1.0" encoding="UTF-8"?>
<!-- Generated by org.testng.reporters.JUnitReportReporter -->
<testsuite hostname="INL-JVNGDL3" failures="0" tests="17" name="com.Test.Reports_HA_Activity_Report" time="223.490" errors="0" timestamp="2023-05-04T19:11:08 IST" skipped="14">
  <testcase classname="com.Test.Reports_HA_Activity_Report" name="Login" time="51.939"/>
  <system-out/>
  <testcase classname="com.Test.Reports_HA_Activity_Report" name="Calling" time="168.091"/>
  <system-out/>
  <testcase classname="com.Test.Reports_HA_Activity_Report" name="LogOut" time="3.460"/>
  <system-out/>
  <testcase classname="com.Test.Reports_HA_Activity_Report" name="RefreshAndPaginination">
    <skipped/>
  </testcase> <!-- RefreshAndPaginination -->
  <system-out/>
  <testcase classname="com.Test.Reports_HA_Activity_Report" name="HA_Activity_Report_Last_N_Days">
    <skipped/>
  </testcase> <!-- HA_Activity_Report_Last_N_Days -->
  <system-out/>
  <testcase classname="com.Test.Reports_HA_Activity_Report" name="HA_Activity_Report_Date_Range">
    <skipped/>
  </testcase> <!-- HA_Activity_Report_Date_Range -->
  <system-out/>
  <testcase classname="com.Test.Reports_HA_Activity_Report" name="Open_HA_Activity_Report_Page">
    <skipped/>
  </testcase> <!-- Open_HA_Activity_Report_Page -->
  <system-out/>
  <testcase classname="com.Test.Reports_HA_Activity_Report" name="HA_Activity_Report_Yesterday">
    <skipped/>
  </testcase> <!-- HA_Activity_Report_Yesterday -->
  <system-out/>
  <testcase classname="com.Test.Reports_HA_Activity_Report" name="HA_Activity_Report_This_Week">
    <skipped/>
  </testcase> <!-- HA_Activity_Report_This_Week -->
  <system-out/>
  <testcase classname="com.Test.Reports_HA_Activity_Report" name="HA_Activity_Report_Last_7_Days">
    <skipped/>
  </testcase> <!-- HA_Activity_Report_Last_7_Days -->
  <system-out/>
  <testcase classname="com.Test.Reports_HA_Activity_Report" name="HA_Activity_Report_Verify_Card_Search">
    <skipped/>
  </testcase> <!-- HA_Activity_Report_Verify_Card_Search -->
  <system-out/>
  <testcase classname="com.Test.Reports_HA_Activity_Report" name="HA_Activity_Report_Last_Week">
    <skipped/>
  </testcase> <!-- HA_Activity_Report_Last_Week -->
  <system-out/>
  <testcase classname="com.Test.Reports_HA_Activity_Report" name="HA_Activity_Report_Today">
    <skipped/>
  </testcase> <!-- HA_Activity_Report_Today -->
  <system-out/>
  <testcase classname="com.Test.Reports_HA_Activity_Report" name="HA_Activity_Report_Last_Month">
    <skipped/>
  </testcase> <!-- HA_Activity_Report_Last_Month -->
  <system-out/>
  <testcase classname="com.Test.Reports_HA_Activity_Report" name="HA_Activity_Report_This_Month">
    <skipped/>
  </testcase> <!-- HA_Activity_Report_This_Month -->
  <system-out/>
  <testcase classname="com.Test.Reports_HA_Activity_Report" name="HA_Activity_Report_Last_30_Days">
    <skipped/>
  </testcase> <!-- HA_Activity_Report_Last_30_Days -->
  <system-out/>
  <testcase classname="com.Test.Reports_HA_Activity_Report" name="HA_Activity_Report_Specific_Date">
    <skipped/>
  </testcase> <!-- HA_Activity_Report_Specific_Date -->
  <system-out/>
</testsuite> <!-- com.Test.Reports_HA_Activity_Report -->
