<?xml version="1.0" encoding="UTF-8"?>
<!-- Generated by org.testng.reporters.JUnitReportReporter -->
<testsuite hostname="INL-JVNGDL3" failures="0" tests="13" name="com.Test.Inventory_Adjust_Inventory_Reasons" time="66.104" errors="1" timestamp="2023-06-01T17:17:27 IST" skipped="10">
  <testcase classname="com.Test.Inventory_Adjust_Inventory_Reasons" name="Login" time="49.507"/>
  <system-out/>
  <testcase classname="com.Test.Inventory_Adjust_Inventory_Reasons" name="Calling" time="12.850">
    <error message="Cannot invoke &quot;com.Pages.InventoryPage.Click_New_Adjustment_Reason()&quot; because &quot;this.air&quot; is null" type="java.lang.NullPointerException">
      <![CDATA[java.lang.NullPointerException: Cannot invoke "com.Pages.InventoryPage.Click_New_Adjustment_Reason()" because "this.air" is null
at com.Test.Inventory_Adjust_Inventory_Reasons.Add_Adjust_Inventory_Reason(Inventory_Adjust_Inventory_Reasons.java:165)
at com.Test.Inventory_Adjust_Inventory_Reasons.Calling(Inventory_Adjust_Inventory_Reasons.java:112)
at java.base/jdk.internal.reflect.NativeMethodAccessorImpl.invoke0(Native Method)
at java.base/jdk.internal.reflect.NativeMethodAccessorImpl.invoke(NativeMethodAccessorImpl.java:77)
at java.base/jdk.internal.reflect.DelegatingMethodAccessorImpl.invoke(DelegatingMethodAccessorImpl.java:43)
at java.base/java.lang.reflect.Method.invoke(Method.java:568)
at org.testng.internal.MethodInvocationHelper.invokeMethod(MethodInvocationHelper.java:133)
at org.testng.internal.TestInvoker.invokeMethod(TestInvoker.java:598)
at org.testng.internal.TestInvoker.invokeTestMethod(TestInvoker.java:173)
at org.testng.internal.MethodRunner.runInSequence(MethodRunner.java:46)
at org.testng.internal.TestInvoker$MethodInvocationAgent.invoke(TestInvoker.java:824)
at org.testng.internal.TestInvoker.invokeTestMethods(TestInvoker.java:146)
at org.testng.internal.TestMethodWorker.invokeTestMethods(TestMethodWorker.java:146)
at org.testng.internal.TestMethodWorker.run(TestMethodWorker.java:128)
at java.base/java.util.ArrayList.forEach(ArrayList.java:1511)
at org.testng.TestRunner.privateRun(TestRunner.java:794)
at org.testng.TestRunner.run(TestRunner.java:596)
at org.testng.SuiteRunner.runTest(SuiteRunner.java:377)
at org.testng.SuiteRunner.runSequentially(SuiteRunner.java:371)
at org.testng.SuiteRunner.privateRun(SuiteRunner.java:332)
at org.testng.SuiteRunner.run(SuiteRunner.java:276)
at org.testng.SuiteRunnerWorker.runSuite(SuiteRunnerWorker.java:53)
at org.testng.SuiteRunnerWorker.run(SuiteRunnerWorker.java:96)
at org.testng.TestNG.runSuitesSequentially(TestNG.java:1212)
at org.testng.TestNG.runSuitesLocally(TestNG.java:1134)
at org.testng.TestNG.runSuites(TestNG.java:1063)
at org.testng.TestNG.run(TestNG.java:1031)
at org.testng.remote.AbstractRemoteTestNG.run(AbstractRemoteTestNG.java:115)
at org.testng.remote.RemoteTestNG.initAndRun(RemoteTestNG.java:251)
at org.testng.remote.RemoteTestNG.main(RemoteTestNG.java:77)
]]>
    </error>
  </testcase> <!-- Calling -->
  <system-out/>
  <testcase classname="com.Test.Inventory_Adjust_Inventory_Reasons" name="LogOut" time="3.747"/>
  <system-out/>
  <testcase classname="com.Test.Inventory_Adjust_Inventory_Reasons" name="Edit_and_Update_Adjust_Inventory_Reason_Type_As_Decrease">
    <skipped/>
  </testcase> <!-- Edit_and_Update_Adjust_Inventory_Reason_Type_As_Decrease -->
  <system-out/>
  <testcase classname="com.Test.Inventory_Adjust_Inventory_Reasons" name="Edit_and_Close_Cancel_Adjust_Inventory_Reason">
    <skipped/>
  </testcase> <!-- Edit_and_Close_Cancel_Adjust_Inventory_Reason -->
  <system-out/>
  <testcase classname="com.Test.Inventory_Adjust_Inventory_Reasons" name="Add_Adjust_Inventory_Reason">
    <skipped/>
  </testcase> <!-- Add_Adjust_Inventory_Reason -->
  <system-out/>
  <testcase classname="com.Test.Inventory_Adjust_Inventory_Reasons" name="Open_Adjust_Inventory_Reason_Page">
    <skipped/>
  </testcase> <!-- Open_Adjust_Inventory_Reason_Page -->
  <system-out/>
  <testcase classname="com.Test.Inventory_Adjust_Inventory_Reasons" name="Create_Duplicate_Adjust_Inventory_Reason">
    <skipped/>
  </testcase> <!-- Create_Duplicate_Adjust_Inventory_Reason -->
  <system-out/>
  <testcase classname="com.Test.Inventory_Adjust_Inventory_Reasons" name="Edit_and_Update_Adjust_Inventory_Reason_Type_As_Adjustment">
    <skipped/>
  </testcase> <!-- Edit_and_Update_Adjust_Inventory_Reason_Type_As_Adjustment -->
  <system-out/>
  <testcase classname="com.Test.Inventory_Adjust_Inventory_Reasons" name="Delete_and_Active_Inactive_Adjust_Inventory_Reason">
    <skipped/>
  </testcase> <!-- Delete_and_Active_Inactive_Adjust_Inventory_Reason -->
  <system-out/>
  <testcase classname="com.Test.Inventory_Adjust_Inventory_Reasons" name="Verify_in_Adjust_Inventory_Adjust_Inventory_Reason">
    <skipped/>
  </testcase> <!-- Verify_in_Adjust_Inventory_Adjust_Inventory_Reason -->
  <system-out/>
  <testcase classname="com.Test.Inventory_Adjust_Inventory_Reasons" name="RefreshAndPaginination_ColumnFilteration">
    <skipped/>
  </testcase> <!-- RefreshAndPaginination_ColumnFilteration -->
  <system-out/>
  <testcase classname="com.Test.Inventory_Adjust_Inventory_Reasons" name="Edit_and_Update_Adjust_Inventory_Reason_Type_As_Increase">
    <skipped/>
  </testcase> <!-- Edit_and_Update_Adjust_Inventory_Reason_Type_As_Increase -->
  <system-out/>
</testsuite> <!-- com.Test.Inventory_Adjust_Inventory_Reasons -->
