<?xml version="1.0" encoding="UTF-8"?>
<!-- Generated by org.testng.reporters.JUnitReportReporter -->
<testsuite skipped="13" hostname="INL-JVNGDL3" name="com.Test.Reports_SubCategory_Sale_Report" tests="16" failures="0" timestamp="2023-03-15T17:12:24 IST" time="165.124" errors="0">
  <testcase name="Login" time="54.714" classname="com.Test.Reports_SubCategory_Sale_Report"/>
  <system-out/>
  <testcase name="Calling" time="110.225" classname="com.Test.Reports_SubCategory_Sale_Report"/>
  <system-out/>
  <testcase name="LogOut" time="0.185" classname="com.Test.Reports_SubCategory_Sale_Report"/>
  <system-out/>
  <testcase name="SubCategory_Report_Last_30_Days" classname="com.Test.Reports_SubCategory_Sale_Report">
    <skipped/>
  </testcase> <!-- SubCategory_Report_Last_30_Days -->
  <system-out/>
  <testcase name="SubCategory_Report_Date_Range" classname="com.Test.Reports_SubCategory_Sale_Report">
    <skipped/>
  </testcase> <!-- SubCategory_Report_Date_Range -->
  <system-out/>
  <testcase name="SubCategory_Report_Yesterday" classname="com.Test.Reports_SubCategory_Sale_Report">
    <skipped/>
  </testcase> <!-- SubCategory_Report_Yesterday -->
  <system-out/>
  <testcase name="SubCategory_Report_Last_Week" classname="com.Test.Reports_SubCategory_Sale_Report">
    <skipped/>
  </testcase> <!-- SubCategory_Report_Last_Week -->
  <system-out/>
  <testcase name="SubCategory_Report_Last_Month" classname="com.Test.Reports_SubCategory_Sale_Report">
    <skipped/>
  </testcase> <!-- SubCategory_Report_Last_Month -->
  <system-out/>
  <testcase name="SubCategory_Report_Specific_Date" classname="com.Test.Reports_SubCategory_Sale_Report">
    <skipped/>
  </testcase> <!-- SubCategory_Report_Specific_Date -->
  <system-out/>
  <testcase name="RefreshAndPaginination" classname="com.Test.Reports_SubCategory_Sale_Report">
    <skipped/>
  </testcase> <!-- RefreshAndPaginination -->
  <system-out/>
  <testcase name="SubCategory_Report_Today" classname="com.Test.Reports_SubCategory_Sale_Report">
    <skipped/>
  </testcase> <!-- SubCategory_Report_Today -->
  <system-out/>
  <testcase name="Open_SubCategory_Report_Page" classname="com.Test.Reports_SubCategory_Sale_Report">
    <skipped/>
  </testcase> <!-- Open_SubCategory_Report_Page -->
  <system-out/>
  <testcase name="SubCategory_Report_This_Week" classname="com.Test.Reports_SubCategory_Sale_Report">
    <skipped/>
  </testcase> <!-- SubCategory_Report_This_Week -->
  <system-out/>
  <testcase name="SubCategory_Report_Last_N_Days" classname="com.Test.Reports_SubCategory_Sale_Report">
    <skipped/>
  </testcase> <!-- SubCategory_Report_Last_N_Days -->
  <system-out/>
  <testcase name="SubCategory_Report_Last_7_Days" classname="com.Test.Reports_SubCategory_Sale_Report">
    <skipped/>
  </testcase> <!-- SubCategory_Report_Last_7_Days -->
  <system-out/>
  <testcase name="SubCategory_Report_This_Month" classname="com.Test.Reports_SubCategory_Sale_Report">
    <skipped/>
  </testcase> <!-- SubCategory_Report_This_Month -->
  <system-out/>
</testsuite> <!-- com.Test.Reports_SubCategory_Sale_Report -->
