<?xml version="1.0" encoding="UTF-8"?>
<!-- Generated by org.testng.reporters.JUnitReportReporter -->
<testsuite hostname="INL-JVNGDL3" failures="0" tests="1" name="com.Test.AllClassCalling_Reports" time="1804.931" errors="0" timestamp="2023-09-19T12:30:12 IST" skipped="0">
  <testcase classname="com.Test.AllClassCalling_Reports" name="Reports_Sale_Recap_Report" time="1804.931"/>
</testsuite> <!-- com.Test.AllClassCalling_Reports -->
