<?xml version="1.0" encoding="UTF-8"?>
<!-- Generated by org.testng.reporters.JUnitReportReporter -->
<testsuite hostname="INL-JVNGDL3" failures="0" tests="5" name="com.Test.Dashboard_Inventory_Old_BO" time="315.743" errors="0" timestamp="2023-10-18T19:00:20 IST" skipped="2">
  <testcase classname="com.Test.Dashboard_Inventory_Old_BO" name="Login" time="276.215"/>
  <testcase classname="com.Test.Dashboard_Inventory_Old_BO" name="Calling" time="33.176"/>
  <testcase classname="com.Test.Dashboard_Inventory_Old_BO" name="LogOut" time="6.352"/>
  <testcase classname="com.Test.Dashboard_Inventory_Old_BO" name="Dashboard_Sales_Date_Range">
    <skipped/>
  </testcase> <!-- Dashboard_Sales_Date_Range -->
  <testcase classname="com.Test.Dashboard_Inventory_Old_BO" name="Open_Dashboard_Sales_Page">
    <skipped/>
  </testcase> <!-- Open_Dashboard_Sales_Page -->
</testsuite> <!-- com.Test.Dashboard_Inventory_Old_BO -->
