<?xml version="1.0" encoding="UTF-8"?>
<!-- Generated by org.testng.reporters.JUnitReportReporter -->
<testsuite hostname="INL-JVNGDL3" failures="0" tests="48" name="com.Test.AllClassCalling_Reports" time="4.239" errors="1" timestamp="2023-11-08T19:48:19 IST" skipped="47">
  <testcase classname="com.Test.AllClassCalling_Reports" name="Login" time="4.239">
    <error message="com/typesafe/config/ConfigMergeable" type="java.lang.NoClassDefFoundError">
      <![CDATA[java.lang.NoClassDefFoundError: com/typesafe/config/ConfigMergeable
at com.epam.healenium.SelfHealingDriver.create(SelfHealingDriver.java:40)
at com.Test.AllClassCalling_Reports.Login(AllClassCalling_Reports.java:106)
at java.base/jdk.internal.reflect.NativeMethodAccessorImpl.invoke0(Native Method)
at java.base/jdk.internal.reflect.NativeMethodAccessorImpl.invoke(NativeMethodAccessorImpl.java:77)
at java.base/jdk.internal.reflect.DelegatingMethodAccessorImpl.invoke(DelegatingMethodAccessorImpl.java:43)
at java.base/java.lang.reflect.Method.invoke(Method.java:568)
at org.testng.internal.invokers.MethodInvocationHelper.invokeMethod(MethodInvocationHelper.java:139)
at org.testng.internal.invokers.MethodInvocationHelper.invokeMethodConsideringTimeout(MethodInvocationHelper.java:69)
at org.testng.internal.invokers.ConfigInvoker.invokeConfigurationMethod(ConfigInvoker.java:390)
at org.testng.internal.invokers.ConfigInvoker.invokeConfigurations(ConfigInvoker.java:325)
at org.testng.TestRunner.invokeTestConfigurations(TestRunner.java:663)
at org.testng.TestRunner.beforeRun(TestRunner.java:652)
at org.testng.TestRunner.run(TestRunner.java:614)
at org.testng.SuiteRunner.runTest(SuiteRunner.java:443)
at org.testng.SuiteRunner.runSequentially(SuiteRunner.java:437)
at org.testng.SuiteRunner.privateRun(SuiteRunner.java:397)
at org.testng.SuiteRunner.run(SuiteRunner.java:336)
at org.testng.SuiteRunnerWorker.runSuite(SuiteRunnerWorker.java:52)
at org.testng.SuiteRunnerWorker.run(SuiteRunnerWorker.java:95)
at org.testng.TestNG.runSuitesSequentially(TestNG.java:1280)
at org.testng.TestNG.runSuitesLocally(TestNG.java:1200)
at org.testng.TestNG.runSuites(TestNG.java:1114)
at org.testng.TestNG.run(TestNG.java:1082)
at org.testng.remote.AbstractRemoteTestNG.run(AbstractRemoteTestNG.java:115)
at org.testng.remote.RemoteTestNG.initAndRun(RemoteTestNG.java:251)
at org.testng.remote.RemoteTestNG.main(RemoteTestNG.java:77)
Caused by: java.lang.ClassNotFoundException: com.typesafe.config.ConfigMergeable
at java.base/jdk.internal.loader.BuiltinClassLoader.loadClass(BuiltinClassLoader.java:641)
at java.base/jdk.internal.loader.ClassLoaders$AppClassLoader.loadClass(ClassLoaders.java:188)
at java.base/java.lang.ClassLoader.loadClass(ClassLoader.java:520)
... 26 more
]]>
    </error>
  </testcase> <!-- Login -->
  <testcase classname="com.Test.AllClassCalling_Reports" name="Reports_Sale_Recap_Report" time="0.000">
    <skipped/>
  </testcase> <!-- Reports_Sale_Recap_Report -->
  <testcase classname="com.Test.AllClassCalling_Reports" name="Reports_Department_Sale_Report" time="0.000">
    <skipped/>
  </testcase> <!-- Reports_Department_Sale_Report -->
  <testcase classname="com.Test.AllClassCalling_Reports" name="Reports_Category_Sale_Report" time="0.000">
    <skipped/>
  </testcase> <!-- Reports_Category_Sale_Report -->
  <testcase classname="com.Test.AllClassCalling_Reports" name="Reports_SubCategory_Sale_Report" time="0.000">
    <skipped/>
  </testcase> <!-- Reports_SubCategory_Sale_Report -->
  <testcase classname="com.Test.AllClassCalling_Reports" name="Reports_MenuItem_Sale_Report" time="0.000">
    <skipped/>
  </testcase> <!-- Reports_MenuItem_Sale_Report -->
  <testcase classname="com.Test.AllClassCalling_Reports" name="Reports_Modifier_Sale_Report" time="0.000">
    <skipped/>
  </testcase> <!-- Reports_Modifier_Sale_Report -->
  <testcase classname="com.Test.AllClassCalling_Reports" name="Reports_Hourly_Sale_Report" time="0.000">
    <skipped/>
  </testcase> <!-- Reports_Hourly_Sale_Report -->
  <testcase classname="com.Test.AllClassCalling_Reports" name="Reports_Daily_Sale_Report" time="0.000">
    <skipped/>
  </testcase> <!-- Reports_Daily_Sale_Report -->
  <testcase classname="com.Test.AllClassCalling_Reports" name="Reports_Cashier_Out_Report" time="0.000">
    <skipped/>
  </testcase> <!-- Reports_Cashier_Out_Report -->
  <testcase classname="com.Test.AllClassCalling_Reports" name="Reports_Weekly_Summary_Sale_Report" time="0.000">
    <skipped/>
  </testcase> <!-- Reports_Weekly_Summary_Sale_Report -->
  <testcase classname="com.Test.AllClassCalling_Reports" name="Reports_Sale_Summary_Report" time="0.000">
    <skipped/>
  </testcase> <!-- Reports_Sale_Summary_Report -->
  <testcase classname="com.Test.AllClassCalling_Reports" name="Reports_Future_Order_Sale_Report" time="0.000">
    <skipped/>
  </testcase> <!-- Reports_Future_Order_Sale_Report -->
  <testcase classname="com.Test.AllClassCalling_Reports" name="Reports_Sale_Logo_Sale" time="0.000">
    <skipped/>
  </testcase> <!-- Reports_Sale_Logo_Sale -->
  <testcase classname="com.Test.AllClassCalling_Reports" name="Reports_Sale_Logo_Payment" time="0.000">
    <skipped/>
  </testcase> <!-- Reports_Sale_Logo_Payment -->
  <testcase classname="com.Test.AllClassCalling_Reports" name="Reports_Online_Sales_Report" time="0.000">
    <skipped/>
  </testcase> <!-- Reports_Online_Sales_Report -->
  <testcase classname="com.Test.AllClassCalling_Reports" name="Reports_Transactions_Report" time="0.000">
    <skipped/>
  </testcase> <!-- Reports_Transactions_Report -->
  <testcase classname="com.Test.AllClassCalling_Reports" name="Reports_Void_Transactions_Report" time="0.000">
    <skipped/>
  </testcase> <!-- Reports_Void_Transactions_Report -->
  <testcase classname="com.Test.AllClassCalling_Reports" name="Reports_Gift_Card_Report" time="0.000">
    <skipped/>
  </testcase> <!-- Reports_Gift_Card_Report -->
  <testcase classname="com.Test.AllClassCalling_Reports" name="Reports_GiveX_Report" time="0.000">
    <skipped/>
  </testcase> <!-- Reports_GiveX_Report -->
  <testcase classname="com.Test.AllClassCalling_Reports" name="Reports_Discount_Report" time="0.000">
    <skipped/>
  </testcase> <!-- Reports_Discount_Report -->
  <testcase classname="com.Test.AllClassCalling_Reports" name="Reports_Void_Node_Report" time="0.000">
    <skipped/>
  </testcase> <!-- Reports_Void_Node_Report -->
  <testcase classname="com.Test.AllClassCalling_Reports" name="Reports_Void_Employee_Report" time="0.000">
    <skipped/>
  </testcase> <!-- Reports_Void_Employee_Report -->
  <testcase classname="com.Test.AllClassCalling_Reports" name="Reports_Paid_In_Paid_Out_Report" time="0.000">
    <skipped/>
  </testcase> <!-- Reports_Paid_In_Paid_Out_Report -->
  <testcase classname="com.Test.AllClassCalling_Reports" name="Reports_Audit_Log" time="0.000">
    <skipped/>
  </testcase> <!-- Reports_Audit_Log -->
  <testcase classname="com.Test.AllClassCalling_Reports" name="Reports_Employee_Attendance_Report" time="0.000">
    <skipped/>
  </testcase> <!-- Reports_Employee_Attendance_Report -->
  <testcase classname="com.Test.AllClassCalling_Reports" name="Reports_Employee_Role_Based_Payroll_Report" time="0.000">
    <skipped/>
  </testcase> <!-- Reports_Employee_Role_Based_Payroll_Report -->
  <testcase classname="com.Test.AllClassCalling_Reports" name="Reports_Employee_Labor_Report" time="0.000">
    <skipped/>
  </testcase> <!-- Reports_Employee_Labor_Report -->
  <testcase classname="com.Test.AllClassCalling_Reports" name="Reports_Employee_Labor_By_Job_Code_Report" time="0.000">
    <skipped/>
  </testcase> <!-- Reports_Employee_Labor_By_Job_Code_Report -->
  <testcase classname="com.Test.AllClassCalling_Reports" name="Reports_Employee_Gratuity_Report" time="0.000">
    <skipped/>
  </testcase> <!-- Reports_Employee_Gratuity_Report -->
  <testcase classname="com.Test.AllClassCalling_Reports" name="Reports_Employee_CashTip" time="0.000">
    <skipped/>
  </testcase> <!-- Reports_Employee_CashTip -->
  <testcase classname="com.Test.AllClassCalling_Reports" name="Reports_HA_Activity_Report" time="0.000">
    <skipped/>
  </testcase> <!-- Reports_HA_Activity_Report -->
  <testcase classname="com.Test.AllClassCalling_Reports" name="Reports_HA_Statement" time="0.000">
    <skipped/>
  </testcase> <!-- Reports_HA_Statement -->
  <testcase classname="com.Test.AllClassCalling_Reports" name="Reports_Driver_Report" time="0.000">
    <skipped/>
  </testcase> <!-- Reports_Driver_Report -->
  <testcase classname="com.Test.AllClassCalling_Reports" name="Reports_Batch_Report" time="0.000">
    <skipped/>
  </testcase> <!-- Reports_Batch_Report -->
  <testcase classname="com.Test.AllClassCalling_Reports" name="Reports_Refund_Report" time="0.000">
    <skipped/>
  </testcase> <!-- Reports_Refund_Report -->
  <testcase classname="com.Test.AllClassCalling_Reports" name="Reports_Till_Report" time="0.000">
    <skipped/>
  </testcase> <!-- Reports_Till_Report -->
  <testcase classname="com.Test.AllClassCalling_Reports" name="Reports_Cash_Transaction_Report" time="0.000">
    <skipped/>
  </testcase> <!-- Reports_Cash_Transaction_Report -->
  <testcase classname="com.Test.AllClassCalling_Reports" name="Reports_Customer_Preference_Report" time="0.000">
    <skipped/>
  </testcase> <!-- Reports_Customer_Preference_Report -->
  <testcase classname="com.Test.AllClassCalling_Reports" name="Reports_Daily_Tender_Report" time="0.000">
    <skipped/>
  </testcase> <!-- Reports_Daily_Tender_Report -->
  <testcase classname="com.Test.AllClassCalling_Reports" name="Reports_Daily_Summary_Report" time="0.000">
    <skipped/>
  </testcase> <!-- Reports_Daily_Summary_Report -->
  <testcase classname="com.Test.AllClassCalling_Reports" name="Reports_Tax_Report" time="0.000">
    <skipped/>
  </testcase> <!-- Reports_Tax_Report -->
  <testcase classname="com.Test.AllClassCalling_Reports" name="Reports_Revenue_Center" time="0.000">
    <skipped/>
  </testcase> <!-- Reports_Revenue_Center -->
  <testcase classname="com.Test.AllClassCalling_Reports" name="Reports_Account_Balance_Report" time="0.000">
    <skipped/>
  </testcase> <!-- Reports_Account_Balance_Report -->
  <testcase classname="com.Test.AllClassCalling_Reports" name="Reports_Membership_Summary_Report" time="0.000">
    <skipped/>
  </testcase> <!-- Reports_Membership_Summary_Report -->
  <testcase classname="com.Test.AllClassCalling_Reports" name="Reports_Membership_Statement" time="0.000">
    <skipped/>
  </testcase> <!-- Reports_Membership_Statement -->
  <testcase classname="com.Test.AllClassCalling_Reports" name="Reports_Comparison_Report">
    <skipped/>
  </testcase> <!-- Reports_Comparison_Report -->
  <testcase classname="com.Test.AllClassCalling_Reports" name="Reports_Store_Credit_Report">
    <skipped/>
  </testcase> <!-- Reports_Store_Credit_Report -->
</testsuite> <!-- com.Test.AllClassCalling_Reports -->
