<?xml version="1.0" encoding="UTF-8"?>
<!-- Generated by org.testng.reporters.JUnitReportReporter -->
<testsuite hostname="INL-JVNGDL3" failures="0" tests="16" name="com.Test.Reports_Hourly_Sale_Report" time="158.188" errors="0" timestamp="2023-04-10T14:45:27 IST" skipped="13">
  <testcase classname="com.Test.Reports_Hourly_Sale_Report" name="Login" time="52.944"/>
  <system-out/>
  <testcase classname="com.Test.Reports_Hourly_Sale_Report" name="Calling" time="105.015"/>
  <system-out/>
  <testcase classname="com.Test.Reports_Hourly_Sale_Report" name="LogOut" time="0.229"/>
  <system-out/>
  <testcase classname="com.Test.Reports_Hourly_Sale_Report" name="Hourly_Sale_Report_Last_30_Days">
    <skipped/>
  </testcase> <!-- Hourly_Sale_Report_Last_30_Days -->
  <system-out/>
  <testcase classname="com.Test.Reports_Hourly_Sale_Report" name="Hourly_Sale_Report_This_Month">
    <skipped/>
  </testcase> <!-- Hourly_Sale_Report_This_Month -->
  <system-out/>
  <testcase classname="com.Test.Reports_Hourly_Sale_Report" name="Hourly_Sale_Report_Last_7_Days">
    <skipped/>
  </testcase> <!-- Hourly_Sale_Report_Last_7_Days -->
  <system-out/>
  <testcase classname="com.Test.Reports_Hourly_Sale_Report" name="Hourly_Sale_Report_Today">
    <skipped/>
  </testcase> <!-- Hourly_Sale_Report_Today -->
  <system-out/>
  <testcase classname="com.Test.Reports_Hourly_Sale_Report" name="Hourly_Sale_Report_Last_N_Days">
    <skipped/>
  </testcase> <!-- Hourly_Sale_Report_Last_N_Days -->
  <system-out/>
  <testcase classname="com.Test.Reports_Hourly_Sale_Report" name="Hourly_Sale_Report_Specific_Date">
    <skipped/>
  </testcase> <!-- Hourly_Sale_Report_Specific_Date -->
  <system-out/>
  <testcase classname="com.Test.Reports_Hourly_Sale_Report" name="Hourly_Sale_Report_Last_Week">
    <skipped/>
  </testcase> <!-- Hourly_Sale_Report_Last_Week -->
  <system-out/>
  <testcase classname="com.Test.Reports_Hourly_Sale_Report" name="Hourly_Sale_Report_Date_Range">
    <skipped/>
  </testcase> <!-- Hourly_Sale_Report_Date_Range -->
  <system-out/>
  <testcase classname="com.Test.Reports_Hourly_Sale_Report" name="Hourly_Sale_Report_Last_Month">
    <skipped/>
  </testcase> <!-- Hourly_Sale_Report_Last_Month -->
  <system-out/>
  <testcase classname="com.Test.Reports_Hourly_Sale_Report" name="RefreshAndPaginination">
    <skipped/>
  </testcase> <!-- RefreshAndPaginination -->
  <system-out/>
  <testcase classname="com.Test.Reports_Hourly_Sale_Report" name="Hourly_Sale_Report_Yesterday">
    <skipped/>
  </testcase> <!-- Hourly_Sale_Report_Yesterday -->
  <system-out/>
  <testcase classname="com.Test.Reports_Hourly_Sale_Report" name="Open_Hourly_Sale_Report_Page">
    <skipped/>
  </testcase> <!-- Open_Hourly_Sale_Report_Page -->
  <system-out/>
  <testcase classname="com.Test.Reports_Hourly_Sale_Report" name="Hourly_Sale_Report_This_Week">
    <skipped/>
  </testcase> <!-- Hourly_Sale_Report_This_Week -->
  <system-out/>
</testsuite> <!-- com.Test.Reports_Hourly_Sale_Report -->
