<?xml version="1.0" encoding="UTF-8"?>
<!-- Generated by org.testng.reporters.JUnitReportReporter -->
<testsuite hostname="INL-JVNGDL3" failures="0" tests="17" name="com.Test.Reports_Cash_Transaction_Report" time="1460.275" errors="0" timestamp="2023-05-03T14:04:20 IST" skipped="14">
  <testcase classname="com.Test.Reports_Cash_Transaction_Report" name="Login" time="66.787"/>
  <system-out/>
  <testcase classname="com.Test.Reports_Cash_Transaction_Report" name="Calling" time="1388.816"/>
  <system-out/>
  <testcase classname="com.Test.Reports_Cash_Transaction_Report" name="LogOut" time="4.672"/>
  <system-out/>
  <testcase classname="com.Test.Reports_Cash_Transaction_Report" name="RefreshAndPaginination">
    <skipped/>
  </testcase> <!-- RefreshAndPaginination -->
  <system-out/>
  <testcase classname="com.Test.Reports_Cash_Transaction_Report" name="Cash_Transaction_Report_Verify_Cash_Transaction_Search">
    <skipped/>
  </testcase> <!-- Cash_Transaction_Report_Verify_Cash_Transaction_Search -->
  <system-out/>
  <testcase classname="com.Test.Reports_Cash_Transaction_Report" name="Cash_Transaction_Report_Last_7_Days">
    <skipped/>
  </testcase> <!-- Cash_Transaction_Report_Last_7_Days -->
  <system-out/>
  <testcase classname="com.Test.Reports_Cash_Transaction_Report" name="Cash_Transaction_Report_Date_Range">
    <skipped/>
  </testcase> <!-- Cash_Transaction_Report_Date_Range -->
  <system-out/>
  <testcase classname="com.Test.Reports_Cash_Transaction_Report" name="Cash_Transaction_Report_Yesterday">
    <skipped/>
  </testcase> <!-- Cash_Transaction_Report_Yesterday -->
  <system-out/>
  <testcase classname="com.Test.Reports_Cash_Transaction_Report" name="Open_Cash_Transaction_Report_Page">
    <skipped/>
  </testcase> <!-- Open_Cash_Transaction_Report_Page -->
  <system-out/>
  <testcase classname="com.Test.Reports_Cash_Transaction_Report" name="Cash_Transaction_Report_This_Month">
    <skipped/>
  </testcase> <!-- Cash_Transaction_Report_This_Month -->
  <system-out/>
  <testcase classname="com.Test.Reports_Cash_Transaction_Report" name="Cash_Transaction_Report_Last_N_Days">
    <skipped/>
  </testcase> <!-- Cash_Transaction_Report_Last_N_Days -->
  <system-out/>
  <testcase classname="com.Test.Reports_Cash_Transaction_Report" name="Cash_Transaction_Report_Last_Week">
    <skipped/>
  </testcase> <!-- Cash_Transaction_Report_Last_Week -->
  <system-out/>
  <testcase classname="com.Test.Reports_Cash_Transaction_Report" name="Cash_Transaction_Report_This_Week">
    <skipped/>
  </testcase> <!-- Cash_Transaction_Report_This_Week -->
  <system-out/>
  <testcase classname="com.Test.Reports_Cash_Transaction_Report" name="Cash_Transaction_Report_Specific_Date">
    <skipped/>
  </testcase> <!-- Cash_Transaction_Report_Specific_Date -->
  <system-out/>
  <testcase classname="com.Test.Reports_Cash_Transaction_Report" name="Cash_Transaction_Report_Last_30_Days">
    <skipped/>
  </testcase> <!-- Cash_Transaction_Report_Last_30_Days -->
  <system-out/>
  <testcase classname="com.Test.Reports_Cash_Transaction_Report" name="Cash_Transaction_Report_Today">
    <skipped/>
  </testcase> <!-- Cash_Transaction_Report_Today -->
  <system-out/>
  <testcase classname="com.Test.Reports_Cash_Transaction_Report" name="Cash_Transaction_Report_Last_Month">
    <skipped/>
  </testcase> <!-- Cash_Transaction_Report_Last_Month -->
  <system-out/>
</testsuite> <!-- com.Test.Reports_Cash_Transaction_Report -->
