<?xml version="1.0" encoding="UTF-8"?>
<!-- Generated by org.testng.reporters.JUnitReportReporter -->
<testsuite hostname="INL-JVNGDL3" failures="0" tests="1" name="com.Test.Report_Comparison" time="9.659" errors="0" timestamp="2023-08-22T11:52:57 IST" skipped="0">
  <testcase classname="com.Test.Report_Comparison" name="Sale_Recap_Report_Today" time="9.659"/>
  <system-out/>
</testsuite> <!-- com.Test.Report_Comparison -->
