<?xml version="1.0" encoding="UTF-8"?>
<!-- Generated by org.testng.reporters.JUnitReportReporter -->
<testsuite skipped="16" hostname="Raja-QA-Laptop-IN" name="com.Test.Product_Items_AddEditDelete_Taxes" tests="19" failures="0" timestamp="2023-05-15T17:23:28 IST" time="1346.189" errors="0">
  <testcase name="Login" time="89.485" classname="com.Test.Product_Items_AddEditDelete_Taxes"/>
  <system-out/>
  <testcase name="Calling" time="1253.138" classname="com.Test.Product_Items_AddEditDelete_Taxes"/>
  <system-out/>
  <testcase name="LogOut" time="3.566" classname="com.Test.Product_Items_AddEditDelete_Taxes"/>
  <system-out/>
  <testcase name="Create_Duplicate_Tax" classname="com.Test.Product_Items_AddEditDelete_Taxes">
    <skipped/>
  </testcase> <!-- Create_Duplicate_Tax -->
  <system-out/>
  <testcase name="Edit_and_Update_Tax_On_Item_Tax" classname="com.Test.Product_Items_AddEditDelete_Taxes">
    <skipped/>
  </testcase> <!-- Edit_and_Update_Tax_On_Item_Tax -->
  <system-out/>
  <testcase name="Add_Tax_For_Tax_Per_ServiceType" classname="com.Test.Product_Items_AddEditDelete_Taxes">
    <skipped/>
  </testcase> <!-- Add_Tax_For_Tax_Per_ServiceType -->
  <system-out/>
  <testcase name="RefreshAndPaginination" classname="com.Test.Product_Items_AddEditDelete_Taxes">
    <skipped/>
  </testcase> <!-- RefreshAndPaginination -->
  <system-out/>
  <testcase name="Add_TaxOnCheckTax" classname="com.Test.Product_Items_AddEditDelete_Taxes">
    <skipped/>
  </testcase> <!-- Add_TaxOnCheckTax -->
  <system-out/>
  <testcase name="Open_Taxes_Page" classname="com.Test.Product_Items_AddEditDelete_Taxes">
    <skipped/>
  </testcase> <!-- Open_Taxes_Page -->
  <system-out/>
  <testcase name="Edit_and_Update_CheckTax" classname="com.Test.Product_Items_AddEditDelete_Taxes">
    <skipped/>
  </testcase> <!-- Edit_and_Update_CheckTax -->
  <system-out/>
  <testcase name="Edit_and_Close_Cancel_Taxes" classname="com.Test.Product_Items_AddEditDelete_Taxes">
    <skipped/>
  </testcase> <!-- Edit_and_Close_Cancel_Taxes -->
  <system-out/>
  <testcase name="Edit_and_Update_Tax_On_Check_Tax" classname="com.Test.Product_Items_AddEditDelete_Taxes">
    <skipped/>
  </testcase> <!-- Edit_and_Update_Tax_On_Check_Tax -->
  <system-out/>
  <testcase name="Add_TaxOnItemTax" classname="com.Test.Product_Items_AddEditDelete_Taxes">
    <skipped/>
  </testcase> <!-- Add_TaxOnItemTax -->
  <system-out/>
  <testcase name="Add_CheckTax" classname="com.Test.Product_Items_AddEditDelete_Taxes">
    <skipped/>
  </testcase> <!-- Add_CheckTax -->
  <system-out/>
  <testcase name="Edit_and_Update_ItemTax" classname="com.Test.Product_Items_AddEditDelete_Taxes">
    <skipped/>
  </testcase> <!-- Edit_and_Update_ItemTax -->
  <system-out/>
  <testcase name="Add_ItemTax_Percentage" classname="com.Test.Product_Items_AddEditDelete_Taxes">
    <skipped/>
  </testcase> <!-- Add_ItemTax_Percentage -->
  <system-out/>
  <testcase name="Add_ItemTax_Amount" classname="com.Test.Product_Items_AddEditDelete_Taxes">
    <skipped/>
  </testcase> <!-- Add_ItemTax_Amount -->
  <system-out/>
  <testcase name="Delete_and_Active_Inactive_Taxes" classname="com.Test.Product_Items_AddEditDelete_Taxes">
    <skipped/>
  </testcase> <!-- Delete_and_Active_Inactive_Taxes -->
  <system-out/>
  <testcase name="Edit_and_Update_Tax_Per_ServiceType" classname="com.Test.Product_Items_AddEditDelete_Taxes">
    <skipped/>
  </testcase> <!-- Edit_and_Update_Tax_Per_ServiceType -->
  <system-out/>
</testsuite> <!-- com.Test.Product_Items_AddEditDelete_Taxes -->
