<?xml version="1.0" encoding="UTF-8"?>
<!-- Generated by org.testng.reporters.JUnitReportReporter -->
<testsuite hostname="INL-JVNGDL3" failures="0" tests="22" name="com.Test.AllClassCalling_Enterprise_Reports" time="7.787" errors="1" timestamp="2023-09-15T11:54:29 IST" skipped="21">
  <testcase classname="com.Test.AllClassCalling_Enterprise_Reports" name="Login" time="7.786">
    <error message="Could not start a new session. Response code 500. Message: session not created: This version of ChromeDriver only supports Chrome version 114
Current browser version is 116.0.5845.188 with binary path C:\Program Files\Google\Chrome\Application\chrome.exe 
Host info: host: &#039;INL-JVNGDL3&#039;, ip: &#039;10.10.121.101&#039;
Build info: version: &#039;4.10.0&#039;, revision: &#039;c14d967899&#039;
System info: os.name: &#039;Windows 10&#039;, os.arch: &#039;amd64&#039;, os.version: &#039;10.0&#039;, java.version: &#039;17.0.8&#039;
Driver info: org.openqa.selenium.chrome.ChromeDriver
Command: [null, newSession {capabilities=[Capabilities {browserName: chrome, goog:chromeOptions: {args: [--remote-allow-origins=*], extensions: []}}]}]" type="org.openqa.selenium.SessionNotCreatedException">
      <![CDATA[org.openqa.selenium.SessionNotCreatedException: Could not start a new session. Response code 500. Message: session not created: This version of ChromeDriver only supports Chrome version 114
Current browser version is 116.0.5845.188 with binary path C:\Program Files\Google\Chrome\Application\chrome.exe 
Host info: host: 'INL-JVNGDL3', ip: '10.10.121.101'
Build info: version: '4.10.0', revision: 'c14d967899'
System info: os.name: 'Windows 10', os.arch: 'amd64', os.version: '10.0', java.version: '17.0.8'
Driver info: org.openqa.selenium.chrome.ChromeDriver
Command: [null, newSession {capabilities=[Capabilities {browserName: chrome, goog:chromeOptions: {args: [--remote-allow-origins=*], extensions: []}}]}]
at org.openqa.selenium.remote.ProtocolHandshake.createSession(ProtocolHandshake.java:140)
at org.openqa.selenium.remote.ProtocolHandshake.createSession(ProtocolHandshake.java:96)
at org.openqa.selenium.remote.ProtocolHandshake.createSession(ProtocolHandshake.java:68)
at org.openqa.selenium.remote.HttpCommandExecutor.execute(HttpCommandExecutor.java:163)
at org.openqa.selenium.remote.service.DriverCommandExecutor.invokeExecute(DriverCommandExecutor.java:196)
at org.openqa.selenium.remote.service.DriverCommandExecutor.execute(DriverCommandExecutor.java:171)
at org.openqa.selenium.remote.RemoteWebDriver.execute(RemoteWebDriver.java:531)
at org.openqa.selenium.remote.RemoteWebDriver.startSession(RemoteWebDriver.java:227)
at org.openqa.selenium.remote.RemoteWebDriver.<init>(RemoteWebDriver.java:154)
at org.openqa.selenium.chromium.ChromiumDriver.<init>(ChromiumDriver.java:107)
at org.openqa.selenium.chrome.ChromeDriver.<init>(ChromeDriver.java:87)
at org.openqa.selenium.chrome.ChromeDriver.<init>(ChromeDriver.java:82)
at org.openqa.selenium.chrome.ChromeDriver.<init>(ChromeDriver.java:71)
at com.Test.AllClassCalling_Enterprise_Reports.Login(AllClassCalling_Enterprise_Reports.java:95)
at java.base/jdk.internal.reflect.NativeMethodAccessorImpl.invoke0(Native Method)
at java.base/jdk.internal.reflect.NativeMethodAccessorImpl.invoke(NativeMethodAccessorImpl.java:77)
at java.base/jdk.internal.reflect.DelegatingMethodAccessorImpl.invoke(DelegatingMethodAccessorImpl.java:43)
at java.base/java.lang.reflect.Method.invoke(Method.java:568)
at org.testng.internal.MethodInvocationHelper.invokeMethod(MethodInvocationHelper.java:133)
at org.testng.internal.MethodInvocationHelper.invokeMethodConsideringTimeout(MethodInvocationHelper.java:62)
at org.testng.internal.ConfigInvoker.invokeConfigurationMethod(ConfigInvoker.java:385)
at org.testng.internal.ConfigInvoker.invokeConfigurations(ConfigInvoker.java:321)
at org.testng.TestRunner.invokeTestConfigurations(TestRunner.java:637)
at org.testng.TestRunner.beforeRun(TestRunner.java:627)
at org.testng.TestRunner.run(TestRunner.java:589)
at org.testng.SuiteRunner.runTest(SuiteRunner.java:377)
at org.testng.SuiteRunner.runSequentially(SuiteRunner.java:371)
at org.testng.SuiteRunner.privateRun(SuiteRunner.java:332)
at org.testng.SuiteRunner.run(SuiteRunner.java:276)
at org.testng.SuiteRunnerWorker.runSuite(SuiteRunnerWorker.java:53)
at org.testng.SuiteRunnerWorker.run(SuiteRunnerWorker.java:96)
at org.testng.TestNG.runSuitesSequentially(TestNG.java:1212)
at org.testng.TestNG.runSuitesLocally(TestNG.java:1134)
at org.testng.TestNG.runSuites(TestNG.java:1063)
at org.testng.TestNG.run(TestNG.java:1031)
at org.testng.remote.AbstractRemoteTestNG.run(AbstractRemoteTestNG.java:115)
at org.testng.remote.RemoteTestNG.initAndRun(RemoteTestNG.java:251)
at org.testng.remote.RemoteTestNG.main(RemoteTestNG.java:77)
]]>
    </error>
  </testcase> <!-- Login -->
  <system-out/>
  <testcase classname="com.Test.AllClassCalling_Enterprise_Reports" name="Enterprise_Reports" time="0.000">
    <skipped/>
  </testcase> <!-- Enterprise_Reports -->
  <system-out/>
  <testcase classname="com.Test.AllClassCalling_Enterprise_Reports" name="Enterprise_Reports_Sale_Recap_Report" time="0.000">
    <skipped/>
  </testcase> <!-- Enterprise_Reports_Sale_Recap_Report -->
  <system-out/>
  <testcase classname="com.Test.AllClassCalling_Enterprise_Reports" name="Enterprise_Reports_Department_Sale_Report" time="0.000">
    <skipped/>
  </testcase> <!-- Enterprise_Reports_Department_Sale_Report -->
  <system-out/>
  <testcase classname="com.Test.AllClassCalling_Enterprise_Reports" name="Enterprise_Reports_Category_Sale_Report" time="0.000">
    <skipped/>
  </testcase> <!-- Enterprise_Reports_Category_Sale_Report -->
  <system-out/>
  <testcase classname="com.Test.AllClassCalling_Enterprise_Reports" name="Enterprise_Reports_SubCategory_Sale_Report" time="0.000">
    <skipped/>
  </testcase> <!-- Enterprise_Reports_SubCategory_Sale_Report -->
  <system-out/>
  <testcase classname="com.Test.AllClassCalling_Enterprise_Reports" name="Enterprise_Reports_Menu_Items_Report" time="0.000">
    <skipped/>
  </testcase> <!-- Enterprise_Reports_Menu_Items_Report -->
  <system-out/>
  <testcase classname="com.Test.AllClassCalling_Enterprise_Reports" name="Enterprise_Reports_Modifier_Sale_Report" time="0.000">
    <skipped/>
  </testcase> <!-- Enterprise_Reports_Modifier_Sale_Report -->
  <system-out/>
  <testcase classname="com.Test.AllClassCalling_Enterprise_Reports" name="Enterprise_Reports_Hourly_Sale_Report" time="0.000">
    <skipped/>
  </testcase> <!-- Enterprise_Reports_Hourly_Sale_Report -->
  <system-out/>
  <testcase classname="com.Test.AllClassCalling_Enterprise_Reports" name="Enterprise_Reports_Daily_Sale_Report" time="0.001">
    <skipped/>
  </testcase> <!-- Enterprise_Reports_Daily_Sale_Report -->
  <system-out/>
  <testcase classname="com.Test.AllClassCalling_Enterprise_Reports" name="Enterprise_Reports_Cashier_Out_Report" time="0.000">
    <skipped/>
  </testcase> <!-- Enterprise_Reports_Cashier_Out_Report -->
  <system-out/>
  <testcase classname="com.Test.AllClassCalling_Enterprise_Reports" name="Enterprise_Reports_Weekly_Summary_Report" time="0.000">
    <skipped/>
  </testcase> <!-- Enterprise_Reports_Weekly_Summary_Report -->
  <system-out/>
  <testcase classname="com.Test.AllClassCalling_Enterprise_Reports" name="Enterprise_Reports_Sale_Summary_Report" time="0.000">
    <skipped/>
  </testcase> <!-- Enterprise_Reports_Sale_Summary_Report -->
  <system-out/>
  <testcase classname="com.Test.AllClassCalling_Enterprise_Reports" name="Enterprise_Detailed_Report" time="0.000">
    <skipped/>
  </testcase> <!-- Enterprise_Detailed_Report -->
  <system-out/>
  <testcase classname="com.Test.AllClassCalling_Enterprise_Reports" name="Enterprise_Reports_Online_Sales_Report" time="0.000">
    <skipped/>
  </testcase> <!-- Enterprise_Reports_Online_Sales_Report -->
  <system-out/>
  <testcase classname="com.Test.AllClassCalling_Enterprise_Reports" name="Enterprise_Reports_Employee_Role_Based_Payroll_Report" time="0.000">
    <skipped/>
  </testcase> <!-- Enterprise_Reports_Employee_Role_Based_Payroll_Report -->
  <system-out/>
  <testcase classname="com.Test.AllClassCalling_Enterprise_Reports" name="Enterprise_Reports_HA_Activity_Report" time="0.000">
    <skipped/>
  </testcase> <!-- Enterprise_Reports_HA_Activity_Report -->
  <system-out/>
  <testcase classname="com.Test.AllClassCalling_Enterprise_Reports" name="Enterprise_Reports_HA_Statement" time="0.000">
    <skipped/>
  </testcase> <!-- Enterprise_Reports_HA_Statement -->
  <system-out/>
  <testcase classname="com.Test.AllClassCalling_Enterprise_Reports" name="Enterprise_Reports_Gift_Card_Redemption" time="0.000">
    <skipped/>
  </testcase> <!-- Enterprise_Reports_Gift_Card_Redemption -->
  <system-out/>
  <testcase classname="com.Test.AllClassCalling_Enterprise_Reports" name="Enterprise_Reports_Royalty_Franchies_Royalty_Report" time="0.000">
    <skipped/>
  </testcase> <!-- Enterprise_Reports_Royalty_Franchies_Royalty_Report -->
  <system-out/>
  <testcase classname="com.Test.AllClassCalling_Enterprise_Reports" name="Enterprise_Reports_Royalty_Franchies_ACH_Report" time="0.000">
    <skipped/>
  </testcase> <!-- Enterprise_Reports_Royalty_Franchies_ACH_Report -->
  <system-out/>
  <testcase classname="com.Test.AllClassCalling_Enterprise_Reports" name="Enterprise_Reports_Loyalty_Report" time="0.000">
    <skipped/>
  </testcase> <!-- Enterprise_Reports_Loyalty_Report -->
  <system-out/>
</testsuite> <!-- com.Test.AllClassCalling_Enterprise_Reports -->
