<?xml version="1.0" encoding="UTF-8"?>
<!-- Generated by org.testng.reporters.JUnitReportReporter -->
<testsuite hostname="INL-JVNGDL3" failures="0" tests="32" name="com.Test.AllClassCalling_Inventory" time="7.814" errors="1" timestamp="2023-07-13T19:36:53 IST" skipped="31">
  <testcase classname="com.Test.AllClassCalling_Inventory" name="Login" time="7.814">
    <error message="Error communicating with the remote browser. It may have died.
Build info: version: &#039;4.4.0&#039;, revision: &#039;e5c75ed026a&#039;
System info: host: &#039;INL-JVNGDL3&#039;, ip: &#039;10.10.122.131&#039;, os.name: &#039;Windows 10&#039;, os.arch: &#039;amd64&#039;, os.version: &#039;10.0&#039;, java.version: &#039;17.0.6&#039;
Driver info: org.openqa.selenium.chrome.ChromeDriver
Command: [2155281b79e2faf0c1105a3a4d261bb8, get {url=https://mystore.lingapos.com/newui/auth/login}]
Capabilities {acceptInsecureCerts: false, browserName: chrome, browserVersion: 114.0.5735.199, chrome: {chromedriverVersion: 114.0.5735.90 (386bc09e8f4f..., userDataDir: C:\Users\raja.s\AppData\Loc...}, goog:chromeOptions: {debuggerAddress: localhost:58550}, networkConnectionEnabled: false, pageLoadStrategy: normal, platformName: WINDOWS, proxy: Proxy(), se:cdp: ws://localhost:58550/devtoo..., se:cdpVersion: 114.0.5735.199, setWindowRect: true, strictFileInteractability: false, timeouts: {implicit: 0, pageLoad: 300000, script: 30000}, unhandledPromptBehavior: dismiss and notify, webauthn:extension:credBlob: true, webauthn:extension:largeBlob: true, webauthn:extension:minPinLength: true, webauthn:extension:prf: true, webauthn:virtualAuthenticators: true}
Session ID: 2155281b79e2faf0c1105a3a4d261bb8" type="org.openqa.selenium.remote.UnreachableBrowserException">
      <![CDATA[org.openqa.selenium.remote.UnreachableBrowserException: Error communicating with the remote browser. It may have died.
Build info: version: '4.4.0', revision: 'e5c75ed026a'
System info: host: 'INL-JVNGDL3', ip: '10.10.122.131', os.name: 'Windows 10', os.arch: 'amd64', os.version: '10.0', java.version: '17.0.6'
Driver info: org.openqa.selenium.chrome.ChromeDriver
Command: [2155281b79e2faf0c1105a3a4d261bb8, get {url=https://mystore.lingapos.com/newui/auth/login}]
Capabilities {acceptInsecureCerts: false, browserName: chrome, browserVersion: 114.0.5735.199, chrome: {chromedriverVersion: 114.0.5735.90 (386bc09e8f4f..., userDataDir: C:\Users\raja.s\AppData\Loc...}, goog:chromeOptions: {debuggerAddress: localhost:58550}, networkConnectionEnabled: false, pageLoadStrategy: normal, platformName: WINDOWS, proxy: Proxy(), se:cdp: ws://localhost:58550/devtoo..., se:cdpVersion: 114.0.5735.199, setWindowRect: true, strictFileInteractability: false, timeouts: {implicit: 0, pageLoad: 300000, script: 30000}, unhandledPromptBehavior: dismiss and notify, webauthn:extension:credBlob: true, webauthn:extension:largeBlob: true, webauthn:extension:minPinLength: true, webauthn:extension:prf: true, webauthn:virtualAuthenticators: true}
Session ID: 2155281b79e2faf0c1105a3a4d261bb8
at org.openqa.selenium.remote.RemoteWebDriver.execute(RemoteWebDriver.java:571)
at org.openqa.selenium.remote.RemoteWebDriver.get(RemoteWebDriver.java:310)
at com.Test.AllClassCalling_Inventory.Login(AllClassCalling_Inventory.java:90)
at java.base/jdk.internal.reflect.NativeMethodAccessorImpl.invoke0(Native Method)
at java.base/jdk.internal.reflect.NativeMethodAccessorImpl.invoke(NativeMethodAccessorImpl.java:77)
at java.base/jdk.internal.reflect.DelegatingMethodAccessorImpl.invoke(DelegatingMethodAccessorImpl.java:43)
at java.base/java.lang.reflect.Method.invoke(Method.java:568)
at org.testng.internal.MethodInvocationHelper.invokeMethod(MethodInvocationHelper.java:133)
at org.testng.internal.MethodInvocationHelper.invokeMethodConsideringTimeout(MethodInvocationHelper.java:62)
at org.testng.internal.ConfigInvoker.invokeConfigurationMethod(ConfigInvoker.java:385)
at org.testng.internal.ConfigInvoker.invokeConfigurations(ConfigInvoker.java:321)
at org.testng.TestRunner.invokeTestConfigurations(TestRunner.java:637)
at org.testng.TestRunner.beforeRun(TestRunner.java:627)
at org.testng.TestRunner.run(TestRunner.java:589)
at org.testng.SuiteRunner.runTest(SuiteRunner.java:377)
at org.testng.SuiteRunner.runSequentially(SuiteRunner.java:371)
at org.testng.SuiteRunner.privateRun(SuiteRunner.java:332)
at org.testng.SuiteRunner.run(SuiteRunner.java:276)
at org.testng.SuiteRunnerWorker.runSuite(SuiteRunnerWorker.java:53)
at org.testng.SuiteRunnerWorker.run(SuiteRunnerWorker.java:96)
at org.testng.TestNG.runSuitesSequentially(TestNG.java:1212)
at org.testng.TestNG.runSuitesLocally(TestNG.java:1134)
at org.testng.TestNG.runSuites(TestNG.java:1063)
at org.testng.TestNG.run(TestNG.java:1031)
at org.testng.remote.AbstractRemoteTestNG.run(AbstractRemoteTestNG.java:115)
at org.testng.remote.RemoteTestNG.initAndRun(RemoteTestNG.java:251)
at org.testng.remote.RemoteTestNG.main(RemoteTestNG.java:77)
Caused by: java.io.UncheckedIOException: java.net.SocketException: Connection reset
at org.openqa.selenium.remote.http.netty.NettyHttpHandler.makeCall(NettyHttpHandler.java:73)
at org.openqa.selenium.remote.http.AddSeleniumUserAgent.lambda$apply$0(AddSeleniumUserAgent.java:42)
at org.openqa.selenium.remote.http.Filter.lambda$andFinally$1(Filter.java:56)
at org.openqa.selenium.remote.http.netty.NettyHttpHandler.execute(NettyHttpHandler.java:49)
at org.openqa.selenium.remote.http.AddSeleniumUserAgent.lambda$apply$0(AddSeleniumUserAgent.java:42)
at org.openqa.selenium.remote.http.Filter.lambda$andFinally$1(Filter.java:56)
at org.openqa.selenium.remote.http.netty.NettyClient.execute(NettyClient.java:98)
at org.openqa.selenium.remote.HttpCommandExecutor.execute(HttpCommandExecutor.java:181)
at org.openqa.selenium.remote.service.DriverCommandExecutor.invokeExecute(DriverCommandExecutor.java:167)
at org.openqa.selenium.remote.service.DriverCommandExecutor.execute(DriverCommandExecutor.java:142)
at org.openqa.selenium.remote.RemoteWebDriver.execute(RemoteWebDriver.java:547)
... 26 more
Caused by: java.net.SocketException: Connection reset
at java.base/sun.nio.ch.SocketChannelImpl.throwConnectionReset(SocketChannelImpl.java:394)
at java.base/sun.nio.ch.SocketChannelImpl.read(SocketChannelImpl.java:426)
at io.netty.buffer.PooledByteBuf.setBytes(PooledByteBuf.java:258)
at io.netty.buffer.AbstractByteBuf.writeBytes(AbstractByteBuf.java:1132)
at io.netty.channel.socket.nio.NioSocketChannel.doReadBytes(NioSocketChannel.java:357)
at io.netty.channel.nio.AbstractNioByteChannel$NioByteUnsafe.read(AbstractNioByteChannel.java:151)
at io.netty.channel.nio.NioEventLoop.processSelectedKey(NioEventLoop.java:722)
at io.netty.channel.nio.NioEventLoop.processSelectedKeysOptimized(NioEventLoop.java:658)
at io.netty.channel.nio.NioEventLoop.processSelectedKeys(NioEventLoop.java:584)
at io.netty.channel.nio.NioEventLoop.run(NioEventLoop.java:496)
at io.netty.util.concurrent.SingleThreadEventExecutor$4.run(SingleThreadEventExecutor.java:997)
at io.netty.util.internal.ThreadExecutorMap$2.run(ThreadExecutorMap.java:74)
at io.netty.util.concurrent.FastThreadLocalRunnable.run(FastThreadLocalRunnable.java:30)
at java.base/java.lang.Thread.run(Thread.java:833)
]]>
    </error>
  </testcase> <!-- Login -->
  <system-out/>
  <testcase classname="com.Test.AllClassCalling_Inventory" name="Inventory_Category" time="0.000">
    <skipped/>
  </testcase> <!-- Inventory_Category -->
  <system-out/>
  <testcase classname="com.Test.AllClassCalling_Inventory" name="Inventory_Sub_Category" time="0.000">
    <skipped/>
  </testcase> <!-- Inventory_Sub_Category -->
  <system-out/>
  <testcase classname="com.Test.AllClassCalling_Inventory" name="Inventory_Storage_Locations" time="0.000">
    <skipped/>
  </testcase> <!-- Inventory_Storage_Locations -->
  <system-out/>
  <testcase classname="com.Test.AllClassCalling_Inventory" name="Inventory_Vendors" time="0.000">
    <skipped/>
  </testcase> <!-- Inventory_Vendors -->
  <system-out/>
  <testcase classname="com.Test.AllClassCalling_Inventory" name="Inventory_InHouseUnits" time="0.000">
    <skipped/>
  </testcase> <!-- Inventory_InHouseUnits -->
  <system-out/>
  <testcase classname="com.Test.AllClassCalling_Inventory" name="Inventory_Item" time="0.000">
    <skipped/>
  </testcase> <!-- Inventory_Item -->
  <system-out/>
  <testcase classname="com.Test.AllClassCalling_Inventory" name="Inventory_Sub_Recipe" time="0.000">
    <skipped/>
  </testcase> <!-- Inventory_Sub_Recipe -->
  <system-out/>
  <testcase classname="com.Test.AllClassCalling_Inventory" name="Inventory_InventoryModifiers" time="0.000">
    <skipped/>
  </testcase> <!-- Inventory_InventoryModifiers -->
  <system-out/>
  <testcase classname="com.Test.AllClassCalling_Inventory" name="Inventory_Menu_Items" time="0.000">
    <skipped/>
  </testcase> <!-- Inventory_Menu_Items -->
  <system-out/>
  <testcase classname="com.Test.AllClassCalling_Inventory" name="Inventory_Adjust_Inventory_Reasons" time="0.000">
    <skipped/>
  </testcase> <!-- Inventory_Adjust_Inventory_Reasons -->
  <system-out/>
  <testcase classname="com.Test.AllClassCalling_Inventory" name="Inventory_Adjust_Inventory" time="0.000">
    <skipped/>
  </testcase> <!-- Inventory_Adjust_Inventory -->
  <system-out/>
  <testcase classname="com.Test.AllClassCalling_Inventory" name="Inventory_Low_Stocks" time="0.000">
    <skipped/>
  </testcase> <!-- Inventory_Low_Stocks -->
  <system-out/>
  <testcase classname="com.Test.AllClassCalling_Inventory" name="Inventory_Prepare_Menu_Item" time="0.000">
    <skipped/>
  </testcase> <!-- Inventory_Prepare_Menu_Item -->
  <system-out/>
  <testcase classname="com.Test.AllClassCalling_Inventory" name="Inventory_Prepare_SubRecipe" time="0.000">
    <skipped/>
  </testcase> <!-- Inventory_Prepare_SubRecipe -->
  <system-out/>
  <testcase classname="com.Test.AllClassCalling_Inventory" name="Inventory_SyncInventory" time="0.000">
    <skipped/>
  </testcase> <!-- Inventory_SyncInventory -->
  <system-out/>
  <testcase classname="com.Test.AllClassCalling_Inventory" name="Inventory_Purchase_Template" time="0.000">
    <skipped/>
  </testcase> <!-- Inventory_Purchase_Template -->
  <system-out/>
  <testcase classname="com.Test.AllClassCalling_Inventory" name="Inventory_Purchase_Orders" time="0.000">
    <skipped/>
  </testcase> <!-- Inventory_Purchase_Orders -->
  <system-out/>
  <testcase classname="com.Test.AllClassCalling_Inventory" name="Inventory_Purchase_Invoice" time="0.000">
    <skipped/>
  </testcase> <!-- Inventory_Purchase_Invoice -->
  <system-out/>
  <testcase classname="com.Test.AllClassCalling_Inventory" name="Inventory_Purchases_Received_Items_Received_Logs" time="0.000">
    <skipped/>
  </testcase> <!-- Inventory_Purchases_Received_Items_Received_Logs -->
  <system-out/>
  <testcase classname="com.Test.AllClassCalling_Inventory" name="Inventory_ExpiredPurchaseItem" time="0.000">
    <skipped/>
  </testcase> <!-- Inventory_ExpiredPurchaseItem -->
  <system-out/>
  <testcase classname="com.Test.AllClassCalling_Inventory" name="Inventory_Transfer" time="0.000">
    <skipped/>
  </testcase> <!-- Inventory_Transfer -->
  <system-out/>
  <testcase classname="com.Test.AllClassCalling_Inventory" name="Inventory_Reports_Master_Stock_Report" time="0.000">
    <skipped/>
  </testcase> <!-- Inventory_Reports_Master_Stock_Report -->
  <system-out/>
  <testcase classname="com.Test.AllClassCalling_Inventory" name="Inventory_Reports_Purchase_Item" time="0.000">
    <skipped/>
  </testcase> <!-- Inventory_Reports_Purchase_Item -->
  <system-out/>
  <testcase classname="com.Test.AllClassCalling_Inventory" name="Inventory_Reports_Consumption_Log" time="0.000">
    <skipped/>
  </testcase> <!-- Inventory_Reports_Consumption_Log -->
  <system-out/>
  <testcase classname="com.Test.AllClassCalling_Inventory" name="Inventory_Reports_Compare_Inventory_Report" time="0.000">
    <skipped/>
  </testcase> <!-- Inventory_Reports_Compare_Inventory_Report -->
  <system-out/>
  <testcase classname="com.Test.AllClassCalling_Inventory" name="Inventory_Reports_Count_Sheet" time="0.000">
    <skipped/>
  </testcase> <!-- Inventory_Reports_Count_Sheet -->
  <system-out/>
  <testcase classname="com.Test.AllClassCalling_Inventory" name="Inventory_Reports_COGS_Report" time="0.000">
    <skipped/>
  </testcase> <!-- Inventory_Reports_COGS_Report -->
  <system-out/>
  <testcase classname="com.Test.AllClassCalling_Inventory" name="Inventory_Reports_Adjust_Inventory" time="0.000">
    <skipped/>
  </testcase> <!-- Inventory_Reports_Adjust_Inventory -->
  <system-out/>
  <testcase classname="com.Test.AllClassCalling_Inventory" name="Inventory_Reports_Inventory_Item_History" time="0.000">
    <skipped/>
  </testcase> <!-- Inventory_Reports_Inventory_Item_History -->
  <system-out/>
  <testcase classname="com.Test.AllClassCalling_Inventory" name="Inventory_Reports_Matrix_Report" time="0.000">
    <skipped/>
  </testcase> <!-- Inventory_Reports_Matrix_Report -->
  <system-out/>
  <testcase classname="com.Test.AllClassCalling_Inventory" name="Inventory_Reports_Wastage_Report" time="0.000">
    <skipped/>
  </testcase> <!-- Inventory_Reports_Wastage_Report -->
  <system-out/>
</testsuite> <!-- com.Test.AllClassCalling_Inventory -->
