<?xml version="1.0" encoding="UTF-8"?>
<!-- Generated by org.testng.reporters.JUnitReportReporter -->
<testsuite skipped="7" hostname="INL-JVNGDL3" name="com.Test.Product_Items_AddEditDelete_Reasons" tests="10" failures="0" timestamp="2023-03-20T11:10:11 IST" time="550.550" errors="0">
  <testcase name="Login" time="45.879" classname="com.Test.Product_Items_AddEditDelete_Reasons"/>
  <system-out/>
  <testcase name="Calling" time="504.388" classname="com.Test.Product_Items_AddEditDelete_Reasons"/>
  <system-out/>
  <testcase name="LogOut" time="0.283" classname="com.Test.Product_Items_AddEditDelete_Reasons"/>
  <system-out/>
  <testcase name="Edit_and_Update_Reasons" classname="com.Test.Product_Items_AddEditDelete_Reasons">
    <skipped/>
  </testcase> <!-- Edit_and_Update_Reasons -->
  <system-out/>
  <testcase name="RefreshAndPaginination" classname="com.Test.Product_Items_AddEditDelete_Reasons">
    <skipped/>
  </testcase> <!-- RefreshAndPaginination -->
  <system-out/>
  <testcase name="Add_Reasons" classname="com.Test.Product_Items_AddEditDelete_Reasons">
    <skipped/>
  </testcase> <!-- Add_Reasons -->
  <system-out/>
  <testcase name="Create_DuplicateReason" classname="com.Test.Product_Items_AddEditDelete_Reasons">
    <skipped/>
  </testcase> <!-- Create_DuplicateReason -->
  <system-out/>
  <testcase name="Delete_and_Active_Inactive_Reasons" classname="com.Test.Product_Items_AddEditDelete_Reasons">
    <skipped/>
  </testcase> <!-- Delete_and_Active_Inactive_Reasons -->
  <system-out/>
  <testcase name="Open_Reasons_Page" classname="com.Test.Product_Items_AddEditDelete_Reasons">
    <skipped/>
  </testcase> <!-- Open_Reasons_Page -->
  <system-out/>
  <testcase name="Edit_and_Close_Cancel_Reasons" classname="com.Test.Product_Items_AddEditDelete_Reasons">
    <skipped/>
  </testcase> <!-- Edit_and_Close_Cancel_Reasons -->
  <system-out/>
</testsuite> <!-- com.Test.Product_Items_AddEditDelete_Reasons -->
