<?xml version="1.0" encoding="UTF-8"?>
<!-- Generated by org.testng.reporters.JUnitReportReporter -->
<testsuite skipped="3" hostname="INL-JVNGDL3" name="com.Test.Sale_Reports_Category_Report" tests="6" failures="0" timestamp="2023-03-03T15:57:03 IST" time="160.127" errors="0">
  <testcase name="Login" time="85.133" classname="com.Test.Sale_Reports_Category_Report"/>
  <system-out/>
  <testcase name="Calling" time="74.771" classname="com.Test.Sale_Reports_Category_Report"/>
  <system-out/>
  <testcase name="LogOut" time="0.223" classname="com.Test.Sale_Reports_Category_Report"/>
  <system-out/>
  <testcase name="Open_Category_Report_Page" classname="com.Test.Sale_Reports_Category_Report">
    <skipped/>
  </testcase> <!-- Open_Category_Report_Page -->
  <system-out/>
  <testcase name="RefreshAndPaginination" classname="com.Test.Sale_Reports_Category_Report">
    <skipped/>
  </testcase> <!-- RefreshAndPaginination -->
  <system-out/>
  <testcase name="Category_Report_Today" classname="com.Test.Sale_Reports_Category_Report">
    <skipped/>
  </testcase> <!-- Category_Report_Today -->
  <system-out/>
</testsuite> <!-- com.Test.Sale_Reports_Category_Report -->
