<?xml version="1.0" encoding="UTF-8"?>
<!-- Generated by org.testng.reporters.JUnitReportReporter -->
<testsuite hostname="INL-JVNGDL3" failures="0" tests="16" name="com.Test.Reports_Category_Sale_Report" time="126.108" errors="0" timestamp="2023-04-10T14:40:22 IST" skipped="13">
  <testcase classname="com.Test.Reports_Category_Sale_Report" name="Login" time="51.950"/>
  <system-out/>
  <testcase classname="com.Test.Reports_Category_Sale_Report" name="Calling" time="73.949"/>
  <system-out/>
  <testcase classname="com.Test.Reports_Category_Sale_Report" name="LogOut" time="0.209"/>
  <system-out/>
  <testcase classname="com.Test.Reports_Category_Sale_Report" name="Category_Report_Yesterday">
    <skipped/>
  </testcase> <!-- Category_Report_Yesterday -->
  <system-out/>
  <testcase classname="com.Test.Reports_Category_Sale_Report" name="Category_Report_Date_Range">
    <skipped/>
  </testcase> <!-- Category_Report_Date_Range -->
  <system-out/>
  <testcase classname="com.Test.Reports_Category_Sale_Report" name="Category_Report_Last_30_Days">
    <skipped/>
  </testcase> <!-- Category_Report_Last_30_Days -->
  <system-out/>
  <testcase classname="com.Test.Reports_Category_Sale_Report" name="Category_Report_Specific_Date">
    <skipped/>
  </testcase> <!-- Category_Report_Specific_Date -->
  <system-out/>
  <testcase classname="com.Test.Reports_Category_Sale_Report" name="Category_Report_Last_N_Days">
    <skipped/>
  </testcase> <!-- Category_Report_Last_N_Days -->
  <system-out/>
  <testcase classname="com.Test.Reports_Category_Sale_Report" name="Category_Report_Last_7_Days">
    <skipped/>
  </testcase> <!-- Category_Report_Last_7_Days -->
  <system-out/>
  <testcase classname="com.Test.Reports_Category_Sale_Report" name="RefreshAndPaginination">
    <skipped/>
  </testcase> <!-- RefreshAndPaginination -->
  <system-out/>
  <testcase classname="com.Test.Reports_Category_Sale_Report" name="Category_Report_This_Week">
    <skipped/>
  </testcase> <!-- Category_Report_This_Week -->
  <system-out/>
  <testcase classname="com.Test.Reports_Category_Sale_Report" name="Category_Report_Last_Week">
    <skipped/>
  </testcase> <!-- Category_Report_Last_Week -->
  <system-out/>
  <testcase classname="com.Test.Reports_Category_Sale_Report" name="Category_Report_Today">
    <skipped/>
  </testcase> <!-- Category_Report_Today -->
  <system-out/>
  <testcase classname="com.Test.Reports_Category_Sale_Report" name="Category_Report_Last_Month">
    <skipped/>
  </testcase> <!-- Category_Report_Last_Month -->
  <system-out/>
  <testcase classname="com.Test.Reports_Category_Sale_Report" name="Category_Report_This_Month">
    <skipped/>
  </testcase> <!-- Category_Report_This_Month -->
  <system-out/>
  <testcase classname="com.Test.Reports_Category_Sale_Report" name="Open_Category_Report_Page">
    <skipped/>
  </testcase> <!-- Open_Category_Report_Page -->
  <system-out/>
</testsuite> <!-- com.Test.Reports_Category_Sale_Report -->
