<?xml version="1.0" encoding="UTF-8"?>
<!-- Generated by org.testng.reporters.JUnitReportReporter -->
<testsuite skipped="4" hostname="INL-JVNGDL3" name="com.Test.Product_Items_Sort_Menu_Config" tests="7" failures="0" timestamp="2023-03-22T12:00:02 IST" time="171.812" errors="0">
  <testcase name="Login" time="69.965" classname="com.Test.Product_Items_Sort_Menu_Config"/>
  <system-out/>
  <testcase name="Calling" time="101.587" classname="com.Test.Product_Items_Sort_Menu_Config"/>
  <system-out/>
  <testcase name="LogOut" time="0.260" classname="com.Test.Product_Items_Sort_Menu_Config"/>
  <system-out/>
  <testcase name="Category_Navigating" classname="com.Test.Product_Items_Sort_Menu_Config">
    <skipped/>
  </testcase> <!-- Category_Navigating -->
  <system-out/>
  <testcase name="Sort_MenuItem" classname="com.Test.Product_Items_Sort_Menu_Config">
    <skipped/>
  </testcase> <!-- Sort_MenuItem -->
  <system-out/>
  <testcase name="Open_Sort_Menu_Config_Page" classname="com.Test.Product_Items_Sort_Menu_Config">
    <skipped/>
  </testcase> <!-- Open_Sort_Menu_Config_Page -->
  <system-out/>
  <testcase name="Sort_Categories" classname="com.Test.Product_Items_Sort_Menu_Config">
    <skipped/>
  </testcase> <!-- Sort_Categories -->
  <system-out/>
</testsuite> <!-- com.Test.Product_Items_Sort_Menu_Config -->
