<?xml version="1.0" encoding="UTF-8"?>
<!-- Generated by org.testng.reporters.JUnitReportReporter -->
<testsuite skipped="8" hostname="INL-JVNGDL3" name="com.Test.Settings_Receipt_Printers" tests="11" failures="0" timestamp="2023-01-05T16:46:34 IST" time="296.412" errors="0">
  <testcase name="Login" time="110.611" classname="com.Test.Settings_Receipt_Printers"/>
  <system-out/>
  <testcase name="Calling" time="185.374" classname="com.Test.Settings_Receipt_Printers"/>
  <system-out/>
  <testcase name="LogOut" time="0.427" classname="com.Test.Settings_Receipt_Printers"/>
  <system-out/>
  <testcase name="Add_Receipt_Printer" classname="com.Test.Settings_Receipt_Printers">
    <skipped/>
  </testcase> <!-- Add_Receipt_Printer -->
  <system-out/>
  <testcase name="Edit_and_Close_Cancel_Receipt_Printer" classname="com.Test.Settings_Receipt_Printers">
    <skipped/>
  </testcase> <!-- Edit_and_Close_Cancel_Receipt_Printer -->
  <system-out/>
  <testcase name="RefreshAndPaginination" classname="com.Test.Settings_Receipt_Printers">
    <skipped/>
  </testcase> <!-- RefreshAndPaginination -->
  <system-out/>
  <testcase name="Delete_and_Active_Inactive_Receipt_Printer" classname="com.Test.Settings_Receipt_Printers">
    <skipped/>
  </testcase> <!-- Delete_and_Active_Inactive_Receipt_Printer -->
  <system-out/>
  <testcase name="Edit_and_Update_Receipt_Printer" classname="com.Test.Settings_Receipt_Printers">
    <skipped/>
  </testcase> <!-- Edit_and_Update_Receipt_Printer -->
  <system-out/>
  <testcase name="Update_Receipt_Printer_Settings" classname="com.Test.Settings_Receipt_Printers">
    <skipped/>
  </testcase> <!-- Update_Receipt_Printer_Settings -->
  <system-out/>
  <testcase name="Create_Duplicate_Receipt_Printer" classname="com.Test.Settings_Receipt_Printers">
    <skipped/>
  </testcase> <!-- Create_Duplicate_Receipt_Printer -->
  <system-out/>
  <testcase name="Open_Receipt_Printer_Page" classname="com.Test.Settings_Receipt_Printers">
    <skipped/>
  </testcase> <!-- Open_Receipt_Printer_Page -->
  <system-out/>
</testsuite> <!-- com.Test.Settings_Receipt_Printers -->
