<?xml version="1.0" encoding="UTF-8"?>
<!-- Generated by org.testng.reporters.JUnitReportReporter -->
<testsuite hostname="INL-JVNGDL3" failures="0" tests="10" name="com.Test.Product_Items_AddEditDelete_Reasons" time="563.856" errors="0" timestamp="2023-04-12T19:36:27 IST" skipped="7">
  <testcase classname="com.Test.Product_Items_AddEditDelete_Reasons" name="Login" time="44.051"/>
  <system-out/>
  <testcase classname="com.Test.Product_Items_AddEditDelete_Reasons" name="Calling" time="519.445"/>
  <system-out/>
  <testcase classname="com.Test.Product_Items_AddEditDelete_Reasons" name="LogOut" time="0.360"/>
  <system-out/>
  <testcase classname="com.Test.Product_Items_AddEditDelete_Reasons" name="Edit_and_Update_Reasons">
    <skipped/>
  </testcase> <!-- Edit_and_Update_Reasons -->
  <system-out/>
  <testcase classname="com.Test.Product_Items_AddEditDelete_Reasons" name="RefreshAndPaginination">
    <skipped/>
  </testcase> <!-- RefreshAndPaginination -->
  <system-out/>
  <testcase classname="com.Test.Product_Items_AddEditDelete_Reasons" name="Add_Reasons">
    <skipped/>
  </testcase> <!-- Add_Reasons -->
  <system-out/>
  <testcase classname="com.Test.Product_Items_AddEditDelete_Reasons" name="Create_DuplicateReason">
    <skipped/>
  </testcase> <!-- Create_DuplicateReason -->
  <system-out/>
  <testcase classname="com.Test.Product_Items_AddEditDelete_Reasons" name="Delete_and_Active_Inactive_Reasons">
    <skipped/>
  </testcase> <!-- Delete_and_Active_Inactive_Reasons -->
  <system-out/>
  <testcase classname="com.Test.Product_Items_AddEditDelete_Reasons" name="Open_Reasons_Page">
    <skipped/>
  </testcase> <!-- Open_Reasons_Page -->
  <system-out/>
  <testcase classname="com.Test.Product_Items_AddEditDelete_Reasons" name="Edit_and_Close_Cancel_Reasons">
    <skipped/>
  </testcase> <!-- Edit_and_Close_Cancel_Reasons -->
  <system-out/>
</testsuite> <!-- com.Test.Product_Items_AddEditDelete_Reasons -->
