<?xml version="1.0" encoding="UTF-8"?>
<!-- Generated by org.testng.reporters.JUnitReportReporter -->
<testsuite hostname="INL-JVNGDL3" failures="0" tests="10" name="com.Test.Product_Items_AddEditDelete_Coursing" time="328.633" errors="0" timestamp="2023-04-11T11:52:46 IST" skipped="7">
  <testcase classname="com.Test.Product_Items_AddEditDelete_Coursing" name="Login" time="43.187"/>
  <system-out/>
  <testcase classname="com.Test.Product_Items_AddEditDelete_Coursing" name="Calling" time="285.163"/>
  <system-out/>
  <testcase classname="com.Test.Product_Items_AddEditDelete_Coursing" name="LogOut" time="0.283"/>
  <system-out/>
  <testcase classname="com.Test.Product_Items_AddEditDelete_Coursing" name="Edit_and_Update_Coursing">
    <skipped/>
  </testcase> <!-- Edit_and_Update_Coursing -->
  <system-out/>
  <testcase classname="com.Test.Product_Items_AddEditDelete_Coursing" name="Edit_and_Close_Cancel_Coursing">
    <skipped/>
  </testcase> <!-- Edit_and_Close_Cancel_Coursing -->
  <system-out/>
  <testcase classname="com.Test.Product_Items_AddEditDelete_Coursing" name="Create_DuplicateCourse">
    <skipped/>
  </testcase> <!-- Create_DuplicateCourse -->
  <system-out/>
  <testcase classname="com.Test.Product_Items_AddEditDelete_Coursing" name="RefreshAndPaginination_ColumnFilteration">
    <skipped/>
  </testcase> <!-- RefreshAndPaginination_ColumnFilteration -->
  <system-out/>
  <testcase classname="com.Test.Product_Items_AddEditDelete_Coursing" name="Add_Coursing">
    <skipped/>
  </testcase> <!-- Add_Coursing -->
  <system-out/>
  <testcase classname="com.Test.Product_Items_AddEditDelete_Coursing" name="Open_Coursing_Page">
    <skipped/>
  </testcase> <!-- Open_Coursing_Page -->
  <system-out/>
  <testcase classname="com.Test.Product_Items_AddEditDelete_Coursing" name="Delete_and_Active_Inactive_Coursing">
    <skipped/>
  </testcase> <!-- Delete_and_Active_Inactive_Coursing -->
  <system-out/>
</testsuite> <!-- com.Test.Product_Items_AddEditDelete_Coursing -->
