<?xml version="1.0" encoding="UTF-8"?>
<!-- Generated by org.testng.reporters.JUnitReportReporter -->
<testsuite hostname="INL-JVNGDL3" failures="0" tests="29" name="com.Test.Reports_Void_Transactions_Report" time="157.178" errors="0" timestamp="2023-07-19T17:54:24 IST" skipped="26">
  <testcase classname="com.Test.Reports_Void_Transactions_Report" name="Login" time="51.449"/>
  <system-out/>
  <testcase classname="com.Test.Reports_Void_Transactions_Report" name="Calling" time="102.167"/>
  <system-out/>
  <testcase classname="com.Test.Reports_Void_Transactions_Report" name="LogOut" time="3.562"/>
  <system-out/>
  <testcase classname="com.Test.Reports_Void_Transactions_Report" name="Void_Transactions_Report_Specific_Date_PaymentName">
    <skipped/>
  </testcase> <!-- Void_Transactions_Report_Specific_Date_PaymentName -->
  <system-out/>
  <testcase classname="com.Test.Reports_Void_Transactions_Report" name="Void_Transactions_Report_This_Week_PaymentName">
    <skipped/>
  </testcase> <!-- Void_Transactions_Report_This_Week_PaymentName -->
  <system-out/>
  <testcase classname="com.Test.Reports_Void_Transactions_Report" name="Void_Transactions_Report_Last_Month_PaymentName">
    <skipped/>
  </testcase> <!-- Void_Transactions_Report_Last_Month_PaymentName -->
  <system-out/>
  <testcase classname="com.Test.Reports_Void_Transactions_Report" name="Open_Void_Transactions_Report_Page">
    <skipped/>
  </testcase> <!-- Open_Void_Transactions_Report_Page -->
  <system-out/>
  <testcase classname="com.Test.Reports_Void_Transactions_Report" name="Void_Transactions_Report_Last_Week_PaymentType">
    <skipped/>
  </testcase> <!-- Void_Transactions_Report_Last_Week_PaymentType -->
  <system-out/>
  <testcase classname="com.Test.Reports_Void_Transactions_Report" name="Void_Transactions_Report_Yesterday_PaymentType">
    <skipped/>
  </testcase> <!-- Void_Transactions_Report_Yesterday_PaymentType -->
  <system-out/>
  <testcase classname="com.Test.Reports_Void_Transactions_Report" name="Void_Transactions_Report_Yesterday_PaymentName">
    <skipped/>
  </testcase> <!-- Void_Transactions_Report_Yesterday_PaymentName -->
  <system-out/>
  <testcase classname="com.Test.Reports_Void_Transactions_Report" name="Void_Transactions_Report_Last_30_Days_PaymentName">
    <skipped/>
  </testcase> <!-- Void_Transactions_Report_Last_30_Days_PaymentName -->
  <system-out/>
  <testcase classname="com.Test.Reports_Void_Transactions_Report" name="Void_Transactions_Report_Last_Month_PaymentType">
    <skipped/>
  </testcase> <!-- Void_Transactions_Report_Last_Month_PaymentType -->
  <system-out/>
  <testcase classname="com.Test.Reports_Void_Transactions_Report" name="Void_Transactions_Report_Today_PaymentName">
    <skipped/>
  </testcase> <!-- Void_Transactions_Report_Today_PaymentName -->
  <system-out/>
  <testcase classname="com.Test.Reports_Void_Transactions_Report" name="Void_Transactions_Report_This_Week_PaymentType">
    <skipped/>
  </testcase> <!-- Void_Transactions_Report_This_Week_PaymentType -->
  <system-out/>
  <testcase classname="com.Test.Reports_Void_Transactions_Report" name="Void_Transactions_Report_Last_30_Days_PaymentType">
    <skipped/>
  </testcase> <!-- Void_Transactions_Report_Last_30_Days_PaymentType -->
  <system-out/>
  <testcase classname="com.Test.Reports_Void_Transactions_Report" name="Void_Transactions_Report_Last_7_Days_PaymentName">
    <skipped/>
  </testcase> <!-- Void_Transactions_Report_Last_7_Days_PaymentName -->
  <system-out/>
  <testcase classname="com.Test.Reports_Void_Transactions_Report" name="RefreshAndPaginination">
    <skipped/>
  </testcase> <!-- RefreshAndPaginination -->
  <system-out/>
  <testcase classname="com.Test.Reports_Void_Transactions_Report" name="Void_Transactions_Report_This_Month_PaymentName">
    <skipped/>
  </testcase> <!-- Void_Transactions_Report_This_Month_PaymentName -->
  <system-out/>
  <testcase classname="com.Test.Reports_Void_Transactions_Report" name="Void_Transactions_Report_Last_7_Days_PaymentType">
    <skipped/>
  </testcase> <!-- Void_Transactions_Report_Last_7_Days_PaymentType -->
  <system-out/>
  <testcase classname="com.Test.Reports_Void_Transactions_Report" name="Void_Transactions_Report_Today_PaymentType">
    <skipped/>
  </testcase> <!-- Void_Transactions_Report_Today_PaymentType -->
  <system-out/>
  <testcase classname="com.Test.Reports_Void_Transactions_Report" name="Void_Transactions_Report_This_Month_PaymentType">
    <skipped/>
  </testcase> <!-- Void_Transactions_Report_This_Month_PaymentType -->
  <system-out/>
  <testcase classname="com.Test.Reports_Void_Transactions_Report" name="SelectTheTenderType">
    <skipped/>
  </testcase> <!-- SelectTheTenderType -->
  <system-out/>
  <testcase classname="com.Test.Reports_Void_Transactions_Report" name="Void_Transactions_Report_Last_N_Days_PaymentType">
    <skipped/>
  </testcase> <!-- Void_Transactions_Report_Last_N_Days_PaymentType -->
  <system-out/>
  <testcase classname="com.Test.Reports_Void_Transactions_Report" name="Void_Transactions_Report_Date_Range_PaymentName">
    <skipped/>
  </testcase> <!-- Void_Transactions_Report_Date_Range_PaymentName -->
  <system-out/>
  <testcase classname="com.Test.Reports_Void_Transactions_Report" name="Void_Transactions_Report_Date_Range_PaymentType">
    <skipped/>
  </testcase> <!-- Void_Transactions_Report_Date_Range_PaymentType -->
  <system-out/>
  <testcase classname="com.Test.Reports_Void_Transactions_Report" name="Void_Transactions_Report_Last_N_Days_PaymentName">
    <skipped/>
  </testcase> <!-- Void_Transactions_Report_Last_N_Days_PaymentName -->
  <system-out/>
  <testcase classname="com.Test.Reports_Void_Transactions_Report" name="Void_Transactions_Report_Last_Week_PaymentName">
    <skipped/>
  </testcase> <!-- Void_Transactions_Report_Last_Week_PaymentName -->
  <system-out/>
  <testcase classname="com.Test.Reports_Void_Transactions_Report" name="SelectTheTenderName">
    <skipped/>
  </testcase> <!-- SelectTheTenderName -->
  <system-out/>
  <testcase classname="com.Test.Reports_Void_Transactions_Report" name="Void_Transactions_Report_Specific_Date_PaymentType">
    <skipped/>
  </testcase> <!-- Void_Transactions_Report_Specific_Date_PaymentType -->
  <system-out/>
</testsuite> <!-- com.Test.Reports_Void_Transactions_Report -->
