<?xml version="1.0" encoding="UTF-8"?>
<!-- Generated by org.testng.reporters.JUnitReportReporter -->
<testsuite hostname="INL-JVNGDL3" failures="0" tests="5" name="com.Test.Old_BO_Reports_Sales_Weekly_Summary_Report" time="234.163" errors="0" timestamp="2023-10-19T19:08:44 IST" skipped="2">
  <testcase classname="com.Test.Old_BO_Reports_Sales_Weekly_Summary_Report" name="Login" time="192.795"/>
  <testcase classname="com.Test.Old_BO_Reports_Sales_Weekly_Summary_Report" name="Calling" time="35.067"/>
  <testcase classname="com.Test.Old_BO_Reports_Sales_Weekly_Summary_Report" name="LogOut" time="6.301"/>
  <testcase classname="com.Test.Old_BO_Reports_Sales_Weekly_Summary_Report" name="Open_WeeklySummary_Sales_Page">
    <skipped/>
  </testcase> <!-- Open_WeeklySummary_Sales_Page -->
  <testcase classname="com.Test.Old_BO_Reports_Sales_Weekly_Summary_Report" name="Old_BO_WeeklySummary_Report_Last_Week">
    <skipped/>
  </testcase> <!-- Old_BO_WeeklySummary_Report_Last_Week -->
</testsuite> <!-- com.Test.Old_BO_Reports_Sales_Weekly_Summary_Report -->
