<?xml version="1.0" encoding="UTF-8"?>
<!-- Generated by org.testng.reporters.JUnitReportReporter -->
<testsuite hostname="INL-JVNGDL3" failures="0" tests="17" name="com.Test.Reports_Gift_Card_Report" time="165.424" errors="0" timestamp="2023-04-17T18:45:45 IST" skipped="14">
  <testcase classname="com.Test.Reports_Gift_Card_Report" name="Login" time="48.834"/>
  <system-out/>
  <testcase classname="com.Test.Reports_Gift_Card_Report" name="Calling" time="111.864"/>
  <system-out/>
  <testcase classname="com.Test.Reports_Gift_Card_Report" name="LogOut" time="4.726"/>
  <system-out/>
  <testcase classname="com.Test.Reports_Gift_Card_Report" name="Gift_Card_Report_Last_30_Days">
    <skipped/>
  </testcase> <!-- Gift_Card_Report_Last_30_Days -->
  <system-out/>
  <testcase classname="com.Test.Reports_Gift_Card_Report" name="Gift_Card_Report_Date_Range">
    <skipped/>
  </testcase> <!-- Gift_Card_Report_Date_Range -->
  <system-out/>
  <testcase classname="com.Test.Reports_Gift_Card_Report" name="Gift_Card_Report_Today">
    <skipped/>
  </testcase> <!-- Gift_Card_Report_Today -->
  <system-out/>
  <testcase classname="com.Test.Reports_Gift_Card_Report" name="Gift_Card_Report_Last_7_Days">
    <skipped/>
  </testcase> <!-- Gift_Card_Report_Last_7_Days -->
  <system-out/>
  <testcase classname="com.Test.Reports_Gift_Card_Report" name="Gift_Card_Report_Verify_Card_Search">
    <skipped/>
  </testcase> <!-- Gift_Card_Report_Verify_Card_Search -->
  <system-out/>
  <testcase classname="com.Test.Reports_Gift_Card_Report" name="Gift_Card_Report_Last_N_Days">
    <skipped/>
  </testcase> <!-- Gift_Card_Report_Last_N_Days -->
  <system-out/>
  <testcase classname="com.Test.Reports_Gift_Card_Report" name="RefreshAndPaginination">
    <skipped/>
  </testcase> <!-- RefreshAndPaginination -->
  <system-out/>
  <testcase classname="com.Test.Reports_Gift_Card_Report" name="Gift_Card_Report_Last_Week">
    <skipped/>
  </testcase> <!-- Gift_Card_Report_Last_Week -->
  <system-out/>
  <testcase classname="com.Test.Reports_Gift_Card_Report" name="Gift_Card_Report_This_Week">
    <skipped/>
  </testcase> <!-- Gift_Card_Report_This_Week -->
  <system-out/>
  <testcase classname="com.Test.Reports_Gift_Card_Report" name="Gift_Card_Report_Yesterday">
    <skipped/>
  </testcase> <!-- Gift_Card_Report_Yesterday -->
  <system-out/>
  <testcase classname="com.Test.Reports_Gift_Card_Report" name="Gift_Card_Report_Specific_Date">
    <skipped/>
  </testcase> <!-- Gift_Card_Report_Specific_Date -->
  <system-out/>
  <testcase classname="com.Test.Reports_Gift_Card_Report" name="Open_Gift_Card_Report_Page">
    <skipped/>
  </testcase> <!-- Open_Gift_Card_Report_Page -->
  <system-out/>
  <testcase classname="com.Test.Reports_Gift_Card_Report" name="Gift_Card_Report_This_Month">
    <skipped/>
  </testcase> <!-- Gift_Card_Report_This_Month -->
  <system-out/>
  <testcase classname="com.Test.Reports_Gift_Card_Report" name="Gift_Card_Report_Last_Month">
    <skipped/>
  </testcase> <!-- Gift_Card_Report_Last_Month -->
  <system-out/>
</testsuite> <!-- com.Test.Reports_Gift_Card_Report -->
