<?xml version="1.0" encoding="UTF-8"?>
<!-- Generated by org.testng.reporters.JUnitReportReporter -->
<testsuite skipped="4" hostname="INL-JVNGDL3" name="com.Test.Settings_Store_Licenses" tests="7" failures="0" timestamp="2023-03-28T15:39:51 IST" time="286.880" errors="0">
  <testcase name="Login" time="45.563" classname="com.Test.Settings_Store_Licenses"/>
  <system-out/>
  <testcase name="Calling" time="241.093" classname="com.Test.Settings_Store_Licenses"/>
  <system-out/>
  <testcase name="LogOut" time="0.224" classname="com.Test.Settings_Store_Licenses"/>
  <system-out/>
  <testcase name="Open_StoreLicenses_Page" classname="com.Test.Settings_Store_Licenses">
    <skipped/>
  </testcase> <!-- Open_StoreLicenses_Page -->
  <system-out/>
  <testcase name="RefreshAndPaginination" classname="com.Test.Settings_Store_Licenses">
    <skipped/>
  </testcase> <!-- RefreshAndPaginination -->
  <system-out/>
  <testcase name="Revert_Licenses" classname="com.Test.Settings_Store_Licenses">
    <skipped/>
  </testcase> <!-- Revert_Licenses -->
  <system-out/>
  <testcase name="Pagination_Rows_Per_Count" classname="com.Test.Settings_Store_Licenses">
    <skipped/>
  </testcase> <!-- Pagination_Rows_Per_Count -->
  <system-out/>
</testsuite> <!-- com.Test.Settings_Store_Licenses -->
