<?xml version="1.0" encoding="UTF-8"?>
<!-- Generated by org.testng.reporters.JUnitReportReporter -->
<testsuite skipped="3" hostname="INL-JVNGDL3" name="com.Test.Settings_StoreInformation" tests="6" failures="0" timestamp="2023-03-31T18:31:33 IST" time="213.578" errors="0">
  <testcase name="Login" time="49.814" classname="com.Test.Settings_StoreInformation"/>
  <system-out/>
  <testcase name="Calling" time="163.426" classname="com.Test.Settings_StoreInformation"/>
  <system-out/>
  <testcase name="LogOut" time="0.338" classname="com.Test.Settings_StoreInformation"/>
  <system-out/>
  <testcase name="verifyTheToolTip" classname="com.Test.Settings_StoreInformation">
    <skipped/>
  </testcase> <!-- verifyTheToolTip -->
  <system-out/>
  <testcase name="verifyTheGeneral" classname="com.Test.Settings_StoreInformation">
    <skipped/>
  </testcase> <!-- verifyTheGeneral -->
  <system-out/>
  <testcase name="Open_SI_Page" classname="com.Test.Settings_StoreInformation">
    <skipped/>
  </testcase> <!-- Open_SI_Page -->
  <system-out/>
</testsuite> <!-- com.Test.Settings_StoreInformation -->
