<?xml version="1.0" encoding="UTF-8"?>
<!-- Generated by org.testng.reporters.JUnitReportReporter -->
<testsuite hostname="INL-JVNGDL3" failures="0" tests="14" name="com.Test.Product_Items_AddEditDelete_Categories" time="288.145" errors="1" timestamp="2023-07-17T16:29:06 IST" skipped="11">
  <testcase classname="com.Test.Product_Items_AddEditDelete_Categories" name="Login" time="87.822"/>
  <system-out/>
  <testcase classname="com.Test.Product_Items_AddEditDelete_Categories" name="Calling" time="196.801">
    <error message="bound must be greater than origin" type="java.lang.IllegalArgumentException">
      <![CDATA[java.lang.IllegalArgumentException: bound must be greater than origin
at java.base/jdk.internal.util.random.RandomSupport.checkRange(RandomSupport.java:232)
at java.base/java.util.random.RandomGenerator.nextInt(RandomGenerator.java:679)
at java.base/java.util.concurrent.ThreadLocalRandom.nextInt(ThreadLocalRandom.java:458)
at com.Pages.CategoriesPage.Select_LabelPrinter(CategoriesPage.java:257)
at com.Test.Product_Items_AddEditDelete_Categories.Add_Categories(Product_Items_AddEditDelete_Categories.java:299)
at com.Test.Product_Items_AddEditDelete_Categories.Calling(Product_Items_AddEditDelete_Categories.java:116)
at java.base/jdk.internal.reflect.NativeMethodAccessorImpl.invoke0(Native Method)
at java.base/jdk.internal.reflect.NativeMethodAccessorImpl.invoke(NativeMethodAccessorImpl.java:77)
at java.base/jdk.internal.reflect.DelegatingMethodAccessorImpl.invoke(DelegatingMethodAccessorImpl.java:43)
at java.base/java.lang.reflect.Method.invoke(Method.java:568)
at org.testng.internal.MethodInvocationHelper.invokeMethod(MethodInvocationHelper.java:133)
at org.testng.internal.TestInvoker.invokeMethod(TestInvoker.java:598)
at org.testng.internal.TestInvoker.invokeTestMethod(TestInvoker.java:173)
at org.testng.internal.MethodRunner.runInSequence(MethodRunner.java:46)
at org.testng.internal.TestInvoker$MethodInvocationAgent.invoke(TestInvoker.java:824)
at org.testng.internal.TestInvoker.invokeTestMethods(TestInvoker.java:146)
at org.testng.internal.TestMethodWorker.invokeTestMethods(TestMethodWorker.java:146)
at org.testng.internal.TestMethodWorker.run(TestMethodWorker.java:128)
at java.base/java.util.ArrayList.forEach(ArrayList.java:1511)
at org.testng.TestRunner.privateRun(TestRunner.java:794)
at org.testng.TestRunner.run(TestRunner.java:596)
at org.testng.SuiteRunner.runTest(SuiteRunner.java:377)
at org.testng.SuiteRunner.runSequentially(SuiteRunner.java:371)
at org.testng.SuiteRunner.privateRun(SuiteRunner.java:332)
at org.testng.SuiteRunner.run(SuiteRunner.java:276)
at org.testng.SuiteRunnerWorker.runSuite(SuiteRunnerWorker.java:53)
at org.testng.SuiteRunnerWorker.run(SuiteRunnerWorker.java:96)
at org.testng.TestNG.runSuitesSequentially(TestNG.java:1212)
at org.testng.TestNG.runSuitesLocally(TestNG.java:1134)
at org.testng.TestNG.runSuites(TestNG.java:1063)
at org.testng.TestNG.run(TestNG.java:1031)
at org.testng.remote.AbstractRemoteTestNG.run(AbstractRemoteTestNG.java:115)
at org.testng.remote.RemoteTestNG.initAndRun(RemoteTestNG.java:251)
at org.testng.remote.RemoteTestNG.main(RemoteTestNG.java:77)
]]>
    </error>
  </testcase> <!-- Calling -->
  <system-out/>
  <testcase classname="com.Test.Product_Items_AddEditDelete_Categories" name="LogOut" time="3.522"/>
  <system-out/>
  <testcase classname="com.Test.Product_Items_AddEditDelete_Categories" name="Edit_and_Update_Categories_DaysOfWeek">
    <skipped/>
  </testcase> <!-- Edit_and_Update_Categories_DaysOfWeek -->
  <system-out/>
  <testcase classname="com.Test.Product_Items_AddEditDelete_Categories" name="Create_DuplicateCategory">
    <skipped/>
  </testcase> <!-- Create_DuplicateCategory -->
  <system-out/>
  <testcase classname="com.Test.Product_Items_AddEditDelete_Categories" name="Edit_and_Update_Categories_DateRange">
    <skipped/>
  </testcase> <!-- Edit_and_Update_Categories_DateRange -->
  <system-out/>
  <testcase classname="com.Test.Product_Items_AddEditDelete_Categories" name="Edit_and_Close_Cancel_Categories">
    <skipped/>
  </testcase> <!-- Edit_and_Close_Cancel_Categories -->
  <system-out/>
  <testcase classname="com.Test.Product_Items_AddEditDelete_Categories" name="Edit_and_Update_Categories_Specific_Date">
    <skipped/>
  </testcase> <!-- Edit_and_Update_Categories_Specific_Date -->
  <system-out/>
  <testcase classname="com.Test.Product_Items_AddEditDelete_Categories" name="RefreshAndPaginination">
    <skipped/>
  </testcase> <!-- RefreshAndPaginination -->
  <system-out/>
  <testcase classname="com.Test.Product_Items_AddEditDelete_Categories" name="Open_Categories_Page">
    <skipped/>
  </testcase> <!-- Open_Categories_Page -->
  <system-out/>
  <testcase classname="com.Test.Product_Items_AddEditDelete_Categories" name="Edit_and_Update_Categories_DateRangeWithTime">
    <skipped/>
  </testcase> <!-- Edit_and_Update_Categories_DateRangeWithTime -->
  <system-out/>
  <testcase classname="com.Test.Product_Items_AddEditDelete_Categories" name="Add_Categories">
    <skipped/>
  </testcase> <!-- Add_Categories -->
  <system-out/>
  <testcase classname="com.Test.Product_Items_AddEditDelete_Categories" name="Edit_and_Update_Categories_DaysOfMonth">
    <skipped/>
  </testcase> <!-- Edit_and_Update_Categories_DaysOfMonth -->
  <system-out/>
  <testcase classname="com.Test.Product_Items_AddEditDelete_Categories" name="Delete_and_Active_Inactive_Categories">
    <skipped/>
  </testcase> <!-- Delete_and_Active_Inactive_Categories -->
  <system-out/>
</testsuite> <!-- com.Test.Product_Items_AddEditDelete_Categories -->
