<?xml version="1.0" encoding="UTF-8"?>
<!-- Generated by org.testng.reporters.JUnitReportReporter -->
<testsuite hostname="INL-JVNGDL3" failures="0" tests="1" name="com.Test.Healenium_On_Test" time="57.923" errors="0" timestamp="2023-11-03T12:01:58 IST" skipped="0">
  <testcase classname="com.Test.Healenium_On_Test" name="Test_HealeniumTool" time="57.923"/>
</testsuite> <!-- com.Test.Healenium_On_Test -->
