<?xml version="1.0" encoding="UTF-8"?>
<!-- Generated by org.testng.reporters.JUnitReportReporter -->
<testsuite hostname="INL-JVNGDL3" failures="0" tests="10" name="com.Test.Enterprise_Reports_Weekly_Summary_Report" time="269.304" errors="0" timestamp="2023-09-05T17:32:46 IST" skipped="7">
  <testcase classname="com.Test.Enterprise_Reports_Weekly_Summary_Report" name="Login" time="71.784"/>
  <system-out/>
  <testcase classname="com.Test.Enterprise_Reports_Weekly_Summary_Report" name="Calling" time="189.953"/>
  <system-out/>
  <testcase classname="com.Test.Enterprise_Reports_Weekly_Summary_Report" name="LogOut" time="7.567"/>
  <system-out/>
  <testcase classname="com.Test.Enterprise_Reports_Weekly_Summary_Report" name="Enterprise_Weekly_Summary_Report_Last_7_Days">
    <skipped/>
  </testcase> <!-- Enterprise_Weekly_Summary_Report_Last_7_Days -->
  <system-out/>
  <testcase classname="com.Test.Enterprise_Reports_Weekly_Summary_Report" name="SelectTheCat">
    <skipped/>
  </testcase> <!-- SelectTheCat -->
  <system-out/>
  <testcase classname="com.Test.Enterprise_Reports_Weekly_Summary_Report" name="RefreshAndPaginination">
    <skipped/>
  </testcase> <!-- RefreshAndPaginination -->
  <system-out/>
  <testcase classname="com.Test.Enterprise_Reports_Weekly_Summary_Report" name="Open_Enterprise_Weekly_Summary_Report_Page">
    <skipped/>
  </testcase> <!-- Open_Enterprise_Weekly_Summary_Report_Page -->
  <system-out/>
  <testcase classname="com.Test.Enterprise_Reports_Weekly_Summary_Report" name="Enterprise_Weekly_Summary_Report_Last_Week">
    <skipped/>
  </testcase> <!-- Enterprise_Weekly_Summary_Report_Last_Week -->
  <system-out/>
  <testcase classname="com.Test.Enterprise_Reports_Weekly_Summary_Report" name="Enterprise_Weekly_Summary_Report_This_Week">
    <skipped/>
  </testcase> <!-- Enterprise_Weekly_Summary_Report_This_Week -->
  <system-out/>
  <testcase classname="com.Test.Enterprise_Reports_Weekly_Summary_Report" name="Enterprise_Weekly_Summary_Report_Specific_Date">
    <skipped/>
  </testcase> <!-- Enterprise_Weekly_Summary_Report_Specific_Date -->
  <system-out/>
</testsuite> <!-- com.Test.Enterprise_Reports_Weekly_Summary_Report -->
