<?xml version="1.0" encoding="UTF-8"?>
<!-- Generated by org.testng.reporters.JUnitReportReporter -->
<testsuite skipped="5" hostname="INL-JVNGDL3" name="com.Test.Product_Items_Bulk_Update" tests="8" failures="0" timestamp="2023-03-22T12:21:47 IST" time="368.252" errors="0">
  <testcase name="Login" time="70.987" classname="com.Test.Product_Items_Bulk_Update"/>
  <system-out/>
  <testcase name="Calling" time="296.999" classname="com.Test.Product_Items_Bulk_Update"/>
  <system-out/>
  <testcase name="LogOut" time="0.266" classname="com.Test.Product_Items_Bulk_Update"/>
  <system-out/>
  <testcase name="Open_Bulk_Update_Page" classname="com.Test.Product_Items_Bulk_Update">
    <skipped/>
  </testcase> <!-- Open_Bulk_Update_Page -->
  <system-out/>
  <testcase name="Verify_Coursing_columnoptionAndSetting_button" classname="com.Test.Product_Items_Bulk_Update">
    <skipped/>
  </testcase> <!-- Verify_Coursing_columnoptionAndSetting_button -->
  <system-out/>
  <testcase name="Verify_single_MenuItem_Update_Page" classname="com.Test.Product_Items_Bulk_Update">
    <skipped/>
  </testcase> <!-- Verify_single_MenuItem_Update_Page -->
  <system-out/>
  <testcase name="Verify_BulkUpdate_Page" classname="com.Test.Product_Items_Bulk_Update">
    <skipped/>
  </testcase> <!-- Verify_BulkUpdate_Page -->
  <system-out/>
  <testcase name="Verify_BulkUpdate_MenuItem_Update_Page" classname="com.Test.Product_Items_Bulk_Update">
    <skipped/>
  </testcase> <!-- Verify_BulkUpdate_MenuItem_Update_Page -->
  <system-out/>
</testsuite> <!-- com.Test.Product_Items_Bulk_Update -->
