<?xml version="1.0" encoding="UTF-8"?>
<!-- Generated by org.testng.reporters.JUnitReportReporter -->
<testsuite hostname="INL-JVNGDL3" failures="0" tests="10" name="com.Test.Product_Items_AddEditDelete_Serving_Size_Levels" time="272.178" errors="0" timestamp="2023-04-11T12:22:22 IST" skipped="7">
  <testcase classname="com.Test.Product_Items_AddEditDelete_Serving_Size_Levels" name="Login" time="44.257"/>
  <system-out/>
  <testcase classname="com.Test.Product_Items_AddEditDelete_Serving_Size_Levels" name="Calling" time="227.654"/>
  <system-out/>
  <testcase classname="com.Test.Product_Items_AddEditDelete_Serving_Size_Levels" name="LogOut" time="0.267"/>
  <system-out/>
  <testcase classname="com.Test.Product_Items_AddEditDelete_Serving_Size_Levels" name="Edit_and_Close_Cancel_Serving_Size_Level">
    <skipped/>
  </testcase> <!-- Edit_and_Close_Cancel_Serving_Size_Level -->
  <system-out/>
  <testcase classname="com.Test.Product_Items_AddEditDelete_Serving_Size_Levels" name="Add_Servinge_Size_Level">
    <skipped/>
  </testcase> <!-- Add_Servinge_Size_Level -->
  <system-out/>
  <testcase classname="com.Test.Product_Items_AddEditDelete_Serving_Size_Levels" name="RefreshAndPaginination">
    <skipped/>
  </testcase> <!-- RefreshAndPaginination -->
  <system-out/>
  <testcase classname="com.Test.Product_Items_AddEditDelete_Serving_Size_Levels" name="Delete_and_Active_Inactive_Serving_Size_Level">
    <skipped/>
  </testcase> <!-- Delete_and_Active_Inactive_Serving_Size_Level -->
  <system-out/>
  <testcase classname="com.Test.Product_Items_AddEditDelete_Serving_Size_Levels" name="Edit_and_Update_Serving_Size_Level">
    <skipped/>
  </testcase> <!-- Edit_and_Update_Serving_Size_Level -->
  <system-out/>
  <testcase classname="com.Test.Product_Items_AddEditDelete_Serving_Size_Levels" name="Create_DuplicateServing_Size_Level">
    <skipped/>
  </testcase> <!-- Create_DuplicateServing_Size_Level -->
  <system-out/>
  <testcase classname="com.Test.Product_Items_AddEditDelete_Serving_Size_Levels" name="Open_Service_Size_Levels_Page">
    <skipped/>
  </testcase> <!-- Open_Service_Size_Levels_Page -->
  <system-out/>
</testsuite> <!-- com.Test.Product_Items_AddEditDelete_Serving_Size_Levels -->
