<?xml version="1.0" encoding="UTF-8"?>
<!-- Generated by org.testng.reporters.JUnitReportReporter -->
<testsuite hostname="INL-JVNGDL3" failures="0" tests="11" name="com.Test.Enterprise_Add_Edit_Central_Warehouse" time="99.733" errors="0" timestamp="2023-10-13T10:43:26 IST" skipped="8">
  <testcase classname="com.Test.Enterprise_Add_Edit_Central_Warehouse" name="Login" time="74.553"/>
  <testcase classname="com.Test.Enterprise_Add_Edit_Central_Warehouse" name="Calling" time="18.448"/>
  <testcase classname="com.Test.Enterprise_Add_Edit_Central_Warehouse" name="LogOut" time="6.732"/>
  <testcase classname="com.Test.Enterprise_Add_Edit_Central_Warehouse" name="Create_Duplicate_Central_Warehouse">
    <skipped/>
  </testcase> <!-- Create_Duplicate_Central_Warehouse -->
  <testcase classname="com.Test.Enterprise_Add_Edit_Central_Warehouse" name="RefreshAndPaginination">
    <skipped/>
  </testcase> <!-- RefreshAndPaginination -->
  <testcase classname="com.Test.Enterprise_Add_Edit_Central_Warehouse" name="Open_Central_Warehouse_Page">
    <skipped/>
  </testcase> <!-- Open_Central_Warehouse_Page -->
  <testcase classname="com.Test.Enterprise_Add_Edit_Central_Warehouse" name="Edit_and_Close_Cancel_Central_Warehouse">
    <skipped/>
  </testcase> <!-- Edit_and_Close_Cancel_Central_Warehouse -->
  <testcase classname="com.Test.Enterprise_Add_Edit_Central_Warehouse" name="Delete_and_Active_Inactive_Central_Warehouse">
    <skipped/>
  </testcase> <!-- Delete_and_Active_Inactive_Central_Warehouse -->
  <testcase classname="com.Test.Enterprise_Add_Edit_Central_Warehouse" name="Central_Warehouse_Report">
    <skipped/>
  </testcase> <!-- Central_Warehouse_Report -->
  <testcase classname="com.Test.Enterprise_Add_Edit_Central_Warehouse" name="Edit_and_Update_Central_Warehouse">
    <skipped/>
  </testcase> <!-- Edit_and_Update_Central_Warehouse -->
  <testcase classname="com.Test.Enterprise_Add_Edit_Central_Warehouse" name="Add_Central_Warehouse">
    <skipped/>
  </testcase> <!-- Add_Central_Warehouse -->
</testsuite> <!-- com.Test.Enterprise_Add_Edit_Central_Warehouse -->
