<?xml version="1.0" encoding="UTF-8"?>
<!-- Generated by org.testng.reporters.JUnitReportReporter -->
<testsuite hostname="INL-JVNGDL3" failures="0" tests="12" name="com.Test.Inventory_Storage_Locations" time="180.329" errors="0" timestamp="2023-06-15T15:44:35 IST" skipped="9">
  <testcase classname="com.Test.Inventory_Storage_Locations" name="Login" time="50.854"/>
  <system-out/>
  <testcase classname="com.Test.Inventory_Storage_Locations" name="Calling" time="125.693"/>
  <system-out/>
  <testcase classname="com.Test.Inventory_Storage_Locations" name="LogOut" time="3.782"/>
  <system-out/>
  <testcase classname="com.Test.Inventory_Storage_Locations" name="Verify_Added_Storage_Location_in_InvetoryItem_Integration">
    <skipped/>
  </testcase> <!-- Verify_Added_Storage_Location_in_InvetoryItem_Integration -->
  <system-out/>
  <testcase classname="com.Test.Inventory_Storage_Locations" name="Delete_and_Active_Inactive_Serving_Size_Level">
    <skipped/>
  </testcase> <!-- Delete_and_Active_Inactive_Serving_Size_Level -->
  <system-out/>
  <testcase classname="com.Test.Inventory_Storage_Locations" name="Add_Inventory_Storage_Location">
    <skipped/>
  </testcase> <!-- Add_Inventory_Storage_Location -->
  <system-out/>
  <testcase classname="com.Test.Inventory_Storage_Locations" name="Open_Inventory_Storage_Locations_Page">
    <skipped/>
  </testcase> <!-- Open_Inventory_Storage_Locations_Page -->
  <system-out/>
  <testcase classname="com.Test.Inventory_Storage_Locations" name="Verify_Added_Storage_Location_in_SubRecipe_Integration">
    <skipped/>
  </testcase> <!-- Verify_Added_Storage_Location_in_SubRecipe_Integration -->
  <system-out/>
  <testcase classname="com.Test.Inventory_Storage_Locations" name="Edit_and_Update_Serving_Size_Level">
    <skipped/>
  </testcase> <!-- Edit_and_Update_Serving_Size_Level -->
  <system-out/>
  <testcase classname="com.Test.Inventory_Storage_Locations" name="Create_DuplicateServing_Size_Level">
    <skipped/>
  </testcase> <!-- Create_DuplicateServing_Size_Level -->
  <system-out/>
  <testcase classname="com.Test.Inventory_Storage_Locations" name="RefreshAndPaginination">
    <skipped/>
  </testcase> <!-- RefreshAndPaginination -->
  <system-out/>
  <testcase classname="com.Test.Inventory_Storage_Locations" name="Edit_and_Close_Cancel_Serving_Size_Level">
    <skipped/>
  </testcase> <!-- Edit_and_Close_Cancel_Serving_Size_Level -->
  <system-out/>
</testsuite> <!-- com.Test.Inventory_Storage_Locations -->
