<?xml version="1.0" encoding="UTF-8"?>
<!-- Generated by org.testng.reporters.JUnitReportReporter -->
<testsuite hostname="INL-JVNGDL3" failures="0" tests="17" name="com.Test.Reports_Logo_Sale" time="553.887" errors="0" timestamp="2023-07-19T17:26:48 IST" skipped="14">
  <testcase classname="com.Test.Reports_Logo_Sale" name="Login" time="48.579"/>
  <system-out/>
  <testcase classname="com.Test.Reports_Logo_Sale" name="Calling" time="501.679"/>
  <system-out/>
  <testcase classname="com.Test.Reports_Logo_Sale" name="LogOut" time="3.629"/>
  <system-out/>
  <testcase classname="com.Test.Reports_Logo_Sale" name="Open_Logo_Sale_Report_Page">
    <skipped/>
  </testcase> <!-- Open_Logo_Sale_Report_Page -->
  <system-out/>
  <testcase classname="com.Test.Reports_Logo_Sale" name="Logo_Sale_Report_Specific_Date">
    <skipped/>
  </testcase> <!-- Logo_Sale_Report_Specific_Date -->
  <system-out/>
  <testcase classname="com.Test.Reports_Logo_Sale" name="Logo_Sale_Report_This_Week">
    <skipped/>
  </testcase> <!-- Logo_Sale_Report_This_Week -->
  <system-out/>
  <testcase classname="com.Test.Reports_Logo_Sale" name="Logo_Sale_Report_Last_Week">
    <skipped/>
  </testcase> <!-- Logo_Sale_Report_Last_Week -->
  <system-out/>
  <testcase classname="com.Test.Reports_Logo_Sale" name="Logo_Sale_Report_This_Month">
    <skipped/>
  </testcase> <!-- Logo_Sale_Report_This_Month -->
  <system-out/>
  <testcase classname="com.Test.Reports_Logo_Sale" name="Logo_Sale_Report_Today">
    <skipped/>
  </testcase> <!-- Logo_Sale_Report_Today -->
  <system-out/>
  <testcase classname="com.Test.Reports_Logo_Sale" name="Logo_Sale_Report_Date_Range">
    <skipped/>
  </testcase> <!-- Logo_Sale_Report_Date_Range -->
  <system-out/>
  <testcase classname="com.Test.Reports_Logo_Sale" name="RefreshAndPaginination">
    <skipped/>
  </testcase> <!-- RefreshAndPaginination -->
  <system-out/>
  <testcase classname="com.Test.Reports_Logo_Sale" name="Logo_Sale_Report_Yesterday">
    <skipped/>
  </testcase> <!-- Logo_Sale_Report_Yesterday -->
  <system-out/>
  <testcase classname="com.Test.Reports_Logo_Sale" name="Logo_Sale_Report_Last_N_Days">
    <skipped/>
  </testcase> <!-- Logo_Sale_Report_Last_N_Days -->
  <system-out/>
  <testcase classname="com.Test.Reports_Logo_Sale" name="Logo_Sale_Report_Last_Month">
    <skipped/>
  </testcase> <!-- Logo_Sale_Report_Last_Month -->
  <system-out/>
  <testcase classname="com.Test.Reports_Logo_Sale" name="Logo_Sale_Report_Verify_Logo_Sale_By_Enable_BusinessDay">
    <skipped/>
  </testcase> <!-- Logo_Sale_Report_Verify_Logo_Sale_By_Enable_BusinessDay -->
  <system-out/>
  <testcase classname="com.Test.Reports_Logo_Sale" name="Logo_Sale_Report_Last_7_Days">
    <skipped/>
  </testcase> <!-- Logo_Sale_Report_Last_7_Days -->
  <system-out/>
  <testcase classname="com.Test.Reports_Logo_Sale" name="Logo_Sale_Report_Last_30_Days">
    <skipped/>
  </testcase> <!-- Logo_Sale_Report_Last_30_Days -->
  <system-out/>
</testsuite> <!-- com.Test.Reports_Logo_Sale -->
