<?xml version="1.0" encoding="UTF-8"?>
<!-- Generated by org.testng.reporters.JUnitReportReporter -->
<testsuite hostname="INL-JVNGDL3" failures="0" tests="15" name="com.Test.Dashboard_KDS" time="643.666" errors="0" timestamp="2023-05-22T13:25:12 IST" skipped="12">
  <testcase classname="com.Test.Dashboard_KDS" name="Login" time="58.661"/>
  <system-out/>
  <testcase classname="com.Test.Dashboard_KDS" name="Calling" time="581.600"/>
  <system-out/>
  <testcase classname="com.Test.Dashboard_KDS" name="LogOut" time="3.405"/>
  <system-out/>
  <testcase classname="com.Test.Dashboard_KDS" name="Dashboard_KDS_Date_Range">
    <skipped/>
  </testcase> <!-- Dashboard_KDS_Date_Range -->
  <system-out/>
  <testcase classname="com.Test.Dashboard_KDS" name="Dashboard_KDS_Last_7_Days">
    <skipped/>
  </testcase> <!-- Dashboard_KDS_Last_7_Days -->
  <system-out/>
  <testcase classname="com.Test.Dashboard_KDS" name="Dashboard_KDS_Last_Month">
    <skipped/>
  </testcase> <!-- Dashboard_KDS_Last_Month -->
  <system-out/>
  <testcase classname="com.Test.Dashboard_KDS" name="Dashboard_KDS_This_Month">
    <skipped/>
  </testcase> <!-- Dashboard_KDS_This_Month -->
  <system-out/>
  <testcase classname="com.Test.Dashboard_KDS" name="Dashboard_KDS_Last_N_Days">
    <skipped/>
  </testcase> <!-- Dashboard_KDS_Last_N_Days -->
  <system-out/>
  <testcase classname="com.Test.Dashboard_KDS" name="Dashboard_KDS_Last_Week">
    <skipped/>
  </testcase> <!-- Dashboard_KDS_Last_Week -->
  <system-out/>
  <testcase classname="com.Test.Dashboard_KDS" name="Dashboard_KDS_Last_30_Days">
    <skipped/>
  </testcase> <!-- Dashboard_KDS_Last_30_Days -->
  <system-out/>
  <testcase classname="com.Test.Dashboard_KDS" name="Dashboard_KDS_This_Week">
    <skipped/>
  </testcase> <!-- Dashboard_KDS_This_Week -->
  <system-out/>
  <testcase classname="com.Test.Dashboard_KDS" name="Dashboard_KDS_Today">
    <skipped/>
  </testcase> <!-- Dashboard_KDS_Today -->
  <system-out/>
  <testcase classname="com.Test.Dashboard_KDS" name="Dashboard_KDS_Yesterday">
    <skipped/>
  </testcase> <!-- Dashboard_KDS_Yesterday -->
  <system-out/>
  <testcase classname="com.Test.Dashboard_KDS" name="Dashboard_KDS_Specific_Date">
    <skipped/>
  </testcase> <!-- Dashboard_KDS_Specific_Date -->
  <system-out/>
  <testcase classname="com.Test.Dashboard_KDS" name="Open_Dashboard_KDS_Page">
    <skipped/>
  </testcase> <!-- Open_Dashboard_KDS_Page -->
  <system-out/>
</testsuite> <!-- com.Test.Dashboard_KDS -->
