<?xml version="1.0" encoding="UTF-8"?>
<!-- Generated by org.testng.reporters.JUnitReportReporter -->
<testsuite hostname="INL-JVNGDL3" failures="0" tests="17" name="com.Test.Reports_Till_Report" time="1425.815" errors="0" timestamp="2023-05-03T13:34:41 IST" skipped="14">
  <testcase classname="com.Test.Reports_Till_Report" name="Login" time="69.194"/>
  <system-out/>
  <testcase classname="com.Test.Reports_Till_Report" name="Calling" time="1351.966"/>
  <system-out/>
  <testcase classname="com.Test.Reports_Till_Report" name="LogOut" time="4.655"/>
  <system-out/>
  <testcase classname="com.Test.Reports_Till_Report" name="Till_Report_This_Month">
    <skipped/>
  </testcase> <!-- Till_Report_This_Month -->
  <system-out/>
  <testcase classname="com.Test.Reports_Till_Report" name="Till_Report_Last_Month">
    <skipped/>
  </testcase> <!-- Till_Report_Last_Month -->
  <system-out/>
  <testcase classname="com.Test.Reports_Till_Report" name="Till_Report_Verify_Till_Search">
    <skipped/>
  </testcase> <!-- Till_Report_Verify_Till_Search -->
  <system-out/>
  <testcase classname="com.Test.Reports_Till_Report" name="Open_Till_Report_Page">
    <skipped/>
  </testcase> <!-- Open_Till_Report_Page -->
  <system-out/>
  <testcase classname="com.Test.Reports_Till_Report" name="Till_Report_Last_N_Days">
    <skipped/>
  </testcase> <!-- Till_Report_Last_N_Days -->
  <system-out/>
  <testcase classname="com.Test.Reports_Till_Report" name="Till_Report_Specific_Date">
    <skipped/>
  </testcase> <!-- Till_Report_Specific_Date -->
  <system-out/>
  <testcase classname="com.Test.Reports_Till_Report" name="Till_Report_This_Week">
    <skipped/>
  </testcase> <!-- Till_Report_This_Week -->
  <system-out/>
  <testcase classname="com.Test.Reports_Till_Report" name="Till_Report_Last_Week">
    <skipped/>
  </testcase> <!-- Till_Report_Last_Week -->
  <system-out/>
  <testcase classname="com.Test.Reports_Till_Report" name="Till_Report_Date_Range">
    <skipped/>
  </testcase> <!-- Till_Report_Date_Range -->
  <system-out/>
  <testcase classname="com.Test.Reports_Till_Report" name="Till_Report_Today">
    <skipped/>
  </testcase> <!-- Till_Report_Today -->
  <system-out/>
  <testcase classname="com.Test.Reports_Till_Report" name="Till_Report_Yesterday">
    <skipped/>
  </testcase> <!-- Till_Report_Yesterday -->
  <system-out/>
  <testcase classname="com.Test.Reports_Till_Report" name="Till_Report_Last_7_Days">
    <skipped/>
  </testcase> <!-- Till_Report_Last_7_Days -->
  <system-out/>
  <testcase classname="com.Test.Reports_Till_Report" name="RefreshAndPaginination">
    <skipped/>
  </testcase> <!-- RefreshAndPaginination -->
  <system-out/>
  <testcase classname="com.Test.Reports_Till_Report" name="Till_Report_Last_30_Days">
    <skipped/>
  </testcase> <!-- Till_Report_Last_30_Days -->
  <system-out/>
</testsuite> <!-- com.Test.Reports_Till_Report -->
