<?xml version="1.0" encoding="UTF-8"?>
<!-- Generated by org.testng.reporters.JUnitReportReporter -->
<testsuite hostname="INL-JVNGDL3" failures="0" tests="17" name="com.Test.Reports_Sale_Summary_Report" time="149.766" errors="0" timestamp="2023-04-10T14:25:45 IST" skipped="14">
  <testcase classname="com.Test.Reports_Sale_Summary_Report" name="Login" time="43.423"/>
  <system-out/>
  <testcase classname="com.Test.Reports_Sale_Summary_Report" name="Calling" time="106.128"/>
  <system-out/>
  <testcase classname="com.Test.Reports_Sale_Summary_Report" name="LogOut" time="0.215"/>
  <system-out/>
  <testcase classname="com.Test.Reports_Sale_Summary_Report" name="SaleSummary_Report_Today">
    <skipped/>
  </testcase> <!-- SaleSummary_Report_Today -->
  <system-out/>
  <testcase classname="com.Test.Reports_Sale_Summary_Report" name="SaleSummary_Report_This_Month">
    <skipped/>
  </testcase> <!-- SaleSummary_Report_This_Month -->
  <system-out/>
  <testcase classname="com.Test.Reports_Sale_Summary_Report" name="SelectTheCat">
    <skipped/>
  </testcase> <!-- SelectTheCat -->
  <system-out/>
  <testcase classname="com.Test.Reports_Sale_Summary_Report" name="SaleSummary_Report_Last_Week">
    <skipped/>
  </testcase> <!-- SaleSummary_Report_Last_Week -->
  <system-out/>
  <testcase classname="com.Test.Reports_Sale_Summary_Report" name="SaleSummary_Report_Last_N_Days">
    <skipped/>
  </testcase> <!-- SaleSummary_Report_Last_N_Days -->
  <system-out/>
  <testcase classname="com.Test.Reports_Sale_Summary_Report" name="SaleSummary_Report_Yesterday">
    <skipped/>
  </testcase> <!-- SaleSummary_Report_Yesterday -->
  <system-out/>
  <testcase classname="com.Test.Reports_Sale_Summary_Report" name="SaleSummary_Report_Last_7_Days">
    <skipped/>
  </testcase> <!-- SaleSummary_Report_Last_7_Days -->
  <system-out/>
  <testcase classname="com.Test.Reports_Sale_Summary_Report" name="SaleSummary_Report_Last_Month">
    <skipped/>
  </testcase> <!-- SaleSummary_Report_Last_Month -->
  <system-out/>
  <testcase classname="com.Test.Reports_Sale_Summary_Report" name="RefreshAndPaginination">
    <skipped/>
  </testcase> <!-- RefreshAndPaginination -->
  <system-out/>
  <testcase classname="com.Test.Reports_Sale_Summary_Report" name="SaleSummary_Report_Specific_Date">
    <skipped/>
  </testcase> <!-- SaleSummary_Report_Specific_Date -->
  <system-out/>
  <testcase classname="com.Test.Reports_Sale_Summary_Report" name="SaleSummary_Report_Last_30_Days">
    <skipped/>
  </testcase> <!-- SaleSummary_Report_Last_30_Days -->
  <system-out/>
  <testcase classname="com.Test.Reports_Sale_Summary_Report" name="SaleSummary_Report_Date_Range">
    <skipped/>
  </testcase> <!-- SaleSummary_Report_Date_Range -->
  <system-out/>
  <testcase classname="com.Test.Reports_Sale_Summary_Report" name="Open_SaleSummary_Report_Page">
    <skipped/>
  </testcase> <!-- Open_SaleSummary_Report_Page -->
  <system-out/>
  <testcase classname="com.Test.Reports_Sale_Summary_Report" name="SaleSummary_Report_This_Week">
    <skipped/>
  </testcase> <!-- SaleSummary_Report_This_Week -->
  <system-out/>
</testsuite> <!-- com.Test.Reports_Sale_Summary_Report -->
