<?xml version="1.0" encoding="UTF-8"?>
<!-- Generated by org.testng.reporters.JUnitReportReporter -->
<testsuite skipped="13" hostname="INL-JVNGDL3" name="com.Test.Reports_Cashier_Out_Report" tests="16" failures="0" timestamp="2023-03-16T19:05:21 IST" time="188.969" errors="0">
  <testcase name="Login" time="56.934" classname="com.Test.Reports_Cashier_Out_Report"/>
  <system-out/>
  <testcase name="Calling" time="131.632" classname="com.Test.Reports_Cashier_Out_Report"/>
  <system-out/>
  <testcase name="LogOut" time="0.403" classname="com.Test.Reports_Cashier_Out_Report"/>
  <system-out/>
  <testcase name="Cashier_Out_Report_Last_7_Days" classname="com.Test.Reports_Cashier_Out_Report">
    <skipped/>
  </testcase> <!-- Cashier_Out_Report_Last_7_Days -->
  <system-out/>
  <testcase name="Open_Cashier_Out_Report_Page" classname="com.Test.Reports_Cashier_Out_Report">
    <skipped/>
  </testcase> <!-- Open_Cashier_Out_Report_Page -->
  <system-out/>
  <testcase name="Cashier_Out_Report_Last_Week" classname="com.Test.Reports_Cashier_Out_Report">
    <skipped/>
  </testcase> <!-- Cashier_Out_Report_Last_Week -->
  <system-out/>
  <testcase name="Cashier_Out_Report_This_Week" classname="com.Test.Reports_Cashier_Out_Report">
    <skipped/>
  </testcase> <!-- Cashier_Out_Report_This_Week -->
  <system-out/>
  <testcase name="Cashier_Out_Report_This_Month" classname="com.Test.Reports_Cashier_Out_Report">
    <skipped/>
  </testcase> <!-- Cashier_Out_Report_This_Month -->
  <system-out/>
  <testcase name="Cashier_Out_Report_Last_Month" classname="com.Test.Reports_Cashier_Out_Report">
    <skipped/>
  </testcase> <!-- Cashier_Out_Report_Last_Month -->
  <system-out/>
  <testcase name="Cashier_Out_Report_Today" classname="com.Test.Reports_Cashier_Out_Report">
    <skipped/>
  </testcase> <!-- Cashier_Out_Report_Today -->
  <system-out/>
  <testcase name="RefreshAndPaginination" classname="com.Test.Reports_Cashier_Out_Report">
    <skipped/>
  </testcase> <!-- RefreshAndPaginination -->
  <system-out/>
  <testcase name="Cashier_Out_Report_Specific_Date" classname="com.Test.Reports_Cashier_Out_Report">
    <skipped/>
  </testcase> <!-- Cashier_Out_Report_Specific_Date -->
  <system-out/>
  <testcase name="Cashier_Out_Report_Last_N_Days" classname="com.Test.Reports_Cashier_Out_Report">
    <skipped/>
  </testcase> <!-- Cashier_Out_Report_Last_N_Days -->
  <system-out/>
  <testcase name="Cashier_Out_Report_Yesterday" classname="com.Test.Reports_Cashier_Out_Report">
    <skipped/>
  </testcase> <!-- Cashier_Out_Report_Yesterday -->
  <system-out/>
  <testcase name="Cashier_Out_Report_Date_Range" classname="com.Test.Reports_Cashier_Out_Report">
    <skipped/>
  </testcase> <!-- Cashier_Out_Report_Date_Range -->
  <system-out/>
  <testcase name="Cashier_Out_Report_Last_30_Days" classname="com.Test.Reports_Cashier_Out_Report">
    <skipped/>
  </testcase> <!-- Cashier_Out_Report_Last_30_Days -->
  <system-out/>
</testsuite> <!-- com.Test.Reports_Cashier_Out_Report -->
