<?xml version="1.0" encoding="UTF-8"?>
<!-- Generated by org.testng.reporters.JUnitReportReporter -->
<testsuite hostname="INL-JVNGDL3" failures="0" tests="21" name="com.Test.Inventory_Reports_Wastage_Report" time="411.044" errors="0" timestamp="2023-06-26T17:13:17 IST" skipped="18">
  <testcase classname="com.Test.Inventory_Reports_Wastage_Report" name="Login" time="49.519"/>
  <system-out/>
  <testcase classname="com.Test.Inventory_Reports_Wastage_Report" name="Calling" time="356.810"/>
  <system-out/>
  <testcase classname="com.Test.Inventory_Reports_Wastage_Report" name="LogOut" time="4.715"/>
  <system-out/>
  <testcase classname="com.Test.Inventory_Reports_Wastage_Report" name="Inventory_Reports_Wastage_Report_For_All_Last_N_Days">
    <skipped/>
  </testcase> <!-- Inventory_Reports_Wastage_Report_For_All_Last_N_Days -->
  <system-out/>
  <testcase classname="com.Test.Inventory_Reports_Wastage_Report" name="Inventory_Reports_Wastage_Report_For_All_Date_Range">
    <skipped/>
  </testcase> <!-- Inventory_Reports_Wastage_Report_For_All_Date_Range -->
  <system-out/>
  <testcase classname="com.Test.Inventory_Reports_Wastage_Report" name="Inventory_Reports_Wastage_Report_For_All_Today">
    <skipped/>
  </testcase> <!-- Inventory_Reports_Wastage_Report_For_All_Today -->
  <system-out/>
  <testcase classname="com.Test.Inventory_Reports_Wastage_Report" name="Inventory_Reports_Wastage_Report_For_Item_Yield">
    <skipped/>
  </testcase> <!-- Inventory_Reports_Wastage_Report_For_Item_Yield -->
  <system-out/>
  <testcase classname="com.Test.Inventory_Reports_Wastage_Report" name="Inventory_Reports_Wastage_Report_For_All_Last_30_Days">
    <skipped/>
  </testcase> <!-- Inventory_Reports_Wastage_Report_For_All_Last_30_Days -->
  <system-out/>
  <testcase classname="com.Test.Inventory_Reports_Wastage_Report" name="Inventory_Reports_Wastage_Report_For_Purchase_Expired">
    <skipped/>
  </testcase> <!-- Inventory_Reports_Wastage_Report_For_Purchase_Expired -->
  <system-out/>
  <testcase classname="com.Test.Inventory_Reports_Wastage_Report" name="Inventory_Reports_Wastage_Report_For_All_Yesterday">
    <skipped/>
  </testcase> <!-- Inventory_Reports_Wastage_Report_For_All_Yesterday -->
  <system-out/>
  <testcase classname="com.Test.Inventory_Reports_Wastage_Report" name="Inventory_Reports_Wastage_Report_For_All_Last_Month">
    <skipped/>
  </testcase> <!-- Inventory_Reports_Wastage_Report_For_All_Last_Month -->
  <system-out/>
  <testcase classname="com.Test.Inventory_Reports_Wastage_Report" name="Inventory_Reports_Wastage_Report_For_All_Last_Week">
    <skipped/>
  </testcase> <!-- Inventory_Reports_Wastage_Report_For_All_Last_Week -->
  <system-out/>
  <testcase classname="com.Test.Inventory_Reports_Wastage_Report" name="Inventory_Reports_Wastage_Report_For_All_This_Month">
    <skipped/>
  </testcase> <!-- Inventory_Reports_Wastage_Report_For_All_This_Month -->
  <system-out/>
  <testcase classname="com.Test.Inventory_Reports_Wastage_Report" name="Inventory_Reports_Wastage_Report_For_Sale_Void">
    <skipped/>
  </testcase> <!-- Inventory_Reports_Wastage_Report_For_Sale_Void -->
  <system-out/>
  <testcase classname="com.Test.Inventory_Reports_Wastage_Report" name="Inventory_Reports_Wastage_Report_For_All_Specific_Date">
    <skipped/>
  </testcase> <!-- Inventory_Reports_Wastage_Report_For_All_Specific_Date -->
  <system-out/>
  <testcase classname="com.Test.Inventory_Reports_Wastage_Report" name="Inventory_Reports_Wastage_Report_For_All_Last_7_Days">
    <skipped/>
  </testcase> <!-- Inventory_Reports_Wastage_Report_For_All_Last_7_Days -->
  <system-out/>
  <testcase classname="com.Test.Inventory_Reports_Wastage_Report" name="Inventory_Reports_Wastage_Report_For_All_This_Week">
    <skipped/>
  </testcase> <!-- Inventory_Reports_Wastage_Report_For_All_This_Week -->
  <system-out/>
  <testcase classname="com.Test.Inventory_Reports_Wastage_Report" name="RefreshAndPaginination">
    <skipped/>
  </testcase> <!-- RefreshAndPaginination -->
  <system-out/>
  <testcase classname="com.Test.Inventory_Reports_Wastage_Report" name="Open_Inventory_Reports_Wastage_Report_Page">
    <skipped/>
  </testcase> <!-- Open_Inventory_Reports_Wastage_Report_Page -->
  <system-out/>
  <testcase classname="com.Test.Inventory_Reports_Wastage_Report" name="Inventory_Reports_Wastage_Report_For_Manual">
    <skipped/>
  </testcase> <!-- Inventory_Reports_Wastage_Report_For_Manual -->
  <system-out/>
  <testcase classname="com.Test.Inventory_Reports_Wastage_Report" name="Inventory_Reports_Wastage_Report_For_All_Verify_Wastage_Report_Search">
    <skipped/>
  </testcase> <!-- Inventory_Reports_Wastage_Report_For_All_Verify_Wastage_Report_Search -->
  <system-out/>
</testsuite> <!-- com.Test.Inventory_Reports_Wastage_Report -->
