<?xml version="1.0" encoding="UTF-8"?>
<!-- Generated by org.testng.reporters.JUnitReportReporter -->
<testsuite hostname="INL-JVNGDL3" failures="0" tests="12" name="com.Test.Settings_Delivery_Settings" time="116.764" errors="0" timestamp="2023-04-04T16:25:40 IST" skipped="9">
  <testcase classname="com.Test.Settings_Delivery_Settings" name="Login" time="44.289"/>
  <system-out/>
  <testcase classname="com.Test.Settings_Delivery_Settings" name="Calling" time="72.173"/>
  <system-out/>
  <testcase classname="com.Test.Settings_Delivery_Settings" name="LogOut" time="0.302"/>
  <system-out/>
  <testcase classname="com.Test.Settings_Delivery_Settings" name="Delivery_Save">
    <skipped/>
  </testcase> <!-- Delivery_Save -->
  <system-out/>
  <testcase classname="com.Test.Settings_Delivery_Settings" name="Open_Delivery_Page">
    <skipped/>
  </testcase> <!-- Open_Delivery_Page -->
  <system-out/>
  <testcase classname="com.Test.Settings_Delivery_Settings" name="Delivery_Driver_Page">
    <skipped/>
  </testcase> <!-- Delivery_Driver_Page -->
  <system-out/>
  <testcase classname="com.Test.Settings_Delivery_Settings" name="Delivery_PUC_Page">
    <skipped/>
  </testcase> <!-- Delivery_PUC_Page -->
  <system-out/>
  <testcase classname="com.Test.Settings_Delivery_Settings" name="Delivery_Zone_Page">
    <skipped/>
  </testcase> <!-- Delivery_Zone_Page -->
  <system-out/>
  <testcase classname="com.Test.Settings_Delivery_Settings" name="Delete_Delivery_Zone">
    <skipped/>
  </testcase> <!-- Delete_Delivery_Zone -->
  <system-out/>
  <testcase classname="com.Test.Settings_Delivery_Settings" name="Add_Delivery_Zone">
    <skipped/>
  </testcase> <!-- Add_Delivery_Zone -->
  <system-out/>
  <testcase classname="com.Test.Settings_Delivery_Settings" name="Delivery_setting_Page">
    <skipped/>
  </testcase> <!-- Delivery_setting_Page -->
  <system-out/>
  <testcase classname="com.Test.Settings_Delivery_Settings" name="Edit_and_Update_Delivery_Zone">
    <skipped/>
  </testcase> <!-- Edit_and_Update_Delivery_Zone -->
  <system-out/>
</testsuite> <!-- com.Test.Settings_Delivery_Settings -->
