<?xml version="1.0" encoding="UTF-8"?>
<!-- Generated by org.testng.reporters.JUnitReportReporter -->
<testsuite skipped="7" hostname="Raja-QA-Laptop-IN" name="com.Test.Product_Items_AddEditDelete_Serving_Size_Levels" tests="10" failures="0" timestamp="2023-05-15T16:56:49 IST" time="420.172" errors="1">
  <testcase name="Login" time="51.308" classname="com.Test.Product_Items_AddEditDelete_Serving_Size_Levels"/>
  <system-out/>
  <testcase name="Calling" time="366.726" classname="com.Test.Product_Items_AddEditDelete_Serving_Size_Levels"/>
  <system-out/>
  <testcase name="LogOut" time="2.138" classname="com.Test.Product_Items_AddEditDelete_Serving_Size_Levels">
    <error type="org.openqa.selenium.ElementClickInterceptedException" message="element click intercepted: Element &lt;div _ngcontent-vhm-c269=&quot;&quot; classlist=&quot;user-dropdown&quot; class=&quot;mat-menu-trigger profile&quot; aria-haspopup=&quot;menu&quot;&gt;...&lt;/div&gt; is not clickable at point (1465, 36). Other element would receive the click: &lt;div id=&quot;cdk-overlay-7&quot; class=&quot;cdk-overlay-pane&quot; style=&quot;position: static; margin-top: 0px; margin-right: 0px;&quot;&gt;...&lt;/div&gt;
  (Session info: chrome=113.0.5672.93)
Build info: version: &#039;4.4.0&#039;, revision: &#039;e5c75ed026a&#039;
System info: host: &#039;RAJA-QA-LAPTOP-&#039;, ip: &#039;192.168.1.225&#039;, os.name: &#039;Windows 10&#039;, os.arch: &#039;amd64&#039;, os.version: &#039;10.0&#039;, java.version: &#039;1.8.0_301&#039;
Driver info: org.openqa.selenium.chrome.ChromeDriver
Command: [8706331fe7e78b72a250e63d087683c8, clickElement {id=4378A277B4A5B506E48DBA55358EF015_element_471}]
Capabilities {acceptInsecureCerts: false, browserName: chrome, browserVersion: 113.0.5672.93, chrome: {chromedriverVersion: 113.0.5672.63 (0e1a4471d5ae..., userDataDir: C:\Users\rajas\AppData\Loca...}, goog:chromeOptions: {debuggerAddress: localhost:64427}, networkConnectionEnabled: false, pageLoadStrategy: normal, platformName: WINDOWS, proxy: Proxy(), se:cdp: ws://localhost:64427/devtoo..., se:cdpVersion: 113.0.5672.93, setWindowRect: true, strictFileInteractability: false, timeouts: {implicit: 0, pageLoad: 300000, script: 30000}, unhandledPromptBehavior: dismiss and notify, webauthn:extension:credBlob: true, webauthn:extension:largeBlob: true, webauthn:extension:minPinLength: true, webauthn:extension:prf: true, webauthn:virtualAuthenticators: true}
Element: [[ChromeDriver: chrome on WINDOWS (8706331fe7e78b72a250e63d087683c8)] -&gt; xpath: //div[@class=&#039;profile-name&#039;]/..]
Session ID: 8706331fe7e78b72a250e63d087683c8">
      <![CDATA[org.openqa.selenium.ElementClickInterceptedException: element click intercepted: Element <div _ngcontent-vhm-c269="" classlist="user-dropdown" class="mat-menu-trigger profile" aria-haspopup="menu">...</div> is not clickable at point (1465, 36). Other element would receive the click: <div id="cdk-overlay-7" class="cdk-overlay-pane" style="position: static; margin-top: 0px; margin-right: 0px;">...</div>
  (Session info: chrome=113.0.5672.93)
Build info: version: '4.4.0', revision: 'e5c75ed026a'
System info: host: 'RAJA-QA-LAPTOP-', ip: '192.168.1.225', os.name: 'Windows 10', os.arch: 'amd64', os.version: '10.0', java.version: '1.8.0_301'
Driver info: org.openqa.selenium.chrome.ChromeDriver
Command: [8706331fe7e78b72a250e63d087683c8, clickElement {id=4378A277B4A5B506E48DBA55358EF015_element_471}]
Capabilities {acceptInsecureCerts: false, browserName: chrome, browserVersion: 113.0.5672.93, chrome: {chromedriverVersion: 113.0.5672.63 (0e1a4471d5ae..., userDataDir: C:\Users\rajas\AppData\Loca...}, goog:chromeOptions: {debuggerAddress: localhost:64427}, networkConnectionEnabled: false, pageLoadStrategy: normal, platformName: WINDOWS, proxy: Proxy(), se:cdp: ws://localhost:64427/devtoo..., se:cdpVersion: 113.0.5672.93, setWindowRect: true, strictFileInteractability: false, timeouts: {implicit: 0, pageLoad: 300000, script: 30000}, unhandledPromptBehavior: dismiss and notify, webauthn:extension:credBlob: true, webauthn:extension:largeBlob: true, webauthn:extension:minPinLength: true, webauthn:extension:prf: true, webauthn:virtualAuthenticators: true}
Element: [[ChromeDriver: chrome on WINDOWS (8706331fe7e78b72a250e63d087683c8)] -> xpath: //div[@class='profile-name']/..]
Session ID: 8706331fe7e78b72a250e63d087683c8
at sun.reflect.NativeConstructorAccessorImpl.newInstance0(Native Method)
at sun.reflect.NativeConstructorAccessorImpl.newInstance(Unknown Source)
at sun.reflect.DelegatingConstructorAccessorImpl.newInstance(Unknown Source)
at java.lang.reflect.Constructor.newInstance(Unknown Source)
at org.openqa.selenium.remote.codec.w3c.W3CHttpResponseCodec.createException(W3CHttpResponseCodec.java:200)
at org.openqa.selenium.remote.codec.w3c.W3CHttpResponseCodec.decode(W3CHttpResponseCodec.java:133)
at org.openqa.selenium.remote.codec.w3c.W3CHttpResponseCodec.decode(W3CHttpResponseCodec.java:53)
at org.openqa.selenium.remote.HttpCommandExecutor.execute(HttpCommandExecutor.java:184)
at org.openqa.selenium.remote.service.DriverCommandExecutor.invokeExecute(DriverCommandExecutor.java:167)
at org.openqa.selenium.remote.service.DriverCommandExecutor.execute(DriverCommandExecutor.java:142)
at org.openqa.selenium.remote.RemoteWebDriver.execute(RemoteWebDriver.java:547)
at org.openqa.selenium.remote.RemoteWebElement.execute(RemoteWebElement.java:257)
at org.openqa.selenium.remote.RemoteWebElement.click(RemoteWebElement.java:78)
at sun.reflect.NativeMethodAccessorImpl.invoke0(Native Method)
at sun.reflect.NativeMethodAccessorImpl.invoke(Unknown Source)
at sun.reflect.DelegatingMethodAccessorImpl.invoke(Unknown Source)
at java.lang.reflect.Method.invoke(Unknown Source)
at org.openqa.selenium.support.pagefactory.internal.LocatingElementHandler.invoke(LocatingElementHandler.java:52)
at com.sun.proxy.$Proxy14.click(Unknown Source)
at com.Pages.LoginPage.Log_Out(LoginPage.java:156)
at com.Test.LoginTest.LogOut(LoginTest.java:56)
at com.Test.Product_Items_AddEditDelete_Serving_Size_Levels.LogOut(Product_Items_AddEditDelete_Serving_Size_Levels.java:103)
at sun.reflect.NativeMethodAccessorImpl.invoke0(Native Method)
at sun.reflect.NativeMethodAccessorImpl.invoke(Unknown Source)
at sun.reflect.DelegatingMethodAccessorImpl.invoke(Unknown Source)
at java.lang.reflect.Method.invoke(Unknown Source)
at org.testng.internal.MethodInvocationHelper.invokeMethod(MethodInvocationHelper.java:133)
at org.testng.internal.TestInvoker.invokeMethod(TestInvoker.java:598)
at org.testng.internal.TestInvoker.invokeTestMethod(TestInvoker.java:173)
at org.testng.internal.MethodRunner.runInSequence(MethodRunner.java:46)
at org.testng.internal.TestInvoker$MethodInvocationAgent.invoke(TestInvoker.java:824)
at org.testng.internal.TestInvoker.invokeTestMethods(TestInvoker.java:146)
at org.testng.internal.TestMethodWorker.invokeTestMethods(TestMethodWorker.java:146)
at org.testng.internal.TestMethodWorker.run(TestMethodWorker.java:128)
at java.util.ArrayList.forEach(Unknown Source)
at org.testng.TestRunner.privateRun(TestRunner.java:794)
at org.testng.TestRunner.run(TestRunner.java:596)
at org.testng.SuiteRunner.runTest(SuiteRunner.java:377)
at org.testng.SuiteRunner.runSequentially(SuiteRunner.java:371)
at org.testng.SuiteRunner.privateRun(SuiteRunner.java:332)
at org.testng.SuiteRunner.run(SuiteRunner.java:276)
at org.testng.SuiteRunnerWorker.runSuite(SuiteRunnerWorker.java:53)
at org.testng.SuiteRunnerWorker.run(SuiteRunnerWorker.java:96)
at org.testng.TestNG.runSuitesSequentially(TestNG.java:1212)
at org.testng.TestNG.runSuitesLocally(TestNG.java:1134)
at org.testng.TestNG.runSuites(TestNG.java:1063)
at org.testng.TestNG.run(TestNG.java:1031)
at org.testng.remote.AbstractRemoteTestNG.run(AbstractRemoteTestNG.java:115)
at org.testng.remote.RemoteTestNG.initAndRun(RemoteTestNG.java:251)
at org.testng.remote.RemoteTestNG.main(RemoteTestNG.java:77)
]]>
    </error>
  </testcase> <!-- LogOut -->
  <system-out/>
  <testcase name="Edit_and_Close_Cancel_Serving_Size_Level" classname="com.Test.Product_Items_AddEditDelete_Serving_Size_Levels">
    <skipped/>
  </testcase> <!-- Edit_and_Close_Cancel_Serving_Size_Level -->
  <system-out/>
  <testcase name="Add_Servinge_Size_Level" classname="com.Test.Product_Items_AddEditDelete_Serving_Size_Levels">
    <skipped/>
  </testcase> <!-- Add_Servinge_Size_Level -->
  <system-out/>
  <testcase name="RefreshAndPaginination" classname="com.Test.Product_Items_AddEditDelete_Serving_Size_Levels">
    <skipped/>
  </testcase> <!-- RefreshAndPaginination -->
  <system-out/>
  <testcase name="Delete_and_Active_Inactive_Serving_Size_Level" classname="com.Test.Product_Items_AddEditDelete_Serving_Size_Levels">
    <skipped/>
  </testcase> <!-- Delete_and_Active_Inactive_Serving_Size_Level -->
  <system-out/>
  <testcase name="Edit_and_Update_Serving_Size_Level" classname="com.Test.Product_Items_AddEditDelete_Serving_Size_Levels">
    <skipped/>
  </testcase> <!-- Edit_and_Update_Serving_Size_Level -->
  <system-out/>
  <testcase name="Create_DuplicateServing_Size_Level" classname="com.Test.Product_Items_AddEditDelete_Serving_Size_Levels">
    <skipped/>
  </testcase> <!-- Create_DuplicateServing_Size_Level -->
  <system-out/>
  <testcase name="Open_Service_Size_Levels_Page" classname="com.Test.Product_Items_AddEditDelete_Serving_Size_Levels">
    <skipped/>
  </testcase> <!-- Open_Service_Size_Levels_Page -->
  <system-out/>
</testsuite> <!-- com.Test.Product_Items_AddEditDelete_Serving_Size_Levels -->
