<?xml version="1.0" encoding="UTF-8"?>
<!-- Generated by org.testng.reporters.JUnitReportReporter -->
<testsuite hostname="INL-JVNGDL3" failures="0" tests="10" name="com.Test.Product_Items_AddEditDelete_TareGroup" time="272.754" errors="0" timestamp="2023-04-12T18:50:44 IST" skipped="7">
  <testcase classname="com.Test.Product_Items_AddEditDelete_TareGroup" name="Login" time="44.133"/>
  <system-out/>
  <testcase classname="com.Test.Product_Items_AddEditDelete_TareGroup" name="Calling" time="228.241"/>
  <system-out/>
  <testcase classname="com.Test.Product_Items_AddEditDelete_TareGroup" name="LogOut" time="0.380"/>
  <system-out/>
  <testcase classname="com.Test.Product_Items_AddEditDelete_TareGroup" name="Create_DuplicateTareGroup">
    <skipped/>
  </testcase> <!-- Create_DuplicateTareGroup -->
  <system-out/>
  <testcase classname="com.Test.Product_Items_AddEditDelete_TareGroup" name="Open_TareGroups_Page">
    <skipped/>
  </testcase> <!-- Open_TareGroups_Page -->
  <system-out/>
  <testcase classname="com.Test.Product_Items_AddEditDelete_TareGroup" name="RefreshAndPaginination">
    <skipped/>
  </testcase> <!-- RefreshAndPaginination -->
  <system-out/>
  <testcase classname="com.Test.Product_Items_AddEditDelete_TareGroup" name="Add_TareGroups">
    <skipped/>
  </testcase> <!-- Add_TareGroups -->
  <system-out/>
  <testcase classname="com.Test.Product_Items_AddEditDelete_TareGroup" name="Delete_and_Active_Inactive_TareGroups">
    <skipped/>
  </testcase> <!-- Delete_and_Active_Inactive_TareGroups -->
  <system-out/>
  <testcase classname="com.Test.Product_Items_AddEditDelete_TareGroup" name="Edit_and_Update_TareGroups">
    <skipped/>
  </testcase> <!-- Edit_and_Update_TareGroups -->
  <system-out/>
  <testcase classname="com.Test.Product_Items_AddEditDelete_TareGroup" name="Edit_and_Close_Cancel_TareGroups">
    <skipped/>
  </testcase> <!-- Edit_and_Close_Cancel_TareGroups -->
  <system-out/>
</testsuite> <!-- com.Test.Product_Items_AddEditDelete_TareGroup -->
