<?xml version="1.0" encoding="UTF-8"?>
<!-- Generated by org.testng.reporters.JUnitReportReporter -->
<testsuite hostname="INL-JVNGDL3" failures="0" tests="4" name="com.Test.Settings_TipOut_TipSharing" time="252.325" errors="0" timestamp="2023-04-07T15:19:25 IST" skipped="1">
  <testcase classname="com.Test.Settings_TipOut_TipSharing" name="Login" time="43.839"/>
  <system-out/>
  <testcase classname="com.Test.Settings_TipOut_TipSharing" name="Calling" time="208.160"/>
  <system-out/>
  <testcase classname="com.Test.Settings_TipOut_TipSharing" name="LogOut" time="0.326"/>
  <system-out/>
  <testcase classname="com.Test.Settings_TipOut_TipSharing" name="Open_TipOutTipSharing_Page">
    <skipped/>
  </testcase> <!-- Open_TipOutTipSharing_Page -->
  <system-out/>
</testsuite> <!-- com.Test.Settings_TipOut_TipSharing -->
