<?xml version="1.0" encoding="UTF-8"?>
<!-- Generated by org.testng.reporters.JUnitReportReporter -->
<testsuite hostname="INL-JVNGDL3" failures="0" tests="10" name="com.Test.Product_Items_AddEditDelete_Item_Service_Charge" time="265.538" errors="0" timestamp="2023-04-12T19:26:07 IST" skipped="7">
  <testcase classname="com.Test.Product_Items_AddEditDelete_Item_Service_Charge" name="Login" time="44.762"/>
  <system-out/>
  <testcase classname="com.Test.Product_Items_AddEditDelete_Item_Service_Charge" name="Calling" time="220.362"/>
  <system-out/>
  <testcase classname="com.Test.Product_Items_AddEditDelete_Item_Service_Charge" name="LogOut" time="0.414"/>
  <system-out/>
  <testcase classname="com.Test.Product_Items_AddEditDelete_Item_Service_Charge" name="Create_Duplicate_Item_Service_Charge">
    <skipped/>
  </testcase> <!-- Create_Duplicate_Item_Service_Charge -->
  <system-out/>
  <testcase classname="com.Test.Product_Items_AddEditDelete_Item_Service_Charge" name="Edit_and_Close_Cancel_Item_Service_Charge">
    <skipped/>
  </testcase> <!-- Edit_and_Close_Cancel_Item_Service_Charge -->
  <system-out/>
  <testcase classname="com.Test.Product_Items_AddEditDelete_Item_Service_Charge" name="Open_Item_Service_Charge_Page">
    <skipped/>
  </testcase> <!-- Open_Item_Service_Charge_Page -->
  <system-out/>
  <testcase classname="com.Test.Product_Items_AddEditDelete_Item_Service_Charge" name="Add_Item_Service_Charge">
    <skipped/>
  </testcase> <!-- Add_Item_Service_Charge -->
  <system-out/>
  <testcase classname="com.Test.Product_Items_AddEditDelete_Item_Service_Charge" name="Delete_and_Active_Inactive_Item_Service_Charge">
    <skipped/>
  </testcase> <!-- Delete_and_Active_Inactive_Item_Service_Charge -->
  <system-out/>
  <testcase classname="com.Test.Product_Items_AddEditDelete_Item_Service_Charge" name="RefreshAndPaginination">
    <skipped/>
  </testcase> <!-- RefreshAndPaginination -->
  <system-out/>
  <testcase classname="com.Test.Product_Items_AddEditDelete_Item_Service_Charge" name="Edit_and_Update_Item_Service_Charge">
    <skipped/>
  </testcase> <!-- Edit_and_Update_Item_Service_Charge -->
  <system-out/>
</testsuite> <!-- com.Test.Product_Items_AddEditDelete_Item_Service_Charge -->
