<?xml version="1.0" encoding="UTF-8"?>
<!-- Generated by org.testng.reporters.JUnitReportReporter -->
<testsuite hostname="INL-JVNGDL3" failures="0" tests="15" name="com.Test.AllClassCalling_Reports" time="990.874" errors="0" timestamp="2023-04-10T12:22:51 IST" skipped="5">
  <testcase classname="com.Test.AllClassCalling_Reports" name="Reports_Sale_Recap_Report" time="163.053"/>
  <system-out/>
  <testcase classname="com.Test.AllClassCalling_Reports" name="Reports_Department_Sale_Report" time="73.560"/>
  <system-out/>
  <testcase classname="com.Test.AllClassCalling_Reports" name="Reports_Category_Sale_Report" time="72.020"/>
  <system-out/>
  <testcase classname="com.Test.AllClassCalling_Reports" name="Reports_SubCategory_Sale_Report" time="72.876"/>
  <system-out/>
  <testcase classname="com.Test.AllClassCalling_Reports" name="Reports_MenuItem_Sale_Report" time="73.266"/>
  <system-out/>
  <testcase classname="com.Test.AllClassCalling_Reports" name="Reports_Modifier_Sale_Report" time="70.980"/>
  <system-out/>
  <testcase classname="com.Test.AllClassCalling_Reports" name="Reports_Hourly_Sale_Report" time="102.554"/>
  <system-out/>
  <testcase classname="com.Test.AllClassCalling_Reports" name="Reports_Daily_Sale_Report" time="102.095"/>
  <system-out/>
  <testcase classname="com.Test.AllClassCalling_Reports" name="Reports_Cashier_Out_Report" time="157.956"/>
  <system-out/>
  <testcase classname="com.Test.AllClassCalling_Reports" name="Reports_Sale_Summary_Report" time="102.514"/>
  <system-out/>
  <testcase classname="com.Test.AllClassCalling_Reports" name="Reports_Weekly_Summary_Sale_Report">
    <skipped/>
  </testcase> <!-- Reports_Weekly_Summary_Sale_Report -->
  <system-out/>
  <testcase classname="com.Test.AllClassCalling_Reports" name="Reports_Logo_Payment_Sale_Report">
    <skipped/>
  </testcase> <!-- Reports_Logo_Payment_Sale_Report -->
  <system-out/>
  <testcase classname="com.Test.AllClassCalling_Reports" name="Reports_Online_Sales_Report">
    <skipped/>
  </testcase> <!-- Reports_Online_Sales_Report -->
  <system-out/>
  <testcase classname="com.Test.AllClassCalling_Reports" name="Reports_Future_Order_Sale_Report">
    <skipped/>
  </testcase> <!-- Reports_Future_Order_Sale_Report -->
  <system-out/>
  <testcase classname="com.Test.AllClassCalling_Reports" name="Reports_Logo_Sale_Sale_Report">
    <skipped/>
  </testcase> <!-- Reports_Logo_Sale_Sale_Report -->
  <system-out/>
</testsuite> <!-- com.Test.AllClassCalling_Reports -->
