<?xml version="1.0" encoding="UTF-8"?>
<!-- Generated by org.testng.reporters.JUnitReportReporter -->
<testsuite hostname="INL-JVNGDL3" failures="0" tests="7" name="com.Test.Product_Items_Sort_Menu_Config" time="148.339" errors="0" timestamp="2023-04-12T16:39:37 IST" skipped="4">
  <testcase classname="com.Test.Product_Items_Sort_Menu_Config" name="Login" time="45.510"/>
  <system-out/>
  <testcase classname="com.Test.Product_Items_Sort_Menu_Config" name="Calling" time="102.376"/>
  <system-out/>
  <testcase classname="com.Test.Product_Items_Sort_Menu_Config" name="LogOut" time="0.453"/>
  <system-out/>
  <testcase classname="com.Test.Product_Items_Sort_Menu_Config" name="Category_Navigating">
    <skipped/>
  </testcase> <!-- Category_Navigating -->
  <system-out/>
  <testcase classname="com.Test.Product_Items_Sort_Menu_Config" name="Sort_MenuItem">
    <skipped/>
  </testcase> <!-- Sort_MenuItem -->
  <system-out/>
  <testcase classname="com.Test.Product_Items_Sort_Menu_Config" name="Open_Sort_Menu_Config_Page">
    <skipped/>
  </testcase> <!-- Open_Sort_Menu_Config_Page -->
  <system-out/>
  <testcase classname="com.Test.Product_Items_Sort_Menu_Config" name="Sort_Categories">
    <skipped/>
  </testcase> <!-- Sort_Categories -->
  <system-out/>
</testsuite> <!-- com.Test.Product_Items_Sort_Menu_Config -->
