<?xml version="1.0" encoding="UTF-8"?>
<!-- Generated by org.testng.reporters.JUnitReportReporter -->
<testsuite hostname="INL-JVNGDL3" failures="0" tests="5" name="com.Test.Old_BO_Reports_Daily_Sale_Report" time="219.074" errors="0" timestamp="2023-10-19T18:08:05 IST" skipped="2">
  <testcase classname="com.Test.Old_BO_Reports_Daily_Sale_Report" name="Login" time="170.191"/>
  <testcase classname="com.Test.Old_BO_Reports_Daily_Sale_Report" name="Calling" time="42.565"/>
  <testcase classname="com.Test.Old_BO_Reports_Daily_Sale_Report" name="LogOut" time="6.318"/>
  <testcase classname="com.Test.Old_BO_Reports_Daily_Sale_Report" name="Open_Daily_Sales_Page">
    <skipped/>
  </testcase> <!-- Open_Daily_Sales_Page -->
  <testcase classname="com.Test.Old_BO_Reports_Daily_Sale_Report" name="Old_BO_Daily_Report_Date_Range">
    <skipped/>
  </testcase> <!-- Old_BO_Daily_Report_Date_Range -->
</testsuite> <!-- com.Test.Old_BO_Reports_Daily_Sale_Report -->
