<?xml version="1.0" encoding="UTF-8"?>
<!-- Generated by org.testng.reporters.JUnitReportReporter -->
<testsuite hostname="INL-JVNGDL3" failures="0" tests="7" name="com.Test.Product_Items_Sort_Menu_Config" time="157.471" errors="0" timestamp="2023-07-20T19:40:19 IST" skipped="4">
  <testcase classname="com.Test.Product_Items_Sort_Menu_Config" name="Login" time="49.385"/>
  <system-out/>
  <testcase classname="com.Test.Product_Items_Sort_Menu_Config" name="Calling" time="104.255"/>
  <system-out/>
  <testcase classname="com.Test.Product_Items_Sort_Menu_Config" name="LogOut" time="3.831"/>
  <system-out/>
  <testcase classname="com.Test.Product_Items_Sort_Menu_Config" name="Category_Navigating">
    <skipped/>
  </testcase> <!-- Category_Navigating -->
  <system-out/>
  <testcase classname="com.Test.Product_Items_Sort_Menu_Config" name="Sort_MenuItem">
    <skipped/>
  </testcase> <!-- Sort_MenuItem -->
  <system-out/>
  <testcase classname="com.Test.Product_Items_Sort_Menu_Config" name="Open_Sort_Menu_Config_Page">
    <skipped/>
  </testcase> <!-- Open_Sort_Menu_Config_Page -->
  <system-out/>
  <testcase classname="com.Test.Product_Items_Sort_Menu_Config" name="Sort_Categories">
    <skipped/>
  </testcase> <!-- Sort_Categories -->
  <system-out/>
</testsuite> <!-- com.Test.Product_Items_Sort_Menu_Config -->
