<?xml version="1.0" encoding="UTF-8"?>
<!-- Generated by org.testng.reporters.JUnitReportReporter -->
<testsuite skipped="8" hostname="INL-JVNGDL3" name="com.Test.Product_Items_AddEditDelete_GiftCards" tests="11" failures="0" timestamp="2023-02-01T16:19:18 IST" time="173.474" errors="0">
  <testcase name="Login" time="44.284" classname="com.Test.Product_Items_AddEditDelete_GiftCards"/>
  <system-out/>
  <testcase name="Calling" time="128.884" classname="com.Test.Product_Items_AddEditDelete_GiftCards"/>
  <system-out/>
  <testcase name="LogOut" time="0.306" classname="com.Test.Product_Items_AddEditDelete_GiftCards"/>
  <system-out/>
  <testcase name="Recharge_GiftCards" classname="com.Test.Product_Items_AddEditDelete_GiftCards">
    <skipped/>
  </testcase> <!-- Recharge_GiftCards -->
  <system-out/>
  <testcase name="Create_DuplicateGiftCard" classname="com.Test.Product_Items_AddEditDelete_GiftCards">
    <skipped/>
  </testcase> <!-- Create_DuplicateGiftCard -->
  <system-out/>
  <testcase name="Open_GiftCards_Page" classname="com.Test.Product_Items_AddEditDelete_GiftCards">
    <skipped/>
  </testcase> <!-- Open_GiftCards_Page -->
  <system-out/>
  <testcase name="Delete_and_Active_Inactive_GiftCards" classname="com.Test.Product_Items_AddEditDelete_GiftCards">
    <skipped/>
  </testcase> <!-- Delete_and_Active_Inactive_GiftCards -->
  <system-out/>
  <testcase name="Edit_and_Update_GiftCards" classname="com.Test.Product_Items_AddEditDelete_GiftCards">
    <skipped/>
  </testcase> <!-- Edit_and_Update_GiftCards -->
  <system-out/>
  <testcase name="Add_GiftCards" classname="com.Test.Product_Items_AddEditDelete_GiftCards">
    <skipped/>
  </testcase> <!-- Add_GiftCards -->
  <system-out/>
  <testcase name="RefreshAndPaginination" classname="com.Test.Product_Items_AddEditDelete_GiftCards">
    <skipped/>
  </testcase> <!-- RefreshAndPaginination -->
  <system-out/>
  <testcase name="Edit_and_Close_Cancel_GiftCards" classname="com.Test.Product_Items_AddEditDelete_GiftCards">
    <skipped/>
  </testcase> <!-- Edit_and_Close_Cancel_GiftCards -->
  <system-out/>
</testsuite> <!-- com.Test.Product_Items_AddEditDelete_GiftCards -->
