<?xml version="1.0" encoding="UTF-8"?>
<!-- Generated by org.testng.reporters.JUnitReportReporter -->
<testsuite skipped="4" hostname="INL-JVNGDL3" name="com.Test.Settings_Scales" tests="7" failures="0" timestamp="2023-03-31T17:05:45 IST" time="191.750" errors="0">
  <testcase name="Login" time="48.025" classname="com.Test.Settings_Scales"/>
  <system-out/>
  <testcase name="Calling" time="143.395" classname="com.Test.Settings_Scales"/>
  <system-out/>
  <testcase name="LogOut" time="0.330" classname="com.Test.Settings_Scales"/>
  <system-out/>
  <testcase name="verifyScalesDeletingAndActivating" classname="com.Test.Settings_Scales">
    <skipped/>
  </testcase> <!-- verifyScalesDeletingAndActivating -->
  <system-out/>
  <testcase name="verifyNewScaleBarCode" classname="com.Test.Settings_Scales">
    <skipped/>
  </testcase> <!-- verifyNewScaleBarCode -->
  <system-out/>
  <testcase name="verifyScale_Operatoins" classname="com.Test.Settings_Scales">
    <skipped/>
  </testcase> <!-- verifyScale_Operatoins -->
  <system-out/>
  <testcase name="Open_Scales_Page" classname="com.Test.Settings_Scales">
    <skipped/>
  </testcase> <!-- Open_Scales_Page -->
  <system-out/>
</testsuite> <!-- com.Test.Settings_Scales -->
