<?xml version="1.0" encoding="UTF-8"?>
<!-- Generated by org.testng.reporters.JUnitReportReporter -->
<testsuite hostname="INL-JVNGDL3" failures="0" tests="10" name="com.Test.Product_Items_AddEditDelete_Gratuities" time="324.323" errors="0" timestamp="2023-04-12T17:30:46 IST" skipped="7">
  <testcase classname="com.Test.Product_Items_AddEditDelete_Gratuities" name="Login" time="45.318"/>
  <system-out/>
  <testcase classname="com.Test.Product_Items_AddEditDelete_Gratuities" name="Calling" time="278.795"/>
  <system-out/>
  <testcase classname="com.Test.Product_Items_AddEditDelete_Gratuities" name="LogOut" time="0.210"/>
  <system-out/>
  <testcase classname="com.Test.Product_Items_AddEditDelete_Gratuities" name="Add_Gratuity">
    <skipped/>
  </testcase> <!-- Add_Gratuity -->
  <system-out/>
  <testcase classname="com.Test.Product_Items_AddEditDelete_Gratuities" name="Create_DuplicateTareGroup">
    <skipped/>
  </testcase> <!-- Create_DuplicateTareGroup -->
  <system-out/>
  <testcase classname="com.Test.Product_Items_AddEditDelete_Gratuities" name="Open_Gratuity_Page">
    <skipped/>
  </testcase> <!-- Open_Gratuity_Page -->
  <system-out/>
  <testcase classname="com.Test.Product_Items_AddEditDelete_Gratuities" name="Delete_and_Active_Inactive_Gratuity">
    <skipped/>
  </testcase> <!-- Delete_and_Active_Inactive_Gratuity -->
  <system-out/>
  <testcase classname="com.Test.Product_Items_AddEditDelete_Gratuities" name="Edit_and_Close_Cancel_Gratuity">
    <skipped/>
  </testcase> <!-- Edit_and_Close_Cancel_Gratuity -->
  <system-out/>
  <testcase classname="com.Test.Product_Items_AddEditDelete_Gratuities" name="Edit_and_Update_Gratuity">
    <skipped/>
  </testcase> <!-- Edit_and_Update_Gratuity -->
  <system-out/>
  <testcase classname="com.Test.Product_Items_AddEditDelete_Gratuities" name="RefreshAndPaginination">
    <skipped/>
  </testcase> <!-- RefreshAndPaginination -->
  <system-out/>
</testsuite> <!-- com.Test.Product_Items_AddEditDelete_Gratuities -->
