<?xml version="1.0" encoding="UTF-8"?>
<!-- Generated by org.testng.reporters.JUnitReportReporter -->
<testsuite hostname="INL-JVNGDL3" failures="0" tests="9" name="com.Test.Settings_Business_Hours" time="150.929" errors="0" timestamp="2023-04-04T19:51:47 IST" skipped="6">
  <testcase classname="com.Test.Settings_Business_Hours" name="Login" time="44.737"/>
  <system-out/>
  <testcase classname="com.Test.Settings_Business_Hours" name="Calling" time="105.911"/>
  <system-out/>
  <testcase classname="com.Test.Settings_Business_Hours" name="LogOut" time="0.281"/>
  <system-out/>
  <testcase classname="com.Test.Settings_Business_Hours" name="Changing_Store_Hours">
    <skipped/>
  </testcase> <!-- Changing_Store_Hours -->
  <system-out/>
  <testcase classname="com.Test.Settings_Business_Hours" name="Open_Business_Hours_Page">
    <skipped/>
  </testcase> <!-- Open_Business_Hours_Page -->
  <system-out/>
  <testcase classname="com.Test.Settings_Business_Hours" name="Changing_Shift_Hours">
    <skipped/>
  </testcase> <!-- Changing_Shift_Hours -->
  <system-out/>
  <testcase classname="com.Test.Settings_Business_Hours" name="Adding_Deleting_Shift_Hours">
    <skipped/>
  </testcase> <!-- Adding_Deleting_Shift_Hours -->
  <system-out/>
  <testcase classname="com.Test.Settings_Business_Hours" name="Update_Shift_Hours">
    <skipped/>
  </testcase> <!-- Update_Shift_Hours -->
  <system-out/>
  <testcase classname="com.Test.Settings_Business_Hours" name="Update_Store_Hours">
    <skipped/>
  </testcase> <!-- Update_Store_Hours -->
  <system-out/>
</testsuite> <!-- com.Test.Settings_Business_Hours -->
