<?xml version="1.0" encoding="UTF-8"?>
<!-- Generated by org.testng.reporters.JUnitReportReporter -->
<testsuite hostname="INL-JVNGDL3" failures="0" tests="5" name="com.Test.Dashboard_KDS_Old_BO" time="203.716" errors="0" timestamp="2023-11-09T15:10:52 IST" skipped="2">
  <testcase classname="com.Test.Dashboard_KDS_Old_BO" name="Login" time="187.046"/>
  <testcase classname="com.Test.Dashboard_KDS_Old_BO" name="Calling" time="10.326"/>
  <testcase classname="com.Test.Dashboard_KDS_Old_BO" name="LogOut" time="6.344"/>
  <testcase classname="com.Test.Dashboard_KDS_Old_BO" name="Open_Dashboard_Sales_Page">
    <skipped/>
  </testcase> <!-- Open_Dashboard_Sales_Page -->
  <testcase classname="com.Test.Dashboard_KDS_Old_BO" name="Dashboard_Sales_Date_Range">
    <skipped/>
  </testcase> <!-- Dashboard_Sales_Date_Range -->
</testsuite> <!-- com.Test.Dashboard_KDS_Old_BO -->
