<?xml version="1.0" encoding="UTF-8"?>
<!-- Generated by org.testng.reporters.JUnitReportReporter -->
<testsuite hostname="INL-JVNGDL3" failures="0" tests="32" name="com.Test.AllClassCalling_Inventory" time="5.024" errors="2" timestamp="2023-11-09T17:20:00 IST" skipped="30">
  <testcase classname="com.Test.AllClassCalling_Inventory" name="TestFail" time="0.000">
    <error message="Cannot invoke &quot;com.epam.healenium.SelfHealingDriver.getDelegate()&quot; because &quot;this.driver&quot; is null" type="java.lang.NullPointerException">
      <![CDATA[java.lang.NullPointerException: Cannot invoke "com.epam.healenium.SelfHealingDriver.getDelegate()" because "this.driver" is null
at com.Test.AllClassCalling_Inventory.TestFail(AllClassCalling_Inventory.java:60)
at java.base/jdk.internal.reflect.NativeMethodAccessorImpl.invoke0(Native Method)
at java.base/jdk.internal.reflect.NativeMethodAccessorImpl.invoke(NativeMethodAccessorImpl.java:77)
at java.base/jdk.internal.reflect.DelegatingMethodAccessorImpl.invoke(DelegatingMethodAccessorImpl.java:43)
at java.base/java.lang.reflect.Method.invoke(Method.java:568)
at org.testng.internal.invokers.MethodInvocationHelper.invokeMethod(MethodInvocationHelper.java:139)
at org.testng.internal.invokers.MethodInvocationHelper.invokeMethodConsideringTimeout(MethodInvocationHelper.java:69)
at org.testng.internal.invokers.ConfigInvoker.invokeConfigurationMethod(ConfigInvoker.java:390)
at org.testng.internal.invokers.ConfigInvoker.invokeConfigurations(ConfigInvoker.java:325)
at org.testng.internal.invokers.TestInvoker.runConfigMethods(TestInvoker.java:810)
at org.testng.internal.invokers.TestInvoker.runAfterConfigurations(TestInvoker.java:779)
at org.testng.internal.invokers.TestInvoker.invokeMethod(TestInvoker.java:755)
at org.testng.internal.invokers.TestInvoker.invokeTestMethod(TestInvoker.java:227)
at org.testng.internal.invokers.MethodRunner.runInSequence(MethodRunner.java:50)
at org.testng.internal.invokers.TestInvoker$MethodInvocationAgent.invoke(TestInvoker.java:957)
at org.testng.internal.invokers.TestInvoker.invokeTestMethods(TestInvoker.java:200)
at org.testng.internal.invokers.TestMethodWorker.invokeTestMethods(TestMethodWorker.java:148)
at org.testng.internal.invokers.TestMethodWorker.run(TestMethodWorker.java:128)
at java.base/java.util.ArrayList.forEach(ArrayList.java:1511)
at org.testng.TestRunner.privateRun(TestRunner.java:848)
at org.testng.TestRunner.run(TestRunner.java:621)
at org.testng.SuiteRunner.runTest(SuiteRunner.java:443)
at org.testng.SuiteRunner.runSequentially(SuiteRunner.java:437)
at org.testng.SuiteRunner.privateRun(SuiteRunner.java:397)
at org.testng.SuiteRunner.run(SuiteRunner.java:336)
at org.testng.SuiteRunnerWorker.runSuite(SuiteRunnerWorker.java:52)
at org.testng.SuiteRunnerWorker.run(SuiteRunnerWorker.java:95)
at org.testng.TestNG.runSuitesSequentially(TestNG.java:1280)
at org.testng.TestNG.runSuitesLocally(TestNG.java:1200)
at org.testng.TestNG.runSuites(TestNG.java:1114)
at org.testng.TestNG.run(TestNG.java:1082)
at org.apache.maven.surefire.testng.TestNGExecutor.run(TestNGExecutor.java:308)
at org.apache.maven.surefire.testng.TestNGXmlTestSuite.execute(TestNGXmlTestSuite.java:71)
at org.apache.maven.surefire.testng.TestNGProvider.invoke(TestNGProvider.java:113)
at org.apache.maven.surefire.booter.ForkedBooter.runSuitesInProcess(ForkedBooter.java:385)
at org.apache.maven.surefire.booter.ForkedBooter.execute(ForkedBooter.java:162)
at org.apache.maven.surefire.booter.ForkedBooter.run(ForkedBooter.java:507)
at org.apache.maven.surefire.booter.ForkedBooter.main(ForkedBooter.java:495)
]]>
    </error>
  </testcase> <!-- TestFail -->
  <testcase classname="com.Test.AllClassCalling_Inventory" name="Inventory_Category" time="5.024">
    <error message="Cannot invoke &quot;com.epam.healenium.SelfHealingDriver.get(String)&quot; because &quot;driver&quot; is null" type="java.lang.NullPointerException">
      <![CDATA[java.lang.NullPointerException: Cannot invoke "com.epam.healenium.SelfHealingDriver.get(String)" because "driver" is null
at com.Test.Inventory_Category.Open_Category_Page(Inventory_Category.java:143)
at com.Test.AllClassCalling_Inventory.Inventory_Category(AllClassCalling_Inventory.java:134)
at java.base/jdk.internal.reflect.NativeMethodAccessorImpl.invoke0(Native Method)
at java.base/jdk.internal.reflect.NativeMethodAccessorImpl.invoke(NativeMethodAccessorImpl.java:77)
at java.base/jdk.internal.reflect.DelegatingMethodAccessorImpl.invoke(DelegatingMethodAccessorImpl.java:43)
at java.base/java.lang.reflect.Method.invoke(Method.java:568)
at org.testng.internal.invokers.MethodInvocationHelper.invokeMethod(MethodInvocationHelper.java:139)
at org.testng.internal.invokers.TestInvoker.invokeMethod(TestInvoker.java:664)
at org.testng.internal.invokers.TestInvoker.invokeTestMethod(TestInvoker.java:227)
at org.testng.internal.invokers.MethodRunner.runInSequence(MethodRunner.java:50)
at org.testng.internal.invokers.TestInvoker$MethodInvocationAgent.invoke(TestInvoker.java:957)
at org.testng.internal.invokers.TestInvoker.invokeTestMethods(TestInvoker.java:200)
at org.testng.internal.invokers.TestMethodWorker.invokeTestMethods(TestMethodWorker.java:148)
at org.testng.internal.invokers.TestMethodWorker.run(TestMethodWorker.java:128)
at java.base/java.util.ArrayList.forEach(ArrayList.java:1511)
at org.testng.TestRunner.privateRun(TestRunner.java:848)
at org.testng.TestRunner.run(TestRunner.java:621)
at org.testng.SuiteRunner.runTest(SuiteRunner.java:443)
at org.testng.SuiteRunner.runSequentially(SuiteRunner.java:437)
at org.testng.SuiteRunner.privateRun(SuiteRunner.java:397)
at org.testng.SuiteRunner.run(SuiteRunner.java:336)
at org.testng.SuiteRunnerWorker.runSuite(SuiteRunnerWorker.java:52)
at org.testng.SuiteRunnerWorker.run(SuiteRunnerWorker.java:95)
at org.testng.TestNG.runSuitesSequentially(TestNG.java:1280)
at org.testng.TestNG.runSuitesLocally(TestNG.java:1200)
at org.testng.TestNG.runSuites(TestNG.java:1114)
at org.testng.TestNG.run(TestNG.java:1082)
at org.apache.maven.surefire.testng.TestNGExecutor.run(TestNGExecutor.java:308)
at org.apache.maven.surefire.testng.TestNGXmlTestSuite.execute(TestNGXmlTestSuite.java:71)
at org.apache.maven.surefire.testng.TestNGProvider.invoke(TestNGProvider.java:113)
at org.apache.maven.surefire.booter.ForkedBooter.runSuitesInProcess(ForkedBooter.java:385)
at org.apache.maven.surefire.booter.ForkedBooter.execute(ForkedBooter.java:162)
at org.apache.maven.surefire.booter.ForkedBooter.run(ForkedBooter.java:507)
at org.apache.maven.surefire.booter.ForkedBooter.main(ForkedBooter.java:495)
]]>
    </error>
  </testcase> <!-- Inventory_Category -->
  <testcase classname="com.Test.AllClassCalling_Inventory" name="Inventory_Sub_Category" time="0.000">
    <skipped/>
  </testcase> <!-- Inventory_Sub_Category -->
  <testcase classname="com.Test.AllClassCalling_Inventory" name="Inventory_Storage_Locations" time="0.000">
    <skipped/>
  </testcase> <!-- Inventory_Storage_Locations -->
  <testcase classname="com.Test.AllClassCalling_Inventory" name="Inventory_Vendors" time="0.000">
    <skipped/>
  </testcase> <!-- Inventory_Vendors -->
  <testcase classname="com.Test.AllClassCalling_Inventory" name="Inventory_InHouseUnits" time="0.000">
    <skipped/>
  </testcase> <!-- Inventory_InHouseUnits -->
  <testcase classname="com.Test.AllClassCalling_Inventory" name="Inventory_Item" time="0.000">
    <skipped/>
  </testcase> <!-- Inventory_Item -->
  <testcase classname="com.Test.AllClassCalling_Inventory" name="Inventory_Sub_Recipe" time="0.000">
    <skipped/>
  </testcase> <!-- Inventory_Sub_Recipe -->
  <testcase classname="com.Test.AllClassCalling_Inventory" name="Inventory_InventoryModifiers" time="0.000">
    <skipped/>
  </testcase> <!-- Inventory_InventoryModifiers -->
  <testcase classname="com.Test.AllClassCalling_Inventory" name="Inventory_Menu_Items" time="0.000">
    <skipped/>
  </testcase> <!-- Inventory_Menu_Items -->
  <testcase classname="com.Test.AllClassCalling_Inventory" name="Inventory_Adjust_Inventory_Reasons" time="0.000">
    <skipped/>
  </testcase> <!-- Inventory_Adjust_Inventory_Reasons -->
  <testcase classname="com.Test.AllClassCalling_Inventory" name="Inventory_Adjust_Inventory" time="0.000">
    <skipped/>
  </testcase> <!-- Inventory_Adjust_Inventory -->
  <testcase classname="com.Test.AllClassCalling_Inventory" name="Inventory_Low_Stocks" time="0.000">
    <skipped/>
  </testcase> <!-- Inventory_Low_Stocks -->
  <testcase classname="com.Test.AllClassCalling_Inventory" name="Inventory_Prepare_Menu_Item" time="0.000">
    <skipped/>
  </testcase> <!-- Inventory_Prepare_Menu_Item -->
  <testcase classname="com.Test.AllClassCalling_Inventory" name="Inventory_Prepare_SubRecipe" time="0.000">
    <skipped/>
  </testcase> <!-- Inventory_Prepare_SubRecipe -->
  <testcase classname="com.Test.AllClassCalling_Inventory" name="Inventory_SyncInventory" time="0.000">
    <skipped/>
  </testcase> <!-- Inventory_SyncInventory -->
  <testcase classname="com.Test.AllClassCalling_Inventory" name="Inventory_Purchase_Template" time="0.000">
    <skipped/>
  </testcase> <!-- Inventory_Purchase_Template -->
  <testcase classname="com.Test.AllClassCalling_Inventory" name="Inventory_Purchase_Orders" time="0.000">
    <skipped/>
  </testcase> <!-- Inventory_Purchase_Orders -->
  <testcase classname="com.Test.AllClassCalling_Inventory" name="Inventory_Purchase_Invoice" time="0.000">
    <skipped/>
  </testcase> <!-- Inventory_Purchase_Invoice -->
  <testcase classname="com.Test.AllClassCalling_Inventory" name="Inventory_Purchases_Received_Items_Received_Logs" time="0.000">
    <skipped/>
  </testcase> <!-- Inventory_Purchases_Received_Items_Received_Logs -->
  <testcase classname="com.Test.AllClassCalling_Inventory" name="Inventory_ExpiredPurchaseItem" time="0.000">
    <skipped/>
  </testcase> <!-- Inventory_ExpiredPurchaseItem -->
  <testcase classname="com.Test.AllClassCalling_Inventory" name="Inventory_Transfer" time="0.000">
    <skipped/>
  </testcase> <!-- Inventory_Transfer -->
  <testcase classname="com.Test.AllClassCalling_Inventory" name="Inventory_Reports_Master_Stock_Report" time="0.000">
    <skipped/>
  </testcase> <!-- Inventory_Reports_Master_Stock_Report -->
  <testcase classname="com.Test.AllClassCalling_Inventory" name="Inventory_Reports_Purchase_Item" time="0.000">
    <skipped/>
  </testcase> <!-- Inventory_Reports_Purchase_Item -->
  <testcase classname="com.Test.AllClassCalling_Inventory" name="Inventory_Reports_Consumption_Log" time="0.000">
    <skipped/>
  </testcase> <!-- Inventory_Reports_Consumption_Log -->
  <testcase classname="com.Test.AllClassCalling_Inventory" name="Inventory_Reports_Compare_Inventory_Report" time="0.000">
    <skipped/>
  </testcase> <!-- Inventory_Reports_Compare_Inventory_Report -->
  <testcase classname="com.Test.AllClassCalling_Inventory" name="Inventory_Reports_Count_Sheet" time="0.000">
    <skipped/>
  </testcase> <!-- Inventory_Reports_Count_Sheet -->
  <testcase classname="com.Test.AllClassCalling_Inventory" name="Inventory_Reports_COGS_Report" time="0.000">
    <skipped/>
  </testcase> <!-- Inventory_Reports_COGS_Report -->
  <testcase classname="com.Test.AllClassCalling_Inventory" name="Inventory_Reports_Adjust_Inventory" time="0.000">
    <skipped/>
  </testcase> <!-- Inventory_Reports_Adjust_Inventory -->
  <testcase classname="com.Test.AllClassCalling_Inventory" name="Inventory_Reports_Inventory_Item_History" time="0.000">
    <skipped/>
  </testcase> <!-- Inventory_Reports_Inventory_Item_History -->
  <testcase classname="com.Test.AllClassCalling_Inventory" name="Inventory_Reports_Matrix_Report" time="0.000">
    <skipped/>
  </testcase> <!-- Inventory_Reports_Matrix_Report -->
  <testcase classname="com.Test.AllClassCalling_Inventory" name="Inventory_Reports_Wastage_Report" time="0.000">
    <skipped/>
  </testcase> <!-- Inventory_Reports_Wastage_Report -->
</testsuite> <!-- com.Test.AllClassCalling_Inventory -->
