<?xml version="1.0" encoding="UTF-8"?>
<!-- Generated by org.testng.reporters.JUnitReportReporter -->
<testsuite hostname="INL-JVNGDL3" failures="0" tests="27" name="com.Test.AllClassCalling_Product_and_Items" time="5.081" errors="2" timestamp="2023-11-09T17:20:00 IST" skipped="25">
  <testcase classname="com.Test.AllClassCalling_Product_and_Items" name="TestFail" time="0.004">
    <error message="Cannot invoke &quot;com.epam.healenium.SelfHealingDriver.getDelegate()&quot; because &quot;this.driver&quot; is null" type="java.lang.NullPointerException">
      <![CDATA[java.lang.NullPointerException: Cannot invoke "com.epam.healenium.SelfHealingDriver.getDelegate()" because "this.driver" is null
at com.Test.AllClassCalling_Product_and_Items.TestFail(AllClassCalling_Product_and_Items.java:63)
at java.base/jdk.internal.reflect.NativeMethodAccessorImpl.invoke0(Native Method)
at java.base/jdk.internal.reflect.NativeMethodAccessorImpl.invoke(NativeMethodAccessorImpl.java:77)
at java.base/jdk.internal.reflect.DelegatingMethodAccessorImpl.invoke(DelegatingMethodAccessorImpl.java:43)
at java.base/java.lang.reflect.Method.invoke(Method.java:568)
at org.testng.internal.invokers.MethodInvocationHelper.invokeMethod(MethodInvocationHelper.java:139)
at org.testng.internal.invokers.MethodInvocationHelper.invokeMethodConsideringTimeout(MethodInvocationHelper.java:69)
at org.testng.internal.invokers.ConfigInvoker.invokeConfigurationMethod(ConfigInvoker.java:390)
at org.testng.internal.invokers.ConfigInvoker.invokeConfigurations(ConfigInvoker.java:325)
at org.testng.internal.invokers.TestInvoker.runConfigMethods(TestInvoker.java:810)
at org.testng.internal.invokers.TestInvoker.runAfterConfigurations(TestInvoker.java:779)
at org.testng.internal.invokers.TestInvoker.invokeMethod(TestInvoker.java:755)
at org.testng.internal.invokers.TestInvoker.invokeTestMethod(TestInvoker.java:227)
at org.testng.internal.invokers.MethodRunner.runInSequence(MethodRunner.java:50)
at org.testng.internal.invokers.TestInvoker$MethodInvocationAgent.invoke(TestInvoker.java:957)
at org.testng.internal.invokers.TestInvoker.invokeTestMethods(TestInvoker.java:200)
at org.testng.internal.invokers.TestMethodWorker.invokeTestMethods(TestMethodWorker.java:148)
at org.testng.internal.invokers.TestMethodWorker.run(TestMethodWorker.java:128)
at java.base/java.util.ArrayList.forEach(ArrayList.java:1511)
at org.testng.TestRunner.privateRun(TestRunner.java:848)
at org.testng.TestRunner.run(TestRunner.java:621)
at org.testng.SuiteRunner.runTest(SuiteRunner.java:443)
at org.testng.SuiteRunner.runSequentially(SuiteRunner.java:437)
at org.testng.SuiteRunner.privateRun(SuiteRunner.java:397)
at org.testng.SuiteRunner.run(SuiteRunner.java:336)
at org.testng.SuiteRunnerWorker.runSuite(SuiteRunnerWorker.java:52)
at org.testng.SuiteRunnerWorker.run(SuiteRunnerWorker.java:95)
at org.testng.TestNG.runSuitesSequentially(TestNG.java:1280)
at org.testng.TestNG.runSuitesLocally(TestNG.java:1200)
at org.testng.TestNG.runSuites(TestNG.java:1114)
at org.testng.TestNG.run(TestNG.java:1082)
at org.apache.maven.surefire.testng.TestNGExecutor.run(TestNGExecutor.java:308)
at org.apache.maven.surefire.testng.TestNGXmlTestSuite.execute(TestNGXmlTestSuite.java:71)
at org.apache.maven.surefire.testng.TestNGProvider.invoke(TestNGProvider.java:113)
at org.apache.maven.surefire.booter.ForkedBooter.runSuitesInProcess(ForkedBooter.java:385)
at org.apache.maven.surefire.booter.ForkedBooter.execute(ForkedBooter.java:162)
at org.apache.maven.surefire.booter.ForkedBooter.run(ForkedBooter.java:507)
at org.apache.maven.surefire.booter.ForkedBooter.main(ForkedBooter.java:495)
]]>
    </error>
  </testcase> <!-- TestFail -->
  <testcase classname="com.Test.AllClassCalling_Product_and_Items" name="Product_Items_AddEditDelete_Departments" time="5.077">
    <error message="Cannot invoke &quot;com.epam.healenium.SelfHealingDriver.get(String)&quot; because &quot;driver&quot; is null" type="java.lang.NullPointerException">
      <![CDATA[java.lang.NullPointerException: Cannot invoke "com.epam.healenium.SelfHealingDriver.get(String)" because "driver" is null
at com.Test.Product_Items_AddEditDelete_Departments.Open_Departments_Page(Product_Items_AddEditDelete_Departments.java:148)
at com.Test.AllClassCalling_Product_and_Items.Product_Items_AddEditDelete_Departments(AllClassCalling_Product_and_Items.java:139)
at java.base/jdk.internal.reflect.NativeMethodAccessorImpl.invoke0(Native Method)
at java.base/jdk.internal.reflect.NativeMethodAccessorImpl.invoke(NativeMethodAccessorImpl.java:77)
at java.base/jdk.internal.reflect.DelegatingMethodAccessorImpl.invoke(DelegatingMethodAccessorImpl.java:43)
at java.base/java.lang.reflect.Method.invoke(Method.java:568)
at org.testng.internal.invokers.MethodInvocationHelper.invokeMethod(MethodInvocationHelper.java:139)
at org.testng.internal.invokers.TestInvoker.invokeMethod(TestInvoker.java:664)
at org.testng.internal.invokers.TestInvoker.invokeTestMethod(TestInvoker.java:227)
at org.testng.internal.invokers.MethodRunner.runInSequence(MethodRunner.java:50)
at org.testng.internal.invokers.TestInvoker$MethodInvocationAgent.invoke(TestInvoker.java:957)
at org.testng.internal.invokers.TestInvoker.invokeTestMethods(TestInvoker.java:200)
at org.testng.internal.invokers.TestMethodWorker.invokeTestMethods(TestMethodWorker.java:148)
at org.testng.internal.invokers.TestMethodWorker.run(TestMethodWorker.java:128)
at java.base/java.util.ArrayList.forEach(ArrayList.java:1511)
at org.testng.TestRunner.privateRun(TestRunner.java:848)
at org.testng.TestRunner.run(TestRunner.java:621)
at org.testng.SuiteRunner.runTest(SuiteRunner.java:443)
at org.testng.SuiteRunner.runSequentially(SuiteRunner.java:437)
at org.testng.SuiteRunner.privateRun(SuiteRunner.java:397)
at org.testng.SuiteRunner.run(SuiteRunner.java:336)
at org.testng.SuiteRunnerWorker.runSuite(SuiteRunnerWorker.java:52)
at org.testng.SuiteRunnerWorker.run(SuiteRunnerWorker.java:95)
at org.testng.TestNG.runSuitesSequentially(TestNG.java:1280)
at org.testng.TestNG.runSuitesLocally(TestNG.java:1200)
at org.testng.TestNG.runSuites(TestNG.java:1114)
at org.testng.TestNG.run(TestNG.java:1082)
at org.apache.maven.surefire.testng.TestNGExecutor.run(TestNGExecutor.java:308)
at org.apache.maven.surefire.testng.TestNGXmlTestSuite.execute(TestNGXmlTestSuite.java:71)
at org.apache.maven.surefire.testng.TestNGProvider.invoke(TestNGProvider.java:113)
at org.apache.maven.surefire.booter.ForkedBooter.runSuitesInProcess(ForkedBooter.java:385)
at org.apache.maven.surefire.booter.ForkedBooter.execute(ForkedBooter.java:162)
at org.apache.maven.surefire.booter.ForkedBooter.run(ForkedBooter.java:507)
at org.apache.maven.surefire.booter.ForkedBooter.main(ForkedBooter.java:495)
]]>
    </error>
  </testcase> <!-- Product_Items_AddEditDelete_Departments -->
  <testcase classname="com.Test.AllClassCalling_Product_and_Items" name="Product_Items_AddEditDelete_Coursing" time="0.000">
    <skipped/>
  </testcase> <!-- Product_Items_AddEditDelete_Coursing -->
  <testcase classname="com.Test.AllClassCalling_Product_and_Items" name="Product_Items_AddEditDelete_Serving_Size_Levels" time="0.000">
    <skipped/>
  </testcase> <!-- Product_Items_AddEditDelete_Serving_Size_Levels -->
  <testcase classname="com.Test.AllClassCalling_Product_and_Items" name="Product_Items_AddEditDelete_Taxes" time="0.000">
    <skipped/>
  </testcase> <!-- Product_Items_AddEditDelete_Taxes -->
  <testcase classname="com.Test.AllClassCalling_Product_and_Items" name="Product_Items_AddEditDelete_Categories" time="0.000">
    <skipped/>
  </testcase> <!-- Product_Items_AddEditDelete_Categories -->
  <testcase classname="com.Test.AllClassCalling_Product_and_Items" name="Product_Items_AddEditDelete_SubCategories" time="0.000">
    <skipped/>
  </testcase> <!-- Product_Items_AddEditDelete_SubCategories -->
  <testcase classname="com.Test.AllClassCalling_Product_and_Items" name="Product_Items_AddEditDelete_Modifiers" time="0.000">
    <skipped/>
  </testcase> <!-- Product_Items_AddEditDelete_Modifiers -->
  <testcase classname="com.Test.AllClassCalling_Product_and_Items" name="Product_Items_AddEditDelete_ModifierGroups" time="0.000">
    <skipped/>
  </testcase> <!-- Product_Items_AddEditDelete_ModifierGroups -->
  <testcase classname="com.Test.AllClassCalling_Product_and_Items" name="Product_Items_Meito" time="0.000">
    <skipped/>
  </testcase> <!-- Product_Items_Meito -->
  <testcase classname="com.Test.AllClassCalling_Product_and_Items" name="Product_Items_AddEditDelete_MenuItem" time="0.000">
    <skipped/>
  </testcase> <!-- Product_Items_AddEditDelete_MenuItem -->
  <testcase classname="com.Test.AllClassCalling_Product_and_Items" name="Product_Items_AddEditDelete_RetailItem" time="0.000">
    <skipped/>
  </testcase> <!-- Product_Items_AddEditDelete_RetailItem -->
  <testcase classname="com.Test.AllClassCalling_Product_and_Items" name="Product_Items_Bulk_Update" time="0.000">
    <skipped/>
  </testcase> <!-- Product_Items_Bulk_Update -->
  <testcase classname="com.Test.AllClassCalling_Product_and_Items" name="Product_Items_AddEditDelete_DisplayGroups" time="0.000">
    <skipped/>
  </testcase> <!-- Product_Items_AddEditDelete_DisplayGroups -->
  <testcase classname="com.Test.AllClassCalling_Product_and_Items" name="Product_Items_AddEditDelete_Item_Based_Discount" time="0.000">
    <skipped/>
  </testcase> <!-- Product_Items_AddEditDelete_Item_Based_Discount -->
  <testcase classname="com.Test.AllClassCalling_Product_and_Items" name="Product_Items_AddEditDelete_Check_Based_Discount" time="0.000">
    <skipped/>
  </testcase> <!-- Product_Items_AddEditDelete_Check_Based_Discount -->
  <testcase classname="com.Test.AllClassCalling_Product_and_Items" name="Product_Items_AddEditDelete_Open_Item_Discount" time="0.000">
    <skipped/>
  </testcase> <!-- Product_Items_AddEditDelete_Open_Item_Discount -->
  <testcase classname="com.Test.AllClassCalling_Product_and_Items" name="Product_Items_AddEditDelete_Open_Check_Discount" time="0.000">
    <skipped/>
  </testcase> <!-- Product_Items_AddEditDelete_Open_Check_Discount -->
  <testcase classname="com.Test.AllClassCalling_Product_and_Items" name="Product_Items_AddEditDelete_MixAndMatch_Discount" time="0.000">
    <skipped/>
  </testcase> <!-- Product_Items_AddEditDelete_MixAndMatch_Discount -->
  <testcase classname="com.Test.AllClassCalling_Product_and_Items" name="Product_Items_AddEditDelete_Upcharges" time="0.000">
    <skipped/>
  </testcase> <!-- Product_Items_AddEditDelete_Upcharges -->
  <testcase classname="com.Test.AllClassCalling_Product_and_Items" name="Product_Items_Sort_Menu_Config" time="0.000">
    <skipped/>
  </testcase> <!-- Product_Items_Sort_Menu_Config -->
  <testcase classname="com.Test.AllClassCalling_Product_and_Items" name="Product_Items_AddEditDelete_Gratuities" time="0.000">
    <skipped/>
  </testcase> <!-- Product_Items_AddEditDelete_Gratuities -->
  <testcase classname="com.Test.AllClassCalling_Product_and_Items" name="Product_Items_AddEditDelete_GiftCards" time="0.000">
    <skipped/>
  </testcase> <!-- Product_Items_AddEditDelete_GiftCards -->
  <testcase classname="com.Test.AllClassCalling_Product_and_Items" name="Product_Items_Cut_And_Modify" time="0.000">
    <skipped/>
  </testcase> <!-- Product_Items_Cut_And_Modify -->
  <testcase classname="com.Test.AllClassCalling_Product_and_Items" name="Product_Items_AddEditDelete_TareGroup" time="0.000">
    <skipped/>
  </testcase> <!-- Product_Items_AddEditDelete_TareGroup -->
  <testcase classname="com.Test.AllClassCalling_Product_and_Items" name="Product_Items_AddEditDelete_Reasons" time="0.000">
    <skipped/>
  </testcase> <!-- Product_Items_AddEditDelete_Reasons -->
  <testcase classname="com.Test.AllClassCalling_Product_and_Items" name="Product_Items_AddEditDelete_Item_Service_Charge" time="0.000">
    <skipped/>
  </testcase> <!-- Product_Items_AddEditDelete_Item_Service_Charge -->
</testsuite> <!-- com.Test.AllClassCalling_Product_and_Items -->
